2024-09-08 16:40:18,489 : INFO : root : Loading config.
2024-09-08 16:40:18,500 : INFO : YamlMultifileConfigLoader : Machine config file #1: config.yaml
2024-09-08 16:40:18,502 : INFO : ConfigProcessor : Loading config from cache: C:\Users\dorus\AppData\Local\Temp\636ce416879e362e618e72aa23ee7aae.mpf_cache
2024-09-08 16:40:18,837 : INFO : ConfigProcessor : Loading config from cache: C:\Users\dorus\AppData\Local\Temp\88f25e45fa15743a3d93de98d7c6ca4c.mpf_cache
2024-09-08 16:40:18,840 : INFO : ConfigProcessor : Loading config from cache: C:\Users\dorus\AppData\Local\Temp\d8bc63701c1a2ad1653a8cc5aec9548a.mpf_cache
2024-09-08 16:40:18,841 : INFO : Machine : Mission Pinball Framework Core Engine v0.80.0.dev4
2024-09-08 16:40:18,841 : INFO : Machine : Command line arguments: {'no_load_cache': False, 'create_config_cache': True, 'bcp': True, 'configfile': ['config.yaml'], 'force_assets_load': False, 'platform_integration_test': False, 'jsonlogging': False, 'logfile': 'logs\\2024-09-08-16-40-18-mpf-Gaming_Dorus.log', 'pause': False, 'production': False, 'text_ui': True, 'loglevel': 15, 'consoleloglevel': 20, 'force_platform': 'virtual', 'syslog_address': None, 'mc_file_name': None, 'no_sound': False, 'full_logfile_path': 'C:\\Users\\dorus\\OneDrive\\Documents\\Pinball\\PortalPinball-V4.0\\machinefolder\\logs\\2024-09-08-16-40-18-mpf-Gaming_Dorus.log'}
2024-09-08 16:40:18,841 : INFO : Machine : MPF path: C:\ProgramData\anaconda3\envs\mpfenv\Lib\site-packages\mpf
2024-09-08 16:40:18,841 : INFO : Machine : Machine path: C:\Users\dorus\OneDrive\Documents\Pinball\PortalPinball-V4.0\machinefolder
2024-09-08 16:40:18,841 : INFO : Machine : Platform: win32
2024-09-08 16:40:18,841 : INFO : Machine : Python executable location: C:\ProgramData\anaconda3\envs\mpfenv\python.exe
2024-09-08 16:40:18,841 : INFO : Machine : Python version: 3.12.4 (64-bit)
2024-09-08 16:40:18,848 : INFO : Machine : Initializing MPF...
2024-09-08 16:40:19,290 : INFO : EventManager : Event: ======'machine_var_credits_string'====== Args={'value': 'FREE PLAY', 'prev_value': None, 'change': True}
2024-09-08 16:40:19,344 : INFO : EventManager : Event: ======'machine_var_master_volume'====== Args={'value': 0.5, 'prev_value': None, 'change': True}
2024-09-08 16:40:19,346 : INFO : EventManager : Event: ======'machine_var_player1_score'====== Args={'value': 0, 'prev_value': None, 'change': True}
2024-09-08 16:40:19,346 : INFO : EventManager : Event: ======'machine_var_mpf_version'====== Args={'value': 'Mission Pinball Framework v0.80.0.dev4', 'prev_value': None, 'change': True}
2024-09-08 16:40:19,346 : INFO : EventManager : Event: ======'machine_var_mpf_extended_version'====== Args={'value': 'Mission Pinball Framework v0.80.0.dev4, Config version:6, Show version: 6, BCP version:1.1', 'prev_value': None, 'change': True}
2024-09-08 16:40:19,346 : INFO : EventManager : Event: ======'machine_var_python_version'====== Args={'value': '3.12.4', 'prev_value': None, 'change': True}
2024-09-08 16:40:19,548 : INFO : EventManager : Event: ======'machine_var_platform'====== Args={'value': 'Windows-11-10.0.22631-SP0', 'prev_value': None, 'change': True}
2024-09-08 16:40:19,548 : INFO : EventManager : Event: ======'machine_var_platform_system'====== Args={'value': 'Windows', 'prev_value': None, 'change': True}
2024-09-08 16:40:19,548 : INFO : EventManager : Event: ======'machine_var_platform_release'====== Args={'value': '11', 'prev_value': None, 'change': True}
2024-09-08 16:40:19,548 : INFO : EventManager : Event: ======'machine_var_platform_version'====== Args={'value': '10.0.22631', 'prev_value': None, 'change': True}
2024-09-08 16:40:19,548 : INFO : EventManager : Event: ======'machine_var_platform_machine'====== Args={'value': 'AMD64', 'prev_value': None, 'change': True}
2024-09-08 16:40:19,548 : INFO : EventManager : Event: ======'machine_var_log_file_path'====== Args={'value': 'C:\\Users\\dorus\\OneDrive\\Documents\\Pinball\\PortalPinball-V4.0\\machinefolder\\logs\\2024-09-08-16-40-18-mpf-Gaming_Dorus.log', 'prev_value': None, 'change': True}
2024-09-08 16:40:19,548 : INFO : EventManager : Event: ======'init_phase_1'====== Args={}
2024-09-08 16:40:19,562 : INFO : EventManager : Event: ======'drop_target_bank_db_dropbank_up'====== Args={}
2024-09-08 16:40:19,562 : INFO : EventManager : Event: ======'init_phase_2'====== Args={}
2024-09-08 16:40:19,562 : INFO : SwitchController : Found active switch: ('2-1-16', <Platform.Virtual>) <switch.s_trough1>
2024-09-08 16:40:19,562 : INFO : SwitchController : Found active switch: ('2-1-17', <Platform.Virtual>) <switch.s_trough2>
2024-09-08 16:40:19,562 : INFO : SwitchController : Found active switch: ('2-1-18', <Platform.Virtual>) <switch.s_trough3>
2024-09-08 16:40:19,562 : INFO : SwitchController : Found active switch: ('2-1-19', <Platform.Virtual>) <switch.s_trough4>
2024-09-08 16:40:19,563 : INFO : EventManager : Event: ======'bcp_connection_attempt'====== Args={'name': 'local_display', 'host': 'localhost', 'port': 5050}
2024-09-08 16:40:19,565 : INFO : BCPClientSocket : Connecting BCP to 'local_display' at localhost:5050...
2024-09-08 16:40:19,662 : INFO : BCPClientSocket : Connected BCP to 'local_display' localhost:5050
2024-09-08 16:40:19,662 : INFO : EventManager : Event: ======'bcp_clients_connected'====== Args={}
2024-09-08 16:40:20,201 : INFO : ball_device.bd_trough : BCH: Initial count: 4
2024-09-08 16:40:20,342 : INFO : ball_device.bd_trough : State: idle
2024-09-08 16:40:20,342 : INFO : ball_device.bd_plunger : BCH: Initial count: 0
2024-09-08 16:40:20,342 : INFO : ball_device.bd_plunger : State: idle
2024-09-08 16:40:20,350 : INFO : EventManager : Event: ======'init_phase_3'====== Args={}
2024-09-08 16:40:20,350 : INFO : EventManager : Event: ======'init_phase_4'====== Args={}
2024-09-08 16:40:20,352 : INFO : BallController : Initial balls found: 4
2024-09-08 16:40:20,352 : INFO : EventManager : Event: ======'machine_var_audits_events_game_ended'====== Args={'value': 1, 'prev_value': None, 'change': True}
2024-09-08 16:40:20,352 : INFO : EventManager : Event: ======'machine_var_audits_events_game_started'====== Args={'value': 12, 'prev_value': None, 'change': True}
2024-09-08 16:40:20,352 : INFO : EventManager : Event: ======'machine_var_audits_missing_switches_s_Other01'====== Args={'value': 12, 'prev_value': None, 'change': True}
2024-09-08 16:40:20,352 : INFO : EventManager : Event: ======'machine_var_audits_missing_switches_s_Other02'====== Args={'value': 12, 'prev_value': None, 'change': True}
2024-09-08 16:40:20,352 : INFO : EventManager : Event: ======'machine_var_audits_missing_switches_s_Other03'====== Args={'value': 12, 'prev_value': None, 'change': True}
2024-09-08 16:40:20,352 : INFO : EventManager : Event: ======'machine_var_audits_missing_switches_s_Other04'====== Args={'value': 12, 'prev_value': None, 'change': True}
2024-09-08 16:40:20,352 : INFO : EventManager : Event: ======'machine_var_audits_missing_switches_s_Other05'====== Args={'value': 12, 'prev_value': None, 'change': True}
2024-09-08 16:40:20,353 : INFO : EventManager : Event: ======'machine_var_audits_missing_switches_s_Other06'====== Args={'value': 12, 'prev_value': None, 'change': True}
2024-09-08 16:40:20,353 : INFO : EventManager : Event: ======'machine_var_audits_missing_switches_s_Other07'====== Args={'value': 12, 'prev_value': None, 'change': True}
2024-09-08 16:40:20,353 : INFO : EventManager : Event: ======'machine_var_audits_missing_switches_s_Other08'====== Args={'value': 12, 'prev_value': None, 'change': True}
2024-09-08 16:40:20,353 : INFO : EventManager : Event: ======'machine_var_audits_missing_switches_s_Other09'====== Args={'value': 12, 'prev_value': None, 'change': True}
2024-09-08 16:40:20,353 : INFO : EventManager : Event: ======'machine_var_audits_missing_switches_s_bottomlane1'====== Args={'value': 12, 'prev_value': None, 'change': True}
2024-09-08 16:40:20,353 : INFO : EventManager : Event: ======'machine_var_audits_missing_switches_s_bottomlane2'====== Args={'value': 12, 'prev_value': None, 'change': True}
2024-09-08 16:40:20,353 : INFO : EventManager : Event: ======'machine_var_audits_missing_switches_s_bottomlane3'====== Args={'value': 12, 'prev_value': None, 'change': True}
2024-09-08 16:40:20,353 : INFO : EventManager : Event: ======'machine_var_audits_missing_switches_s_bottomlane4'====== Args={'value': 12, 'prev_value': None, 'change': True}
2024-09-08 16:40:20,353 : INFO : EventManager : Event: ======'machine_var_audits_missing_switches_s_bottomlane5'====== Args={'value': 12, 'prev_value': None, 'change': True}
2024-09-08 16:40:20,353 : INFO : EventManager : Event: ======'machine_var_audits_missing_switches_s_drop1'====== Args={'value': 12, 'prev_value': None, 'change': True}
2024-09-08 16:40:20,353 : INFO : EventManager : Event: ======'machine_var_audits_missing_switches_s_drop2'====== Args={'value': 12, 'prev_value': None, 'change': True}
2024-09-08 16:40:20,353 : INFO : EventManager : Event: ======'machine_var_audits_missing_switches_s_drop3'====== Args={'value': 12, 'prev_value': None, 'change': True}
2024-09-08 16:40:20,353 : INFO : EventManager : Event: ======'machine_var_audits_missing_switches_s_launch'====== Args={'value': 12, 'prev_value': None, 'change': True}
2024-09-08 16:40:20,353 : INFO : EventManager : Event: ======'machine_var_audits_missing_switches_s_left_sling'====== Args={'value': 12, 'prev_value': None, 'change': True}
2024-09-08 16:40:20,353 : INFO : EventManager : Event: ======'machine_var_audits_missing_switches_s_popbumber_1'====== Args={'value': 12, 'prev_value': None, 'change': True}
2024-09-08 16:40:20,353 : INFO : EventManager : Event: ======'machine_var_audits_missing_switches_s_popbumber_2'====== Args={'value': 12, 'prev_value': None, 'change': True}
2024-09-08 16:40:20,353 : INFO : EventManager : Event: ======'machine_var_audits_missing_switches_s_popbumber_3'====== Args={'value': 12, 'prev_value': None, 'change': True}
2024-09-08 16:40:20,353 : INFO : EventManager : Event: ======'machine_var_audits_missing_switches_s_right_sling'====== Args={'value': 12, 'prev_value': None, 'change': True}
2024-09-08 16:40:20,354 : INFO : EventManager : Event: ======'machine_var_audits_missing_switches_s_toplane1'====== Args={'value': 5, 'prev_value': None, 'change': True}
2024-09-08 16:40:20,354 : INFO : EventManager : Event: ======'machine_var_audits_missing_switches_s_toplane2'====== Args={'value': 12, 'prev_value': None, 'change': True}
2024-09-08 16:40:20,354 : INFO : EventManager : Event: ======'machine_var_audits_missing_switches_s_toplane3'====== Args={'value': 12, 'prev_value': None, 'change': True}
2024-09-08 16:40:20,354 : INFO : EventManager : Event: ======'machine_var_audits_missing_switches_s_trough2'====== Args={'value': 12, 'prev_value': None, 'change': True}
2024-09-08 16:40:20,354 : INFO : EventManager : Event: ======'machine_var_audits_missing_switches_s_trough3'====== Args={'value': 12, 'prev_value': None, 'change': True}
2024-09-08 16:40:20,354 : INFO : EventManager : Event: ======'machine_var_audits_missing_switches_s_trough4'====== Args={'value': 12, 'prev_value': None, 'change': True}
2024-09-08 16:40:20,354 : INFO : EventManager : Event: ======'machine_var_audits_missing_switches_s_trough5'====== Args={'value': 12, 'prev_value': None, 'change': True}
2024-09-08 16:40:20,354 : INFO : EventManager : Event: ======'machine_var_audits_missing_switches_s_trough6'====== Args={'value': 12, 'prev_value': None, 'change': True}
2024-09-08 16:40:20,354 : INFO : EventManager : Event: ======'machine_var_audits_missing_switches_s_trough_jam'====== Args={'value': 12, 'prev_value': None, 'change': True}
2024-09-08 16:40:20,354 : INFO : EventManager : Event: ======'machine_var_audits_missing_switches_s_vukmid'====== Args={'value': 12, 'prev_value': None, 'change': True}
2024-09-08 16:40:20,354 : INFO : EventManager : Event: ======'machine_var_audits_missing_switches_s_vuktop'====== Args={'value': 12, 'prev_value': None, 'change': True}
2024-09-08 16:40:20,354 : INFO : EventManager : Event: ======'machine_var_audits_player_score'====== Args={'value': {'average': 0, 'top': [0], 'total': 1}, 'prev_value': None, 'change': True}
2024-09-08 16:40:20,354 : INFO : EventManager : Event: ======'machine_var_audits_switches_s_Other01'====== Args={'value': 0, 'prev_value': None, 'change': True}
2024-09-08 16:40:20,354 : INFO : EventManager : Event: ======'machine_var_audits_switches_s_Other02'====== Args={'value': 0, 'prev_value': None, 'change': True}
2024-09-08 16:40:20,354 : INFO : EventManager : Event: ======'machine_var_audits_switches_s_Other03'====== Args={'value': 0, 'prev_value': None, 'change': True}
2024-09-08 16:40:20,355 : INFO : EventManager : Event: ======'machine_var_audits_switches_s_Other04'====== Args={'value': 0, 'prev_value': None, 'change': True}
2024-09-08 16:40:20,355 : INFO : EventManager : Event: ======'machine_var_audits_switches_s_Other05'====== Args={'value': 0, 'prev_value': None, 'change': True}
2024-09-08 16:40:20,355 : INFO : EventManager : Event: ======'machine_var_audits_switches_s_Other06'====== Args={'value': 0, 'prev_value': None, 'change': True}
2024-09-08 16:40:20,355 : INFO : EventManager : Event: ======'machine_var_audits_switches_s_Other07'====== Args={'value': 0, 'prev_value': None, 'change': True}
2024-09-08 16:40:20,355 : INFO : EventManager : Event: ======'machine_var_audits_switches_s_Other08'====== Args={'value': 0, 'prev_value': None, 'change': True}
2024-09-08 16:40:20,355 : INFO : EventManager : Event: ======'machine_var_audits_switches_s_Other09'====== Args={'value': 0, 'prev_value': None, 'change': True}
2024-09-08 16:40:20,355 : INFO : EventManager : Event: ======'machine_var_audits_switches_s_bottomlane1'====== Args={'value': 0, 'prev_value': None, 'change': True}
2024-09-08 16:40:20,355 : INFO : EventManager : Event: ======'machine_var_audits_switches_s_bottomlane2'====== Args={'value': 0, 'prev_value': None, 'change': True}
2024-09-08 16:40:20,355 : INFO : EventManager : Event: ======'machine_var_audits_switches_s_bottomlane3'====== Args={'value': 0, 'prev_value': None, 'change': True}
2024-09-08 16:40:20,355 : INFO : EventManager : Event: ======'machine_var_audits_switches_s_bottomlane4'====== Args={'value': 0, 'prev_value': None, 'change': True}
2024-09-08 16:40:20,355 : INFO : EventManager : Event: ======'machine_var_audits_switches_s_bottomlane5'====== Args={'value': 0, 'prev_value': None, 'change': True}
2024-09-08 16:40:20,355 : INFO : EventManager : Event: ======'machine_var_audits_switches_s_drop1'====== Args={'value': 0, 'prev_value': None, 'change': True}
2024-09-08 16:40:20,355 : INFO : EventManager : Event: ======'machine_var_audits_switches_s_drop2'====== Args={'value': 0, 'prev_value': None, 'change': True}
2024-09-08 16:40:20,355 : INFO : EventManager : Event: ======'machine_var_audits_switches_s_drop3'====== Args={'value': 0, 'prev_value': None, 'change': True}
2024-09-08 16:40:20,356 : INFO : EventManager : Event: ======'machine_var_audits_switches_s_launch'====== Args={'value': 0, 'prev_value': None, 'change': True}
2024-09-08 16:40:20,356 : INFO : EventManager : Event: ======'machine_var_audits_switches_s_left_sling'====== Args={'value': 0, 'prev_value': None, 'change': True}
2024-09-08 16:40:20,356 : INFO : EventManager : Event: ======'machine_var_audits_switches_s_plunger_lane'====== Args={'value': 29, 'prev_value': None, 'change': True}
2024-09-08 16:40:20,356 : INFO : EventManager : Event: ======'machine_var_audits_switches_s_popbumber_1'====== Args={'value': 0, 'prev_value': None, 'change': True}
2024-09-08 16:40:20,356 : INFO : EventManager : Event: ======'machine_var_audits_switches_s_popbumber_2'====== Args={'value': 0, 'prev_value': None, 'change': True}
2024-09-08 16:40:20,356 : INFO : EventManager : Event: ======'machine_var_audits_switches_s_popbumber_3'====== Args={'value': 0, 'prev_value': None, 'change': True}
2024-09-08 16:40:20,356 : INFO : EventManager : Event: ======'machine_var_audits_switches_s_right_sling'====== Args={'value': 0, 'prev_value': None, 'change': True}
2024-09-08 16:40:20,356 : INFO : EventManager : Event: ======'machine_var_audits_switches_s_start'====== Args={'value': 30, 'prev_value': None, 'change': True}
2024-09-08 16:40:20,356 : INFO : EventManager : Event: ======'machine_var_audits_switches_s_toplane1'====== Args={'value': 170, 'prev_value': None, 'change': True}
2024-09-08 16:40:20,356 : INFO : EventManager : Event: ======'machine_var_audits_switches_s_toplane2'====== Args={'value': 0, 'prev_value': None, 'change': True}
2024-09-08 16:40:20,356 : INFO : EventManager : Event: ======'machine_var_audits_switches_s_toplane3'====== Args={'value': 0, 'prev_value': None, 'change': True}
2024-09-08 16:40:20,356 : INFO : EventManager : Event: ======'machine_var_audits_switches_s_trough1'====== Args={'value': 25, 'prev_value': None, 'change': True}
2024-09-08 16:40:20,356 : INFO : EventManager : Event: ======'machine_var_audits_switches_s_trough2'====== Args={'value': 0, 'prev_value': None, 'change': True}
2024-09-08 16:40:20,356 : INFO : EventManager : Event: ======'machine_var_audits_switches_s_trough3'====== Args={'value': 0, 'prev_value': None, 'change': True}
2024-09-08 16:40:20,356 : INFO : EventManager : Event: ======'machine_var_audits_switches_s_trough4'====== Args={'value': 0, 'prev_value': None, 'change': True}
2024-09-08 16:40:20,357 : INFO : EventManager : Event: ======'machine_var_audits_switches_s_trough5'====== Args={'value': 0, 'prev_value': None, 'change': True}
2024-09-08 16:40:20,357 : INFO : EventManager : Event: ======'machine_var_audits_switches_s_trough6'====== Args={'value': 0, 'prev_value': None, 'change': True}
2024-09-08 16:40:20,357 : INFO : EventManager : Event: ======'machine_var_audits_switches_s_trough_jam'====== Args={'value': 0, 'prev_value': None, 'change': True}
2024-09-08 16:40:20,357 : INFO : EventManager : Event: ======'machine_var_audits_switches_s_vukmid'====== Args={'value': 0, 'prev_value': None, 'change': True}
2024-09-08 16:40:20,357 : INFO : EventManager : Event: ======'machine_var_audits_switches_s_vuktop'====== Args={'value': 0, 'prev_value': None, 'change': True}
2024-09-08 16:40:20,357 : INFO : EventManager : Event: ======'init_phase_5'====== Args={}
2024-09-08 16:40:20,382 : INFO : EventManager : Event: ======'init_done'====== Args={}
2024-09-08 16:40:20,382 : INFO : EventManager : Event: ======'machine_reset_phase_1'====== Args={}
2024-09-08 16:40:20,384 : INFO : EventManager : Event: ======'machine_reset_phase_2'====== Args={}
2024-09-08 16:40:20,384 : INFO : EventManager : Event: ======'machine_reset_phase_3'====== Args={}
2024-09-08 16:40:20,384 : INFO : drop_target_bank.db_dropbank : All targets are already up. Will not reset bank.
2024-09-08 16:40:20,384 : INFO : EventManager : Event: ======'reset_complete'====== Args={}
2024-09-08 16:40:20,384 : INFO : EventManager : Event: ======'mode_attract_will_start'====== Args={}
2024-09-08 16:40:20,384 : INFO : EventManager : Event: ======'mode_attract_starting'====== Args={}
2024-09-08 16:40:20,386 : INFO : Mode.attract : Started. Priority: 10
2024-09-08 16:40:20,386 : INFO : EventManager : Event: ======'modes_active_modes_changed'====== Args={}
2024-09-08 16:40:20,386 : INFO : EventManager : Event: ======'mode_attract_started'====== Args={}
2024-09-08 16:40:20,386 : INFO : EventManager : Event: ======'collecting_balls_complete'====== Args={}
2024-09-08 16:40:20,474 : INFO : EventManager : Event: ======'slide_attract_created'====== Args={'_from_bcp': True}
2024-09-08 16:40:20,474 : INFO : EventManager : Event: ======'slide__removed'====== Args={'_from_bcp': True}
2024-09-08 16:40:20,474 : INFO : EventManager : Event: ======'slide_attract_active'====== Args={'original_context': 'attract', 'original_calling_context': 'mode_attract_started', 'priority': 10.0, 'cmd': 'slides_play', '_from_bcp': True}
2024-09-08 16:40:20,474 : INFO : Machine : Starting the main run loop.
2024-09-08 16:40:24,685 : INFO : SwitchController : <<<<<<< 's_start' active >>>>>>>
2024-09-08 16:40:24,770 : INFO : SwitchController : <<<<<<< 's_start' inactive >>>>>>>
2024-09-08 16:40:24,770 : INFO : EventManager : Event: ======'request_to_start_game'====== Args={}
2024-09-08 16:40:24,771 : INFO : EventManager : Event: ======'game_start'====== Args={'buttons': [], 'hold_time': 0.07800000000861473}
2024-09-08 16:40:24,771 : INFO : EventManager : Event: ======'mode_game_will_start'====== Args={'buttons': [], 'hold_time': 0.07800000000861473}
2024-09-08 16:40:24,772 : INFO : EventManager : Event: ======'mode_game_starting'====== Args={'buttons': [], 'hold_time': 0.07800000000861473}
2024-09-08 16:40:24,772 : INFO : EventManager : Event: ======'mode_attract_will_stop'====== Args={}
2024-09-08 16:40:24,772 : INFO : EventManager : Event: ======'mode_attract_stopping'====== Args={}
2024-09-08 16:40:24,772 : INFO : Mode.attract : Stopped.
2024-09-08 16:40:24,773 : INFO : EventManager : Event: ======'modes_active_modes_changed'====== Args={}
2024-09-08 16:40:24,773 : INFO : EventManager : Event: ======'mode_attract_stopped'====== Args={}
2024-09-08 16:40:24,773 : INFO : EventManager : Event: ======'clear'====== Args={'key': 'attract'}
2024-09-08 16:40:24,773 : INFO : Mode.game : Started. Priority: 20
2024-09-08 16:40:24,773 : INFO : EventManager : Event: ======'modes_active_modes_changed'====== Args={}
2024-09-08 16:40:24,773 : INFO : EventManager : Event: ======'mode_game_started'====== Args={'buttons': [], 'hold_time': 0.07800000000861473}
2024-09-08 16:40:24,786 : INFO : EventManager : Event: ======'game_will_start'====== Args={}
2024-09-08 16:40:24,786 : INFO : EventManager : Event: ======'game_starting'====== Args={'game': <Mode.game>}
2024-09-08 16:40:24,788 : INFO : EventManager : Unordered handler for class <Auditor> on event game_ended with priority 1. Handlers: [RegisteredHandler(callback=<bound method Auditor.disable of <Auditor>>, priority=1, kwargs={}, key=UUID('9cae2684-ef78-45ab-a1a9-10c4c7c46928'), condition=None, blocking_facility=None), RegisteredHandler(callback=<bound method Auditor._save_audits of <Auditor>>, priority=1, kwargs={}, key=UUID('ba4ef2af-5acf-4fc3-8bf3-8c3f9fdae6a7'), condition=None, blocking_facility=None)]. The order of those handlers is not defined and they will be executed in random order. This might lead to race conditions and potential bugs.
2024-09-08 16:40:24,788 : INFO : EventManager : Event: ======'player_add_request'====== Args={}
2024-09-08 16:40:24,789 : INFO : EventManager : Event: ======'player_will_add'====== Args={'number': 1}
2024-09-08 16:40:24,789 : INFO : EventManager : Event: ======'player_adding'====== Args={'player': <Player 1>, 'number': 1}
2024-09-08 16:40:24,789 : INFO : EventManager : Event: ======'player_added'====== Args={'player': <Player 1>, 'num': 1}
2024-09-08 16:40:24,789 : INFO : Mode.game : Player added successfully. Total players: 1
2024-09-08 16:40:24,790 : INFO : EventManager : Event: ======'player_index'====== Args={'value': 0, 'prev_value': 0, 'change': 0, 'player_num': 1}
2024-09-08 16:40:24,791 : INFO : EventManager : Event: ======'player_number'====== Args={'value': 1, 'prev_value': 1, 'change': 0, 'player_num': 1}
2024-09-08 16:40:24,791 : INFO : EventManager : Event: ======'player_score'====== Args={'value': 0, 'prev_value': 0, 'change': 0, 'player_num': 1}
2024-09-08 16:40:24,792 : INFO : EventManager : Event: ======'game_started'====== Args={}
2024-09-08 16:40:24,810 : INFO : EventManager : Event: ======'player_turn_will_start'====== Args={'player': <Player 1>, 'number': 1}
2024-09-08 16:40:24,810 : INFO : EventManager : Event: ======'player_turn_starting'====== Args={'player': <Player 1>, 'number': 1}
2024-09-08 16:40:24,810 : INFO : EventManager : Event: ======'player_ball'====== Args={'value': 1, 'prev_value': 0, 'change': 1, 'player_num': 1}
2024-09-08 16:40:24,812 : INFO : EventManager : Event: ======'player_turn_started'====== Args={'player': <Player 1>, 'number': 1}
2024-09-08 16:40:24,816 : INFO : EventManager : Event: ======'ball_will_start'====== Args={'player': 1, 'ball': 1, 'balls_remaining': 2, 'is_extra_ball': False}
2024-09-08 16:40:24,821 : INFO : EventManager : Event: ======'ball_starting'====== Args={'player': 1, 'ball': 1, 'balls_remaining': 2, 'is_extra_ball': False}
2024-09-08 16:40:24,821 : INFO : drop_target_bank.db_dropbank : All targets are already up. Will not reset bank.
2024-09-08 16:40:24,822 : INFO : EventManager : Event: ======'balls_in_play'====== Args={'balls': 1}
2024-09-08 16:40:24,822 : INFO : EventManager : Event: ======'ball_started'====== Args={'player': 1, 'ball': 1, 'balls_remaining': 2, 'is_extra_ball': False}
2024-09-08 16:40:24,823 : INFO : EventManager : Event: ======'single_player_ball_started'====== Args={}
2024-09-08 16:40:24,824 : INFO : EventManager : Event: ======'ball_start_target'====== Args={'target': 'playfield'}
2024-09-08 16:40:24,824 : INFO : ball_device.bd_plunger : Setting up player-controlled eject. Balls: 1, Target: <playfield.playfield>, player_controlled_eject_event: s_launch_active
2024-09-08 16:40:24,824 : INFO : EventManager : Event: ======'balldevice_balls_available'====== Args={}
2024-09-08 16:40:24,825 : INFO : ball_device.bd_trough : State: waiting_for_target_ready
2024-09-08 16:40:24,826 : INFO : EventManager : Event: ======'balldevice_bd_trough_ball_eject_attempt'====== Args={'balls': 1, 'target': <ball_device.bd_plunger>, 'source': <ball_device.bd_trough>, 'mechanical_eject': True, 'num_attempts': 0}
2024-09-08 16:40:24,826 : INFO : ball_device.bd_plunger : State: waiting_for_ball
2024-09-08 16:40:24,827 : INFO : ball_device.bd_trough : State: ejecting
2024-09-08 16:40:24,827 : INFO : ball_device.bd_trough : Ejecting ball to <ball_device.bd_plunger>
2024-09-08 16:40:24,827 : INFO : EventManager : Event: ======'balldevice_bd_trough_ejecting_ball'====== Args={'balls': 1, 'target': <ball_device.bd_plunger>, 'source': <ball_device.bd_trough>, 'mechanical_eject': True, 'num_attempts': 0}
2024-09-08 16:40:24,828 : INFO : ball_device.bd_trough : Wait for ball to leave device
2024-09-08 16:40:24,828 : INFO : coil.c_trough_eject : Pulsing Driver for 25ms (1.0 pulse_power)
2024-09-08 16:40:26,934 : INFO : SwitchController : <<<<<<< 's_trough1' inactive >>>>>>>
2024-09-08 16:40:26,957 : INFO : ball_device.bd_trough : State: ball_left
2024-09-08 16:40:26,957 : INFO : ball_device.bd_trough : Ball left
2024-09-08 16:40:26,957 : INFO : ball_device.bd_trough : Wait for confirm with timeout 10.0
2024-09-08 16:40:28,285 : INFO : SwitchController : <<<<<<< 's_plunger_lane' active >>>>>>>
2024-09-08 16:40:28,285 : INFO : EventManager : Event: ======'machine_var_audits_switches_s_plunger_lane'====== Args={'value': 30, 'prev_value': 29, 'change': 1}
2024-09-08 16:40:28,786 : INFO : ball_device.bd_plunger : Received ball from <ball_device.bd_trough>
2024-09-08 16:40:28,786 : INFO : EventManager : Event: ======'balldevice_bd_plunger_ball_enter'====== Args={'new_balls': 1, 'unclaimed_balls': 0, 'new_available_balls': 0, 'device': <ball_device.bd_plunger>}
2024-09-08 16:40:28,786 : INFO : EventManager : Event: ======'balldevice_bd_plunger_ball_entered'====== Args={'new_balls': 0, 'device': <ball_device.bd_plunger>}
2024-09-08 16:40:28,786 : INFO : EventManager : Event: ======'balldevice_bd_plunger_ball_count_changed'====== Args={'balls': 1}
2024-09-08 16:40:28,786 : INFO : ball_device.bd_trough : Got eject confirm
2024-09-08 16:40:28,786 : INFO : ball_device.bd_trough : Eject successful
2024-09-08 16:40:28,786 : INFO : EventManager : Event: ======'balldevice_bd_trough_ball_eject_success'====== Args={'balls': 1, 'target': <ball_device.bd_plunger>}
2024-09-08 16:40:28,786 : INFO : ball_device.bd_plunger : State: waiting_for_target_ready
2024-09-08 16:40:28,786 : INFO : EventManager : Event: ======'balldevice_bd_plunger_ball_eject_attempt'====== Args={'balls': 1, 'target': <playfield.playfield>, 'source': <ball_device.bd_plunger>, 'mechanical_eject': True, 'num_attempts': 0}
2024-09-08 16:40:28,786 : INFO : EventManager : Event: ======'balldevice_bd_trough_ball_count_changed'====== Args={'balls': 3}
2024-09-08 16:40:28,786 : INFO : ball_device.bd_trough : State: idle
2024-09-08 16:40:28,787 : INFO : ball_device.bd_plunger : State: ejecting
2024-09-08 16:40:28,787 : INFO : ball_device.bd_plunger : Ejecting ball to <playfield.playfield>
2024-09-08 16:40:28,787 : INFO : EventManager : Event: ======'balldevice_bd_plunger_ejecting_ball'====== Args={'balls': 1, 'target': <playfield.playfield>, 'source': <ball_device.bd_plunger>, 'mechanical_eject': True, 'num_attempts': 0}
2024-09-08 16:40:28,787 : INFO : ball_device.bd_plunger : Wait for ball to leave device
2024-09-08 16:40:30,518 : INFO : SwitchController : <<<<<<< 's_plunger_lane' inactive >>>>>>>
2024-09-08 16:40:30,521 : INFO : ball_device.bd_plunger : State: ball_left
2024-09-08 16:40:30,521 : INFO : ball_device.bd_plunger : Ball left
2024-09-08 16:40:30,521 : INFO : ball_device.bd_plunger : Wait for confirm with timeout 10.0
2024-09-08 16:40:32,217 : INFO : SwitchController : <<<<<<< 's_toplane1' active >>>>>>>
2024-09-08 16:40:32,217 : INFO : EventManager : Event: ======'machine_var_audits_switches_s_toplane1'====== Args={'value': 171, 'prev_value': 170, 'change': 1}
2024-09-08 16:40:32,301 : INFO : SwitchController : <<<<<<< 's_toplane1' inactive >>>>>>>
2024-09-08 16:40:32,783 : INFO : SwitchController : <<<<<<< 's_toplane1' active >>>>>>>
2024-09-08 16:40:32,784 : INFO : EventManager : Event: ======'machine_var_audits_switches_s_toplane1'====== Args={'value': 172, 'prev_value': 171, 'change': 1}
2024-09-08 16:40:32,884 : INFO : SwitchController : <<<<<<< 's_toplane1' inactive >>>>>>>
2024-09-08 16:40:33,150 : INFO : SwitchController : <<<<<<< 's_toplane1' active >>>>>>>
2024-09-08 16:40:33,151 : INFO : EventManager : Event: ======'machine_var_audits_switches_s_toplane1'====== Args={'value': 173, 'prev_value': 172, 'change': 1}
2024-09-08 16:40:33,233 : INFO : SwitchController : <<<<<<< 's_toplane1' inactive >>>>>>>
2024-09-08 16:40:33,550 : INFO : SwitchController : <<<<<<< 's_toplane1' active >>>>>>>
2024-09-08 16:40:33,550 : INFO : EventManager : Event: ======'machine_var_audits_switches_s_toplane1'====== Args={'value': 174, 'prev_value': 173, 'change': 1}
2024-09-08 16:40:33,617 : INFO : SwitchController : <<<<<<< 's_toplane1' inactive >>>>>>>
2024-09-08 16:40:33,887 : INFO : SwitchController : <<<<<<< 's_toplane1' active >>>>>>>
2024-09-08 16:40:33,887 : INFO : EventManager : Event: ======'machine_var_audits_switches_s_toplane1'====== Args={'value': 175, 'prev_value': 174, 'change': 1}
2024-09-08 16:40:33,950 : INFO : SwitchController : <<<<<<< 's_toplane1' inactive >>>>>>>
2024-09-08 16:40:34,167 : INFO : SwitchController : <<<<<<< 's_toplane1' active >>>>>>>
2024-09-08 16:40:34,168 : INFO : EventManager : Event: ======'machine_var_audits_switches_s_toplane1'====== Args={'value': 176, 'prev_value': 175, 'change': 1}
2024-09-08 16:40:34,228 : INFO : SwitchController : <<<<<<< 's_toplane1' inactive >>>>>>>
2024-09-08 16:40:34,400 : INFO : SwitchController : <<<<<<< 's_toplane1' active >>>>>>>
2024-09-08 16:40:34,401 : INFO : EventManager : Event: ======'machine_var_audits_switches_s_toplane1'====== Args={'value': 177, 'prev_value': 176, 'change': 1}
2024-09-08 16:40:34,467 : INFO : SwitchController : <<<<<<< 's_toplane1' inactive >>>>>>>
2024-09-08 16:40:34,634 : INFO : SwitchController : <<<<<<< 's_toplane1' active >>>>>>>
2024-09-08 16:40:34,634 : INFO : EventManager : Event: ======'machine_var_audits_switches_s_toplane1'====== Args={'value': 178, 'prev_value': 177, 'change': 1}
2024-09-08 16:40:34,700 : INFO : SwitchController : <<<<<<< 's_toplane1' inactive >>>>>>>
2024-09-08 16:40:34,874 : INFO : SwitchController : <<<<<<< 's_toplane1' active >>>>>>>
2024-09-08 16:40:34,874 : INFO : EventManager : Event: ======'machine_var_audits_switches_s_toplane1'====== Args={'value': 179, 'prev_value': 178, 'change': 1}
2024-09-08 16:40:34,920 : INFO : SwitchController : <<<<<<< 's_toplane1' inactive >>>>>>>
2024-09-08 16:40:35,098 : INFO : SwitchController : <<<<<<< 's_toplane1' active >>>>>>>
2024-09-08 16:40:35,099 : INFO : EventManager : Event: ======'machine_var_audits_switches_s_toplane1'====== Args={'value': 180, 'prev_value': 179, 'change': 1}
2024-09-08 16:40:35,151 : INFO : SwitchController : <<<<<<< 's_toplane1' inactive >>>>>>>
2024-09-08 16:40:35,283 : INFO : SwitchController : <<<<<<< 's_toplane1' active >>>>>>>
2024-09-08 16:40:35,283 : INFO : EventManager : Event: ======'machine_var_audits_switches_s_toplane1'====== Args={'value': 181, 'prev_value': 180, 'change': 1}
2024-09-08 16:40:35,383 : INFO : SwitchController : <<<<<<< 's_toplane1' inactive >>>>>>>
2024-09-08 16:40:35,533 : INFO : SwitchController : <<<<<<< 's_toplane1' active >>>>>>>
2024-09-08 16:40:35,533 : INFO : EventManager : Event: ======'machine_var_audits_switches_s_toplane1'====== Args={'value': 182, 'prev_value': 181, 'change': 1}
2024-09-08 16:40:35,617 : INFO : SwitchController : <<<<<<< 's_toplane1' inactive >>>>>>>
2024-09-08 16:40:35,750 : INFO : SwitchController : <<<<<<< 's_toplane1' active >>>>>>>
2024-09-08 16:40:35,750 : INFO : EventManager : Event: ======'machine_var_audits_switches_s_toplane1'====== Args={'value': 183, 'prev_value': 182, 'change': 1}
2024-09-08 16:40:35,869 : INFO : SwitchController : <<<<<<< 's_toplane1' inactive >>>>>>>
2024-09-08 16:40:36,470 : INFO : SwitchController : <<<<<<< 's_toplane1' active >>>>>>>
2024-09-08 16:40:36,470 : INFO : EventManager : Event: ======'machine_var_audits_switches_s_toplane1'====== Args={'value': 184, 'prev_value': 183, 'change': 1}
2024-09-08 16:40:36,583 : INFO : SwitchController : <<<<<<< 's_toplane1' inactive >>>>>>>
2024-09-08 16:40:36,750 : INFO : SwitchController : <<<<<<< 's_toplane1' active >>>>>>>
2024-09-08 16:40:36,750 : INFO : EventManager : Event: ======'machine_var_audits_switches_s_toplane1'====== Args={'value': 185, 'prev_value': 184, 'change': 1}
2024-09-08 16:40:36,833 : INFO : SwitchController : <<<<<<< 's_toplane1' inactive >>>>>>>
2024-09-08 16:40:36,954 : INFO : SwitchController : <<<<<<< 's_toplane1' active >>>>>>>
2024-09-08 16:40:36,955 : INFO : EventManager : Event: ======'machine_var_audits_switches_s_toplane1'====== Args={'value': 186, 'prev_value': 185, 'change': 1}
2024-09-08 16:40:37,034 : INFO : SwitchController : <<<<<<< 's_toplane1' inactive >>>>>>>
2024-09-08 16:40:37,167 : INFO : SwitchController : <<<<<<< 's_toplane1' active >>>>>>>
2024-09-08 16:40:37,167 : INFO : EventManager : Event: ======'machine_var_audits_switches_s_toplane1'====== Args={'value': 187, 'prev_value': 186, 'change': 1}
2024-09-08 16:40:37,252 : INFO : SwitchController : <<<<<<< 's_toplane1' inactive >>>>>>>
2024-09-08 16:40:37,417 : INFO : SwitchController : <<<<<<< 's_toplane1' active >>>>>>>
2024-09-08 16:40:37,417 : INFO : EventManager : Event: ======'machine_var_audits_switches_s_toplane1'====== Args={'value': 188, 'prev_value': 187, 'change': 1}
2024-09-08 16:40:37,500 : INFO : SwitchController : <<<<<<< 's_toplane1' inactive >>>>>>>
2024-09-08 16:40:37,650 : INFO : SwitchController : <<<<<<< 's_toplane1' active >>>>>>>
2024-09-08 16:40:37,650 : INFO : EventManager : Event: ======'machine_var_audits_switches_s_toplane1'====== Args={'value': 189, 'prev_value': 188, 'change': 1}
2024-09-08 16:40:37,751 : INFO : SwitchController : <<<<<<< 's_toplane1' inactive >>>>>>>
2024-09-08 16:40:37,917 : INFO : SwitchController : <<<<<<< 's_toplane1' active >>>>>>>
2024-09-08 16:40:37,917 : INFO : EventManager : Event: ======'machine_var_audits_switches_s_toplane1'====== Args={'value': 190, 'prev_value': 189, 'change': 1}
2024-09-08 16:40:38,001 : INFO : SwitchController : <<<<<<< 's_toplane1' inactive >>>>>>>
2024-09-08 16:40:38,151 : INFO : SwitchController : <<<<<<< 's_toplane1' active >>>>>>>
2024-09-08 16:40:38,151 : INFO : EventManager : Event: ======'machine_var_audits_switches_s_toplane1'====== Args={'value': 191, 'prev_value': 190, 'change': 1}
2024-09-08 16:40:38,267 : INFO : SwitchController : <<<<<<< 's_toplane1' inactive >>>>>>>
2024-09-08 16:40:38,917 : INFO : SwitchController : <<<<<<< 's_toplane1' active >>>>>>>
2024-09-08 16:40:38,917 : INFO : EventManager : Event: ======'machine_var_audits_switches_s_toplane1'====== Args={'value': 192, 'prev_value': 191, 'change': 1}
2024-09-08 16:40:39,017 : INFO : SwitchController : <<<<<<< 's_toplane1' inactive >>>>>>>
2024-09-08 16:40:39,533 : INFO : SwitchController : <<<<<<< 's_toplane1' active >>>>>>>
2024-09-08 16:40:39,534 : INFO : EventManager : Event: ======'machine_var_audits_switches_s_toplane1'====== Args={'value': 193, 'prev_value': 192, 'change': 1}
2024-09-08 16:40:39,633 : INFO : SwitchController : <<<<<<< 's_toplane1' inactive >>>>>>>
2024-09-08 16:40:40,100 : INFO : Machine : Shutting down...
2024-09-08 16:40:40,100 : INFO : EventManager : Event: ======'shutdown'====== Args={}
2024-09-08 16:40:40,101 : INFO : EventManager : Event: ======'mode_game_will_stop'====== Args={}
2024-09-08 16:40:40,101 : INFO : EventManager : Event: ======'mode_game_stopping'====== Args={}
2024-09-08 16:40:40,101 : INFO : Mode.game : Stopped.
2024-09-08 16:40:40,101 : INFO : EventManager : Event: ======'modes_active_modes_changed'====== Args={}
2024-09-08 16:40:40,101 : INFO : EventManager : Event: ======'mode_game_stopped'====== Args={}
2024-09-08 16:40:40,101 : INFO : EventManager : Event: ======'clear'====== Args={'key': 'game'}
2024-09-08 16:40:40,102 : INFO : root : MPF run loop ended.
