2024-09-09 13:49:56,786 : INFO : root : Loading config.
2024-09-09 13:49:56,797 : INFO : YamlMultifileConfigLoader : Machine config file #1: config.yaml
2024-09-09 13:49:56,798 : INFO : ConfigProcessor : Loading config from cache: C:\Users\dorus\AppData\Local\Temp\0b14c6cd701b1833b339b8820c7f306e.mpf_cache
2024-09-09 13:49:56,967 : INFO : ConfigProcessor : Loading config from cache: C:\Users\dorus\AppData\Local\Temp\131c4b8882758756c26e7612148ac7ad.mpf_cache
2024-09-09 13:49:56,973 : INFO : ConfigProcessor : Loading config from cache: C:\Users\dorus\AppData\Local\Temp\36ea2d86935edeb5e7cb26ef979cbf89.mpf_cache
2024-09-09 13:49:56,978 : INFO : ConfigProcessor : Loading config from cache: C:\Users\dorus\AppData\Local\Temp\10d9290df991d16f66be8677f9ce93b5.mpf_cache
2024-09-09 13:49:56,987 : INFO : Machine : Mission Pinball Framework Core Engine v0.80.0.dev4
2024-09-09 13:49:56,987 : INFO : Machine : Command line arguments: {'no_load_cache': False, 'create_config_cache': True, 'bcp': True, 'configfile': ['config.yaml'], 'force_assets_load': False, 'platform_integration_test': False, 'jsonlogging': False, 'logfile': 'logs\\2024-09-09-13-49-56-mpf-LAPTOP-5E3JF9A5.log', 'pause': False, 'production': False, 'text_ui': True, 'loglevel': 15, 'consoleloglevel': 20, 'force_platform': 'virtual', 'syslog_address': None, 'mc_file_name': None, 'no_sound': False, 'full_logfile_path': 'C:\\Users\\dorus\\OneDrive\\Documents\\Pinball\\PortalPinball-V4.0\\machinefolder\\logs\\2024-09-09-13-49-56-mpf-LAPTOP-5E3JF9A5.log'}
2024-09-09 13:49:56,987 : INFO : Machine : MPF path: C:\Users\dorus\.conda\envs\mpfenv\Lib\site-packages\mpf
2024-09-09 13:49:56,987 : INFO : Machine : Machine path: C:\Users\dorus\OneDrive\Documents\Pinball\PortalPinball-V4.0\machinefolder
2024-09-09 13:49:56,987 : INFO : Machine : Platform: win32
2024-09-09 13:49:56,987 : INFO : Machine : Python executable location: C:\Users\dorus\.conda\envs\mpfenv\python.exe
2024-09-09 13:49:56,987 : INFO : Machine : Python version: 3.12.4 (64-bit)
2024-09-09 13:49:56,990 : INFO : Machine : Initializing MPF...
2024-09-09 13:49:57,204 : INFO : EventManager : Event: ======'machine_var_credits_string'====== Args={'value': 'FREE PLAY', 'prev_value': None, 'change': True}
2024-09-09 13:49:57,244 : INFO : EventManager : Event: ======'machine_var_master_volume'====== Args={'value': 0.5, 'prev_value': None, 'change': True}
2024-09-09 13:49:57,244 : INFO : EventManager : Event: ======'machine_var_player1_score'====== Args={'value': 0, 'prev_value': None, 'change': True}
2024-09-09 13:49:57,244 : INFO : EventManager : Event: ======'machine_var_mpf_version'====== Args={'value': 'Mission Pinball Framework v0.80.0.dev4', 'prev_value': None, 'change': True}
2024-09-09 13:49:57,244 : INFO : EventManager : Event: ======'machine_var_mpf_extended_version'====== Args={'value': 'Mission Pinball Framework v0.80.0.dev4, Config version:6, Show version: 6, BCP version:1.1', 'prev_value': None, 'change': True}
2024-09-09 13:49:57,244 : INFO : EventManager : Event: ======'machine_var_python_version'====== Args={'value': '3.12.4', 'prev_value': None, 'change': True}
2024-09-09 13:49:57,311 : INFO : EventManager : Event: ======'machine_var_platform'====== Args={'value': 'Windows-11-10.0.22631-SP0', 'prev_value': None, 'change': True}
2024-09-09 13:49:57,311 : INFO : EventManager : Event: ======'machine_var_platform_system'====== Args={'value': 'Windows', 'prev_value': None, 'change': True}
2024-09-09 13:49:57,311 : INFO : EventManager : Event: ======'machine_var_platform_release'====== Args={'value': '11', 'prev_value': None, 'change': True}
2024-09-09 13:49:57,311 : INFO : EventManager : Event: ======'machine_var_platform_version'====== Args={'value': '10.0.22631', 'prev_value': None, 'change': True}
2024-09-09 13:49:57,311 : INFO : EventManager : Event: ======'machine_var_platform_machine'====== Args={'value': 'AMD64', 'prev_value': None, 'change': True}
2024-09-09 13:49:57,311 : INFO : EventManager : Event: ======'machine_var_log_file_path'====== Args={'value': 'C:\\Users\\dorus\\OneDrive\\Documents\\Pinball\\PortalPinball-V4.0\\machinefolder\\logs\\2024-09-09-13-49-56-mpf-LAPTOP-5E3JF9A5.log', 'prev_value': None, 'change': True}
2024-09-09 13:49:57,312 : INFO : EventManager : Event: ======'init_phase_1'====== Args={}
2024-09-09 13:49:57,362 : INFO : EventManager : Event: ======'drop_target_bank_db_dropbank_up'====== Args={}
2024-09-09 13:49:57,364 : INFO : EventManager : Event: ======'init_phase_2'====== Args={}
2024-09-09 13:49:57,364 : INFO : SwitchController : Found active switch: ('2-1-16', <Platform.Virtual>) <switch.s_trough1>
2024-09-09 13:49:57,364 : INFO : SwitchController : Found active switch: ('2-1-17', <Platform.Virtual>) <switch.s_trough2>
2024-09-09 13:49:57,364 : INFO : SwitchController : Found active switch: ('2-1-18', <Platform.Virtual>) <switch.s_trough3>
2024-09-09 13:49:57,364 : INFO : SwitchController : Found active switch: ('2-1-19', <Platform.Virtual>) <switch.s_trough4>
2024-09-09 13:49:57,370 : INFO : EventManager : Event: ======'bcp_connection_attempt'====== Args={'name': 'local_display', 'host': 'localhost', 'port': 5050}
2024-09-09 13:49:57,372 : INFO : BCPClientSocket : Connecting BCP to 'local_display' at localhost:5050...
2024-09-09 13:49:57,388 : INFO : BCPClientSocket : Connected BCP to 'local_display' localhost:5050
2024-09-09 13:49:57,388 : INFO : EventManager : Event: ======'bcp_clients_connected'====== Args={}
2024-09-09 13:49:57,476 : INFO : ball_device.bd_trough : BCH: Initial count: 4
2024-09-09 13:49:57,476 : INFO : ball_device.bd_trough : State: idle
2024-09-09 13:49:57,477 : INFO : ball_device.bd_plunger : BCH: Initial count: 0
2024-09-09 13:49:57,477 : INFO : ball_device.bd_plunger : State: idle
2024-09-09 13:49:57,498 : INFO : EventManager : Event: ======'init_phase_3'====== Args={}
2024-09-09 13:49:57,505 : INFO : EventManager : Event: ======'init_phase_4'====== Args={}
2024-09-09 13:49:57,505 : INFO : BallController : Initial balls found: 4
2024-09-09 13:49:57,506 : INFO : EventManager : Event: ======'machine_var_audits_events_game_ended'====== Args={'value': 1, 'prev_value': None, 'change': True}
2024-09-09 13:49:57,506 : INFO : EventManager : Event: ======'machine_var_audits_events_game_started'====== Args={'value': 20, 'prev_value': None, 'change': True}
2024-09-09 13:49:57,506 : INFO : EventManager : Event: ======'machine_var_audits_missing_switches_s_Other01'====== Args={'value': 20, 'prev_value': None, 'change': True}
2024-09-09 13:49:57,506 : INFO : EventManager : Event: ======'machine_var_audits_missing_switches_s_Other02'====== Args={'value': 20, 'prev_value': None, 'change': True}
2024-09-09 13:49:57,506 : INFO : EventManager : Event: ======'machine_var_audits_missing_switches_s_Other03'====== Args={'value': 20, 'prev_value': None, 'change': True}
2024-09-09 13:49:57,506 : INFO : EventManager : Event: ======'machine_var_audits_missing_switches_s_Other04'====== Args={'value': 20, 'prev_value': None, 'change': True}
2024-09-09 13:49:57,506 : INFO : EventManager : Event: ======'machine_var_audits_missing_switches_s_Other05'====== Args={'value': 20, 'prev_value': None, 'change': True}
2024-09-09 13:49:57,506 : INFO : EventManager : Event: ======'machine_var_audits_missing_switches_s_Other06'====== Args={'value': 20, 'prev_value': None, 'change': True}
2024-09-09 13:49:57,507 : INFO : EventManager : Event: ======'machine_var_audits_missing_switches_s_Other07'====== Args={'value': 20, 'prev_value': None, 'change': True}
2024-09-09 13:49:57,507 : INFO : EventManager : Event: ======'machine_var_audits_missing_switches_s_Other08'====== Args={'value': 20, 'prev_value': None, 'change': True}
2024-09-09 13:49:57,507 : INFO : EventManager : Event: ======'machine_var_audits_missing_switches_s_Other09'====== Args={'value': 20, 'prev_value': None, 'change': True}
2024-09-09 13:49:57,507 : INFO : EventManager : Event: ======'machine_var_audits_missing_switches_s_bottomlane1'====== Args={'value': 20, 'prev_value': None, 'change': True}
2024-09-09 13:49:57,507 : INFO : EventManager : Event: ======'machine_var_audits_missing_switches_s_bottomlane2'====== Args={'value': 20, 'prev_value': None, 'change': True}
2024-09-09 13:49:57,507 : INFO : EventManager : Event: ======'machine_var_audits_missing_switches_s_bottomlane3'====== Args={'value': 20, 'prev_value': None, 'change': True}
2024-09-09 13:49:57,507 : INFO : EventManager : Event: ======'machine_var_audits_missing_switches_s_bottomlane4'====== Args={'value': 20, 'prev_value': None, 'change': True}
2024-09-09 13:49:57,507 : INFO : EventManager : Event: ======'machine_var_audits_missing_switches_s_bottomlane5'====== Args={'value': 20, 'prev_value': None, 'change': True}
2024-09-09 13:49:57,507 : INFO : EventManager : Event: ======'machine_var_audits_missing_switches_s_drop1'====== Args={'value': 20, 'prev_value': None, 'change': True}
2024-09-09 13:49:57,507 : INFO : EventManager : Event: ======'machine_var_audits_missing_switches_s_drop2'====== Args={'value': 20, 'prev_value': None, 'change': True}
2024-09-09 13:49:57,508 : INFO : EventManager : Event: ======'machine_var_audits_missing_switches_s_drop3'====== Args={'value': 20, 'prev_value': None, 'change': True}
2024-09-09 13:49:57,508 : INFO : EventManager : Event: ======'machine_var_audits_missing_switches_s_launch'====== Args={'value': 20, 'prev_value': None, 'change': True}
2024-09-09 13:49:57,508 : INFO : EventManager : Event: ======'machine_var_audits_missing_switches_s_left_sling'====== Args={'value': 20, 'prev_value': None, 'change': True}
2024-09-09 13:49:57,508 : INFO : EventManager : Event: ======'machine_var_audits_missing_switches_s_popbumber_1'====== Args={'value': 20, 'prev_value': None, 'change': True}
2024-09-09 13:49:57,508 : INFO : EventManager : Event: ======'machine_var_audits_missing_switches_s_popbumber_2'====== Args={'value': 20, 'prev_value': None, 'change': True}
2024-09-09 13:49:57,508 : INFO : EventManager : Event: ======'machine_var_audits_missing_switches_s_popbumber_3'====== Args={'value': 20, 'prev_value': None, 'change': True}
2024-09-09 13:49:57,508 : INFO : EventManager : Event: ======'machine_var_audits_missing_switches_s_right_sling'====== Args={'value': 20, 'prev_value': None, 'change': True}
2024-09-09 13:49:57,509 : INFO : EventManager : Event: ======'machine_var_audits_missing_switches_s_start'====== Args={'value': 3, 'prev_value': None, 'change': True}
2024-09-09 13:49:57,509 : INFO : EventManager : Event: ======'machine_var_audits_missing_switches_s_toplane2'====== Args={'value': 20, 'prev_value': None, 'change': True}
2024-09-09 13:49:57,509 : INFO : EventManager : Event: ======'machine_var_audits_missing_switches_s_toplane3'====== Args={'value': 20, 'prev_value': None, 'change': True}
2024-09-09 13:49:57,509 : INFO : EventManager : Event: ======'machine_var_audits_missing_switches_s_trough1'====== Args={'value': 2, 'prev_value': None, 'change': True}
2024-09-09 13:49:57,509 : INFO : EventManager : Event: ======'machine_var_audits_missing_switches_s_trough2'====== Args={'value': 20, 'prev_value': None, 'change': True}
2024-09-09 13:49:57,509 : INFO : EventManager : Event: ======'machine_var_audits_missing_switches_s_trough3'====== Args={'value': 20, 'prev_value': None, 'change': True}
2024-09-09 13:49:57,509 : INFO : EventManager : Event: ======'machine_var_audits_missing_switches_s_trough4'====== Args={'value': 20, 'prev_value': None, 'change': True}
2024-09-09 13:49:57,509 : INFO : EventManager : Event: ======'machine_var_audits_missing_switches_s_trough5'====== Args={'value': 20, 'prev_value': None, 'change': True}
2024-09-09 13:49:57,510 : INFO : EventManager : Event: ======'machine_var_audits_missing_switches_s_trough6'====== Args={'value': 20, 'prev_value': None, 'change': True}
2024-09-09 13:49:57,510 : INFO : EventManager : Event: ======'machine_var_audits_missing_switches_s_trough_jam'====== Args={'value': 20, 'prev_value': None, 'change': True}
2024-09-09 13:49:57,510 : INFO : EventManager : Event: ======'machine_var_audits_missing_switches_s_vukmid'====== Args={'value': 20, 'prev_value': None, 'change': True}
2024-09-09 13:49:57,510 : INFO : EventManager : Event: ======'machine_var_audits_missing_switches_s_vuktop'====== Args={'value': 20, 'prev_value': None, 'change': True}
2024-09-09 13:49:57,510 : INFO : EventManager : Event: ======'machine_var_audits_player_score'====== Args={'value': {'average': 0, 'top': [0], 'total': 1}, 'prev_value': None, 'change': True}
2024-09-09 13:49:57,510 : INFO : EventManager : Event: ======'machine_var_audits_switches_s_Other01'====== Args={'value': 0, 'prev_value': None, 'change': True}
2024-09-09 13:49:57,510 : INFO : EventManager : Event: ======'machine_var_audits_switches_s_Other02'====== Args={'value': 0, 'prev_value': None, 'change': True}
2024-09-09 13:49:57,511 : INFO : EventManager : Event: ======'machine_var_audits_switches_s_Other03'====== Args={'value': 0, 'prev_value': None, 'change': True}
2024-09-09 13:49:57,511 : INFO : EventManager : Event: ======'machine_var_audits_switches_s_Other04'====== Args={'value': 0, 'prev_value': None, 'change': True}
2024-09-09 13:49:57,511 : INFO : EventManager : Event: ======'machine_var_audits_switches_s_Other05'====== Args={'value': 0, 'prev_value': None, 'change': True}
2024-09-09 13:49:57,511 : INFO : EventManager : Event: ======'machine_var_audits_switches_s_Other06'====== Args={'value': 0, 'prev_value': None, 'change': True}
2024-09-09 13:49:57,511 : INFO : EventManager : Event: ======'machine_var_audits_switches_s_Other07'====== Args={'value': 0, 'prev_value': None, 'change': True}
2024-09-09 13:49:57,513 : INFO : EventManager : Event: ======'machine_var_audits_switches_s_Other08'====== Args={'value': 0, 'prev_value': None, 'change': True}
2024-09-09 13:49:57,513 : INFO : EventManager : Event: ======'machine_var_audits_switches_s_Other09'====== Args={'value': 0, 'prev_value': None, 'change': True}
2024-09-09 13:49:57,513 : INFO : EventManager : Event: ======'machine_var_audits_switches_s_bottomlane1'====== Args={'value': 0, 'prev_value': None, 'change': True}
2024-09-09 13:49:57,513 : INFO : EventManager : Event: ======'machine_var_audits_switches_s_bottomlane2'====== Args={'value': 0, 'prev_value': None, 'change': True}
2024-09-09 13:49:57,513 : INFO : EventManager : Event: ======'machine_var_audits_switches_s_bottomlane3'====== Args={'value': 0, 'prev_value': None, 'change': True}
2024-09-09 13:49:57,513 : INFO : EventManager : Event: ======'machine_var_audits_switches_s_bottomlane4'====== Args={'value': 0, 'prev_value': None, 'change': True}
2024-09-09 13:49:57,513 : INFO : EventManager : Event: ======'machine_var_audits_switches_s_bottomlane5'====== Args={'value': 0, 'prev_value': None, 'change': True}
2024-09-09 13:49:57,513 : INFO : EventManager : Event: ======'machine_var_audits_switches_s_drop1'====== Args={'value': 0, 'prev_value': None, 'change': True}
2024-09-09 13:49:57,513 : INFO : EventManager : Event: ======'machine_var_audits_switches_s_drop2'====== Args={'value': 0, 'prev_value': None, 'change': True}
2024-09-09 13:49:57,514 : INFO : EventManager : Event: ======'machine_var_audits_switches_s_drop3'====== Args={'value': 0, 'prev_value': None, 'change': True}
2024-09-09 13:49:57,514 : INFO : EventManager : Event: ======'machine_var_audits_switches_s_launch'====== Args={'value': 0, 'prev_value': None, 'change': True}
2024-09-09 13:49:57,514 : INFO : EventManager : Event: ======'machine_var_audits_switches_s_left_sling'====== Args={'value': 0, 'prev_value': None, 'change': True}
2024-09-09 13:49:57,514 : INFO : EventManager : Event: ======'machine_var_audits_switches_s_plunger_lane'====== Args={'value': 41, 'prev_value': None, 'change': True}
2024-09-09 13:49:57,514 : INFO : EventManager : Event: ======'machine_var_audits_switches_s_popbumber_1'====== Args={'value': 0, 'prev_value': None, 'change': True}
2024-09-09 13:49:57,515 : INFO : EventManager : Event: ======'machine_var_audits_switches_s_popbumber_2'====== Args={'value': 0, 'prev_value': None, 'change': True}
2024-09-09 13:49:57,515 : INFO : EventManager : Event: ======'machine_var_audits_switches_s_popbumber_3'====== Args={'value': 0, 'prev_value': None, 'change': True}
2024-09-09 13:49:57,515 : INFO : EventManager : Event: ======'machine_var_audits_switches_s_right_sling'====== Args={'value': 0, 'prev_value': None, 'change': True}
2024-09-09 13:49:57,515 : INFO : EventManager : Event: ======'machine_var_audits_switches_s_start'====== Args={'value': 47, 'prev_value': None, 'change': True}
2024-09-09 13:49:57,515 : INFO : EventManager : Event: ======'machine_var_audits_switches_s_toplane1'====== Args={'value': 508, 'prev_value': None, 'change': True}
2024-09-09 13:49:57,517 : INFO : EventManager : Event: ======'machine_var_audits_switches_s_toplane2'====== Args={'value': 0, 'prev_value': None, 'change': True}
2024-09-09 13:49:57,517 : INFO : EventManager : Event: ======'machine_var_audits_switches_s_toplane3'====== Args={'value': 0, 'prev_value': None, 'change': True}
2024-09-09 13:49:57,518 : INFO : EventManager : Event: ======'machine_var_audits_switches_s_trough1'====== Args={'value': 33, 'prev_value': None, 'change': True}
2024-09-09 13:49:57,518 : INFO : EventManager : Event: ======'machine_var_audits_switches_s_trough2'====== Args={'value': 0, 'prev_value': None, 'change': True}
2024-09-09 13:49:57,520 : INFO : EventManager : Event: ======'machine_var_audits_switches_s_trough3'====== Args={'value': 0, 'prev_value': None, 'change': True}
2024-09-09 13:49:57,520 : INFO : EventManager : Event: ======'machine_var_audits_switches_s_trough4'====== Args={'value': 0, 'prev_value': None, 'change': True}
2024-09-09 13:49:57,520 : INFO : EventManager : Event: ======'machine_var_audits_switches_s_trough5'====== Args={'value': 0, 'prev_value': None, 'change': True}
2024-09-09 13:49:57,521 : INFO : EventManager : Event: ======'machine_var_audits_switches_s_trough6'====== Args={'value': 0, 'prev_value': None, 'change': True}
2024-09-09 13:49:57,521 : INFO : EventManager : Event: ======'machine_var_audits_switches_s_trough_jam'====== Args={'value': 0, 'prev_value': None, 'change': True}
2024-09-09 13:49:57,522 : INFO : EventManager : Event: ======'machine_var_audits_switches_s_vukmid'====== Args={'value': 0, 'prev_value': None, 'change': True}
2024-09-09 13:49:57,523 : INFO : EventManager : Event: ======'machine_var_audits_switches_s_vuktop'====== Args={'value': 0, 'prev_value': None, 'change': True}
2024-09-09 13:49:57,524 : INFO : EventManager : Event: ======'init_phase_5'====== Args={}
2024-09-09 13:49:57,565 : INFO : EventManager : Event: ======'init_done'====== Args={}
2024-09-09 13:49:57,565 : INFO : EventManager : Event: ======'machine_reset_phase_1'====== Args={}
2024-09-09 13:49:57,578 : INFO : EventManager : Event: ======'machine_reset_phase_2'====== Args={}
2024-09-09 13:49:57,578 : INFO : EventManager : Event: ======'machine_reset_phase_3'====== Args={}
2024-09-09 13:49:57,578 : INFO : drop_target_bank.db_dropbank : All targets are already up. Will not reset bank.
2024-09-09 13:49:57,579 : INFO : EventManager : Event: ======'reset_complete'====== Args={}
2024-09-09 13:49:57,579 : INFO : EventManager : Event: ======'mode_attract_will_start'====== Args={}
2024-09-09 13:49:57,579 : INFO : EventManager : Event: ======'mode_attract_starting'====== Args={}
2024-09-09 13:49:57,579 : INFO : Mode.attract : Started. Priority: 10
2024-09-09 13:49:57,579 : INFO : EventManager : Event: ======'modes_active_modes_changed'====== Args={}
2024-09-09 13:49:57,580 : INFO : EventManager : Event: ======'mode_attract_started'====== Args={}
2024-09-09 13:49:57,580 : INFO : EventManager : Event: ======'collecting_balls_complete'====== Args={}
2024-09-09 13:49:57,603 : INFO : Machine : Starting the main run loop.
2024-09-09 13:49:57,654 : INFO : EventManager : Event: ======'slide_attract_created'====== Args={'_from_bcp': True}
2024-09-09 13:49:57,655 : INFO : EventManager : Event: ======'slide__removed'====== Args={'_from_bcp': True}
2024-09-09 13:49:57,655 : INFO : EventManager : Event: ======'slide_attract_active'====== Args={'original_context': 'attract', 'original_calling_context': 'mode_attract_started', 'priority': 10.0, 'cmd': 'slides_play', '_from_bcp': True}
2024-09-09 13:50:28,464 : INFO : SwitchController : <<<<<<< 's_start' active >>>>>>>
2024-09-09 13:50:28,571 : INFO : SwitchController : <<<<<<< 's_start' inactive >>>>>>>
2024-09-09 13:50:28,572 : INFO : EventManager : Event: ======'request_to_start_game'====== Args={}
2024-09-09 13:50:28,572 : INFO : EventManager : Event: ======'game_start'====== Args={'buttons': [], 'hold_time': 0.10899999999674037}
2024-09-09 13:50:28,573 : INFO : EventManager : Event: ======'mode_game_will_start'====== Args={'buttons': [], 'hold_time': 0.10899999999674037}
2024-09-09 13:50:28,573 : INFO : EventManager : Event: ======'mode_game_starting'====== Args={'buttons': [], 'hold_time': 0.10899999999674037}
2024-09-09 13:50:28,573 : INFO : EventManager : Event: ======'mode_attract_will_stop'====== Args={}
2024-09-09 13:50:28,573 : INFO : EventManager : Event: ======'mode_attract_stopping'====== Args={}
2024-09-09 13:50:28,573 : INFO : Mode.attract : Stopped.
2024-09-09 13:50:28,574 : INFO : EventManager : Event: ======'modes_active_modes_changed'====== Args={}
2024-09-09 13:50:28,574 : INFO : EventManager : Event: ======'mode_attract_stopped'====== Args={}
2024-09-09 13:50:28,574 : INFO : EventManager : Event: ======'clear'====== Args={'key': 'attract'}
2024-09-09 13:50:28,574 : INFO : Mode.game : Started. Priority: 20
2024-09-09 13:50:28,574 : INFO : EventManager : Event: ======'modes_active_modes_changed'====== Args={}
2024-09-09 13:50:28,574 : INFO : EventManager : Event: ======'mode_game_started'====== Args={'buttons': [], 'hold_time': 0.10899999999674037}
2024-09-09 13:50:28,581 : INFO : EventManager : Event: ======'game_will_start'====== Args={}
2024-09-09 13:50:28,582 : INFO : EventManager : Event: ======'game_starting'====== Args={'game': <Mode.game>}
2024-09-09 13:50:28,583 : INFO : EventManager : Unordered handler for class <Auditor> on event game_ended with priority 1. Handlers: [RegisteredHandler(callback=<bound method Auditor.disable of <Auditor>>, priority=1, kwargs={}, key=UUID('c9f23b18-21f7-4500-a377-7fda94437d11'), condition=None, blocking_facility=None), RegisteredHandler(callback=<bound method Auditor._save_audits of <Auditor>>, priority=1, kwargs={}, key=UUID('c85dcbd5-9abf-41a1-88d9-0874b16f4225'), condition=None, blocking_facility=None)]. The order of those handlers is not defined and they will be executed in random order. This might lead to race conditions and potential bugs.
2024-09-09 13:50:28,583 : INFO : EventManager : Event: ======'player_add_request'====== Args={}
2024-09-09 13:50:28,583 : INFO : EventManager : Event: ======'player_will_add'====== Args={'number': 1}
2024-09-09 13:50:28,583 : INFO : EventManager : Event: ======'player_adding'====== Args={'player': <Player 1>, 'number': 1}
2024-09-09 13:50:28,585 : INFO : EventManager : Event: ======'player_added'====== Args={'player': <Player 1>, 'num': 1}
2024-09-09 13:50:28,585 : INFO : Mode.game : Player added successfully. Total players: 1
2024-09-09 13:50:28,587 : INFO : EventManager : Event: ======'player_index'====== Args={'value': 0, 'prev_value': 0, 'change': 0, 'player_num': 1}
2024-09-09 13:50:28,587 : INFO : EventManager : Event: ======'player_number'====== Args={'value': 1, 'prev_value': 1, 'change': 0, 'player_num': 1}
2024-09-09 13:50:28,587 : INFO : EventManager : Event: ======'player_score'====== Args={'value': 0, 'prev_value': 0, 'change': 0, 'player_num': 1}
2024-09-09 13:50:28,589 : INFO : EventManager : Event: ======'game_started'====== Args={}
2024-09-09 13:50:28,602 : INFO : EventManager : Event: ======'player_turn_will_start'====== Args={'player': <Player 1>, 'number': 1}
2024-09-09 13:50:28,603 : INFO : EventManager : Event: ======'player_turn_starting'====== Args={'player': <Player 1>, 'number': 1}
2024-09-09 13:50:28,603 : INFO : EventManager : Event: ======'player_ball'====== Args={'value': 1, 'prev_value': 0, 'change': 1, 'player_num': 1}
2024-09-09 13:50:28,603 : INFO : EventManager : Event: ======'player_turn_started'====== Args={'player': <Player 1>, 'number': 1}
2024-09-09 13:50:28,604 : INFO : EventManager : Event: ======'ball_will_start'====== Args={'player': 1, 'ball': 1, 'balls_remaining': 2, 'is_extra_ball': False}
2024-09-09 13:50:28,608 : INFO : EventManager : Event: ======'ball_starting'====== Args={'player': 1, 'ball': 1, 'balls_remaining': 2, 'is_extra_ball': False}
2024-09-09 13:50:28,608 : INFO : EventManager : Event: ======'mode_base_will_start'====== Args={'queue': <QueuedEvent>, 'player': 1, 'ball': 1, 'balls_remaining': 2, 'is_extra_ball': False}
2024-09-09 13:50:28,613 : INFO : EventManager : Event: ======'mode_base_starting'====== Args={'queue': <QueuedEvent>, 'player': 1, 'ball': 1, 'balls_remaining': 2, 'is_extra_ball': False}
2024-09-09 13:50:28,613 : INFO : drop_target_bank.db_dropbank : All targets are already up. Will not reset bank.
2024-09-09 13:50:28,613 : INFO : Mode.base : Started. Priority: 100
2024-09-09 13:50:28,613 : INFO : EventManager : Event: ======'modes_active_modes_changed'====== Args={}
2024-09-09 13:50:28,613 : INFO : EventManager : Event: ======'mode_base_started'====== Args={'queue': <QueuedEvent>, 'player': 1, 'ball': 1, 'balls_remaining': 2, 'is_extra_ball': False}
2024-09-09 13:50:28,614 : INFO : EventManager : Event: ======'balls_in_play'====== Args={'balls': 1}
2024-09-09 13:50:28,614 : INFO : EventManager : Event: ======'ball_started'====== Args={'player': 1, 'ball': 1, 'balls_remaining': 2, 'is_extra_ball': False}
2024-09-09 13:50:28,629 : INFO : EventManager : Event: ======'single_player_ball_started'====== Args={}
2024-09-09 13:50:28,629 : INFO : EventManager : Event: ======'ball_start_target'====== Args={'target': 'playfield'}
2024-09-09 13:50:28,629 : INFO : ball_device.bd_plunger : Setting up player-controlled eject. Balls: 1, Target: <playfield.playfield>, player_controlled_eject_event: s_launch_active
2024-09-09 13:50:28,630 : INFO : EventManager : Event: ======'balldevice_balls_available'====== Args={}
2024-09-09 13:50:28,630 : INFO : ball_device.bd_trough : State: waiting_for_target_ready
2024-09-09 13:50:28,630 : INFO : EventManager : Event: ======'balldevice_bd_trough_ball_eject_attempt'====== Args={'balls': 1, 'target': <ball_device.bd_plunger>, 'source': <ball_device.bd_trough>, 'mechanical_eject': True, 'num_attempts': 0}
2024-09-09 13:50:28,630 : INFO : ball_device.bd_plunger : State: waiting_for_ball
2024-09-09 13:50:28,630 : INFO : ball_device.bd_trough : State: ejecting
2024-09-09 13:50:28,630 : INFO : ball_device.bd_trough : Ejecting ball to <ball_device.bd_plunger>
2024-09-09 13:50:28,630 : INFO : EventManager : Event: ======'balldevice_bd_trough_ejecting_ball'====== Args={'balls': 1, 'target': <ball_device.bd_plunger>, 'source': <ball_device.bd_trough>, 'mechanical_eject': True, 'num_attempts': 0}
2024-09-09 13:50:28,630 : INFO : ball_device.bd_trough : Wait for ball to leave device
2024-09-09 13:50:28,631 : INFO : coil.c_trough_eject : Pulsing Driver for 25ms (1.0 pulse_power)
2024-09-09 13:50:28,642 : INFO : EventManager : Event: ======'slide_base_created'====== Args={'_from_bcp': True}
2024-09-09 13:50:28,643 : INFO : EventManager : Event: ======'slide_attract_inactive'====== Args={'is_removing': True, '_from_bcp': True}
2024-09-09 13:50:28,643 : INFO : EventManager : Event: ======'slide_base_active'====== Args={'original_context': 'base', 'original_calling_context': 'mode_base_started', 'priority': 100.0, 'queue': '<QueuedEvent>', 'player': 1.0, 'ball': 1.0, 'balls_remaining': 2.0, 'is_extra_ball': False, 'cmd': 'slides_play', '_from_bcp': True}
2024-09-09 13:50:28,643 : INFO : EventManager : Event: ======'slide_attract_removed'====== Args={'_from_bcp': True}
2024-09-09 13:50:33,719 : INFO : SwitchController : <<<<<<< 's_trough1' inactive >>>>>>>
2024-09-09 13:50:33,723 : INFO : ball_device.bd_trough : State: ball_left
2024-09-09 13:50:33,723 : INFO : ball_device.bd_trough : Ball left
2024-09-09 13:50:33,724 : INFO : ball_device.bd_trough : Wait for confirm with timeout 10.0
2024-09-09 13:50:35,137 : INFO : SwitchController : <<<<<<< 's_plunger_lane' active >>>>>>>
2024-09-09 13:50:35,137 : INFO : EventManager : Event: ======'machine_var_audits_switches_s_plunger_lane'====== Args={'value': 42, 'prev_value': 41, 'change': 1}
2024-09-09 13:50:35,647 : INFO : ball_device.bd_plunger : Received ball from <ball_device.bd_trough>
2024-09-09 13:50:35,647 : INFO : EventManager : Event: ======'balldevice_bd_plunger_ball_enter'====== Args={'new_balls': 1, 'unclaimed_balls': 0, 'new_available_balls': 0, 'device': <ball_device.bd_plunger>}
2024-09-09 13:50:35,647 : INFO : EventManager : Event: ======'balldevice_bd_plunger_ball_entered'====== Args={'new_balls': 0, 'device': <ball_device.bd_plunger>}
2024-09-09 13:50:35,648 : INFO : EventManager : Event: ======'balldevice_bd_plunger_ball_count_changed'====== Args={'balls': 1}
2024-09-09 13:50:35,648 : INFO : ball_device.bd_trough : Got eject confirm
2024-09-09 13:50:35,648 : INFO : ball_device.bd_trough : Eject successful
2024-09-09 13:50:35,648 : INFO : EventManager : Event: ======'balldevice_bd_trough_ball_eject_success'====== Args={'balls': 1, 'target': <ball_device.bd_plunger>}
2024-09-09 13:50:35,648 : INFO : ball_device.bd_plunger : State: waiting_for_target_ready
2024-09-09 13:50:35,648 : INFO : EventManager : Event: ======'balldevice_bd_plunger_ball_eject_attempt'====== Args={'balls': 1, 'target': <playfield.playfield>, 'source': <ball_device.bd_plunger>, 'mechanical_eject': True, 'num_attempts': 0}
2024-09-09 13:50:35,649 : INFO : EventManager : Event: ======'balldevice_bd_trough_ball_count_changed'====== Args={'balls': 3}
2024-09-09 13:50:35,649 : INFO : ball_device.bd_trough : State: idle
2024-09-09 13:50:35,649 : INFO : ball_device.bd_plunger : State: ejecting
2024-09-09 13:50:35,649 : INFO : ball_device.bd_plunger : Ejecting ball to <playfield.playfield>
2024-09-09 13:50:35,649 : INFO : EventManager : Event: ======'balldevice_bd_plunger_ejecting_ball'====== Args={'balls': 1, 'target': <playfield.playfield>, 'source': <ball_device.bd_plunger>, 'mechanical_eject': True, 'num_attempts': 0}
2024-09-09 13:50:35,650 : INFO : ball_device.bd_plunger : Wait for ball to leave device
2024-09-09 13:50:36,753 : INFO : SwitchController : <<<<<<< 's_plunger_lane' inactive >>>>>>>
2024-09-09 13:50:36,758 : INFO : ball_device.bd_plunger : State: ball_left
2024-09-09 13:50:36,758 : INFO : ball_device.bd_plunger : Ball left
2024-09-09 13:50:36,758 : INFO : ball_device.bd_plunger : Wait for confirm with timeout 10.0
2024-09-09 13:50:37,503 : INFO : SwitchController : <<<<<<< 's_toplane1' active >>>>>>>
2024-09-09 13:50:37,503 : INFO : EventManager : Event: ======'s_toplane1_active'====== Args={}
2024-09-09 13:50:37,503 : INFO : EventManager : Event: ======'machine_var_audits_switches_s_toplane1'====== Args={'value': 509, 'prev_value': 508, 'change': 1}
2024-09-09 13:50:37,505 : INFO : EventManager : Event: ======'player_score'====== Args={'value': 100, 'prev_value': 0, 'change': 100, 'player_num': 1, 'source': 'base'}
2024-09-09 13:50:37,671 : INFO : SwitchController : <<<<<<< 's_toplane1' inactive >>>>>>>
2024-09-09 13:50:37,936 : INFO : SwitchController : <<<<<<< 's_toplane1' active >>>>>>>
2024-09-09 13:50:37,937 : INFO : EventManager : Event: ======'s_toplane1_active'====== Args={}
2024-09-09 13:50:37,937 : INFO : EventManager : Event: ======'machine_var_audits_switches_s_toplane1'====== Args={'value': 510, 'prev_value': 509, 'change': 1}
2024-09-09 13:50:37,938 : INFO : EventManager : Event: ======'player_score'====== Args={'value': 200, 'prev_value': 100, 'change': 100, 'player_num': 1, 'source': 'base'}
2024-09-09 13:50:38,053 : INFO : SwitchController : <<<<<<< 's_toplane1' inactive >>>>>>>
2024-09-09 13:50:38,171 : INFO : SwitchController : <<<<<<< 's_toplane1' active >>>>>>>
2024-09-09 13:50:38,171 : INFO : EventManager : Event: ======'s_toplane1_active'====== Args={}
2024-09-09 13:50:38,171 : INFO : EventManager : Event: ======'machine_var_audits_switches_s_toplane1'====== Args={'value': 511, 'prev_value': 510, 'change': 1}
2024-09-09 13:50:38,173 : INFO : EventManager : Event: ======'player_score'====== Args={'value': 300, 'prev_value': 200, 'change': 100, 'player_num': 1, 'source': 'base'}
2024-09-09 13:50:38,271 : INFO : SwitchController : <<<<<<< 's_toplane1' inactive >>>>>>>
2024-09-09 13:50:38,370 : INFO : SwitchController : <<<<<<< 's_toplane1' active >>>>>>>
2024-09-09 13:50:38,371 : INFO : EventManager : Event: ======'s_toplane1_active'====== Args={}
2024-09-09 13:50:38,371 : INFO : EventManager : Event: ======'machine_var_audits_switches_s_toplane1'====== Args={'value': 512, 'prev_value': 511, 'change': 1}
2024-09-09 13:50:38,372 : INFO : EventManager : Event: ======'player_score'====== Args={'value': 400, 'prev_value': 300, 'change': 100, 'player_num': 1, 'source': 'base'}
2024-09-09 13:50:38,471 : INFO : SwitchController : <<<<<<< 's_toplane1' inactive >>>>>>>
2024-09-09 13:50:38,571 : INFO : SwitchController : <<<<<<< 's_toplane1' active >>>>>>>
2024-09-09 13:50:38,571 : INFO : EventManager : Event: ======'s_toplane1_active'====== Args={}
2024-09-09 13:50:38,571 : INFO : EventManager : Event: ======'machine_var_audits_switches_s_toplane1'====== Args={'value': 513, 'prev_value': 512, 'change': 1}
2024-09-09 13:50:38,573 : INFO : EventManager : Event: ======'player_score'====== Args={'value': 500, 'prev_value': 400, 'change': 100, 'player_num': 1, 'source': 'base'}
2024-09-09 13:50:38,670 : INFO : SwitchController : <<<<<<< 's_toplane1' inactive >>>>>>>
2024-09-09 13:50:38,755 : INFO : SwitchController : <<<<<<< 's_toplane1' active >>>>>>>
2024-09-09 13:50:38,755 : INFO : EventManager : Event: ======'s_toplane1_active'====== Args={}
2024-09-09 13:50:38,755 : INFO : EventManager : Event: ======'machine_var_audits_switches_s_toplane1'====== Args={'value': 514, 'prev_value': 513, 'change': 1}
2024-09-09 13:50:38,757 : INFO : EventManager : Event: ======'player_score'====== Args={'value': 600, 'prev_value': 500, 'change': 100, 'player_num': 1, 'source': 'base'}
2024-09-09 13:50:38,888 : INFO : SwitchController : <<<<<<< 's_toplane1' inactive >>>>>>>
2024-09-09 13:50:38,970 : INFO : SwitchController : <<<<<<< 's_toplane1' active >>>>>>>
2024-09-09 13:50:38,971 : INFO : EventManager : Event: ======'s_toplane1_active'====== Args={}
2024-09-09 13:50:38,971 : INFO : EventManager : Event: ======'machine_var_audits_switches_s_toplane1'====== Args={'value': 515, 'prev_value': 514, 'change': 1}
2024-09-09 13:50:38,972 : INFO : EventManager : Event: ======'player_score'====== Args={'value': 700, 'prev_value': 600, 'change': 100, 'player_num': 1, 'source': 'base'}
2024-09-09 13:50:39,070 : INFO : SwitchController : <<<<<<< 's_toplane1' inactive >>>>>>>
2024-09-09 13:50:39,154 : INFO : SwitchController : <<<<<<< 's_toplane1' active >>>>>>>
2024-09-09 13:50:39,154 : INFO : EventManager : Event: ======'s_toplane1_active'====== Args={}
2024-09-09 13:50:39,155 : INFO : EventManager : Event: ======'machine_var_audits_switches_s_toplane1'====== Args={'value': 516, 'prev_value': 515, 'change': 1}
2024-09-09 13:50:39,155 : INFO : EventManager : Event: ======'player_score'====== Args={'value': 800, 'prev_value': 700, 'change': 100, 'player_num': 1, 'source': 'base'}
2024-09-09 13:50:39,271 : INFO : SwitchController : <<<<<<< 's_toplane1' inactive >>>>>>>
2024-09-09 13:50:39,388 : INFO : SwitchController : <<<<<<< 's_toplane1' active >>>>>>>
2024-09-09 13:50:39,388 : INFO : EventManager : Event: ======'s_toplane1_active'====== Args={}
2024-09-09 13:50:39,389 : INFO : EventManager : Event: ======'machine_var_audits_switches_s_toplane1'====== Args={'value': 517, 'prev_value': 516, 'change': 1}
2024-09-09 13:50:39,390 : INFO : EventManager : Event: ======'player_score'====== Args={'value': 900, 'prev_value': 800, 'change': 100, 'player_num': 1, 'source': 'base'}
2024-09-09 13:50:39,470 : INFO : SwitchController : <<<<<<< 's_toplane1' inactive >>>>>>>
2024-09-09 13:50:39,553 : INFO : SwitchController : <<<<<<< 's_toplane1' active >>>>>>>
2024-09-09 13:50:39,553 : INFO : EventManager : Event: ======'s_toplane1_active'====== Args={}
2024-09-09 13:50:39,553 : INFO : EventManager : Event: ======'machine_var_audits_switches_s_toplane1'====== Args={'value': 518, 'prev_value': 517, 'change': 1}
2024-09-09 13:50:39,555 : INFO : EventManager : Event: ======'player_score'====== Args={'value': 1000, 'prev_value': 900, 'change': 100, 'player_num': 1, 'source': 'base'}
2024-09-09 13:50:39,669 : INFO : SwitchController : <<<<<<< 's_toplane1' inactive >>>>>>>
2024-09-09 13:50:39,754 : INFO : SwitchController : <<<<<<< 's_toplane1' active >>>>>>>
2024-09-09 13:50:39,754 : INFO : EventManager : Event: ======'s_toplane1_active'====== Args={}
2024-09-09 13:50:39,755 : INFO : EventManager : Event: ======'machine_var_audits_switches_s_toplane1'====== Args={'value': 519, 'prev_value': 518, 'change': 1}
2024-09-09 13:50:39,756 : INFO : EventManager : Event: ======'player_score'====== Args={'value': 1100, 'prev_value': 1000, 'change': 100, 'player_num': 1, 'source': 'base'}
2024-09-09 13:50:39,853 : INFO : SwitchController : <<<<<<< 's_toplane1' inactive >>>>>>>
2024-09-09 13:50:46,760 : INFO : ball_device.bd_plunger : State: failed_confirm
2024-09-09 13:50:46,760 : INFO : ball_device.bd_plunger : Got timeout (10.0s) before confirm from <playfield.playfield>
2024-09-09 13:50:46,868 : INFO : ball_device.bd_plunger : Confirming eject because target is playfield and ball did not return.
2024-09-09 13:50:46,868 : INFO : ball_device.bd_plunger : Eject successful
2024-09-09 13:50:46,869 : INFO : EventManager : Event: ======'balldevice_bd_plunger_ball_eject_success'====== Args={'balls': 1, 'target': <playfield.playfield>}
2024-09-09 13:50:46,869 : INFO : EventManager : Event: ======'balldevice_playfield_ball_enter'====== Args={'new_balls': 1, 'unclaimed_balls': 1, 'device': <playfield.playfield>}
2024-09-09 13:50:46,870 : INFO : EventManager : Event: ======'playfield_ball_count_change'====== Args={'balls': 1, 'change': 1}
2024-09-09 13:50:46,870 : INFO : EventManager : Event: ======'balldevice_bd_plunger_ball_count_changed'====== Args={'balls': 0}
2024-09-09 13:50:46,871 : INFO : ball_device.bd_plunger : State: idle
2024-09-09 13:50:50,373 : INFO : Machine : Shutting down...
2024-09-09 13:50:50,373 : INFO : EventManager : Event: ======'shutdown'====== Args={}
2024-09-09 13:50:50,376 : INFO : EventManager : Event: ======'mode_game_will_stop'====== Args={}
2024-09-09 13:50:50,376 : INFO : EventManager : Event: ======'mode_game_stopping'====== Args={}
2024-09-09 13:50:50,378 : INFO : EventManager : Event: ======'mode_base_will_stop'====== Args={}
2024-09-09 13:50:50,378 : INFO : EventManager : Event: ======'mode_base_stopping'====== Args={}
2024-09-09 13:50:50,378 : INFO : Mode.base : Stopped.
2024-09-09 13:50:50,378 : INFO : EventManager : Event: ======'modes_active_modes_changed'====== Args={}
2024-09-09 13:50:50,379 : INFO : EventManager : Event: ======'mode_base_stopped'====== Args={}
2024-09-09 13:50:50,379 : INFO : EventManager : Event: ======'clear'====== Args={'key': 'base'}
2024-09-09 13:50:50,380 : INFO : Mode.game : Stopped.
2024-09-09 13:50:50,380 : INFO : EventManager : Event: ======'modes_active_modes_changed'====== Args={}
2024-09-09 13:50:50,380 : INFO : EventManager : Event: ======'mode_game_stopped'====== Args={}
2024-09-09 13:50:50,380 : INFO : EventManager : Event: ======'clear'====== Args={'key': 'game'}
2024-09-09 13:50:50,386 : INFO : root : MPF run loop ended.
