2024-09-08 15:04:19,118 : INFO : root : Loading config.
2024-09-08 15:04:19,120 : INFO : YamlMultifileConfigLoader : Machine config file #1: config.yaml
2024-09-08 15:04:19,121 : INFO : ConfigProcessor : Loading config from cache: C:\Users\dorus\AppData\Local\Temp\636ce416879e362e618e72aa23ee7aae.mpf_cache
2024-09-08 15:04:19,206 : INFO : ConfigProcessor : Loading config from cache: C:\Users\dorus\AppData\Local\Temp\88f25e45fa15743a3d93de98d7c6ca4c.mpf_cache
2024-09-08 15:04:19,206 : INFO : ConfigProcessor : Loading config from cache: C:\Users\dorus\AppData\Local\Temp\d8bc63701c1a2ad1653a8cc5aec9548a.mpf_cache
2024-09-08 15:04:19,207 : INFO : Machine : Mission Pinball Framework Core Engine v0.80.0.dev4
2024-09-08 15:04:19,208 : INFO : Machine : Command line arguments: {'no_load_cache': False, 'create_config_cache': True, 'bcp': True, 'configfile': ['config.yaml'], 'force_assets_load': False, 'platform_integration_test': False, 'jsonlogging': False, 'logfile': 'logs\\2024-09-08-15-04-19-mpf-Gaming_Dorus.log', 'pause': False, 'production': False, 'text_ui': True, 'loglevel': 15, 'consoleloglevel': 20, 'force_platform': 'virtual', 'syslog_address': None, 'mc_file_name': None, 'no_sound': False, 'full_logfile_path': 'C:\\Users\\dorus\\OneDrive\\Documents\\Pinball\\PortalPinball-V4.0\\machinefolder\\logs\\2024-09-08-15-04-19-mpf-Gaming_Dorus.log'}
2024-09-08 15:04:19,208 : INFO : Machine : MPF path: C:\ProgramData\anaconda3\envs\mpfenv\Lib\site-packages\mpf
2024-09-08 15:04:19,208 : INFO : Machine : Machine path: C:\Users\dorus\OneDrive\Documents\Pinball\PortalPinball-V4.0\machinefolder
2024-09-08 15:04:19,208 : INFO : Machine : Platform: win32
2024-09-08 15:04:19,208 : INFO : Machine : Python executable location: C:\ProgramData\anaconda3\envs\mpfenv\python.exe
2024-09-08 15:04:19,208 : INFO : Machine : Python version: 3.12.4 (64-bit)
2024-09-08 15:04:19,210 : INFO : Machine : Initializing MPF...
2024-09-08 15:04:19,442 : INFO : EventManager : Event: ======'machine_var_credits_string'====== Args={'value': 'FREE PLAY', 'prev_value': None, 'change': True}
2024-09-08 15:04:19,457 : INFO : EventManager : Event: ======'machine_var_master_volume'====== Args={'value': 0.5, 'prev_value': None, 'change': True}
2024-09-08 15:04:19,457 : INFO : EventManager : Event: ======'machine_var_mpf_version'====== Args={'value': 'Mission Pinball Framework v0.80.0.dev4', 'prev_value': None, 'change': True}
2024-09-08 15:04:19,457 : INFO : EventManager : Event: ======'machine_var_mpf_extended_version'====== Args={'value': 'Mission Pinball Framework v0.80.0.dev4, Config version:6, Show version: 6, BCP version:1.1', 'prev_value': None, 'change': True}
2024-09-08 15:04:19,457 : INFO : EventManager : Event: ======'machine_var_python_version'====== Args={'value': '3.12.4', 'prev_value': None, 'change': True}
2024-09-08 15:04:19,535 : INFO : EventManager : Event: ======'machine_var_platform'====== Args={'value': 'Windows-11-10.0.22631-SP0', 'prev_value': None, 'change': True}
2024-09-08 15:04:19,535 : INFO : EventManager : Event: ======'machine_var_platform_system'====== Args={'value': 'Windows', 'prev_value': None, 'change': True}
2024-09-08 15:04:19,535 : INFO : EventManager : Event: ======'machine_var_platform_release'====== Args={'value': '11', 'prev_value': None, 'change': True}
2024-09-08 15:04:19,535 : INFO : EventManager : Event: ======'machine_var_platform_version'====== Args={'value': '10.0.22631', 'prev_value': None, 'change': True}
2024-09-08 15:04:19,535 : INFO : EventManager : Event: ======'machine_var_platform_machine'====== Args={'value': 'AMD64', 'prev_value': None, 'change': True}
2024-09-08 15:04:19,535 : INFO : EventManager : Event: ======'machine_var_log_file_path'====== Args={'value': 'C:\\Users\\dorus\\OneDrive\\Documents\\Pinball\\PortalPinball-V4.0\\machinefolder\\logs\\2024-09-08-15-04-19-mpf-Gaming_Dorus.log', 'prev_value': None, 'change': True}
2024-09-08 15:04:19,535 : INFO : EventManager : Event: ======'init_phase_1'====== Args={}
2024-09-08 15:04:19,550 : INFO : EventManager : Event: ======'drop_target_bank_db_dropbank_up'====== Args={}
2024-09-08 15:04:19,550 : INFO : EventManager : Event: ======'init_phase_2'====== Args={}
2024-09-08 15:04:19,550 : INFO : SwitchController : Found active switch: ('2-1-16', <Platform.Virtual>) <switch.s_trough1>
2024-09-08 15:04:19,550 : INFO : SwitchController : Found active switch: ('2-1-17', <Platform.Virtual>) <switch.s_trough2>
2024-09-08 15:04:19,550 : INFO : SwitchController : Found active switch: ('2-1-18', <Platform.Virtual>) <switch.s_trough3>
2024-09-08 15:04:19,550 : INFO : SwitchController : Found active switch: ('2-1-19', <Platform.Virtual>) <switch.s_trough4>
2024-09-08 15:04:19,551 : INFO : EventManager : Event: ======'bcp_connection_attempt'====== Args={'name': 'local_display', 'host': 'localhost', 'port': 5050}
2024-09-08 15:04:19,553 : INFO : BCPClientSocket : Connecting BCP to 'local_display' at localhost:5050...
2024-09-08 15:04:19,565 : INFO : BCPClientSocket : Connected BCP to 'local_display' localhost:5050
2024-09-08 15:04:19,565 : INFO : EventManager : Event: ======'bcp_clients_connected'====== Args={}
2024-09-08 15:04:19,663 : INFO : ball_device.bd_trough : BCH: Initial count: 4
2024-09-08 15:04:19,663 : INFO : ball_device.bd_trough : State: idle
2024-09-08 15:04:19,663 : INFO : ball_device.bd_plunger : BCH: Initial count: 0
2024-09-08 15:04:19,663 : INFO : ball_device.bd_plunger : State: idle
2024-09-08 15:04:19,677 : INFO : EventManager : Event: ======'init_phase_3'====== Args={}
2024-09-08 15:04:19,678 : INFO : EventManager : Event: ======'init_phase_4'====== Args={}
2024-09-08 15:04:19,678 : INFO : BallController : Initial balls found: 4
2024-09-08 15:04:19,678 : INFO : EventManager : Event: ======'machine_var_audits_events_game_ended'====== Args={'value': 0, 'prev_value': None, 'change': True}
2024-09-08 15:04:19,678 : INFO : EventManager : Event: ======'machine_var_audits_events_game_started'====== Args={'value': 1, 'prev_value': None, 'change': True}
2024-09-08 15:04:19,678 : INFO : EventManager : Event: ======'machine_var_audits_missing_switches_s_Other01'====== Args={'value': 1, 'prev_value': None, 'change': True}
2024-09-08 15:04:19,678 : INFO : EventManager : Event: ======'machine_var_audits_missing_switches_s_Other02'====== Args={'value': 1, 'prev_value': None, 'change': True}
2024-09-08 15:04:19,679 : INFO : EventManager : Event: ======'machine_var_audits_missing_switches_s_Other03'====== Args={'value': 1, 'prev_value': None, 'change': True}
2024-09-08 15:04:19,679 : INFO : EventManager : Event: ======'machine_var_audits_missing_switches_s_Other04'====== Args={'value': 1, 'prev_value': None, 'change': True}
2024-09-08 15:04:19,679 : INFO : EventManager : Event: ======'machine_var_audits_missing_switches_s_Other05'====== Args={'value': 1, 'prev_value': None, 'change': True}
2024-09-08 15:04:19,679 : INFO : EventManager : Event: ======'machine_var_audits_missing_switches_s_Other06'====== Args={'value': 1, 'prev_value': None, 'change': True}
2024-09-08 15:04:19,679 : INFO : EventManager : Event: ======'machine_var_audits_missing_switches_s_Other07'====== Args={'value': 1, 'prev_value': None, 'change': True}
2024-09-08 15:04:19,679 : INFO : EventManager : Event: ======'machine_var_audits_missing_switches_s_Other08'====== Args={'value': 1, 'prev_value': None, 'change': True}
2024-09-08 15:04:19,679 : INFO : EventManager : Event: ======'machine_var_audits_missing_switches_s_Other09'====== Args={'value': 1, 'prev_value': None, 'change': True}
2024-09-08 15:04:19,679 : INFO : EventManager : Event: ======'machine_var_audits_missing_switches_s_bottomlane1'====== Args={'value': 1, 'prev_value': None, 'change': True}
2024-09-08 15:04:19,679 : INFO : EventManager : Event: ======'machine_var_audits_missing_switches_s_bottomlane2'====== Args={'value': 1, 'prev_value': None, 'change': True}
2024-09-08 15:04:19,679 : INFO : EventManager : Event: ======'machine_var_audits_missing_switches_s_bottomlane3'====== Args={'value': 1, 'prev_value': None, 'change': True}
2024-09-08 15:04:19,679 : INFO : EventManager : Event: ======'machine_var_audits_missing_switches_s_bottomlane4'====== Args={'value': 1, 'prev_value': None, 'change': True}
2024-09-08 15:04:19,679 : INFO : EventManager : Event: ======'machine_var_audits_missing_switches_s_bottomlane5'====== Args={'value': 1, 'prev_value': None, 'change': True}
2024-09-08 15:04:19,679 : INFO : EventManager : Event: ======'machine_var_audits_missing_switches_s_drop1'====== Args={'value': 1, 'prev_value': None, 'change': True}
2024-09-08 15:04:19,679 : INFO : EventManager : Event: ======'machine_var_audits_missing_switches_s_drop2'====== Args={'value': 1, 'prev_value': None, 'change': True}
2024-09-08 15:04:19,679 : INFO : EventManager : Event: ======'machine_var_audits_missing_switches_s_drop3'====== Args={'value': 1, 'prev_value': None, 'change': True}
2024-09-08 15:04:19,679 : INFO : EventManager : Event: ======'machine_var_audits_missing_switches_s_launch'====== Args={'value': 1, 'prev_value': None, 'change': True}
2024-09-08 15:04:19,679 : INFO : EventManager : Event: ======'machine_var_audits_missing_switches_s_left_sling'====== Args={'value': 1, 'prev_value': None, 'change': True}
2024-09-08 15:04:19,680 : INFO : EventManager : Event: ======'machine_var_audits_missing_switches_s_popbumber_1'====== Args={'value': 1, 'prev_value': None, 'change': True}
2024-09-08 15:04:19,680 : INFO : EventManager : Event: ======'machine_var_audits_missing_switches_s_popbumber_2'====== Args={'value': 1, 'prev_value': None, 'change': True}
2024-09-08 15:04:19,680 : INFO : EventManager : Event: ======'machine_var_audits_missing_switches_s_popbumber_3'====== Args={'value': 1, 'prev_value': None, 'change': True}
2024-09-08 15:04:19,680 : INFO : EventManager : Event: ======'machine_var_audits_missing_switches_s_right_sling'====== Args={'value': 1, 'prev_value': None, 'change': True}
2024-09-08 15:04:19,680 : INFO : EventManager : Event: ======'machine_var_audits_missing_switches_s_start'====== Args={'value': 1, 'prev_value': None, 'change': True}
2024-09-08 15:04:19,680 : INFO : EventManager : Event: ======'machine_var_audits_missing_switches_s_toplane2'====== Args={'value': 1, 'prev_value': None, 'change': True}
2024-09-08 15:04:19,680 : INFO : EventManager : Event: ======'machine_var_audits_missing_switches_s_toplane3'====== Args={'value': 1, 'prev_value': None, 'change': True}
2024-09-08 15:04:19,680 : INFO : EventManager : Event: ======'machine_var_audits_missing_switches_s_trough1'====== Args={'value': 1, 'prev_value': None, 'change': True}
2024-09-08 15:04:19,680 : INFO : EventManager : Event: ======'machine_var_audits_missing_switches_s_trough2'====== Args={'value': 1, 'prev_value': None, 'change': True}
2024-09-08 15:04:19,680 : INFO : EventManager : Event: ======'machine_var_audits_missing_switches_s_trough3'====== Args={'value': 1, 'prev_value': None, 'change': True}
2024-09-08 15:04:19,680 : INFO : EventManager : Event: ======'machine_var_audits_missing_switches_s_trough4'====== Args={'value': 1, 'prev_value': None, 'change': True}
2024-09-08 15:04:19,680 : INFO : EventManager : Event: ======'machine_var_audits_missing_switches_s_trough5'====== Args={'value': 1, 'prev_value': None, 'change': True}
2024-09-08 15:04:19,680 : INFO : EventManager : Event: ======'machine_var_audits_missing_switches_s_trough6'====== Args={'value': 1, 'prev_value': None, 'change': True}
2024-09-08 15:04:19,680 : INFO : EventManager : Event: ======'machine_var_audits_missing_switches_s_trough_jam'====== Args={'value': 1, 'prev_value': None, 'change': True}
2024-09-08 15:04:19,680 : INFO : EventManager : Event: ======'machine_var_audits_missing_switches_s_vukmid'====== Args={'value': 1, 'prev_value': None, 'change': True}
2024-09-08 15:04:19,681 : INFO : EventManager : Event: ======'machine_var_audits_missing_switches_s_vuktop'====== Args={'value': 1, 'prev_value': None, 'change': True}
2024-09-08 15:04:19,681 : INFO : EventManager : Event: ======'machine_var_audits_player_score'====== Args={'value': {'average': 0, 'top': [], 'total': 0}, 'prev_value': None, 'change': True}
2024-09-08 15:04:19,681 : INFO : EventManager : Event: ======'machine_var_audits_switches_s_Other01'====== Args={'value': 0, 'prev_value': None, 'change': True}
2024-09-08 15:04:19,681 : INFO : EventManager : Event: ======'machine_var_audits_switches_s_Other02'====== Args={'value': 0, 'prev_value': None, 'change': True}
2024-09-08 15:04:19,681 : INFO : EventManager : Event: ======'machine_var_audits_switches_s_Other03'====== Args={'value': 0, 'prev_value': None, 'change': True}
2024-09-08 15:04:19,681 : INFO : EventManager : Event: ======'machine_var_audits_switches_s_Other04'====== Args={'value': 0, 'prev_value': None, 'change': True}
2024-09-08 15:04:19,681 : INFO : EventManager : Event: ======'machine_var_audits_switches_s_Other05'====== Args={'value': 0, 'prev_value': None, 'change': True}
2024-09-08 15:04:19,681 : INFO : EventManager : Event: ======'machine_var_audits_switches_s_Other06'====== Args={'value': 0, 'prev_value': None, 'change': True}
2024-09-08 15:04:19,681 : INFO : EventManager : Event: ======'machine_var_audits_switches_s_Other07'====== Args={'value': 0, 'prev_value': None, 'change': True}
2024-09-08 15:04:19,681 : INFO : EventManager : Event: ======'machine_var_audits_switches_s_Other08'====== Args={'value': 0, 'prev_value': None, 'change': True}
2024-09-08 15:04:19,681 : INFO : EventManager : Event: ======'machine_var_audits_switches_s_Other09'====== Args={'value': 0, 'prev_value': None, 'change': True}
2024-09-08 15:04:19,681 : INFO : EventManager : Event: ======'machine_var_audits_switches_s_bottomlane1'====== Args={'value': 0, 'prev_value': None, 'change': True}
2024-09-08 15:04:19,681 : INFO : EventManager : Event: ======'machine_var_audits_switches_s_bottomlane2'====== Args={'value': 0, 'prev_value': None, 'change': True}
2024-09-08 15:04:19,682 : INFO : EventManager : Event: ======'machine_var_audits_switches_s_bottomlane3'====== Args={'value': 0, 'prev_value': None, 'change': True}
2024-09-08 15:04:19,682 : INFO : EventManager : Event: ======'machine_var_audits_switches_s_bottomlane4'====== Args={'value': 0, 'prev_value': None, 'change': True}
2024-09-08 15:04:19,682 : INFO : EventManager : Event: ======'machine_var_audits_switches_s_bottomlane5'====== Args={'value': 0, 'prev_value': None, 'change': True}
2024-09-08 15:04:19,682 : INFO : EventManager : Event: ======'machine_var_audits_switches_s_drop1'====== Args={'value': 0, 'prev_value': None, 'change': True}
2024-09-08 15:04:19,682 : INFO : EventManager : Event: ======'machine_var_audits_switches_s_drop2'====== Args={'value': 0, 'prev_value': None, 'change': True}
2024-09-08 15:04:19,682 : INFO : EventManager : Event: ======'machine_var_audits_switches_s_drop3'====== Args={'value': 0, 'prev_value': None, 'change': True}
2024-09-08 15:04:19,682 : INFO : EventManager : Event: ======'machine_var_audits_switches_s_launch'====== Args={'value': 0, 'prev_value': None, 'change': True}
2024-09-08 15:04:19,682 : INFO : EventManager : Event: ======'machine_var_audits_switches_s_left_sling'====== Args={'value': 0, 'prev_value': None, 'change': True}
2024-09-08 15:04:19,682 : INFO : EventManager : Event: ======'machine_var_audits_switches_s_plunger_lane'====== Args={'value': 1, 'prev_value': None, 'change': True}
2024-09-08 15:04:19,682 : INFO : EventManager : Event: ======'machine_var_audits_switches_s_popbumber_1'====== Args={'value': 0, 'prev_value': None, 'change': True}
2024-09-08 15:04:19,682 : INFO : EventManager : Event: ======'machine_var_audits_switches_s_popbumber_2'====== Args={'value': 0, 'prev_value': None, 'change': True}
2024-09-08 15:04:19,683 : INFO : EventManager : Event: ======'machine_var_audits_switches_s_popbumber_3'====== Args={'value': 0, 'prev_value': None, 'change': True}
2024-09-08 15:04:19,683 : INFO : EventManager : Event: ======'machine_var_audits_switches_s_right_sling'====== Args={'value': 0, 'prev_value': None, 'change': True}
2024-09-08 15:04:19,683 : INFO : EventManager : Event: ======'machine_var_audits_switches_s_start'====== Args={'value': 0, 'prev_value': None, 'change': True}
2024-09-08 15:04:19,683 : INFO : EventManager : Event: ======'machine_var_audits_switches_s_toplane1'====== Args={'value': 16, 'prev_value': None, 'change': True}
2024-09-08 15:04:19,683 : INFO : EventManager : Event: ======'machine_var_audits_switches_s_toplane2'====== Args={'value': 0, 'prev_value': None, 'change': True}
2024-09-08 15:04:19,683 : INFO : EventManager : Event: ======'machine_var_audits_switches_s_toplane3'====== Args={'value': 0, 'prev_value': None, 'change': True}
2024-09-08 15:04:19,683 : INFO : EventManager : Event: ======'machine_var_audits_switches_s_trough1'====== Args={'value': 0, 'prev_value': None, 'change': True}
2024-09-08 15:04:19,683 : INFO : EventManager : Event: ======'machine_var_audits_switches_s_trough2'====== Args={'value': 0, 'prev_value': None, 'change': True}
2024-09-08 15:04:19,683 : INFO : EventManager : Event: ======'machine_var_audits_switches_s_trough3'====== Args={'value': 0, 'prev_value': None, 'change': True}
2024-09-08 15:04:19,683 : INFO : EventManager : Event: ======'machine_var_audits_switches_s_trough4'====== Args={'value': 0, 'prev_value': None, 'change': True}
2024-09-08 15:04:19,684 : INFO : EventManager : Event: ======'machine_var_audits_switches_s_trough5'====== Args={'value': 0, 'prev_value': None, 'change': True}
2024-09-08 15:04:19,684 : INFO : EventManager : Event: ======'machine_var_audits_switches_s_trough6'====== Args={'value': 0, 'prev_value': None, 'change': True}
2024-09-08 15:04:19,684 : INFO : EventManager : Event: ======'machine_var_audits_switches_s_trough_jam'====== Args={'value': 0, 'prev_value': None, 'change': True}
2024-09-08 15:04:19,684 : INFO : EventManager : Event: ======'machine_var_audits_switches_s_vukmid'====== Args={'value': 0, 'prev_value': None, 'change': True}
2024-09-08 15:04:19,684 : INFO : EventManager : Event: ======'machine_var_audits_switches_s_vuktop'====== Args={'value': 0, 'prev_value': None, 'change': True}
2024-09-08 15:04:19,684 : INFO : EventManager : Event: ======'init_phase_5'====== Args={}
2024-09-08 15:04:19,846 : INFO : EventManager : Event: ======'init_done'====== Args={}
2024-09-08 15:04:19,846 : INFO : EventManager : Event: ======'machine_reset_phase_1'====== Args={}
2024-09-08 15:04:19,850 : INFO : EventManager : Event: ======'machine_reset_phase_2'====== Args={}
2024-09-08 15:04:19,850 : INFO : EventManager : Event: ======'machine_reset_phase_3'====== Args={}
2024-09-08 15:04:19,851 : INFO : drop_target_bank.db_dropbank : All targets are already up. Will not reset bank.
2024-09-08 15:04:19,851 : INFO : EventManager : Event: ======'reset_complete'====== Args={}
2024-09-08 15:04:19,851 : INFO : EventManager : Event: ======'mode_attract_will_start'====== Args={}
2024-09-08 15:04:19,851 : INFO : EventManager : Event: ======'mode_attract_starting'====== Args={}
2024-09-08 15:04:19,851 : INFO : Mode.attract : Started. Priority: 10
2024-09-08 15:04:19,852 : INFO : EventManager : Event: ======'modes_active_modes_changed'====== Args={}
2024-09-08 15:04:19,852 : INFO : EventManager : Event: ======'mode_attract_started'====== Args={}
2024-09-08 15:04:19,852 : INFO : EventManager : Event: ======'collecting_balls_complete'====== Args={}
2024-09-08 15:04:19,877 : INFO : EventManager : Event: ======'slide_attract_created'====== Args={'_from_bcp': True}
2024-09-08 15:04:19,877 : INFO : EventManager : Event: ======'slide__removed'====== Args={'_from_bcp': True}
2024-09-08 15:04:19,877 : INFO : EventManager : Event: ======'slide_attract_active'====== Args={'original_context': 'attract', 'original_calling_context': 'mode_attract_started', 'priority': 10.0, 'cmd': 'slides_play', '_from_bcp': True}
2024-09-08 15:04:19,877 : INFO : Machine : Starting the main run loop.
2024-09-08 15:04:30,126 : INFO : SwitchController : <<<<<<< 's_plunger_lane' active >>>>>>>
2024-09-08 15:04:30,210 : INFO : SwitchController : <<<<<<< 's_plunger_lane' inactive >>>>>>>
2024-09-08 15:04:35,948 : INFO : SwitchController : <<<<<<< 's_start' active >>>>>>>
2024-09-08 15:04:36,059 : INFO : SwitchController : <<<<<<< 's_start' inactive >>>>>>>
2024-09-08 15:04:36,059 : INFO : EventManager : Event: ======'request_to_start_game'====== Args={}
2024-09-08 15:04:36,060 : INFO : EventManager : Event: ======'game_start'====== Args={'buttons': [], 'hold_time': 0.10899999999674037}
2024-09-08 15:04:36,060 : INFO : EventManager : Event: ======'mode_game_will_start'====== Args={'buttons': [], 'hold_time': 0.10899999999674037}
2024-09-08 15:04:36,061 : INFO : EventManager : Event: ======'mode_game_starting'====== Args={'buttons': [], 'hold_time': 0.10899999999674037}
2024-09-08 15:04:36,061 : INFO : EventManager : Event: ======'mode_attract_will_stop'====== Args={}
2024-09-08 15:04:36,061 : INFO : EventManager : Event: ======'mode_attract_stopping'====== Args={}
2024-09-08 15:04:36,061 : INFO : Mode.attract : Stopped.
2024-09-08 15:04:36,061 : INFO : EventManager : Event: ======'modes_active_modes_changed'====== Args={}
2024-09-08 15:04:36,062 : INFO : EventManager : Event: ======'mode_attract_stopped'====== Args={}
2024-09-08 15:04:36,062 : INFO : EventManager : Event: ======'clear'====== Args={'key': 'attract'}
2024-09-08 15:04:36,062 : INFO : Mode.game : Started. Priority: 20
2024-09-08 15:04:36,062 : INFO : EventManager : Event: ======'modes_active_modes_changed'====== Args={}
2024-09-08 15:04:36,062 : INFO : EventManager : Event: ======'mode_game_started'====== Args={'buttons': [], 'hold_time': 0.10899999999674037}
2024-09-08 15:04:36,066 : INFO : EventManager : Event: ======'game_will_start'====== Args={}
2024-09-08 15:04:36,066 : INFO : EventManager : Event: ======'game_starting'====== Args={'game': <Mode.game>}
2024-09-08 15:04:36,067 : INFO : EventManager : Unordered handler for class <Auditor> on event game_ended with priority 1. Handlers: [RegisteredHandler(callback=<bound method Auditor.disable of <Auditor>>, priority=1, kwargs={}, key=UUID('294cbc8c-b9ff-45b6-bb4e-6d23a4730786'), condition=None, blocking_facility=None), RegisteredHandler(callback=<bound method Auditor._save_audits of <Auditor>>, priority=1, kwargs={}, key=UUID('a0898517-437b-429a-a2bb-f54882c90446'), condition=None, blocking_facility=None)]. The order of those handlers is not defined and they will be executed in random order. This might lead to race conditions and potential bugs.
2024-09-08 15:04:36,068 : INFO : EventManager : Event: ======'player_add_request'====== Args={}
2024-09-08 15:04:36,068 : INFO : EventManager : Event: ======'player_will_add'====== Args={'number': 1}
2024-09-08 15:04:36,068 : INFO : EventManager : Event: ======'player_adding'====== Args={'player': <Player 1>, 'number': 1}
2024-09-08 15:04:36,068 : INFO : EventManager : Event: ======'player_added'====== Args={'player': <Player 1>, 'num': 1}
2024-09-08 15:04:36,068 : INFO : Mode.game : Player added successfully. Total players: 1
2024-09-08 15:04:36,068 : INFO : EventManager : Event: ======'player_index'====== Args={'value': 0, 'prev_value': 0, 'change': 0, 'player_num': 1}
2024-09-08 15:04:36,068 : INFO : EventManager : Event: ======'player_number'====== Args={'value': 1, 'prev_value': 1, 'change': 0, 'player_num': 1}
2024-09-08 15:04:36,068 : INFO : EventManager : Event: ======'player_score'====== Args={'value': 0, 'prev_value': 0, 'change': 0, 'player_num': 1}
2024-09-08 15:04:36,069 : INFO : EventManager : Event: ======'game_started'====== Args={}
2024-09-08 15:04:36,075 : INFO : EventManager : Event: ======'player_turn_will_start'====== Args={'player': <Player 1>, 'number': 1}
2024-09-08 15:04:36,075 : INFO : EventManager : Event: ======'player_turn_starting'====== Args={'player': <Player 1>, 'number': 1}
2024-09-08 15:04:36,075 : INFO : EventManager : Event: ======'player_ball'====== Args={'value': 1, 'prev_value': 0, 'change': 1, 'player_num': 1}
2024-09-08 15:04:36,075 : INFO : EventManager : Event: ======'player_turn_started'====== Args={'player': <Player 1>, 'number': 1}
2024-09-08 15:04:36,075 : INFO : EventManager : Event: ======'ball_will_start'====== Args={'player': 1, 'ball': 1, 'balls_remaining': 2, 'is_extra_ball': False}
2024-09-08 15:04:36,077 : INFO : EventManager : Event: ======'ball_starting'====== Args={'player': 1, 'ball': 1, 'balls_remaining': 2, 'is_extra_ball': False}
2024-09-08 15:04:36,077 : INFO : drop_target_bank.db_dropbank : All targets are already up. Will not reset bank.
2024-09-08 15:04:36,077 : INFO : EventManager : Event: ======'balls_in_play'====== Args={'balls': 1}
2024-09-08 15:04:36,077 : INFO : EventManager : Event: ======'ball_started'====== Args={'player': 1, 'ball': 1, 'balls_remaining': 2, 'is_extra_ball': False}
2024-09-08 15:04:36,078 : INFO : EventManager : Event: ======'single_player_ball_started'====== Args={}
2024-09-08 15:04:36,078 : INFO : EventManager : Event: ======'ball_start_target'====== Args={'target': 'playfield'}
2024-09-08 15:04:36,078 : INFO : ball_device.bd_plunger : Setting up player-controlled eject. Balls: 1, Target: <playfield.playfield>, player_controlled_eject_event: s_launch_active
2024-09-08 15:04:36,078 : INFO : EventManager : Event: ======'balldevice_balls_available'====== Args={}
2024-09-08 15:04:36,078 : INFO : ball_device.bd_trough : State: waiting_for_target_ready
2024-09-08 15:04:36,078 : INFO : EventManager : Event: ======'balldevice_bd_trough_ball_eject_attempt'====== Args={'balls': 1, 'target': <ball_device.bd_plunger>, 'source': <ball_device.bd_trough>, 'mechanical_eject': True, 'num_attempts': 0}
2024-09-08 15:04:36,078 : INFO : ball_device.bd_plunger : State: waiting_for_ball
2024-09-08 15:04:36,079 : INFO : ball_device.bd_trough : State: ejecting
2024-09-08 15:04:36,079 : INFO : ball_device.bd_trough : Ejecting ball to <ball_device.bd_plunger>
2024-09-08 15:04:36,079 : INFO : EventManager : Event: ======'balldevice_bd_trough_ejecting_ball'====== Args={'balls': 1, 'target': <ball_device.bd_plunger>, 'source': <ball_device.bd_trough>, 'mechanical_eject': True, 'num_attempts': 0}
2024-09-08 15:04:36,079 : INFO : ball_device.bd_trough : Wait for ball to leave device
2024-09-08 15:04:36,079 : INFO : coil.c_trough_eject : Pulsing Driver for 25ms (1.0 pulse_power)
2024-09-08 15:04:39,710 : INFO : SwitchController : <<<<<<< 's_toplane1' active >>>>>>>
2024-09-08 15:04:39,710 : INFO : EventManager : Event: ======'machine_var_audits_switches_s_toplane1'====== Args={'value': 17, 'prev_value': 16, 'change': 1}
2024-09-08 15:04:41,126 : INFO : SwitchController : <<<<<<< 's_toplane1' inactive >>>>>>>
2024-09-08 15:04:44,676 : INFO : SwitchController : <<<<<<< 's_start' active >>>>>>>
2024-09-08 15:04:44,676 : INFO : EventManager : Event: ======'sw_start'====== Args={}
2024-09-08 15:04:44,676 : INFO : EventManager : Event: ======'machine_var_audits_switches_s_start'====== Args={'value': 1, 'prev_value': 0, 'change': 1}
2024-09-08 15:04:44,677 : INFO : EventManager : Event: ======'player_add_request'====== Args={}
2024-09-08 15:04:44,678 : INFO : EventManager : Event: ======'player_will_add'====== Args={'number': 2}
2024-09-08 15:04:44,678 : INFO : EventManager : Event: ======'player_adding'====== Args={'player': <Player 2>, 'number': 2}
2024-09-08 15:04:44,678 : INFO : EventManager : Event: ======'player_added'====== Args={'player': <Player 2>, 'num': 2}
2024-09-08 15:04:44,678 : INFO : Mode.game : Player added successfully. Total players: 2
2024-09-08 15:04:44,678 : INFO : EventManager : Event: ======'multiplayer_game'====== Args={}
2024-09-08 15:04:44,678 : INFO : EventManager : Event: ======'player_index'====== Args={'value': 1, 'prev_value': 1, 'change': 0, 'player_num': 2}
2024-09-08 15:04:44,678 : INFO : EventManager : Event: ======'player_number'====== Args={'value': 2, 'prev_value': 2, 'change': 0, 'player_num': 2}
2024-09-08 15:04:44,679 : INFO : EventManager : Event: ======'player_score'====== Args={'value': 0, 'prev_value': 0, 'change': 0, 'player_num': 2}
2024-09-08 15:04:44,810 : INFO : SwitchController : <<<<<<< 's_start' inactive >>>>>>>
2024-09-08 15:04:46,094 : INFO : EventManager : Event: ======'balldevice_bd_trough_ball_eject_failed'====== Args={'target': <ball_device.bd_plunger>, 'balls': 1, 'retry': True, 'num_attempts': 1}
2024-09-08 15:04:46,095 : INFO : ball_device.bd_trough : State: waiting_for_target_ready
2024-09-08 15:04:46,095 : INFO : EventManager : Event: ======'balldevice_bd_trough_ball_eject_attempt'====== Args={'balls': 1, 'target': <ball_device.bd_plunger>, 'source': <ball_device.bd_trough>, 'mechanical_eject': True, 'num_attempts': 1}
2024-09-08 15:04:46,095 : INFO : ball_device.bd_trough : State: ejecting
2024-09-08 15:04:46,095 : INFO : ball_device.bd_trough : Ejecting ball to <ball_device.bd_plunger>
2024-09-08 15:04:46,095 : INFO : EventManager : Event: ======'balldevice_bd_trough_ejecting_ball'====== Args={'balls': 1, 'target': <ball_device.bd_plunger>, 'source': <ball_device.bd_trough>, 'mechanical_eject': True, 'num_attempts': 1}
2024-09-08 15:04:46,096 : INFO : ball_device.bd_trough : Wait for ball to leave device
2024-09-08 15:04:46,096 : INFO : coil.c_trough_eject : Pulsing Driver for 25ms (1.0 pulse_power)
2024-09-08 15:04:46,319 : INFO : SwitchController : <<<<<<< 's_start' active >>>>>>>
2024-09-08 15:04:46,319 : INFO : EventManager : Event: ======'sw_start'====== Args={}
2024-09-08 15:04:46,319 : INFO : EventManager : Event: ======'machine_var_audits_switches_s_start'====== Args={'value': 2, 'prev_value': 1, 'change': 1}
2024-09-08 15:04:46,324 : INFO : EventManager : Event: ======'player_add_request'====== Args={}
2024-09-08 15:04:46,324 : INFO : EventManager : Event: ======'player_will_add'====== Args={'number': 3}
2024-09-08 15:04:46,324 : INFO : EventManager : Event: ======'player_adding'====== Args={'player': <Player 3>, 'number': 3}
2024-09-08 15:04:46,324 : INFO : EventManager : Event: ======'player_added'====== Args={'player': <Player 3>, 'num': 3}
2024-09-08 15:04:46,324 : INFO : Mode.game : Player added successfully. Total players: 3
2024-09-08 15:04:46,324 : INFO : EventManager : Event: ======'player_index'====== Args={'value': 2, 'prev_value': 2, 'change': 0, 'player_num': 3}
2024-09-08 15:04:46,324 : INFO : EventManager : Event: ======'player_number'====== Args={'value': 3, 'prev_value': 3, 'change': 0, 'player_num': 3}
2024-09-08 15:04:46,325 : INFO : EventManager : Event: ======'player_score'====== Args={'value': 0, 'prev_value': 0, 'change': 0, 'player_num': 3}
2024-09-08 15:04:46,410 : INFO : SwitchController : <<<<<<< 's_start' inactive >>>>>>>
2024-09-08 15:04:46,609 : INFO : SwitchController : <<<<<<< 's_start' active >>>>>>>
2024-09-08 15:04:46,610 : INFO : EventManager : Event: ======'sw_start'====== Args={}
2024-09-08 15:04:46,610 : INFO : EventManager : Event: ======'machine_var_audits_switches_s_start'====== Args={'value': 3, 'prev_value': 2, 'change': 1}
2024-09-08 15:04:46,611 : INFO : EventManager : Event: ======'player_add_request'====== Args={}
2024-09-08 15:04:46,611 : INFO : EventManager : Event: ======'player_will_add'====== Args={'number': 4}
2024-09-08 15:04:46,611 : INFO : EventManager : Event: ======'player_adding'====== Args={'player': <Player 4>, 'number': 4}
2024-09-08 15:04:46,612 : INFO : EventManager : Event: ======'player_added'====== Args={'player': <Player 4>, 'num': 4}
2024-09-08 15:04:46,612 : INFO : Mode.game : Player added successfully. Total players: 4
2024-09-08 15:04:46,612 : INFO : EventManager : Event: ======'player_index'====== Args={'value': 3, 'prev_value': 3, 'change': 0, 'player_num': 4}
2024-09-08 15:04:46,612 : INFO : EventManager : Event: ======'player_number'====== Args={'value': 4, 'prev_value': 4, 'change': 0, 'player_num': 4}
2024-09-08 15:04:46,612 : INFO : EventManager : Event: ======'player_score'====== Args={'value': 0, 'prev_value': 0, 'change': 0, 'player_num': 4}
2024-09-08 15:04:46,726 : INFO : SwitchController : <<<<<<< 's_start' inactive >>>>>>>
2024-09-08 15:04:46,861 : INFO : SwitchController : <<<<<<< 's_start' active >>>>>>>
2024-09-08 15:04:46,861 : INFO : EventManager : Event: ======'sw_start'====== Args={}
2024-09-08 15:04:46,862 : INFO : EventManager : Event: ======'machine_var_audits_switches_s_start'====== Args={'value': 4, 'prev_value': 3, 'change': 1}
2024-09-08 15:04:46,975 : INFO : SwitchController : <<<<<<< 's_start' inactive >>>>>>>
2024-09-08 15:04:47,125 : INFO : SwitchController : <<<<<<< 's_start' active >>>>>>>
2024-09-08 15:04:47,126 : INFO : EventManager : Event: ======'sw_start'====== Args={}
2024-09-08 15:04:47,126 : INFO : EventManager : Event: ======'machine_var_audits_switches_s_start'====== Args={'value': 5, 'prev_value': 4, 'change': 1}
2024-09-08 15:04:47,225 : INFO : SwitchController : <<<<<<< 's_start' inactive >>>>>>>
2024-09-08 15:04:47,379 : INFO : SwitchController : <<<<<<< 's_start' active >>>>>>>
2024-09-08 15:04:47,380 : INFO : EventManager : Event: ======'sw_start'====== Args={}
2024-09-08 15:04:47,380 : INFO : EventManager : Event: ======'machine_var_audits_switches_s_start'====== Args={'value': 6, 'prev_value': 5, 'change': 1}
2024-09-08 15:04:47,476 : INFO : SwitchController : <<<<<<< 's_start' inactive >>>>>>>
2024-09-08 15:04:47,609 : INFO : SwitchController : <<<<<<< 's_plunger_lane' active >>>>>>>
2024-09-08 15:04:47,609 : INFO : EventManager : Event: ======'machine_var_audits_switches_s_plunger_lane'====== Args={'value': 2, 'prev_value': 1, 'change': 1}
2024-09-08 15:04:47,726 : INFO : SwitchController : <<<<<<< 's_plunger_lane' inactive >>>>>>>
2024-09-08 15:04:48,159 : INFO : SwitchController : <<<<<<< 's_plunger_lane' active >>>>>>>
2024-09-08 15:04:48,160 : INFO : EventManager : Event: ======'machine_var_audits_switches_s_plunger_lane'====== Args={'value': 3, 'prev_value': 2, 'change': 1}
2024-09-08 15:04:48,292 : INFO : SwitchController : <<<<<<< 's_plunger_lane' inactive >>>>>>>
2024-09-08 15:04:48,709 : INFO : SwitchController : <<<<<<< 's_plunger_lane' active >>>>>>>
2024-09-08 15:04:48,709 : INFO : EventManager : Event: ======'machine_var_audits_switches_s_plunger_lane'====== Args={'value': 4, 'prev_value': 3, 'change': 1}
2024-09-08 15:04:48,810 : INFO : SwitchController : <<<<<<< 's_plunger_lane' inactive >>>>>>>
2024-09-08 15:04:49,190 : INFO : SwitchController : <<<<<<< 's_plunger_lane' active >>>>>>>
2024-09-08 15:04:49,190 : INFO : EventManager : Event: ======'machine_var_audits_switches_s_plunger_lane'====== Args={'value': 5, 'prev_value': 4, 'change': 1}
2024-09-08 15:04:49,292 : INFO : SwitchController : <<<<<<< 's_plunger_lane' inactive >>>>>>>
2024-09-08 15:04:49,459 : INFO : SwitchController : <<<<<<< 's_plunger_lane' active >>>>>>>
2024-09-08 15:04:49,459 : INFO : EventManager : Event: ======'machine_var_audits_switches_s_plunger_lane'====== Args={'value': 6, 'prev_value': 5, 'change': 1}
2024-09-08 15:04:49,576 : INFO : SwitchController : <<<<<<< 's_plunger_lane' inactive >>>>>>>
2024-09-08 15:04:50,026 : INFO : SwitchController : <<<<<<< 's_plunger_lane' active >>>>>>>
2024-09-08 15:04:50,027 : INFO : EventManager : Event: ======'machine_var_audits_switches_s_plunger_lane'====== Args={'value': 7, 'prev_value': 6, 'change': 1}
2024-09-08 15:04:50,159 : INFO : SwitchController : <<<<<<< 's_plunger_lane' inactive >>>>>>>
2024-09-08 15:04:50,317 : INFO : SwitchController : <<<<<<< 's_plunger_lane' active >>>>>>>
2024-09-08 15:04:50,317 : INFO : EventManager : Event: ======'machine_var_audits_switches_s_plunger_lane'====== Args={'value': 8, 'prev_value': 7, 'change': 1}
2024-09-08 15:04:50,392 : INFO : SwitchController : <<<<<<< 's_plunger_lane' inactive >>>>>>>
2024-09-08 15:04:51,010 : INFO : SwitchController : <<<<<<< 's_start' active >>>>>>>
2024-09-08 15:04:51,010 : INFO : EventManager : Event: ======'sw_start'====== Args={}
2024-09-08 15:04:51,010 : INFO : EventManager : Event: ======'machine_var_audits_switches_s_start'====== Args={'value': 7, 'prev_value': 6, 'change': 1}
2024-09-08 15:04:51,159 : INFO : SwitchController : <<<<<<< 's_start' inactive >>>>>>>
2024-09-08 15:04:51,275 : INFO : SwitchController : <<<<<<< 's_plunger_lane' active >>>>>>>
2024-09-08 15:04:51,276 : INFO : EventManager : Event: ======'machine_var_audits_switches_s_plunger_lane'====== Args={'value': 9, 'prev_value': 8, 'change': 1}
2024-09-08 15:04:51,425 : INFO : SwitchController : <<<<<<< 's_plunger_lane' inactive >>>>>>>
2024-09-08 15:04:51,843 : INFO : SwitchController : <<<<<<< 's_toplane1' active >>>>>>>
2024-09-08 15:04:51,843 : INFO : EventManager : Event: ======'machine_var_audits_switches_s_toplane1'====== Args={'value': 18, 'prev_value': 17, 'change': 1}
2024-09-08 15:04:51,976 : INFO : SwitchController : <<<<<<< 's_toplane1' inactive >>>>>>>
2024-09-08 15:04:56,097 : INFO : EventManager : Event: ======'balldevice_bd_trough_ball_eject_failed'====== Args={'target': <ball_device.bd_plunger>, 'balls': 1, 'retry': True, 'num_attempts': 2}
2024-09-08 15:04:56,099 : INFO : ball_device.bd_trough : State: waiting_for_target_ready
2024-09-08 15:04:56,099 : INFO : EventManager : Event: ======'balldevice_bd_trough_ball_eject_attempt'====== Args={'balls': 1, 'target': <ball_device.bd_plunger>, 'source': <ball_device.bd_trough>, 'mechanical_eject': True, 'num_attempts': 2}
2024-09-08 15:04:56,099 : INFO : ball_device.bd_trough : State: ejecting
2024-09-08 15:04:56,099 : INFO : ball_device.bd_trough : Ejecting ball to <ball_device.bd_plunger>
2024-09-08 15:04:56,099 : INFO : EventManager : Event: ======'balldevice_bd_trough_ejecting_ball'====== Args={'balls': 1, 'target': <ball_device.bd_plunger>, 'source': <ball_device.bd_trough>, 'mechanical_eject': True, 'num_attempts': 2}
2024-09-08 15:04:56,099 : INFO : ball_device.bd_trough : Wait for ball to leave device
2024-09-08 15:04:56,099 : INFO : coil.c_trough_eject : Pulsing Driver for 25ms (1.0 pulse_power)
2024-09-08 15:04:58,755 : INFO : Machine : Shutting down...
2024-09-08 15:04:58,755 : INFO : EventManager : Event: ======'shutdown'====== Args={}
2024-09-08 15:04:58,756 : INFO : EventManager : Event: ======'mode_game_will_stop'====== Args={}
2024-09-08 15:04:58,756 : INFO : EventManager : Event: ======'mode_game_stopping'====== Args={}
2024-09-08 15:04:58,757 : INFO : Mode.game : Stopped.
2024-09-08 15:04:58,757 : INFO : EventManager : Event: ======'modes_active_modes_changed'====== Args={}
2024-09-08 15:04:58,757 : INFO : EventManager : Event: ======'mode_game_stopped'====== Args={}
2024-09-08 15:04:58,757 : INFO : EventManager : Event: ======'clear'====== Args={'key': 'game'}
2024-09-08 15:04:58,760 : INFO : root : MPF run loop ended.
