2024-09-08 19:54:55,490 : INFO : root : Loading config.
2024-09-08 19:54:55,506 : INFO : YamlMultifileConfigLoader : Machine config file #1: config.yaml
2024-09-08 19:54:55,507 : INFO : ConfigProcessor : Loading config from cache: C:\Users\dorus\AppData\Local\Temp\636ce416879e362e618e72aa23ee7aae.mpf_cache
2024-09-08 19:54:55,602 : INFO : ConfigProcessor : Loading config from cache: C:\Users\dorus\AppData\Local\Temp\88f25e45fa15743a3d93de98d7c6ca4c.mpf_cache
2024-09-08 19:54:55,615 : INFO : ConfigProcessor : Loading config from cache: C:\Users\dorus\AppData\Local\Temp\d8bc63701c1a2ad1653a8cc5aec9548a.mpf_cache
2024-09-08 19:54:55,625 : WARNING : ConfigProcessor : Config file in cache changed: C:\Users\dorus\OneDrive\Documents\Pinball\PortalPinball-V4.0\machinefolder\modes\base\config\base.yaml
2024-09-08 19:54:55,625 : INFO : ConfigProcessor : Loading config from file C:\Users\dorus\OneDrive\Documents\Pinball\PortalPinball-V4.0\machinefolder\modes\base\config\base.yaml.
2024-09-08 19:54:55,627 : INFO : ConfigProcessor : Loading config: C:\Users\dorus\OneDrive\Documents\Pinball\PortalPinball-V4.0\machinefolder\modes\base\config\base.yaml
2024-09-08 19:54:55,627 : INFO : ConfigProcessor : Config file cache created: C:\Users\dorus\AppData\Local\Temp\10d9290df991d16f66be8677f9ce93b5.mpf_cache
2024-09-08 19:54:55,628 : INFO : Machine : Mission Pinball Framework Core Engine v0.80.0.dev4
2024-09-08 19:54:55,628 : INFO : Machine : Command line arguments: {'no_load_cache': False, 'create_config_cache': True, 'bcp': True, 'configfile': ['config.yaml'], 'force_assets_load': False, 'platform_integration_test': False, 'jsonlogging': False, 'logfile': 'logs\\2024-09-08-19-54-55-mpf-Gaming_Dorus.log', 'pause': False, 'production': False, 'text_ui': True, 'loglevel': 15, 'consoleloglevel': 20, 'force_platform': 'virtual', 'syslog_address': None, 'mc_file_name': None, 'no_sound': False, 'full_logfile_path': 'C:\\Users\\dorus\\OneDrive\\Documents\\Pinball\\PortalPinball-V4.0\\machinefolder\\logs\\2024-09-08-19-54-55-mpf-Gaming_Dorus.log'}
2024-09-08 19:54:55,628 : INFO : Machine : MPF path: C:\ProgramData\anaconda3\envs\mpfenv\Lib\site-packages\mpf
2024-09-08 19:54:55,628 : INFO : Machine : Machine path: C:\Users\dorus\OneDrive\Documents\Pinball\PortalPinball-V4.0\machinefolder
2024-09-08 19:54:55,628 : INFO : Machine : Platform: win32
2024-09-08 19:54:55,628 : INFO : Machine : Python executable location: C:\ProgramData\anaconda3\envs\mpfenv\python.exe
2024-09-08 19:54:55,628 : INFO : Machine : Python version: 3.12.4 (64-bit)
2024-09-08 19:54:55,629 : INFO : Machine : Initializing MPF...
2024-09-08 19:54:55,854 : INFO : EventManager : Event: ======'machine_var_credits_string'====== Args={'value': 'FREE PLAY', 'prev_value': None, 'change': True}
2024-09-08 19:54:55,884 : INFO : EventManager : Event: ======'machine_var_master_volume'====== Args={'value': 0.5, 'prev_value': None, 'change': True}
2024-09-08 19:54:55,884 : INFO : EventManager : Event: ======'machine_var_player1_score'====== Args={'value': 0, 'prev_value': None, 'change': True}
2024-09-08 19:54:55,884 : INFO : EventManager : Event: ======'machine_var_mpf_version'====== Args={'value': 'Mission Pinball Framework v0.80.0.dev4', 'prev_value': None, 'change': True}
2024-09-08 19:54:55,884 : INFO : EventManager : Event: ======'machine_var_mpf_extended_version'====== Args={'value': 'Mission Pinball Framework v0.80.0.dev4, Config version:6, Show version: 6, BCP version:1.1', 'prev_value': None, 'change': True}
2024-09-08 19:54:55,884 : INFO : EventManager : Event: ======'machine_var_python_version'====== Args={'value': '3.12.4', 'prev_value': None, 'change': True}
2024-09-08 19:54:56,073 : INFO : EventManager : Event: ======'machine_var_platform'====== Args={'value': 'Windows-11-10.0.22631-SP0', 'prev_value': None, 'change': True}
2024-09-08 19:54:56,073 : INFO : EventManager : Event: ======'machine_var_platform_system'====== Args={'value': 'Windows', 'prev_value': None, 'change': True}
2024-09-08 19:54:56,074 : INFO : EventManager : Event: ======'machine_var_platform_release'====== Args={'value': '11', 'prev_value': None, 'change': True}
2024-09-08 19:54:56,074 : INFO : EventManager : Event: ======'machine_var_platform_version'====== Args={'value': '10.0.22631', 'prev_value': None, 'change': True}
2024-09-08 19:54:56,074 : INFO : EventManager : Event: ======'machine_var_platform_machine'====== Args={'value': 'AMD64', 'prev_value': None, 'change': True}
2024-09-08 19:54:56,074 : INFO : EventManager : Event: ======'machine_var_log_file_path'====== Args={'value': 'C:\\Users\\dorus\\OneDrive\\Documents\\Pinball\\PortalPinball-V4.0\\machinefolder\\logs\\2024-09-08-19-54-55-mpf-Gaming_Dorus.log', 'prev_value': None, 'change': True}
2024-09-08 19:54:56,074 : INFO : EventManager : Event: ======'init_phase_1'====== Args={}
2024-09-08 19:54:56,091 : INFO : EventManager : Event: ======'drop_target_bank_db_dropbank_up'====== Args={}
2024-09-08 19:54:56,091 : INFO : EventManager : Event: ======'init_phase_2'====== Args={}
2024-09-08 19:54:56,092 : INFO : SwitchController : Found active switch: ('2-1-16', <Platform.Virtual>) <switch.s_trough1>
2024-09-08 19:54:56,092 : INFO : SwitchController : Found active switch: ('2-1-17', <Platform.Virtual>) <switch.s_trough2>
2024-09-08 19:54:56,092 : INFO : SwitchController : Found active switch: ('2-1-18', <Platform.Virtual>) <switch.s_trough3>
2024-09-08 19:54:56,092 : INFO : SwitchController : Found active switch: ('2-1-19', <Platform.Virtual>) <switch.s_trough4>
2024-09-08 19:54:56,094 : INFO : EventManager : Event: ======'bcp_connection_attempt'====== Args={'name': 'local_display', 'host': 'localhost', 'port': 5050}
2024-09-08 19:54:56,095 : INFO : BCPClientSocket : Connecting BCP to 'local_display' at localhost:5050...
2024-09-08 19:55:02,350 : INFO : BCPClientSocket : Connected BCP to 'local_display' localhost:5050
2024-09-08 19:55:02,350 : INFO : EventManager : Event: ======'bcp_clients_connected'====== Args={}
2024-09-08 19:55:02,663 : INFO : ball_device.bd_trough : BCH: Initial count: 4
2024-09-08 19:55:02,663 : INFO : ball_device.bd_trough : State: idle
2024-09-08 19:55:02,664 : INFO : ball_device.bd_plunger : BCH: Initial count: 0
2024-09-08 19:55:02,664 : INFO : ball_device.bd_plunger : State: idle
2024-09-08 19:55:02,686 : INFO : EventManager : Event: ======'init_phase_3'====== Args={}
2024-09-08 19:55:02,741 : INFO : EventManager : Event: ======'init_phase_4'====== Args={}
2024-09-08 19:55:02,742 : INFO : BallController : Initial balls found: 4
2024-09-08 19:55:02,743 : INFO : EventManager : Event: ======'machine_var_audits_events_game_ended'====== Args={'value': 1, 'prev_value': None, 'change': True}
2024-09-08 19:55:02,743 : INFO : EventManager : Event: ======'machine_var_audits_events_game_started'====== Args={'value': 19, 'prev_value': None, 'change': True}
2024-09-08 19:55:02,743 : INFO : EventManager : Event: ======'machine_var_audits_missing_switches_s_Other01'====== Args={'value': 19, 'prev_value': None, 'change': True}
2024-09-08 19:55:02,743 : INFO : EventManager : Event: ======'machine_var_audits_missing_switches_s_Other02'====== Args={'value': 19, 'prev_value': None, 'change': True}
2024-09-08 19:55:02,743 : INFO : EventManager : Event: ======'machine_var_audits_missing_switches_s_Other03'====== Args={'value': 19, 'prev_value': None, 'change': True}
2024-09-08 19:55:02,743 : INFO : EventManager : Event: ======'machine_var_audits_missing_switches_s_Other04'====== Args={'value': 19, 'prev_value': None, 'change': True}
2024-09-08 19:55:02,743 : INFO : EventManager : Event: ======'machine_var_audits_missing_switches_s_Other05'====== Args={'value': 19, 'prev_value': None, 'change': True}
2024-09-08 19:55:02,744 : INFO : EventManager : Event: ======'machine_var_audits_missing_switches_s_Other06'====== Args={'value': 19, 'prev_value': None, 'change': True}
2024-09-08 19:55:02,744 : INFO : EventManager : Event: ======'machine_var_audits_missing_switches_s_Other07'====== Args={'value': 19, 'prev_value': None, 'change': True}
2024-09-08 19:55:02,744 : INFO : EventManager : Event: ======'machine_var_audits_missing_switches_s_Other08'====== Args={'value': 19, 'prev_value': None, 'change': True}
2024-09-08 19:55:02,744 : INFO : EventManager : Event: ======'machine_var_audits_missing_switches_s_Other09'====== Args={'value': 19, 'prev_value': None, 'change': True}
2024-09-08 19:55:02,744 : INFO : EventManager : Event: ======'machine_var_audits_missing_switches_s_bottomlane1'====== Args={'value': 19, 'prev_value': None, 'change': True}
2024-09-08 19:55:02,744 : INFO : EventManager : Event: ======'machine_var_audits_missing_switches_s_bottomlane2'====== Args={'value': 19, 'prev_value': None, 'change': True}
2024-09-08 19:55:02,744 : INFO : EventManager : Event: ======'machine_var_audits_missing_switches_s_bottomlane3'====== Args={'value': 19, 'prev_value': None, 'change': True}
2024-09-08 19:55:02,745 : INFO : EventManager : Event: ======'machine_var_audits_missing_switches_s_bottomlane4'====== Args={'value': 19, 'prev_value': None, 'change': True}
2024-09-08 19:55:02,745 : INFO : EventManager : Event: ======'machine_var_audits_missing_switches_s_bottomlane5'====== Args={'value': 19, 'prev_value': None, 'change': True}
2024-09-08 19:55:02,745 : INFO : EventManager : Event: ======'machine_var_audits_missing_switches_s_drop1'====== Args={'value': 19, 'prev_value': None, 'change': True}
2024-09-08 19:55:02,745 : INFO : EventManager : Event: ======'machine_var_audits_missing_switches_s_drop2'====== Args={'value': 19, 'prev_value': None, 'change': True}
2024-09-08 19:55:02,745 : INFO : EventManager : Event: ======'machine_var_audits_missing_switches_s_drop3'====== Args={'value': 19, 'prev_value': None, 'change': True}
2024-09-08 19:55:02,745 : INFO : EventManager : Event: ======'machine_var_audits_missing_switches_s_launch'====== Args={'value': 19, 'prev_value': None, 'change': True}
2024-09-08 19:55:02,745 : INFO : EventManager : Event: ======'machine_var_audits_missing_switches_s_left_sling'====== Args={'value': 19, 'prev_value': None, 'change': True}
2024-09-08 19:55:02,745 : INFO : EventManager : Event: ======'machine_var_audits_missing_switches_s_popbumber_1'====== Args={'value': 19, 'prev_value': None, 'change': True}
2024-09-08 19:55:02,745 : INFO : EventManager : Event: ======'machine_var_audits_missing_switches_s_popbumber_2'====== Args={'value': 19, 'prev_value': None, 'change': True}
2024-09-08 19:55:02,746 : INFO : EventManager : Event: ======'machine_var_audits_missing_switches_s_popbumber_3'====== Args={'value': 19, 'prev_value': None, 'change': True}
2024-09-08 19:55:02,746 : INFO : EventManager : Event: ======'machine_var_audits_missing_switches_s_right_sling'====== Args={'value': 19, 'prev_value': None, 'change': True}
2024-09-08 19:55:02,746 : INFO : EventManager : Event: ======'machine_var_audits_missing_switches_s_start'====== Args={'value': 2, 'prev_value': None, 'change': True}
2024-09-08 19:55:02,746 : INFO : EventManager : Event: ======'machine_var_audits_missing_switches_s_toplane2'====== Args={'value': 19, 'prev_value': None, 'change': True}
2024-09-08 19:55:02,746 : INFO : EventManager : Event: ======'machine_var_audits_missing_switches_s_toplane3'====== Args={'value': 19, 'prev_value': None, 'change': True}
2024-09-08 19:55:02,746 : INFO : EventManager : Event: ======'machine_var_audits_missing_switches_s_trough1'====== Args={'value': 1, 'prev_value': None, 'change': True}
2024-09-08 19:55:02,746 : INFO : EventManager : Event: ======'machine_var_audits_missing_switches_s_trough2'====== Args={'value': 19, 'prev_value': None, 'change': True}
2024-09-08 19:55:02,746 : INFO : EventManager : Event: ======'machine_var_audits_missing_switches_s_trough3'====== Args={'value': 19, 'prev_value': None, 'change': True}
2024-09-08 19:55:02,747 : INFO : EventManager : Event: ======'machine_var_audits_missing_switches_s_trough4'====== Args={'value': 19, 'prev_value': None, 'change': True}
2024-09-08 19:55:02,747 : INFO : EventManager : Event: ======'machine_var_audits_missing_switches_s_trough5'====== Args={'value': 19, 'prev_value': None, 'change': True}
2024-09-08 19:55:02,747 : INFO : EventManager : Event: ======'machine_var_audits_missing_switches_s_trough6'====== Args={'value': 19, 'prev_value': None, 'change': True}
2024-09-08 19:55:02,747 : INFO : EventManager : Event: ======'machine_var_audits_missing_switches_s_trough_jam'====== Args={'value': 19, 'prev_value': None, 'change': True}
2024-09-08 19:55:02,747 : INFO : EventManager : Event: ======'machine_var_audits_missing_switches_s_vukmid'====== Args={'value': 19, 'prev_value': None, 'change': True}
2024-09-08 19:55:02,747 : INFO : EventManager : Event: ======'machine_var_audits_missing_switches_s_vuktop'====== Args={'value': 19, 'prev_value': None, 'change': True}
2024-09-08 19:55:02,747 : INFO : EventManager : Event: ======'machine_var_audits_player_score'====== Args={'value': {'average': 0, 'top': [0], 'total': 1}, 'prev_value': None, 'change': True}
2024-09-08 19:55:02,748 : INFO : EventManager : Event: ======'machine_var_audits_switches_s_Other01'====== Args={'value': 0, 'prev_value': None, 'change': True}
2024-09-08 19:55:02,748 : INFO : EventManager : Event: ======'machine_var_audits_switches_s_Other02'====== Args={'value': 0, 'prev_value': None, 'change': True}
2024-09-08 19:55:02,748 : INFO : EventManager : Event: ======'machine_var_audits_switches_s_Other03'====== Args={'value': 0, 'prev_value': None, 'change': True}
2024-09-08 19:55:02,748 : INFO : EventManager : Event: ======'machine_var_audits_switches_s_Other04'====== Args={'value': 0, 'prev_value': None, 'change': True}
2024-09-08 19:55:02,748 : INFO : EventManager : Event: ======'machine_var_audits_switches_s_Other05'====== Args={'value': 0, 'prev_value': None, 'change': True}
2024-09-08 19:55:02,748 : INFO : EventManager : Event: ======'machine_var_audits_switches_s_Other06'====== Args={'value': 0, 'prev_value': None, 'change': True}
2024-09-08 19:55:02,748 : INFO : EventManager : Event: ======'machine_var_audits_switches_s_Other07'====== Args={'value': 0, 'prev_value': None, 'change': True}
2024-09-08 19:55:02,748 : INFO : EventManager : Event: ======'machine_var_audits_switches_s_Other08'====== Args={'value': 0, 'prev_value': None, 'change': True}
2024-09-08 19:55:02,748 : INFO : EventManager : Event: ======'machine_var_audits_switches_s_Other09'====== Args={'value': 0, 'prev_value': None, 'change': True}
2024-09-08 19:55:02,748 : INFO : EventManager : Event: ======'machine_var_audits_switches_s_bottomlane1'====== Args={'value': 0, 'prev_value': None, 'change': True}
2024-09-08 19:55:02,748 : INFO : EventManager : Event: ======'machine_var_audits_switches_s_bottomlane2'====== Args={'value': 0, 'prev_value': None, 'change': True}
2024-09-08 19:55:02,749 : INFO : EventManager : Event: ======'machine_var_audits_switches_s_bottomlane3'====== Args={'value': 0, 'prev_value': None, 'change': True}
2024-09-08 19:55:02,749 : INFO : EventManager : Event: ======'machine_var_audits_switches_s_bottomlane4'====== Args={'value': 0, 'prev_value': None, 'change': True}
2024-09-08 19:55:02,749 : INFO : EventManager : Event: ======'machine_var_audits_switches_s_bottomlane5'====== Args={'value': 0, 'prev_value': None, 'change': True}
2024-09-08 19:55:02,749 : INFO : EventManager : Event: ======'machine_var_audits_switches_s_drop1'====== Args={'value': 0, 'prev_value': None, 'change': True}
2024-09-08 19:55:02,749 : INFO : EventManager : Event: ======'machine_var_audits_switches_s_drop2'====== Args={'value': 0, 'prev_value': None, 'change': True}
2024-09-08 19:55:02,749 : INFO : EventManager : Event: ======'machine_var_audits_switches_s_drop3'====== Args={'value': 0, 'prev_value': None, 'change': True}
2024-09-08 19:55:02,749 : INFO : EventManager : Event: ======'machine_var_audits_switches_s_launch'====== Args={'value': 0, 'prev_value': None, 'change': True}
2024-09-08 19:55:02,749 : INFO : EventManager : Event: ======'machine_var_audits_switches_s_left_sling'====== Args={'value': 0, 'prev_value': None, 'change': True}
2024-09-08 19:55:02,749 : INFO : EventManager : Event: ======'machine_var_audits_switches_s_plunger_lane'====== Args={'value': 40, 'prev_value': None, 'change': True}
2024-09-08 19:55:02,749 : INFO : EventManager : Event: ======'machine_var_audits_switches_s_popbumber_1'====== Args={'value': 0, 'prev_value': None, 'change': True}
2024-09-08 19:55:02,749 : INFO : EventManager : Event: ======'machine_var_audits_switches_s_popbumber_2'====== Args={'value': 0, 'prev_value': None, 'change': True}
2024-09-08 19:55:02,750 : INFO : EventManager : Event: ======'machine_var_audits_switches_s_popbumber_3'====== Args={'value': 0, 'prev_value': None, 'change': True}
2024-09-08 19:55:02,750 : INFO : EventManager : Event: ======'machine_var_audits_switches_s_right_sling'====== Args={'value': 0, 'prev_value': None, 'change': True}
2024-09-08 19:55:02,750 : INFO : EventManager : Event: ======'machine_var_audits_switches_s_start'====== Args={'value': 47, 'prev_value': None, 'change': True}
2024-09-08 19:55:02,750 : INFO : EventManager : Event: ======'machine_var_audits_switches_s_toplane1'====== Args={'value': 483, 'prev_value': None, 'change': True}
2024-09-08 19:55:02,750 : INFO : EventManager : Event: ======'machine_var_audits_switches_s_toplane2'====== Args={'value': 0, 'prev_value': None, 'change': True}
2024-09-08 19:55:02,750 : INFO : EventManager : Event: ======'machine_var_audits_switches_s_toplane3'====== Args={'value': 0, 'prev_value': None, 'change': True}
2024-09-08 19:55:02,750 : INFO : EventManager : Event: ======'machine_var_audits_switches_s_trough1'====== Args={'value': 33, 'prev_value': None, 'change': True}
2024-09-08 19:55:02,750 : INFO : EventManager : Event: ======'machine_var_audits_switches_s_trough2'====== Args={'value': 0, 'prev_value': None, 'change': True}
2024-09-08 19:55:02,750 : INFO : EventManager : Event: ======'machine_var_audits_switches_s_trough3'====== Args={'value': 0, 'prev_value': None, 'change': True}
2024-09-08 19:55:02,750 : INFO : EventManager : Event: ======'machine_var_audits_switches_s_trough4'====== Args={'value': 0, 'prev_value': None, 'change': True}
2024-09-08 19:55:02,750 : INFO : EventManager : Event: ======'machine_var_audits_switches_s_trough5'====== Args={'value': 0, 'prev_value': None, 'change': True}
2024-09-08 19:55:02,751 : INFO : EventManager : Event: ======'machine_var_audits_switches_s_trough6'====== Args={'value': 0, 'prev_value': None, 'change': True}
2024-09-08 19:55:02,751 : INFO : EventManager : Event: ======'machine_var_audits_switches_s_trough_jam'====== Args={'value': 0, 'prev_value': None, 'change': True}
2024-09-08 19:55:02,751 : INFO : EventManager : Event: ======'machine_var_audits_switches_s_vukmid'====== Args={'value': 0, 'prev_value': None, 'change': True}
2024-09-08 19:55:02,751 : INFO : EventManager : Event: ======'machine_var_audits_switches_s_vuktop'====== Args={'value': 0, 'prev_value': None, 'change': True}
2024-09-08 19:55:02,751 : INFO : EventManager : Event: ======'init_phase_5'====== Args={}
2024-09-08 19:55:02,781 : INFO : EventManager : Event: ======'init_done'====== Args={}
2024-09-08 19:55:02,781 : INFO : EventManager : Event: ======'machine_reset_phase_1'====== Args={}
2024-09-08 19:55:02,793 : INFO : EventManager : Event: ======'machine_reset_phase_2'====== Args={}
2024-09-08 19:55:02,793 : INFO : EventManager : Event: ======'machine_reset_phase_3'====== Args={}
2024-09-08 19:55:02,793 : INFO : drop_target_bank.db_dropbank : All targets are already up. Will not reset bank.
2024-09-08 19:55:02,793 : INFO : EventManager : Event: ======'reset_complete'====== Args={}
2024-09-08 19:55:02,793 : INFO : EventManager : Event: ======'mode_attract_will_start'====== Args={}
2024-09-08 19:55:02,794 : INFO : EventManager : Event: ======'mode_attract_starting'====== Args={}
2024-09-08 19:55:02,795 : INFO : Mode.attract : Started. Priority: 10
2024-09-08 19:55:02,795 : INFO : EventManager : Event: ======'modes_active_modes_changed'====== Args={}
2024-09-08 19:55:02,795 : INFO : EventManager : Event: ======'mode_attract_started'====== Args={}
2024-09-08 19:55:02,795 : INFO : EventManager : Event: ======'collecting_balls_complete'====== Args={}
2024-09-08 19:55:02,818 : INFO : Machine : Starting the main run loop.
2024-09-08 19:55:02,846 : INFO : EventManager : Event: ======'slide_attract_created'====== Args={'_from_bcp': True}
2024-09-08 19:55:02,846 : INFO : EventManager : Event: ======'slide__removed'====== Args={'_from_bcp': True}
2024-09-08 19:55:02,847 : INFO : EventManager : Event: ======'slide_attract_active'====== Args={'original_context': 'attract', 'original_calling_context': 'mode_attract_started', 'priority': 10.0, 'cmd': 'slides_play', '_from_bcp': True}
2024-09-08 19:55:09,566 : INFO : SwitchController : <<<<<<< 's_start' active >>>>>>>
2024-09-08 19:55:09,694 : INFO : SwitchController : <<<<<<< 's_start' inactive >>>>>>>
2024-09-08 19:55:09,695 : INFO : EventManager : Event: ======'request_to_start_game'====== Args={}
2024-09-08 19:55:09,700 : INFO : EventManager : Event: ======'game_start'====== Args={'buttons': [], 'hold_time': 0.14100000000325963}
2024-09-08 19:55:09,700 : INFO : EventManager : Event: ======'mode_game_will_start'====== Args={'buttons': [], 'hold_time': 0.14100000000325963}
2024-09-08 19:55:09,701 : INFO : EventManager : Event: ======'mode_game_starting'====== Args={'buttons': [], 'hold_time': 0.14100000000325963}
2024-09-08 19:55:09,701 : INFO : EventManager : Event: ======'mode_attract_will_stop'====== Args={}
2024-09-08 19:55:09,701 : INFO : EventManager : Event: ======'mode_attract_stopping'====== Args={}
2024-09-08 19:55:09,702 : INFO : Mode.attract : Stopped.
2024-09-08 19:55:09,702 : INFO : EventManager : Event: ======'modes_active_modes_changed'====== Args={}
2024-09-08 19:55:09,702 : INFO : EventManager : Event: ======'mode_attract_stopped'====== Args={}
2024-09-08 19:55:09,702 : INFO : EventManager : Event: ======'clear'====== Args={'key': 'attract'}
2024-09-08 19:55:09,702 : INFO : Mode.game : Started. Priority: 20
2024-09-08 19:55:09,702 : INFO : EventManager : Event: ======'modes_active_modes_changed'====== Args={}
2024-09-08 19:55:09,702 : INFO : EventManager : Event: ======'mode_game_started'====== Args={'buttons': [], 'hold_time': 0.14100000000325963}
2024-09-08 19:55:09,704 : INFO : EventManager : Event: ======'game_will_start'====== Args={}
2024-09-08 19:55:09,706 : INFO : EventManager : Event: ======'game_starting'====== Args={'game': <Mode.game>}
2024-09-08 19:55:09,707 : INFO : EventManager : Unordered handler for class <Auditor> on event game_ended with priority 1. Handlers: [RegisteredHandler(callback=<bound method Auditor.disable of <Auditor>>, priority=1, kwargs={}, key=UUID('0f6b8347-2555-411c-92c9-bc5e0730c226'), condition=None, blocking_facility=None), RegisteredHandler(callback=<bound method Auditor._save_audits of <Auditor>>, priority=1, kwargs={}, key=UUID('a7b12f36-6f29-4b02-a636-b6a5ce534bd6'), condition=None, blocking_facility=None)]. The order of those handlers is not defined and they will be executed in random order. This might lead to race conditions and potential bugs.
2024-09-08 19:55:09,707 : INFO : EventManager : Event: ======'player_add_request'====== Args={}
2024-09-08 19:55:09,707 : INFO : EventManager : Event: ======'player_will_add'====== Args={'number': 1}
2024-09-08 19:55:09,707 : INFO : EventManager : Event: ======'player_adding'====== Args={'player': <Player 1>, 'number': 1}
2024-09-08 19:55:09,707 : INFO : EventManager : Event: ======'player_added'====== Args={'player': <Player 1>, 'num': 1}
2024-09-08 19:55:09,707 : INFO : Mode.game : Player added successfully. Total players: 1
2024-09-08 19:55:09,708 : INFO : EventManager : Event: ======'player_index'====== Args={'value': 0, 'prev_value': 0, 'change': 0, 'player_num': 1}
2024-09-08 19:55:09,708 : INFO : EventManager : Event: ======'player_number'====== Args={'value': 1, 'prev_value': 1, 'change': 0, 'player_num': 1}
2024-09-08 19:55:09,708 : INFO : EventManager : Event: ======'player_score'====== Args={'value': 0, 'prev_value': 0, 'change': 0, 'player_num': 1}
2024-09-08 19:55:09,708 : INFO : EventManager : Event: ======'game_started'====== Args={}
2024-09-08 19:55:09,713 : INFO : EventManager : Event: ======'player_turn_will_start'====== Args={'player': <Player 1>, 'number': 1}
2024-09-08 19:55:09,713 : INFO : EventManager : Event: ======'player_turn_starting'====== Args={'player': <Player 1>, 'number': 1}
2024-09-08 19:55:09,713 : INFO : EventManager : Event: ======'player_ball'====== Args={'value': 1, 'prev_value': 0, 'change': 1, 'player_num': 1}
2024-09-08 19:55:09,714 : INFO : EventManager : Event: ======'player_turn_started'====== Args={'player': <Player 1>, 'number': 1}
2024-09-08 19:55:09,715 : INFO : EventManager : Event: ======'ball_will_start'====== Args={'player': 1, 'ball': 1, 'balls_remaining': 2, 'is_extra_ball': False}
2024-09-08 19:55:09,717 : INFO : EventManager : Event: ======'ball_starting'====== Args={'player': 1, 'ball': 1, 'balls_remaining': 2, 'is_extra_ball': False}
2024-09-08 19:55:09,717 : INFO : EventManager : Event: ======'mode_base_will_start'====== Args={'queue': <QueuedEvent>, 'player': 1, 'ball': 1, 'balls_remaining': 2, 'is_extra_ball': False}
2024-09-08 19:55:09,717 : INFO : EventManager : Event: ======'mode_base_starting'====== Args={'queue': <QueuedEvent>, 'player': 1, 'ball': 1, 'balls_remaining': 2, 'is_extra_ball': False}
2024-09-08 19:55:09,717 : INFO : drop_target_bank.db_dropbank : All targets are already up. Will not reset bank.
2024-09-08 19:55:09,717 : INFO : Mode.base : Started. Priority: 100
2024-09-08 19:55:09,718 : INFO : EventManager : Event: ======'modes_active_modes_changed'====== Args={}
2024-09-08 19:55:09,718 : INFO : EventManager : Event: ======'mode_base_started'====== Args={'queue': <QueuedEvent>, 'player': 1, 'ball': 1, 'balls_remaining': 2, 'is_extra_ball': False}
2024-09-08 19:55:09,718 : INFO : EventManager : Event: ======'balls_in_play'====== Args={'balls': 1}
2024-09-08 19:55:09,718 : INFO : EventManager : Event: ======'ball_started'====== Args={'player': 1, 'ball': 1, 'balls_remaining': 2, 'is_extra_ball': False}
2024-09-08 19:55:09,737 : INFO : EventManager : Event: ======'single_player_ball_started'====== Args={}
2024-09-08 19:55:09,737 : INFO : EventManager : Event: ======'slide_base_created'====== Args={'_from_bcp': True}
2024-09-08 19:55:09,737 : INFO : EventManager : Event: ======'slide_attract_inactive'====== Args={'is_removing': True, '_from_bcp': True}
2024-09-08 19:55:09,737 : INFO : EventManager : Event: ======'slide_base_active'====== Args={'original_context': 'base', 'original_calling_context': 'mode_base_started', 'priority': 100.0, 'queue': '<QueuedEvent>', 'player': 1.0, 'ball': 1.0, 'balls_remaining': 2.0, 'is_extra_ball': False, 'cmd': 'slides_play', '_from_bcp': True}
2024-09-08 19:55:09,737 : INFO : EventManager : Event: ======'slide_attract_removed'====== Args={'_from_bcp': True}
2024-09-08 19:55:09,737 : INFO : EventManager : Event: ======'ball_start_target'====== Args={'target': 'playfield'}
2024-09-08 19:55:09,737 : INFO : ball_device.bd_plunger : Setting up player-controlled eject. Balls: 1, Target: <playfield.playfield>, player_controlled_eject_event: s_launch_active
2024-09-08 19:55:09,739 : INFO : EventManager : Event: ======'balldevice_balls_available'====== Args={}
2024-09-08 19:55:09,739 : INFO : ball_device.bd_trough : State: waiting_for_target_ready
2024-09-08 19:55:09,739 : INFO : EventManager : Event: ======'balldevice_bd_trough_ball_eject_attempt'====== Args={'balls': 1, 'target': <ball_device.bd_plunger>, 'source': <ball_device.bd_trough>, 'mechanical_eject': True, 'num_attempts': 0}
2024-09-08 19:55:09,739 : INFO : ball_device.bd_plunger : State: waiting_for_ball
2024-09-08 19:55:09,739 : INFO : ball_device.bd_trough : State: ejecting
2024-09-08 19:55:09,739 : INFO : ball_device.bd_trough : Ejecting ball to <ball_device.bd_plunger>
2024-09-08 19:55:09,739 : INFO : EventManager : Event: ======'balldevice_bd_trough_ejecting_ball'====== Args={'balls': 1, 'target': <ball_device.bd_plunger>, 'source': <ball_device.bd_trough>, 'mechanical_eject': True, 'num_attempts': 0}
2024-09-08 19:55:09,739 : INFO : ball_device.bd_trough : Wait for ball to leave device
2024-09-08 19:55:09,740 : INFO : coil.c_trough_eject : Pulsing Driver for 25ms (1.0 pulse_power)
2024-09-08 19:55:10,614 : INFO : SwitchController : <<<<<<< 's_trough1' inactive >>>>>>>
2024-09-08 19:55:10,724 : INFO : ball_device.bd_trough : State: ball_left
2024-09-08 19:55:10,724 : INFO : ball_device.bd_trough : Ball left
2024-09-08 19:55:10,724 : INFO : ball_device.bd_trough : Wait for confirm with timeout 10.0
2024-09-08 19:55:12,830 : INFO : SwitchController : <<<<<<< 's_plunger_lane' active >>>>>>>
2024-09-08 19:55:12,831 : INFO : EventManager : Event: ======'machine_var_audits_switches_s_plunger_lane'====== Args={'value': 41, 'prev_value': 40, 'change': 1}
2024-09-08 19:55:13,348 : INFO : ball_device.bd_plunger : Received ball from <ball_device.bd_trough>
2024-09-08 19:55:13,348 : INFO : EventManager : Event: ======'balldevice_bd_plunger_ball_enter'====== Args={'new_balls': 1, 'unclaimed_balls': 0, 'new_available_balls': 0, 'device': <ball_device.bd_plunger>}
2024-09-08 19:55:13,348 : INFO : EventManager : Event: ======'balldevice_bd_plunger_ball_entered'====== Args={'new_balls': 0, 'device': <ball_device.bd_plunger>}
2024-09-08 19:55:13,349 : INFO : EventManager : Event: ======'balldevice_bd_plunger_ball_count_changed'====== Args={'balls': 1}
2024-09-08 19:55:13,349 : INFO : ball_device.bd_trough : Got eject confirm
2024-09-08 19:55:13,349 : INFO : ball_device.bd_trough : Eject successful
2024-09-08 19:55:13,349 : INFO : EventManager : Event: ======'balldevice_bd_trough_ball_eject_success'====== Args={'balls': 1, 'target': <ball_device.bd_plunger>}
2024-09-08 19:55:13,349 : INFO : ball_device.bd_plunger : State: waiting_for_target_ready
2024-09-08 19:55:13,349 : INFO : EventManager : Event: ======'balldevice_bd_plunger_ball_eject_attempt'====== Args={'balls': 1, 'target': <playfield.playfield>, 'source': <ball_device.bd_plunger>, 'mechanical_eject': True, 'num_attempts': 0}
2024-09-08 19:55:13,349 : INFO : EventManager : Event: ======'balldevice_bd_trough_ball_count_changed'====== Args={'balls': 3}
2024-09-08 19:55:13,349 : INFO : ball_device.bd_trough : State: idle
2024-09-08 19:55:13,350 : INFO : ball_device.bd_plunger : State: ejecting
2024-09-08 19:55:13,350 : INFO : ball_device.bd_plunger : Ejecting ball to <playfield.playfield>
2024-09-08 19:55:13,350 : INFO : EventManager : Event: ======'balldevice_bd_plunger_ejecting_ball'====== Args={'balls': 1, 'target': <playfield.playfield>, 'source': <ball_device.bd_plunger>, 'mechanical_eject': True, 'num_attempts': 0}
2024-09-08 19:55:13,351 : INFO : ball_device.bd_plunger : Wait for ball to leave device
2024-09-08 19:55:14,217 : INFO : SwitchController : <<<<<<< 's_plunger_lane' inactive >>>>>>>
2024-09-08 19:55:14,226 : INFO : ball_device.bd_plunger : State: ball_left
2024-09-08 19:55:14,227 : INFO : ball_device.bd_plunger : Ball left
2024-09-08 19:55:14,227 : INFO : ball_device.bd_plunger : Wait for confirm with timeout 10.0
2024-09-08 19:55:15,614 : INFO : SwitchController : <<<<<<< 's_toplane1' active >>>>>>>
2024-09-08 19:55:15,614 : INFO : EventManager : Event: ======'s_toplane1_active'====== Args={}
2024-09-08 19:55:15,615 : INFO : EventManager : Event: ======'machine_var_audits_switches_s_toplane1'====== Args={'value': 484, 'prev_value': 483, 'change': 1}
2024-09-08 19:55:15,615 : INFO : EventManager : Event: ======'player_score'====== Args={'value': 100, 'prev_value': 0, 'change': 100, 'player_num': 1, 'source': 'base'}
2024-09-08 19:55:15,731 : INFO : SwitchController : <<<<<<< 's_toplane1' inactive >>>>>>>
2024-09-08 19:55:15,881 : INFO : SwitchController : <<<<<<< 's_toplane1' active >>>>>>>
2024-09-08 19:55:15,881 : INFO : EventManager : Event: ======'s_toplane1_active'====== Args={}
2024-09-08 19:55:15,881 : INFO : EventManager : Event: ======'machine_var_audits_switches_s_toplane1'====== Args={'value': 485, 'prev_value': 484, 'change': 1}
2024-09-08 19:55:15,882 : INFO : EventManager : Event: ======'player_score'====== Args={'value': 200, 'prev_value': 100, 'change': 100, 'player_num': 1, 'source': 'base'}
2024-09-08 19:55:15,984 : INFO : SwitchController : <<<<<<< 's_toplane1' inactive >>>>>>>
2024-09-08 19:55:16,131 : INFO : SwitchController : <<<<<<< 's_toplane1' active >>>>>>>
2024-09-08 19:55:16,131 : INFO : EventManager : Event: ======'s_toplane1_active'====== Args={}
2024-09-08 19:55:16,131 : INFO : EventManager : Event: ======'machine_var_audits_switches_s_toplane1'====== Args={'value': 486, 'prev_value': 485, 'change': 1}
2024-09-08 19:55:16,131 : INFO : EventManager : Event: ======'player_score'====== Args={'value': 300, 'prev_value': 200, 'change': 100, 'player_num': 1, 'source': 'base'}
2024-09-08 19:55:16,198 : INFO : SwitchController : <<<<<<< 's_toplane1' inactive >>>>>>>
2024-09-08 19:55:16,331 : INFO : SwitchController : <<<<<<< 's_toplane1' active >>>>>>>
2024-09-08 19:55:16,331 : INFO : EventManager : Event: ======'s_toplane1_active'====== Args={}
2024-09-08 19:55:16,331 : INFO : EventManager : Event: ======'machine_var_audits_switches_s_toplane1'====== Args={'value': 487, 'prev_value': 486, 'change': 1}
2024-09-08 19:55:16,331 : INFO : EventManager : Event: ======'player_score'====== Args={'value': 400, 'prev_value': 300, 'change': 100, 'player_num': 1, 'source': 'base'}
2024-09-08 19:55:16,414 : INFO : SwitchController : <<<<<<< 's_toplane1' inactive >>>>>>>
2024-09-08 19:55:16,548 : INFO : SwitchController : <<<<<<< 's_toplane1' active >>>>>>>
2024-09-08 19:55:16,548 : INFO : EventManager : Event: ======'s_toplane1_active'====== Args={}
2024-09-08 19:55:16,548 : INFO : EventManager : Event: ======'machine_var_audits_switches_s_toplane1'====== Args={'value': 488, 'prev_value': 487, 'change': 1}
2024-09-08 19:55:16,549 : INFO : EventManager : Event: ======'player_score'====== Args={'value': 500, 'prev_value': 400, 'change': 100, 'player_num': 1, 'source': 'base'}
2024-09-08 19:55:16,625 : INFO : SwitchController : <<<<<<< 's_toplane1' inactive >>>>>>>
2024-09-08 19:55:16,781 : INFO : SwitchController : <<<<<<< 's_toplane1' active >>>>>>>
2024-09-08 19:55:16,781 : INFO : EventManager : Event: ======'s_toplane1_active'====== Args={}
2024-09-08 19:55:16,781 : INFO : EventManager : Event: ======'machine_var_audits_switches_s_toplane1'====== Args={'value': 489, 'prev_value': 488, 'change': 1}
2024-09-08 19:55:16,781 : INFO : EventManager : Event: ======'player_score'====== Args={'value': 600, 'prev_value': 500, 'change': 100, 'player_num': 1, 'source': 'base'}
2024-09-08 19:55:16,832 : INFO : SwitchController : <<<<<<< 's_toplane1' inactive >>>>>>>
2024-09-08 19:55:16,964 : INFO : SwitchController : <<<<<<< 's_toplane1' active >>>>>>>
2024-09-08 19:55:16,964 : INFO : EventManager : Event: ======'s_toplane1_active'====== Args={}
2024-09-08 19:55:16,964 : INFO : EventManager : Event: ======'machine_var_audits_switches_s_toplane1'====== Args={'value': 490, 'prev_value': 489, 'change': 1}
2024-09-08 19:55:16,965 : INFO : EventManager : Event: ======'player_score'====== Args={'value': 700, 'prev_value': 600, 'change': 100, 'player_num': 1, 'source': 'base'}
2024-09-08 19:55:17,047 : INFO : SwitchController : <<<<<<< 's_toplane1' inactive >>>>>>>
2024-09-08 19:55:17,180 : INFO : SwitchController : <<<<<<< 's_toplane1' active >>>>>>>
2024-09-08 19:55:17,180 : INFO : EventManager : Event: ======'s_toplane1_active'====== Args={}
2024-09-08 19:55:17,180 : INFO : EventManager : Event: ======'machine_var_audits_switches_s_toplane1'====== Args={'value': 491, 'prev_value': 490, 'change': 1}
2024-09-08 19:55:17,181 : INFO : EventManager : Event: ======'player_score'====== Args={'value': 800, 'prev_value': 700, 'change': 100, 'player_num': 1, 'source': 'base'}
2024-09-08 19:55:17,264 : INFO : SwitchController : <<<<<<< 's_toplane1' inactive >>>>>>>
2024-09-08 19:55:17,384 : INFO : SwitchController : <<<<<<< 's_toplane1' active >>>>>>>
2024-09-08 19:55:17,384 : INFO : EventManager : Event: ======'s_toplane1_active'====== Args={}
2024-09-08 19:55:17,384 : INFO : EventManager : Event: ======'machine_var_audits_switches_s_toplane1'====== Args={'value': 492, 'prev_value': 491, 'change': 1}
2024-09-08 19:55:17,385 : INFO : EventManager : Event: ======'player_score'====== Args={'value': 900, 'prev_value': 800, 'change': 100, 'player_num': 1, 'source': 'base'}
2024-09-08 19:55:17,447 : INFO : SwitchController : <<<<<<< 's_toplane1' inactive >>>>>>>
2024-09-08 19:55:17,581 : INFO : SwitchController : <<<<<<< 's_toplane1' active >>>>>>>
2024-09-08 19:55:17,581 : INFO : EventManager : Event: ======'s_toplane1_active'====== Args={}
2024-09-08 19:55:17,581 : INFO : EventManager : Event: ======'machine_var_audits_switches_s_toplane1'====== Args={'value': 493, 'prev_value': 492, 'change': 1}
2024-09-08 19:55:17,581 : INFO : EventManager : Event: ======'player_score'====== Args={'value': 1000, 'prev_value': 900, 'change': 100, 'player_num': 1, 'source': 'base'}
2024-09-08 19:55:17,663 : INFO : SwitchController : <<<<<<< 's_toplane1' inactive >>>>>>>
2024-09-08 19:55:17,797 : INFO : SwitchController : <<<<<<< 's_toplane1' active >>>>>>>
2024-09-08 19:55:17,797 : INFO : EventManager : Event: ======'s_toplane1_active'====== Args={}
2024-09-08 19:55:17,797 : INFO : EventManager : Event: ======'machine_var_audits_switches_s_toplane1'====== Args={'value': 494, 'prev_value': 493, 'change': 1}
2024-09-08 19:55:17,798 : INFO : EventManager : Event: ======'player_score'====== Args={'value': 1100, 'prev_value': 1000, 'change': 100, 'player_num': 1, 'source': 'base'}
2024-09-08 19:55:17,864 : INFO : SwitchController : <<<<<<< 's_toplane1' inactive >>>>>>>
2024-09-08 19:55:17,981 : INFO : SwitchController : <<<<<<< 's_toplane1' active >>>>>>>
2024-09-08 19:55:17,981 : INFO : EventManager : Event: ======'s_toplane1_active'====== Args={}
2024-09-08 19:55:17,981 : INFO : EventManager : Event: ======'machine_var_audits_switches_s_toplane1'====== Args={'value': 495, 'prev_value': 494, 'change': 1}
2024-09-08 19:55:17,982 : INFO : EventManager : Event: ======'player_score'====== Args={'value': 1200, 'prev_value': 1100, 'change': 100, 'player_num': 1, 'source': 'base'}
2024-09-08 19:55:18,064 : INFO : SwitchController : <<<<<<< 's_toplane1' inactive >>>>>>>
2024-09-08 19:55:18,185 : INFO : SwitchController : <<<<<<< 's_toplane1' active >>>>>>>
2024-09-08 19:55:18,185 : INFO : EventManager : Event: ======'s_toplane1_active'====== Args={}
2024-09-08 19:55:18,185 : INFO : EventManager : Event: ======'machine_var_audits_switches_s_toplane1'====== Args={'value': 496, 'prev_value': 495, 'change': 1}
2024-09-08 19:55:18,185 : INFO : EventManager : Event: ======'player_score'====== Args={'value': 1300, 'prev_value': 1200, 'change': 100, 'player_num': 1, 'source': 'base'}
2024-09-08 19:55:18,263 : INFO : SwitchController : <<<<<<< 's_toplane1' inactive >>>>>>>
2024-09-08 19:55:18,364 : INFO : SwitchController : <<<<<<< 's_toplane1' active >>>>>>>
2024-09-08 19:55:18,364 : INFO : EventManager : Event: ======'s_toplane1_active'====== Args={}
2024-09-08 19:55:18,364 : INFO : EventManager : Event: ======'machine_var_audits_switches_s_toplane1'====== Args={'value': 497, 'prev_value': 496, 'change': 1}
2024-09-08 19:55:18,365 : INFO : EventManager : Event: ======'player_score'====== Args={'value': 1400, 'prev_value': 1300, 'change': 100, 'player_num': 1, 'source': 'base'}
2024-09-08 19:55:18,447 : INFO : SwitchController : <<<<<<< 's_toplane1' inactive >>>>>>>
2024-09-08 19:55:18,566 : INFO : SwitchController : <<<<<<< 's_toplane1' active >>>>>>>
2024-09-08 19:55:18,566 : INFO : EventManager : Event: ======'s_toplane1_active'====== Args={}
2024-09-08 19:55:18,567 : INFO : EventManager : Event: ======'machine_var_audits_switches_s_toplane1'====== Args={'value': 498, 'prev_value': 497, 'change': 1}
2024-09-08 19:55:18,567 : INFO : EventManager : Event: ======'player_score'====== Args={'value': 1500, 'prev_value': 1400, 'change': 100, 'player_num': 1, 'source': 'base'}
2024-09-08 19:55:18,648 : INFO : SwitchController : <<<<<<< 's_toplane1' inactive >>>>>>>
2024-09-08 19:55:18,785 : INFO : SwitchController : <<<<<<< 's_toplane1' active >>>>>>>
2024-09-08 19:55:18,786 : INFO : EventManager : Event: ======'s_toplane1_active'====== Args={}
2024-09-08 19:55:18,786 : INFO : EventManager : Event: ======'machine_var_audits_switches_s_toplane1'====== Args={'value': 499, 'prev_value': 498, 'change': 1}
2024-09-08 19:55:18,788 : INFO : EventManager : Event: ======'player_score'====== Args={'value': 1600, 'prev_value': 1500, 'change': 100, 'player_num': 1, 'source': 'base'}
2024-09-08 19:55:18,853 : INFO : SwitchController : <<<<<<< 's_toplane1' inactive >>>>>>>
2024-09-08 19:55:18,969 : INFO : SwitchController : <<<<<<< 's_toplane1' active >>>>>>>
2024-09-08 19:55:18,969 : INFO : EventManager : Event: ======'s_toplane1_active'====== Args={}
2024-09-08 19:55:18,969 : INFO : EventManager : Event: ======'machine_var_audits_switches_s_toplane1'====== Args={'value': 500, 'prev_value': 499, 'change': 1}
2024-09-08 19:55:18,970 : INFO : EventManager : Event: ======'player_score'====== Args={'value': 1700, 'prev_value': 1600, 'change': 100, 'player_num': 1, 'source': 'base'}
2024-09-08 19:55:19,047 : INFO : SwitchController : <<<<<<< 's_toplane1' inactive >>>>>>>
2024-09-08 19:55:19,197 : INFO : SwitchController : <<<<<<< 's_toplane1' active >>>>>>>
2024-09-08 19:55:19,197 : INFO : EventManager : Event: ======'s_toplane1_active'====== Args={}
2024-09-08 19:55:19,197 : INFO : EventManager : Event: ======'machine_var_audits_switches_s_toplane1'====== Args={'value': 501, 'prev_value': 500, 'change': 1}
2024-09-08 19:55:19,198 : INFO : EventManager : Event: ======'player_score'====== Args={'value': 1800, 'prev_value': 1700, 'change': 100, 'player_num': 1, 'source': 'base'}
2024-09-08 19:55:19,285 : INFO : SwitchController : <<<<<<< 's_toplane1' inactive >>>>>>>
2024-09-08 19:55:19,415 : INFO : SwitchController : <<<<<<< 's_toplane1' active >>>>>>>
2024-09-08 19:55:19,415 : INFO : EventManager : Event: ======'s_toplane1_active'====== Args={}
2024-09-08 19:55:19,415 : INFO : EventManager : Event: ======'machine_var_audits_switches_s_toplane1'====== Args={'value': 502, 'prev_value': 501, 'change': 1}
2024-09-08 19:55:19,416 : INFO : EventManager : Event: ======'player_score'====== Args={'value': 1900, 'prev_value': 1800, 'change': 100, 'player_num': 1, 'source': 'base'}
2024-09-08 19:55:19,480 : INFO : SwitchController : <<<<<<< 's_toplane1' inactive >>>>>>>
2024-09-08 19:55:19,615 : INFO : SwitchController : <<<<<<< 's_toplane1' active >>>>>>>
2024-09-08 19:55:19,615 : INFO : EventManager : Event: ======'s_toplane1_active'====== Args={}
2024-09-08 19:55:19,615 : INFO : EventManager : Event: ======'machine_var_audits_switches_s_toplane1'====== Args={'value': 503, 'prev_value': 502, 'change': 1}
2024-09-08 19:55:19,616 : INFO : EventManager : Event: ======'player_score'====== Args={'value': 2000, 'prev_value': 1900, 'change': 100, 'player_num': 1, 'source': 'base'}
2024-09-08 19:55:19,727 : INFO : SwitchController : <<<<<<< 's_toplane1' inactive >>>>>>>
2024-09-08 19:55:19,831 : INFO : SwitchController : <<<<<<< 's_toplane1' active >>>>>>>
2024-09-08 19:55:19,831 : INFO : EventManager : Event: ======'s_toplane1_active'====== Args={}
2024-09-08 19:55:19,831 : INFO : EventManager : Event: ======'machine_var_audits_switches_s_toplane1'====== Args={'value': 504, 'prev_value': 503, 'change': 1}
2024-09-08 19:55:19,831 : INFO : EventManager : Event: ======'player_score'====== Args={'value': 2100, 'prev_value': 2000, 'change': 100, 'player_num': 1, 'source': 'base'}
2024-09-08 19:55:19,930 : INFO : SwitchController : <<<<<<< 's_toplane1' inactive >>>>>>>
2024-09-08 19:55:20,065 : INFO : SwitchController : <<<<<<< 's_toplane1' active >>>>>>>
2024-09-08 19:55:20,065 : INFO : EventManager : Event: ======'s_toplane1_active'====== Args={}
2024-09-08 19:55:20,066 : INFO : EventManager : Event: ======'machine_var_audits_switches_s_toplane1'====== Args={'value': 505, 'prev_value': 504, 'change': 1}
2024-09-08 19:55:20,066 : INFO : EventManager : Event: ======'player_score'====== Args={'value': 2200, 'prev_value': 2100, 'change': 100, 'player_num': 1, 'source': 'base'}
2024-09-08 19:55:20,131 : INFO : SwitchController : <<<<<<< 's_toplane1' inactive >>>>>>>
2024-09-08 19:55:20,264 : INFO : SwitchController : <<<<<<< 's_toplane1' active >>>>>>>
2024-09-08 19:55:20,264 : INFO : EventManager : Event: ======'s_toplane1_active'====== Args={}
2024-09-08 19:55:20,264 : INFO : EventManager : Event: ======'machine_var_audits_switches_s_toplane1'====== Args={'value': 506, 'prev_value': 505, 'change': 1}
2024-09-08 19:55:20,265 : INFO : EventManager : Event: ======'player_score'====== Args={'value': 2300, 'prev_value': 2200, 'change': 100, 'player_num': 1, 'source': 'base'}
2024-09-08 19:55:20,347 : INFO : SwitchController : <<<<<<< 's_toplane1' inactive >>>>>>>
2024-09-08 19:55:20,464 : INFO : SwitchController : <<<<<<< 's_toplane1' active >>>>>>>
2024-09-08 19:55:20,464 : INFO : EventManager : Event: ======'s_toplane1_active'====== Args={}
2024-09-08 19:55:20,464 : INFO : EventManager : Event: ======'machine_var_audits_switches_s_toplane1'====== Args={'value': 507, 'prev_value': 506, 'change': 1}
2024-09-08 19:55:20,464 : INFO : EventManager : Event: ======'player_score'====== Args={'value': 2400, 'prev_value': 2300, 'change': 100, 'player_num': 1, 'source': 'base'}
2024-09-08 19:55:20,548 : INFO : SwitchController : <<<<<<< 's_toplane1' inactive >>>>>>>
2024-09-08 19:55:20,667 : INFO : SwitchController : <<<<<<< 's_toplane1' active >>>>>>>
2024-09-08 19:55:20,667 : INFO : EventManager : Event: ======'s_toplane1_active'====== Args={}
2024-09-08 19:55:20,667 : INFO : EventManager : Event: ======'machine_var_audits_switches_s_toplane1'====== Args={'value': 508, 'prev_value': 507, 'change': 1}
2024-09-08 19:55:20,667 : INFO : EventManager : Event: ======'player_score'====== Args={'value': 2500, 'prev_value': 2400, 'change': 100, 'player_num': 1, 'source': 'base'}
2024-09-08 19:55:20,798 : INFO : SwitchController : <<<<<<< 's_toplane1' inactive >>>>>>>
2024-09-08 19:55:21,599 : INFO : Machine : Shutting down...
2024-09-08 19:55:21,599 : INFO : EventManager : Event: ======'shutdown'====== Args={}
2024-09-08 19:55:21,600 : INFO : EventManager : Event: ======'mode_game_will_stop'====== Args={}
2024-09-08 19:55:21,600 : INFO : EventManager : Event: ======'mode_game_stopping'====== Args={}
2024-09-08 19:55:21,601 : INFO : EventManager : Event: ======'mode_base_will_stop'====== Args={}
2024-09-08 19:55:21,601 : INFO : EventManager : Event: ======'mode_base_stopping'====== Args={}
2024-09-08 19:55:21,601 : INFO : Mode.base : Stopped.
2024-09-08 19:55:21,601 : INFO : EventManager : Event: ======'modes_active_modes_changed'====== Args={}
2024-09-08 19:55:21,601 : INFO : EventManager : Event: ======'mode_base_stopped'====== Args={}
2024-09-08 19:55:21,601 : INFO : EventManager : Event: ======'clear'====== Args={'key': 'base'}
2024-09-08 19:55:21,601 : INFO : Mode.game : Stopped.
2024-09-08 19:55:21,601 : INFO : EventManager : Event: ======'modes_active_modes_changed'====== Args={}
2024-09-08 19:55:21,602 : INFO : EventManager : Event: ======'mode_game_stopped'====== Args={}
2024-09-08 19:55:21,602 : INFO : EventManager : Event: ======'clear'====== Args={'key': 'game'}
2024-09-08 19:55:21,604 : INFO : root : MPF run loop ended.
