2024-09-14 14:29:40,123 : INFO : root : Loading config.
2024-09-14 14:29:40,128 : INFO : YamlMultifileConfigLoader : Machine config file #1: config.yaml
2024-09-14 14:29:40,128 : INFO : ConfigProcessor : Loading config from cache: C:\Users\dorus\AppData\Local\Temp\636ce416879e362e618e72aa23ee7aae.mpf_cache
2024-09-14 14:29:40,129 : WARNING : ConfigProcessor : Config file in cache changed: C:\Users\dorus\OneDrive\Documents\Pinball\PortalPinball-V4.0\machinefolder\config\light_shows.yaml
2024-09-14 14:29:40,130 : INFO : ConfigProcessor : Loading config from file C:\ProgramData\anaconda3\envs\mpfenv\Lib\site-packages\mpf\mpfconfig.yaml.
2024-09-14 14:29:40,138 : INFO : ConfigProcessor : Loading config: C:\ProgramData\anaconda3\envs\mpfenv\Lib\site-packages\mpf\mpfconfig.yaml
2024-09-14 14:29:40,138 : INFO : ConfigProcessor : Loading config from file C:\Users\dorus\OneDrive\Documents\Pinball\PortalPinball-V4.0\machinefolder\config\config.yaml.
2024-09-14 14:29:40,139 : INFO : ConfigProcessor : Loading config: C:\Users\dorus\OneDrive\Documents\Pinball\PortalPinball-V4.0\machinefolder\config\config.yaml
2024-09-14 14:29:40,140 : INFO : ConfigProcessor : Loading config: C:\Users\dorus\OneDrive\Documents\Pinball\PortalPinball-V4.0\machinefolder\config\hardware-basic.yaml
2024-09-14 14:29:40,141 : INFO : ConfigProcessor : Loading config: C:\Users\dorus\OneDrive\Documents\Pinball\PortalPinball-V4.0\machinefolder\config\hardware-coils.yaml
2024-09-14 14:29:40,142 : INFO : ConfigProcessor : Loading config: C:\Users\dorus\OneDrive\Documents\Pinball\PortalPinball-V4.0\machinefolder\config\hardware-switches.yaml
2024-09-14 14:29:40,143 : INFO : ConfigProcessor : Loading config: C:\Users\dorus\OneDrive\Documents\Pinball\PortalPinball-V4.0\machinefolder\config\hardware-devices.yaml
2024-09-14 14:29:40,144 : INFO : ConfigProcessor : Loading config: C:\Users\dorus\OneDrive\Documents\Pinball\PortalPinball-V4.0\machinefolder\config\light_shows.yaml
2024-09-14 14:29:40,145 : INFO : ConfigProcessor : Config file cache created: C:\Users\dorus\AppData\Local\Temp\636ce416879e362e618e72aa23ee7aae.mpf_cache
2024-09-14 14:29:40,213 : WARNING : ConfigProcessor : Config file in cache changed: C:\Users\dorus\OneDrive\Documents\Pinball\PortalPinball-V4.0\machinefolder\modes\attract\config\attract.yaml
2024-09-14 14:29:40,213 : INFO : ConfigProcessor : Loading config from file C:\ProgramData\anaconda3\envs\mpfenv\Lib\site-packages\mpf\modes\attract\config\attract.yaml.
2024-09-14 14:29:40,214 : INFO : ConfigProcessor : Loading config: C:\ProgramData\anaconda3\envs\mpfenv\Lib\site-packages\mpf\modes\attract\config\attract.yaml
2024-09-14 14:29:40,214 : INFO : ConfigProcessor : Loading config from file C:\Users\dorus\OneDrive\Documents\Pinball\PortalPinball-V4.0\machinefolder\modes\attract\config\attract.yaml.
2024-09-14 14:29:40,215 : INFO : ConfigProcessor : Loading config: C:\Users\dorus\OneDrive\Documents\Pinball\PortalPinball-V4.0\machinefolder\modes\attract\config\attract.yaml
2024-09-14 14:29:40,215 : INFO : ConfigProcessor : Config file cache created: C:\Users\dorus\AppData\Local\Temp\88f25e45fa15743a3d93de98d7c6ca4c.mpf_cache
2024-09-14 14:29:40,215 : INFO : ConfigProcessor : Loading config from cache: C:\Users\dorus\AppData\Local\Temp\d8bc63701c1a2ad1653a8cc5aec9548a.mpf_cache
2024-09-14 14:29:40,216 : INFO : ConfigProcessor : Loading config from cache: C:\Users\dorus\AppData\Local\Temp\10d9290df991d16f66be8677f9ce93b5.mpf_cache
