2024-09-13 21:57:56,244 : INFO : root : Loading config.
2024-09-13 21:57:56,246 : INFO : YamlMultifileConfigLoader : Machine config file #1: config.yaml
2024-09-13 21:57:56,247 : INFO : ConfigProcessor : Loading config from cache: C:\Users\dorus\AppData\Local\Temp\636ce416879e362e618e72aa23ee7aae.mpf_cache
2024-09-13 21:57:56,337 : INFO : ConfigProcessor : Loading config from cache: C:\Users\dorus\AppData\Local\Temp\88f25e45fa15743a3d93de98d7c6ca4c.mpf_cache
2024-09-13 21:57:56,345 : INFO : ConfigProcessor : Loading config from cache: C:\Users\dorus\AppData\Local\Temp\d8bc63701c1a2ad1653a8cc5aec9548a.mpf_cache
2024-09-13 21:57:56,345 : INFO : ConfigProcessor : Loading config from cache: C:\Users\dorus\AppData\Local\Temp\10d9290df991d16f66be8677f9ce93b5.mpf_cache
2024-09-13 21:57:56,346 : INFO : Machine : Mission Pinball Framework Core Engine v0.80.0.dev4
2024-09-13 21:57:56,346 : INFO : Machine : Command line arguments: {'no_load_cache': False, 'create_config_cache': True, 'bcp': True, 'configfile': ['config.yaml'], 'force_assets_load': False, 'platform_integration_test': False, 'jsonlogging': False, 'logfile': 'logs\\2024-09-13-21-57-56-mpf-Gaming_Dorus.log', 'pause': False, 'production': False, 'text_ui': True, 'loglevel': 15, 'consoleloglevel': 20, 'force_platform': 'virtual', 'syslog_address': None, 'mc_file_name': None, 'no_sound': False, 'full_logfile_path': 'C:\\Users\\dorus\\OneDrive\\Documents\\Pinball\\PortalPinball-V4.0\\machinefolder\\logs\\2024-09-13-21-57-56-mpf-Gaming_Dorus.log'}
2024-09-13 21:57:56,346 : INFO : Machine : MPF path: C:\ProgramData\anaconda3\envs\mpfenv\Lib\site-packages\mpf
2024-09-13 21:57:56,346 : INFO : Machine : Machine path: C:\Users\dorus\OneDrive\Documents\Pinball\PortalPinball-V4.0\machinefolder
2024-09-13 21:57:56,346 : INFO : Machine : Platform: win32
2024-09-13 21:57:56,346 : INFO : Machine : Python executable location: C:\ProgramData\anaconda3\envs\mpfenv\python.exe
2024-09-13 21:57:56,346 : INFO : Machine : Python version: 3.12.4 (64-bit)
2024-09-13 21:57:56,347 : INFO : Machine : Initializing MPF...
2024-09-13 21:57:56,507 : INFO : EventManager : Event: ======'machine_var_credits_string'====== Args={'value': 'FREE PLAY', 'prev_value': None, 'change': True}
2024-09-13 21:57:56,533 : INFO : EventManager : Event: ======'machine_var_master_volume'====== Args={'value': 0.5, 'prev_value': None, 'change': True}
2024-09-13 21:57:56,533 : INFO : EventManager : Event: ======'machine_var_player1_score'====== Args={'value': 0, 'prev_value': None, 'change': True}
2024-09-13 21:57:56,533 : INFO : EventManager : Event: ======'machine_var_mpf_version'====== Args={'value': 'Mission Pinball Framework v0.80.0.dev4', 'prev_value': None, 'change': True}
2024-09-13 21:57:56,533 : INFO : EventManager : Event: ======'machine_var_mpf_extended_version'====== Args={'value': 'Mission Pinball Framework v0.80.0.dev4, Config version:6, Show version: 6, BCP version:1.1', 'prev_value': None, 'change': True}
2024-09-13 21:57:56,534 : INFO : EventManager : Event: ======'machine_var_python_version'====== Args={'value': '3.12.4', 'prev_value': None, 'change': True}
2024-09-13 21:57:56,597 : INFO : EventManager : Event: ======'machine_var_platform'====== Args={'value': 'Windows-11-10.0.22631-SP0', 'prev_value': None, 'change': True}
2024-09-13 21:57:56,598 : INFO : EventManager : Event: ======'machine_var_platform_system'====== Args={'value': 'Windows', 'prev_value': None, 'change': True}
2024-09-13 21:57:56,598 : INFO : EventManager : Event: ======'machine_var_platform_release'====== Args={'value': '11', 'prev_value': None, 'change': True}
2024-09-13 21:57:56,598 : INFO : EventManager : Event: ======'machine_var_platform_version'====== Args={'value': '10.0.22631', 'prev_value': None, 'change': True}
2024-09-13 21:57:56,598 : INFO : EventManager : Event: ======'machine_var_platform_machine'====== Args={'value': 'AMD64', 'prev_value': None, 'change': True}
2024-09-13 21:57:56,598 : INFO : EventManager : Event: ======'machine_var_log_file_path'====== Args={'value': 'C:\\Users\\dorus\\OneDrive\\Documents\\Pinball\\PortalPinball-V4.0\\machinefolder\\logs\\2024-09-13-21-57-56-mpf-Gaming_Dorus.log', 'prev_value': None, 'change': True}
2024-09-13 21:57:56,598 : INFO : EventManager : Event: ======'init_phase_1'====== Args={}
2024-09-13 21:57:56,615 : INFO : EventManager : Event: ======'drop_target_bank_db_dropbank_up'====== Args={}
2024-09-13 21:57:56,616 : INFO : EventManager : Event: ======'init_phase_2'====== Args={}
2024-09-13 21:57:56,616 : INFO : SwitchController : Found active switch: ('2-1-16', <Platform.Virtual>) <switch.s_trough1>
2024-09-13 21:57:56,616 : INFO : SwitchController : Found active switch: ('2-1-17', <Platform.Virtual>) <switch.s_trough2>
2024-09-13 21:57:56,616 : INFO : SwitchController : Found active switch: ('2-1-18', <Platform.Virtual>) <switch.s_trough3>
2024-09-13 21:57:56,616 : INFO : SwitchController : Found active switch: ('2-1-19', <Platform.Virtual>) <switch.s_trough4>
2024-09-13 21:57:56,618 : INFO : EventManager : Event: ======'bcp_connection_attempt'====== Args={'name': 'local_display', 'host': 'localhost', 'port': 5050}
2024-09-13 21:57:56,620 : INFO : BCPClientSocket : Connecting BCP to 'local_display' at localhost:5050...
2024-09-13 21:57:56,631 : INFO : BCPClientSocket : Connected BCP to 'local_display' localhost:5050
2024-09-13 21:57:56,631 : INFO : EventManager : Event: ======'bcp_clients_connected'====== Args={}
2024-09-13 21:57:56,731 : INFO : ball_device.bd_trough : BCH: Initial count: 4
2024-09-13 21:57:56,731 : INFO : ball_device.bd_trough : State: idle
2024-09-13 21:57:56,732 : INFO : ball_device.bd_plunger : BCH: Initial count: 0
2024-09-13 21:57:56,732 : INFO : ball_device.bd_plunger : State: idle
2024-09-13 21:57:56,743 : INFO : EventManager : Event: ======'init_phase_3'====== Args={}
2024-09-13 21:57:56,745 : INFO : EventManager : Event: ======'init_phase_4'====== Args={}
2024-09-13 21:57:56,745 : INFO : BallController : Initial balls found: 4
2024-09-13 21:57:56,747 : INFO : EventManager : Event: ======'machine_var_audits_events_game_ended'====== Args={'value': 1, 'prev_value': None, 'change': True}
2024-09-13 21:57:56,747 : INFO : EventManager : Event: ======'machine_var_audits_events_game_started'====== Args={'value': 22, 'prev_value': None, 'change': True}
2024-09-13 21:57:56,747 : INFO : EventManager : Event: ======'machine_var_audits_missing_switches_s_Other01'====== Args={'value': 22, 'prev_value': None, 'change': True}
2024-09-13 21:57:56,747 : INFO : EventManager : Event: ======'machine_var_audits_missing_switches_s_Other02'====== Args={'value': 22, 'prev_value': None, 'change': True}
2024-09-13 21:57:56,747 : INFO : EventManager : Event: ======'machine_var_audits_missing_switches_s_Other03'====== Args={'value': 22, 'prev_value': None, 'change': True}
2024-09-13 21:57:56,747 : INFO : EventManager : Event: ======'machine_var_audits_missing_switches_s_Other04'====== Args={'value': 22, 'prev_value': None, 'change': True}
2024-09-13 21:57:56,747 : INFO : EventManager : Event: ======'machine_var_audits_missing_switches_s_Other05'====== Args={'value': 22, 'prev_value': None, 'change': True}
2024-09-13 21:57:56,747 : INFO : EventManager : Event: ======'machine_var_audits_missing_switches_s_Other06'====== Args={'value': 22, 'prev_value': None, 'change': True}
2024-09-13 21:57:56,747 : INFO : EventManager : Event: ======'machine_var_audits_missing_switches_s_Other07'====== Args={'value': 22, 'prev_value': None, 'change': True}
2024-09-13 21:57:56,747 : INFO : EventManager : Event: ======'machine_var_audits_missing_switches_s_Other08'====== Args={'value': 22, 'prev_value': None, 'change': True}
2024-09-13 21:57:56,747 : INFO : EventManager : Event: ======'machine_var_audits_missing_switches_s_Other09'====== Args={'value': 22, 'prev_value': None, 'change': True}
2024-09-13 21:57:56,747 : INFO : EventManager : Event: ======'machine_var_audits_missing_switches_s_bottomlane1'====== Args={'value': 22, 'prev_value': None, 'change': True}
2024-09-13 21:57:56,747 : INFO : EventManager : Event: ======'machine_var_audits_missing_switches_s_bottomlane2'====== Args={'value': 22, 'prev_value': None, 'change': True}
2024-09-13 21:57:56,747 : INFO : EventManager : Event: ======'machine_var_audits_missing_switches_s_bottomlane3'====== Args={'value': 22, 'prev_value': None, 'change': True}
2024-09-13 21:57:56,747 : INFO : EventManager : Event: ======'machine_var_audits_missing_switches_s_bottomlane4'====== Args={'value': 22, 'prev_value': None, 'change': True}
2024-09-13 21:57:56,747 : INFO : EventManager : Event: ======'machine_var_audits_missing_switches_s_bottomlane5'====== Args={'value': 22, 'prev_value': None, 'change': True}
2024-09-13 21:57:56,747 : INFO : EventManager : Event: ======'machine_var_audits_missing_switches_s_drop1'====== Args={'value': 22, 'prev_value': None, 'change': True}
2024-09-13 21:57:56,748 : INFO : EventManager : Event: ======'machine_var_audits_missing_switches_s_drop2'====== Args={'value': 22, 'prev_value': None, 'change': True}
2024-09-13 21:57:56,748 : INFO : EventManager : Event: ======'machine_var_audits_missing_switches_s_drop3'====== Args={'value': 22, 'prev_value': None, 'change': True}
2024-09-13 21:57:56,748 : INFO : EventManager : Event: ======'machine_var_audits_missing_switches_s_launch'====== Args={'value': 22, 'prev_value': None, 'change': True}
2024-09-13 21:57:56,748 : INFO : EventManager : Event: ======'machine_var_audits_missing_switches_s_left_sling'====== Args={'value': 22, 'prev_value': None, 'change': True}
2024-09-13 21:57:56,748 : INFO : EventManager : Event: ======'machine_var_audits_missing_switches_s_popbumber_1'====== Args={'value': 22, 'prev_value': None, 'change': True}
2024-09-13 21:57:56,748 : INFO : EventManager : Event: ======'machine_var_audits_missing_switches_s_popbumber_2'====== Args={'value': 22, 'prev_value': None, 'change': True}
2024-09-13 21:57:56,748 : INFO : EventManager : Event: ======'machine_var_audits_missing_switches_s_popbumber_3'====== Args={'value': 22, 'prev_value': None, 'change': True}
2024-09-13 21:57:56,748 : INFO : EventManager : Event: ======'machine_var_audits_missing_switches_s_right_sling'====== Args={'value': 22, 'prev_value': None, 'change': True}
2024-09-13 21:57:56,748 : INFO : EventManager : Event: ======'machine_var_audits_missing_switches_s_start'====== Args={'value': 5, 'prev_value': None, 'change': True}
2024-09-13 21:57:56,748 : INFO : EventManager : Event: ======'machine_var_audits_missing_switches_s_toplane2'====== Args={'value': 22, 'prev_value': None, 'change': True}
2024-09-13 21:57:56,748 : INFO : EventManager : Event: ======'machine_var_audits_missing_switches_s_toplane3'====== Args={'value': 22, 'prev_value': None, 'change': True}
2024-09-13 21:57:56,748 : INFO : EventManager : Event: ======'machine_var_audits_missing_switches_s_trough1'====== Args={'value': 4, 'prev_value': None, 'change': True}
2024-09-13 21:57:56,748 : INFO : EventManager : Event: ======'machine_var_audits_missing_switches_s_trough2'====== Args={'value': 22, 'prev_value': None, 'change': True}
2024-09-13 21:57:56,748 : INFO : EventManager : Event: ======'machine_var_audits_missing_switches_s_trough3'====== Args={'value': 22, 'prev_value': None, 'change': True}
2024-09-13 21:57:56,748 : INFO : EventManager : Event: ======'machine_var_audits_missing_switches_s_trough4'====== Args={'value': 22, 'prev_value': None, 'change': True}
2024-09-13 21:57:56,748 : INFO : EventManager : Event: ======'machine_var_audits_missing_switches_s_trough5'====== Args={'value': 22, 'prev_value': None, 'change': True}
2024-09-13 21:57:56,748 : INFO : EventManager : Event: ======'machine_var_audits_missing_switches_s_trough6'====== Args={'value': 22, 'prev_value': None, 'change': True}
2024-09-13 21:57:56,748 : INFO : EventManager : Event: ======'machine_var_audits_missing_switches_s_trough_jam'====== Args={'value': 22, 'prev_value': None, 'change': True}
2024-09-13 21:57:56,748 : INFO : EventManager : Event: ======'machine_var_audits_missing_switches_s_vukmid'====== Args={'value': 22, 'prev_value': None, 'change': True}
2024-09-13 21:57:56,748 : INFO : EventManager : Event: ======'machine_var_audits_missing_switches_s_vuktop'====== Args={'value': 22, 'prev_value': None, 'change': True}
2024-09-13 21:57:56,750 : INFO : EventManager : Event: ======'machine_var_audits_player_score'====== Args={'value': {'average': 0, 'top': [0], 'total': 1}, 'prev_value': None, 'change': True}
2024-09-13 21:57:56,750 : INFO : EventManager : Event: ======'machine_var_audits_switches_s_Other01'====== Args={'value': 0, 'prev_value': None, 'change': True}
2024-09-13 21:57:56,750 : INFO : EventManager : Event: ======'machine_var_audits_switches_s_Other02'====== Args={'value': 0, 'prev_value': None, 'change': True}
2024-09-13 21:57:56,750 : INFO : EventManager : Event: ======'machine_var_audits_switches_s_Other03'====== Args={'value': 0, 'prev_value': None, 'change': True}
2024-09-13 21:57:56,750 : INFO : EventManager : Event: ======'machine_var_audits_switches_s_Other04'====== Args={'value': 0, 'prev_value': None, 'change': True}
2024-09-13 21:57:56,750 : INFO : EventManager : Event: ======'machine_var_audits_switches_s_Other05'====== Args={'value': 0, 'prev_value': None, 'change': True}
2024-09-13 21:57:56,750 : INFO : EventManager : Event: ======'machine_var_audits_switches_s_Other06'====== Args={'value': 0, 'prev_value': None, 'change': True}
2024-09-13 21:57:56,750 : INFO : EventManager : Event: ======'machine_var_audits_switches_s_Other07'====== Args={'value': 0, 'prev_value': None, 'change': True}
2024-09-13 21:57:56,750 : INFO : EventManager : Event: ======'machine_var_audits_switches_s_Other08'====== Args={'value': 0, 'prev_value': None, 'change': True}
2024-09-13 21:57:56,750 : INFO : EventManager : Event: ======'machine_var_audits_switches_s_Other09'====== Args={'value': 0, 'prev_value': None, 'change': True}
2024-09-13 21:57:56,750 : INFO : EventManager : Event: ======'machine_var_audits_switches_s_bottomlane1'====== Args={'value': 0, 'prev_value': None, 'change': True}
2024-09-13 21:57:56,750 : INFO : EventManager : Event: ======'machine_var_audits_switches_s_bottomlane2'====== Args={'value': 0, 'prev_value': None, 'change': True}
2024-09-13 21:57:56,750 : INFO : EventManager : Event: ======'machine_var_audits_switches_s_bottomlane3'====== Args={'value': 0, 'prev_value': None, 'change': True}
2024-09-13 21:57:56,751 : INFO : EventManager : Event: ======'machine_var_audits_switches_s_bottomlane4'====== Args={'value': 0, 'prev_value': None, 'change': True}
2024-09-13 21:57:56,751 : INFO : EventManager : Event: ======'machine_var_audits_switches_s_bottomlane5'====== Args={'value': 0, 'prev_value': None, 'change': True}
2024-09-13 21:57:56,751 : INFO : EventManager : Event: ======'machine_var_audits_switches_s_drop1'====== Args={'value': 0, 'prev_value': None, 'change': True}
2024-09-13 21:57:56,751 : INFO : EventManager : Event: ======'machine_var_audits_switches_s_drop2'====== Args={'value': 0, 'prev_value': None, 'change': True}
2024-09-13 21:57:56,751 : INFO : EventManager : Event: ======'machine_var_audits_switches_s_drop3'====== Args={'value': 0, 'prev_value': None, 'change': True}
2024-09-13 21:57:56,751 : INFO : EventManager : Event: ======'machine_var_audits_switches_s_launch'====== Args={'value': 0, 'prev_value': None, 'change': True}
2024-09-13 21:57:56,751 : INFO : EventManager : Event: ======'machine_var_audits_switches_s_left_sling'====== Args={'value': 0, 'prev_value': None, 'change': True}
2024-09-13 21:57:56,751 : INFO : EventManager : Event: ======'machine_var_audits_switches_s_plunger_lane'====== Args={'value': 43, 'prev_value': None, 'change': True}
2024-09-13 21:57:56,751 : INFO : EventManager : Event: ======'machine_var_audits_switches_s_popbumber_1'====== Args={'value': 0, 'prev_value': None, 'change': True}
2024-09-13 21:57:56,751 : INFO : EventManager : Event: ======'machine_var_audits_switches_s_popbumber_2'====== Args={'value': 0, 'prev_value': None, 'change': True}
2024-09-13 21:57:56,752 : INFO : EventManager : Event: ======'machine_var_audits_switches_s_popbumber_3'====== Args={'value': 0, 'prev_value': None, 'change': True}
2024-09-13 21:57:56,752 : INFO : EventManager : Event: ======'machine_var_audits_switches_s_right_sling'====== Args={'value': 0, 'prev_value': None, 'change': True}
2024-09-13 21:57:56,752 : INFO : EventManager : Event: ======'machine_var_audits_switches_s_start'====== Args={'value': 47, 'prev_value': None, 'change': True}
2024-09-13 21:57:56,752 : INFO : EventManager : Event: ======'machine_var_audits_switches_s_toplane1'====== Args={'value': 559, 'prev_value': None, 'change': True}
2024-09-13 21:57:56,752 : INFO : EventManager : Event: ======'machine_var_audits_switches_s_toplane2'====== Args={'value': 0, 'prev_value': None, 'change': True}
2024-09-13 21:57:56,752 : INFO : EventManager : Event: ======'machine_var_audits_switches_s_toplane3'====== Args={'value': 0, 'prev_value': None, 'change': True}
2024-09-13 21:57:56,752 : INFO : EventManager : Event: ======'machine_var_audits_switches_s_trough1'====== Args={'value': 33, 'prev_value': None, 'change': True}
2024-09-13 21:57:56,752 : INFO : EventManager : Event: ======'machine_var_audits_switches_s_trough2'====== Args={'value': 0, 'prev_value': None, 'change': True}
2024-09-13 21:57:56,752 : INFO : EventManager : Event: ======'machine_var_audits_switches_s_trough3'====== Args={'value': 0, 'prev_value': None, 'change': True}
2024-09-13 21:57:56,752 : INFO : EventManager : Event: ======'machine_var_audits_switches_s_trough4'====== Args={'value': 0, 'prev_value': None, 'change': True}
2024-09-13 21:57:56,752 : INFO : EventManager : Event: ======'machine_var_audits_switches_s_trough5'====== Args={'value': 0, 'prev_value': None, 'change': True}
2024-09-13 21:57:56,752 : INFO : EventManager : Event: ======'machine_var_audits_switches_s_trough6'====== Args={'value': 0, 'prev_value': None, 'change': True}
2024-09-13 21:57:56,753 : INFO : EventManager : Event: ======'machine_var_audits_switches_s_trough_jam'====== Args={'value': 0, 'prev_value': None, 'change': True}
2024-09-13 21:57:56,753 : INFO : EventManager : Event: ======'machine_var_audits_switches_s_vukmid'====== Args={'value': 0, 'prev_value': None, 'change': True}
2024-09-13 21:57:56,753 : INFO : EventManager : Event: ======'machine_var_audits_switches_s_vuktop'====== Args={'value': 0, 'prev_value': None, 'change': True}
2024-09-13 21:57:56,753 : INFO : EventManager : Event: ======'init_phase_5'====== Args={}
2024-09-13 21:57:56,906 : INFO : EventManager : Event: ======'init_done'====== Args={}
2024-09-13 21:57:56,906 : INFO : EventManager : Event: ======'machine_reset_phase_1'====== Args={}
2024-09-13 21:57:56,910 : INFO : EventManager : Event: ======'machine_reset_phase_2'====== Args={}
2024-09-13 21:57:56,910 : INFO : EventManager : Event: ======'machine_reset_phase_3'====== Args={}
2024-09-13 21:57:56,910 : INFO : drop_target_bank.db_dropbank : All targets are already up. Will not reset bank.
2024-09-13 21:57:56,910 : INFO : EventManager : Event: ======'reset_complete'====== Args={}
2024-09-13 21:57:56,910 : INFO : EventManager : Event: ======'mode_attract_will_start'====== Args={}
2024-09-13 21:57:56,911 : INFO : EventManager : Event: ======'mode_attract_starting'====== Args={}
2024-09-13 21:57:56,911 : INFO : Mode.attract : Started. Priority: 10
2024-09-13 21:57:56,911 : INFO : EventManager : Event: ======'modes_active_modes_changed'====== Args={}
2024-09-13 21:57:56,911 : INFO : EventManager : Event: ======'mode_attract_started'====== Args={}
2024-09-13 21:57:56,911 : INFO : EventManager : Event: ======'collecting_balls_complete'====== Args={}
2024-09-13 21:57:56,982 : INFO : EventManager : Event: ======'slide_attract_created'====== Args={'_from_bcp': True}
2024-09-13 21:57:56,982 : INFO : EventManager : Event: ======'slide__removed'====== Args={'_from_bcp': True}
2024-09-13 21:57:56,982 : INFO : EventManager : Event: ======'slide_attract_active'====== Args={'original_context': 'attract', 'original_calling_context': 'mode_attract_started', 'priority': 10.0, 'cmd': 'slides_play', '_from_bcp': True}
2024-09-13 21:57:56,982 : INFO : Machine : Starting the main run loop.
2024-09-13 21:58:05,614 : INFO : SwitchController : <<<<<<< 's_start' active >>>>>>>
2024-09-13 21:58:05,729 : INFO : SwitchController : <<<<<<< 's_start' inactive >>>>>>>
2024-09-13 21:58:05,729 : INFO : EventManager : Event: ======'request_to_start_game'====== Args={}
2024-09-13 21:58:05,729 : INFO : EventManager : Event: ======'game_start'====== Args={'buttons': [], 'hold_time': 0.125}
2024-09-13 21:58:05,729 : INFO : EventManager : Event: ======'mode_game_will_start'====== Args={'buttons': [], 'hold_time': 0.125}
2024-09-13 21:58:05,730 : INFO : EventManager : Event: ======'mode_game_starting'====== Args={'buttons': [], 'hold_time': 0.125}
2024-09-13 21:58:05,730 : INFO : EventManager : Event: ======'mode_attract_will_stop'====== Args={}
2024-09-13 21:58:05,730 : INFO : EventManager : Event: ======'mode_attract_stopping'====== Args={}
2024-09-13 21:58:05,730 : INFO : Mode.attract : Stopped.
2024-09-13 21:58:05,730 : INFO : EventManager : Event: ======'modes_active_modes_changed'====== Args={}
2024-09-13 21:58:05,730 : INFO : EventManager : Event: ======'mode_attract_stopped'====== Args={}
2024-09-13 21:58:05,730 : INFO : EventManager : Event: ======'clear'====== Args={'key': 'attract'}
2024-09-13 21:58:05,731 : INFO : Mode.game : Started. Priority: 20
2024-09-13 21:58:05,731 : INFO : EventManager : Event: ======'modes_active_modes_changed'====== Args={}
2024-09-13 21:58:05,731 : INFO : EventManager : Event: ======'mode_game_started'====== Args={'buttons': [], 'hold_time': 0.125}
2024-09-13 21:58:05,817 : INFO : EventManager : Event: ======'game_will_start'====== Args={}
2024-09-13 21:58:05,818 : INFO : EventManager : Event: ======'game_starting'====== Args={'game': <Mode.game>}
2024-09-13 21:58:05,818 : INFO : EventManager : Unordered handler for class <Auditor> on event game_ended with priority 1. Handlers: [RegisteredHandler(callback=<bound method Auditor.disable of <Auditor>>, priority=1, kwargs={}, key=UUID('b9ee8a68-34f7-42f9-bf35-ec7de26b5a71'), condition=None, blocking_facility=None), RegisteredHandler(callback=<bound method Auditor._save_audits of <Auditor>>, priority=1, kwargs={}, key=UUID('2a8d7e0b-d1bf-49dc-b7ca-90b8fce11631'), condition=None, blocking_facility=None)]. The order of those handlers is not defined and they will be executed in random order. This might lead to race conditions and potential bugs.
2024-09-13 21:58:05,819 : INFO : EventManager : Event: ======'player_add_request'====== Args={}
2024-09-13 21:58:05,819 : INFO : EventManager : Event: ======'player_will_add'====== Args={'number': 1}
2024-09-13 21:58:05,819 : INFO : EventManager : Event: ======'player_adding'====== Args={'player': <Player 1>, 'number': 1}
2024-09-13 21:58:05,819 : INFO : EventManager : Event: ======'player_added'====== Args={'player': <Player 1>, 'num': 1}
2024-09-13 21:58:05,819 : INFO : Mode.game : Player added successfully. Total players: 1
2024-09-13 21:58:05,819 : INFO : EventManager : Event: ======'player_index'====== Args={'value': 0, 'prev_value': 0, 'change': 0, 'player_num': 1}
2024-09-13 21:58:05,819 : INFO : EventManager : Event: ======'player_number'====== Args={'value': 1, 'prev_value': 1, 'change': 0, 'player_num': 1}
2024-09-13 21:58:05,819 : INFO : EventManager : Event: ======'player_score'====== Args={'value': 0, 'prev_value': 0, 'change': 0, 'player_num': 1}
2024-09-13 21:58:05,820 : INFO : EventManager : Event: ======'game_started'====== Args={}
2024-09-13 21:58:05,945 : INFO : EventManager : Event: ======'player_turn_will_start'====== Args={'player': <Player 1>, 'number': 1}
2024-09-13 21:58:05,945 : INFO : EventManager : Event: ======'player_turn_starting'====== Args={'player': <Player 1>, 'number': 1}
2024-09-13 21:58:05,945 : INFO : EventManager : Event: ======'player_ball'====== Args={'value': 1, 'prev_value': 0, 'change': 1, 'player_num': 1}
2024-09-13 21:58:05,946 : INFO : EventManager : Event: ======'player_turn_started'====== Args={'player': <Player 1>, 'number': 1}
2024-09-13 21:58:05,947 : INFO : EventManager : Event: ======'ball_will_start'====== Args={'player': 1, 'ball': 1, 'balls_remaining': 2, 'is_extra_ball': False}
2024-09-13 21:58:05,961 : INFO : EventManager : Event: ======'ball_starting'====== Args={'player': 1, 'ball': 1, 'balls_remaining': 2, 'is_extra_ball': False}
2024-09-13 21:58:05,961 : INFO : EventManager : Event: ======'mode_base_will_start'====== Args={'queue': <QueuedEvent>, 'player': 1, 'ball': 1, 'balls_remaining': 2, 'is_extra_ball': False}
2024-09-13 21:58:05,963 : INFO : EventManager : Event: ======'mode_base_starting'====== Args={'queue': <QueuedEvent>, 'player': 1, 'ball': 1, 'balls_remaining': 2, 'is_extra_ball': False}
2024-09-13 21:58:05,963 : INFO : drop_target_bank.db_dropbank : All targets are already up. Will not reset bank.
2024-09-13 21:58:05,963 : INFO : Mode.base : Started. Priority: 100
2024-09-13 21:58:05,963 : INFO : EventManager : Event: ======'modes_active_modes_changed'====== Args={}
2024-09-13 21:58:05,963 : INFO : EventManager : Event: ======'mode_base_started'====== Args={'queue': <QueuedEvent>, 'player': 1, 'ball': 1, 'balls_remaining': 2, 'is_extra_ball': False}
2024-09-13 21:58:05,964 : INFO : EventManager : Event: ======'balls_in_play'====== Args={'balls': 1}
2024-09-13 21:58:05,964 : INFO : EventManager : Event: ======'ball_started'====== Args={'player': 1, 'ball': 1, 'balls_remaining': 2, 'is_extra_ball': False}
2024-09-13 21:58:06,011 : INFO : EventManager : Event: ======'single_player_ball_started'====== Args={}
2024-09-13 21:58:06,012 : INFO : EventManager : Event: ======'slide_base_created'====== Args={'_from_bcp': True}
2024-09-13 21:58:06,012 : INFO : EventManager : Event: ======'slide_attract_inactive'====== Args={'is_removing': True, '_from_bcp': True}
2024-09-13 21:58:06,012 : INFO : EventManager : Event: ======'slide_base_active'====== Args={'original_context': 'base', 'original_calling_context': 'mode_base_started', 'priority': 100.0, 'queue': '<QueuedEvent>', 'player': 1.0, 'ball': 1.0, 'balls_remaining': 2.0, 'is_extra_ball': False, 'cmd': 'slides_play', '_from_bcp': True}
2024-09-13 21:58:06,012 : INFO : EventManager : Event: ======'slide_attract_removed'====== Args={'_from_bcp': True}
2024-09-13 21:58:06,012 : INFO : EventManager : Event: ======'ball_start_target'====== Args={'target': 'playfield'}
2024-09-13 21:58:06,012 : INFO : ball_device.bd_plunger : Setting up player-controlled eject. Balls: 1, Target: <playfield.playfield>, player_controlled_eject_event: s_launch_active
2024-09-13 21:58:06,012 : INFO : EventManager : Event: ======'balldevice_balls_available'====== Args={}
2024-09-13 21:58:06,013 : INFO : ball_device.bd_trough : State: waiting_for_target_ready
2024-09-13 21:58:06,013 : INFO : EventManager : Event: ======'balldevice_bd_trough_ball_eject_attempt'====== Args={'balls': 1, 'target': <ball_device.bd_plunger>, 'source': <ball_device.bd_trough>, 'mechanical_eject': True, 'num_attempts': 0}
2024-09-13 21:58:06,013 : INFO : ball_device.bd_plunger : State: waiting_for_ball
2024-09-13 21:58:06,013 : INFO : ball_device.bd_trough : State: ejecting
2024-09-13 21:58:06,013 : INFO : ball_device.bd_trough : Ejecting ball to <ball_device.bd_plunger>
2024-09-13 21:58:06,013 : INFO : EventManager : Event: ======'balldevice_bd_trough_ejecting_ball'====== Args={'balls': 1, 'target': <ball_device.bd_plunger>, 'source': <ball_device.bd_trough>, 'mechanical_eject': True, 'num_attempts': 0}
2024-09-13 21:58:06,013 : INFO : ball_device.bd_trough : Wait for ball to leave device
2024-09-13 21:58:06,014 : INFO : coil.c_trough_eject : Pulsing Driver for 25ms (1.0 pulse_power)
2024-09-13 21:58:06,513 : INFO : SwitchController : <<<<<<< 's_trough1' inactive >>>>>>>
2024-09-13 21:58:06,517 : INFO : ball_device.bd_trough : State: ball_left
2024-09-13 21:58:06,517 : INFO : ball_device.bd_trough : Ball left
2024-09-13 21:58:06,517 : INFO : ball_device.bd_trough : Wait for confirm with timeout 10.0
2024-09-13 21:58:07,648 : INFO : SwitchController : <<<<<<< 's_plunger_lane' active >>>>>>>
2024-09-13 21:58:07,648 : INFO : EventManager : Event: ======'machine_var_audits_switches_s_plunger_lane'====== Args={'value': 44, 'prev_value': 43, 'change': 1}
2024-09-13 21:58:08,168 : INFO : ball_device.bd_plunger : Received ball from <ball_device.bd_trough>
2024-09-13 21:58:08,168 : INFO : EventManager : Event: ======'balldevice_bd_plunger_ball_enter'====== Args={'new_balls': 1, 'unclaimed_balls': 0, 'new_available_balls': 0, 'device': <ball_device.bd_plunger>}
2024-09-13 21:58:08,170 : INFO : EventManager : Event: ======'balldevice_bd_plunger_ball_entered'====== Args={'new_balls': 0, 'device': <ball_device.bd_plunger>}
2024-09-13 21:58:08,170 : INFO : EventManager : Event: ======'balldevice_bd_plunger_ball_count_changed'====== Args={'balls': 1}
2024-09-13 21:58:08,170 : INFO : ball_device.bd_trough : Got eject confirm
2024-09-13 21:58:08,170 : INFO : ball_device.bd_trough : Eject successful
2024-09-13 21:58:08,170 : INFO : EventManager : Event: ======'balldevice_bd_trough_ball_eject_success'====== Args={'balls': 1, 'target': <ball_device.bd_plunger>}
2024-09-13 21:58:08,171 : INFO : ball_device.bd_plunger : State: waiting_for_target_ready
2024-09-13 21:58:08,171 : INFO : EventManager : Event: ======'balldevice_bd_plunger_ball_eject_attempt'====== Args={'balls': 1, 'target': <playfield.playfield>, 'source': <ball_device.bd_plunger>, 'mechanical_eject': True, 'num_attempts': 0}
2024-09-13 21:58:08,172 : INFO : EventManager : Event: ======'balldevice_bd_trough_ball_count_changed'====== Args={'balls': 3}
2024-09-13 21:58:08,172 : INFO : ball_device.bd_trough : State: idle
2024-09-13 21:58:08,172 : INFO : ball_device.bd_plunger : State: ejecting
2024-09-13 21:58:08,172 : INFO : ball_device.bd_plunger : Ejecting ball to <playfield.playfield>
2024-09-13 21:58:08,173 : INFO : EventManager : Event: ======'balldevice_bd_plunger_ejecting_ball'====== Args={'balls': 1, 'target': <playfield.playfield>, 'source': <ball_device.bd_plunger>, 'mechanical_eject': True, 'num_attempts': 0}
2024-09-13 21:58:08,173 : INFO : ball_device.bd_plunger : Wait for ball to leave device
2024-09-13 21:58:08,914 : INFO : SwitchController : <<<<<<< 's_plunger_lane' inactive >>>>>>>
2024-09-13 21:58:08,919 : INFO : ball_device.bd_plunger : State: ball_left
2024-09-13 21:58:08,919 : INFO : ball_device.bd_plunger : Ball left
2024-09-13 21:58:08,919 : INFO : ball_device.bd_plunger : Wait for confirm with timeout 10.0
2024-09-13 21:58:09,332 : INFO : SwitchController : <<<<<<< 's_toplane1' active >>>>>>>
2024-09-13 21:58:09,332 : INFO : EventManager : Event: ======'s_toplane1_active'====== Args={}
2024-09-13 21:58:09,332 : INFO : EventManager : Event: ======'machine_var_audits_switches_s_toplane1'====== Args={'value': 560, 'prev_value': 559, 'change': 1}
2024-09-13 21:58:09,334 : INFO : EventManager : Event: ======'player_score'====== Args={'value': 100, 'prev_value': 0, 'change': 100, 'player_num': 1, 'source': 'base'}
2024-09-13 21:58:09,478 : INFO : SwitchController : <<<<<<< 's_toplane1' inactive >>>>>>>
2024-09-13 21:58:09,662 : INFO : SwitchController : <<<<<<< 's_toplane1' active >>>>>>>
2024-09-13 21:58:09,663 : INFO : EventManager : Event: ======'s_toplane1_active'====== Args={}
2024-09-13 21:58:09,663 : INFO : EventManager : Event: ======'machine_var_audits_switches_s_toplane1'====== Args={'value': 561, 'prev_value': 560, 'change': 1}
2024-09-13 21:58:09,664 : INFO : EventManager : Event: ======'player_score'====== Args={'value': 200, 'prev_value': 100, 'change': 100, 'player_num': 1, 'source': 'base'}
2024-09-13 21:58:09,764 : INFO : SwitchController : <<<<<<< 's_toplane1' inactive >>>>>>>
2024-09-13 21:58:09,897 : INFO : SwitchController : <<<<<<< 's_toplane1' active >>>>>>>
2024-09-13 21:58:09,898 : INFO : EventManager : Event: ======'s_toplane1_active'====== Args={}
2024-09-13 21:58:09,898 : INFO : EventManager : Event: ======'machine_var_audits_switches_s_toplane1'====== Args={'value': 562, 'prev_value': 561, 'change': 1}
2024-09-13 21:58:09,901 : INFO : EventManager : Event: ======'player_score'====== Args={'value': 300, 'prev_value': 200, 'change': 100, 'player_num': 1, 'source': 'base'}
2024-09-13 21:58:09,982 : INFO : SwitchController : <<<<<<< 's_toplane1' inactive >>>>>>>
2024-09-13 21:58:10,096 : INFO : SwitchController : <<<<<<< 's_toplane1' active >>>>>>>
2024-09-13 21:58:10,096 : INFO : EventManager : Event: ======'s_toplane1_active'====== Args={}
2024-09-13 21:58:10,096 : INFO : EventManager : Event: ======'machine_var_audits_switches_s_toplane1'====== Args={'value': 563, 'prev_value': 562, 'change': 1}
2024-09-13 21:58:10,097 : INFO : EventManager : Event: ======'player_score'====== Args={'value': 400, 'prev_value': 300, 'change': 100, 'player_num': 1, 'source': 'base'}
2024-09-13 21:58:10,149 : INFO : SwitchController : <<<<<<< 's_toplane1' inactive >>>>>>>
2024-09-13 21:58:10,280 : INFO : SwitchController : <<<<<<< 's_toplane1' active >>>>>>>
2024-09-13 21:58:10,280 : INFO : EventManager : Event: ======'s_toplane1_active'====== Args={}
2024-09-13 21:58:10,280 : INFO : EventManager : Event: ======'machine_var_audits_switches_s_toplane1'====== Args={'value': 564, 'prev_value': 563, 'change': 1}
2024-09-13 21:58:10,281 : INFO : EventManager : Event: ======'player_score'====== Args={'value': 500, 'prev_value': 400, 'change': 100, 'player_num': 1, 'source': 'base'}
2024-09-13 21:58:10,348 : INFO : SwitchController : <<<<<<< 's_toplane1' inactive >>>>>>>
2024-09-13 21:58:10,463 : INFO : SwitchController : <<<<<<< 's_toplane1' active >>>>>>>
2024-09-13 21:58:10,464 : INFO : EventManager : Event: ======'s_toplane1_active'====== Args={}
2024-09-13 21:58:10,464 : INFO : EventManager : Event: ======'machine_var_audits_switches_s_toplane1'====== Args={'value': 565, 'prev_value': 564, 'change': 1}
2024-09-13 21:58:10,465 : INFO : EventManager : Event: ======'player_score'====== Args={'value': 600, 'prev_value': 500, 'change': 100, 'player_num': 1, 'source': 'base'}
2024-09-13 21:58:10,530 : INFO : SwitchController : <<<<<<< 's_toplane1' inactive >>>>>>>
2024-09-13 21:58:10,663 : INFO : SwitchController : <<<<<<< 's_toplane1' active >>>>>>>
2024-09-13 21:58:10,663 : INFO : EventManager : Event: ======'s_toplane1_active'====== Args={}
2024-09-13 21:58:10,664 : INFO : EventManager : Event: ======'machine_var_audits_switches_s_toplane1'====== Args={'value': 566, 'prev_value': 565, 'change': 1}
2024-09-13 21:58:10,665 : INFO : EventManager : Event: ======'player_score'====== Args={'value': 700, 'prev_value': 600, 'change': 100, 'player_num': 1, 'source': 'base'}
2024-09-13 21:58:10,715 : INFO : SwitchController : <<<<<<< 's_toplane1' inactive >>>>>>>
2024-09-13 21:58:10,830 : INFO : SwitchController : <<<<<<< 's_toplane1' active >>>>>>>
2024-09-13 21:58:10,830 : INFO : EventManager : Event: ======'s_toplane1_active'====== Args={}
2024-09-13 21:58:10,830 : INFO : EventManager : Event: ======'machine_var_audits_switches_s_toplane1'====== Args={'value': 567, 'prev_value': 566, 'change': 1}
2024-09-13 21:58:10,833 : INFO : EventManager : Event: ======'player_score'====== Args={'value': 800, 'prev_value': 700, 'change': 100, 'player_num': 1, 'source': 'base'}
2024-09-13 21:58:10,914 : INFO : SwitchController : <<<<<<< 's_toplane1' inactive >>>>>>>
2024-09-13 21:58:11,015 : INFO : SwitchController : <<<<<<< 's_toplane1' active >>>>>>>
2024-09-13 21:58:11,015 : INFO : EventManager : Event: ======'s_toplane1_active'====== Args={}
2024-09-13 21:58:11,015 : INFO : EventManager : Event: ======'machine_var_audits_switches_s_toplane1'====== Args={'value': 568, 'prev_value': 567, 'change': 1}
2024-09-13 21:58:11,017 : INFO : EventManager : Event: ======'player_score'====== Args={'value': 900, 'prev_value': 800, 'change': 100, 'player_num': 1, 'source': 'base'}
2024-09-13 21:58:11,080 : INFO : SwitchController : <<<<<<< 's_toplane1' inactive >>>>>>>
2024-09-13 21:58:11,214 : INFO : SwitchController : <<<<<<< 's_toplane1' active >>>>>>>
2024-09-13 21:58:11,214 : INFO : EventManager : Event: ======'s_toplane1_active'====== Args={}
2024-09-13 21:58:11,214 : INFO : EventManager : Event: ======'machine_var_audits_switches_s_toplane1'====== Args={'value': 569, 'prev_value': 568, 'change': 1}
2024-09-13 21:58:11,216 : INFO : EventManager : Event: ======'player_score'====== Args={'value': 1000, 'prev_value': 900, 'change': 100, 'player_num': 1, 'source': 'base'}
2024-09-13 21:58:11,280 : INFO : SwitchController : <<<<<<< 's_toplane1' inactive >>>>>>>
2024-09-13 21:58:11,402 : INFO : SwitchController : <<<<<<< 's_toplane1' active >>>>>>>
2024-09-13 21:58:11,402 : INFO : EventManager : Event: ======'s_toplane1_active'====== Args={}
2024-09-13 21:58:11,402 : INFO : EventManager : Event: ======'machine_var_audits_switches_s_toplane1'====== Args={'value': 570, 'prev_value': 569, 'change': 1}
2024-09-13 21:58:11,419 : INFO : EventManager : Event: ======'player_score'====== Args={'value': 1100, 'prev_value': 1000, 'change': 100, 'player_num': 1, 'source': 'base'}
2024-09-13 21:58:11,463 : INFO : SwitchController : <<<<<<< 's_toplane1' inactive >>>>>>>
2024-09-13 21:58:11,580 : INFO : SwitchController : <<<<<<< 's_toplane1' active >>>>>>>
2024-09-13 21:58:11,580 : INFO : EventManager : Event: ======'s_toplane1_active'====== Args={}
2024-09-13 21:58:11,580 : INFO : EventManager : Event: ======'machine_var_audits_switches_s_toplane1'====== Args={'value': 571, 'prev_value': 570, 'change': 1}
2024-09-13 21:58:11,581 : INFO : EventManager : Event: ======'player_score'====== Args={'value': 1200, 'prev_value': 1100, 'change': 100, 'player_num': 1, 'source': 'base'}
2024-09-13 21:58:11,647 : INFO : SwitchController : <<<<<<< 's_toplane1' inactive >>>>>>>
2024-09-13 21:58:11,780 : INFO : SwitchController : <<<<<<< 's_toplane1' active >>>>>>>
2024-09-13 21:58:11,780 : INFO : EventManager : Event: ======'s_toplane1_active'====== Args={}
2024-09-13 21:58:11,780 : INFO : EventManager : Event: ======'machine_var_audits_switches_s_toplane1'====== Args={'value': 572, 'prev_value': 571, 'change': 1}
2024-09-13 21:58:11,781 : INFO : EventManager : Event: ======'player_score'====== Args={'value': 1300, 'prev_value': 1200, 'change': 100, 'player_num': 1, 'source': 'base'}
2024-09-13 21:58:11,847 : INFO : SwitchController : <<<<<<< 's_toplane1' inactive >>>>>>>
2024-09-13 21:58:11,982 : INFO : SwitchController : <<<<<<< 's_toplane1' active >>>>>>>
2024-09-13 21:58:11,982 : INFO : EventManager : Event: ======'s_toplane1_active'====== Args={}
2024-09-13 21:58:11,982 : INFO : EventManager : Event: ======'machine_var_audits_switches_s_toplane1'====== Args={'value': 573, 'prev_value': 572, 'change': 1}
2024-09-13 21:58:11,984 : INFO : EventManager : Event: ======'player_score'====== Args={'value': 1400, 'prev_value': 1300, 'change': 100, 'player_num': 1, 'source': 'base'}
2024-09-13 21:58:12,046 : INFO : SwitchController : <<<<<<< 's_toplane1' inactive >>>>>>>
2024-09-13 21:58:12,165 : INFO : SwitchController : <<<<<<< 's_toplane1' active >>>>>>>
2024-09-13 21:58:12,165 : INFO : EventManager : Event: ======'s_toplane1_active'====== Args={}
2024-09-13 21:58:12,165 : INFO : EventManager : Event: ======'machine_var_audits_switches_s_toplane1'====== Args={'value': 574, 'prev_value': 573, 'change': 1}
2024-09-13 21:58:12,167 : INFO : EventManager : Event: ======'player_score'====== Args={'value': 1500, 'prev_value': 1400, 'change': 100, 'player_num': 1, 'source': 'base'}
2024-09-13 21:58:12,228 : INFO : SwitchController : <<<<<<< 's_toplane1' inactive >>>>>>>
2024-09-13 21:58:12,347 : INFO : SwitchController : <<<<<<< 's_toplane1' active >>>>>>>
2024-09-13 21:58:12,347 : INFO : EventManager : Event: ======'s_toplane1_active'====== Args={}
2024-09-13 21:58:12,347 : INFO : EventManager : Event: ======'machine_var_audits_switches_s_toplane1'====== Args={'value': 575, 'prev_value': 574, 'change': 1}
2024-09-13 21:58:12,348 : INFO : EventManager : Event: ======'player_score'====== Args={'value': 1600, 'prev_value': 1500, 'change': 100, 'player_num': 1, 'source': 'base'}
2024-09-13 21:58:12,431 : INFO : SwitchController : <<<<<<< 's_toplane1' inactive >>>>>>>
2024-09-13 21:58:12,530 : INFO : SwitchController : <<<<<<< 's_toplane1' active >>>>>>>
2024-09-13 21:58:12,530 : INFO : EventManager : Event: ======'s_toplane1_active'====== Args={}
2024-09-13 21:58:12,530 : INFO : EventManager : Event: ======'machine_var_audits_switches_s_toplane1'====== Args={'value': 576, 'prev_value': 575, 'change': 1}
2024-09-13 21:58:12,532 : INFO : EventManager : Event: ======'player_score'====== Args={'value': 1700, 'prev_value': 1600, 'change': 100, 'player_num': 1, 'source': 'base'}
2024-09-13 21:58:12,612 : INFO : SwitchController : <<<<<<< 's_toplane1' inactive >>>>>>>
2024-09-13 21:58:12,730 : INFO : SwitchController : <<<<<<< 's_toplane1' active >>>>>>>
2024-09-13 21:58:12,730 : INFO : EventManager : Event: ======'s_toplane1_active'====== Args={}
2024-09-13 21:58:12,731 : INFO : EventManager : Event: ======'machine_var_audits_switches_s_toplane1'====== Args={'value': 577, 'prev_value': 576, 'change': 1}
2024-09-13 21:58:12,732 : INFO : EventManager : Event: ======'player_score'====== Args={'value': 1800, 'prev_value': 1700, 'change': 100, 'player_num': 1, 'source': 'base'}
2024-09-13 21:58:12,812 : INFO : SwitchController : <<<<<<< 's_toplane1' inactive >>>>>>>
2024-09-13 21:58:12,913 : INFO : SwitchController : <<<<<<< 's_toplane1' active >>>>>>>
2024-09-13 21:58:12,913 : INFO : EventManager : Event: ======'s_toplane1_active'====== Args={}
2024-09-13 21:58:12,913 : INFO : EventManager : Event: ======'machine_var_audits_switches_s_toplane1'====== Args={'value': 578, 'prev_value': 577, 'change': 1}
2024-09-13 21:58:12,914 : INFO : EventManager : Event: ======'player_score'====== Args={'value': 1900, 'prev_value': 1800, 'change': 100, 'player_num': 1, 'source': 'base'}
2024-09-13 21:58:12,997 : INFO : SwitchController : <<<<<<< 's_toplane1' inactive >>>>>>>
2024-09-13 21:58:13,113 : INFO : SwitchController : <<<<<<< 's_toplane1' active >>>>>>>
2024-09-13 21:58:13,113 : INFO : EventManager : Event: ======'s_toplane1_active'====== Args={}
2024-09-13 21:58:13,113 : INFO : EventManager : Event: ======'machine_var_audits_switches_s_toplane1'====== Args={'value': 579, 'prev_value': 578, 'change': 1}
2024-09-13 21:58:13,115 : INFO : EventManager : Event: ======'player_score'====== Args={'value': 2000, 'prev_value': 1900, 'change': 100, 'player_num': 1, 'source': 'base'}
2024-09-13 21:58:13,181 : INFO : SwitchController : <<<<<<< 's_toplane1' inactive >>>>>>>
2024-09-13 21:58:13,313 : INFO : SwitchController : <<<<<<< 's_toplane1' active >>>>>>>
2024-09-13 21:58:13,313 : INFO : EventManager : Event: ======'s_toplane1_active'====== Args={}
2024-09-13 21:58:13,313 : INFO : EventManager : Event: ======'machine_var_audits_switches_s_toplane1'====== Args={'value': 580, 'prev_value': 579, 'change': 1}
2024-09-13 21:58:13,314 : INFO : EventManager : Event: ======'player_score'====== Args={'value': 2100, 'prev_value': 2000, 'change': 100, 'player_num': 1, 'source': 'base'}
2024-09-13 21:58:13,387 : INFO : SwitchController : <<<<<<< 's_toplane1' inactive >>>>>>>
2024-09-13 21:58:13,513 : INFO : SwitchController : <<<<<<< 's_toplane1' active >>>>>>>
2024-09-13 21:58:13,513 : INFO : EventManager : Event: ======'s_toplane1_active'====== Args={}
2024-09-13 21:58:13,513 : INFO : EventManager : Event: ======'machine_var_audits_switches_s_toplane1'====== Args={'value': 581, 'prev_value': 580, 'change': 1}
2024-09-13 21:58:13,514 : INFO : EventManager : Event: ======'player_score'====== Args={'value': 2200, 'prev_value': 2100, 'change': 100, 'player_num': 1, 'source': 'base'}
2024-09-13 21:58:13,641 : INFO : SwitchController : <<<<<<< 's_toplane1' inactive >>>>>>>
2024-09-13 21:58:13,723 : INFO : SwitchController : <<<<<<< 's_toplane1' active >>>>>>>
2024-09-13 21:58:13,723 : INFO : EventManager : Event: ======'s_toplane1_active'====== Args={}
2024-09-13 21:58:13,724 : INFO : EventManager : Event: ======'machine_var_audits_switches_s_toplane1'====== Args={'value': 582, 'prev_value': 581, 'change': 1}
2024-09-13 21:58:13,726 : INFO : EventManager : Event: ======'player_score'====== Args={'value': 2300, 'prev_value': 2200, 'change': 100, 'player_num': 1, 'source': 'base'}
2024-09-13 21:58:13,795 : INFO : SwitchController : <<<<<<< 's_toplane1' inactive >>>>>>>
2024-09-13 21:58:13,912 : INFO : SwitchController : <<<<<<< 's_toplane1' active >>>>>>>
2024-09-13 21:58:13,912 : INFO : EventManager : Event: ======'s_toplane1_active'====== Args={}
2024-09-13 21:58:13,912 : INFO : EventManager : Event: ======'machine_var_audits_switches_s_toplane1'====== Args={'value': 583, 'prev_value': 582, 'change': 1}
2024-09-13 21:58:13,913 : INFO : EventManager : Event: ======'player_score'====== Args={'value': 2400, 'prev_value': 2300, 'change': 100, 'player_num': 1, 'source': 'base'}
2024-09-13 21:58:13,980 : INFO : SwitchController : <<<<<<< 's_toplane1' inactive >>>>>>>
2024-09-13 21:58:14,112 : INFO : SwitchController : <<<<<<< 's_toplane1' active >>>>>>>
2024-09-13 21:58:14,112 : INFO : EventManager : Event: ======'s_toplane1_active'====== Args={}
2024-09-13 21:58:14,112 : INFO : EventManager : Event: ======'machine_var_audits_switches_s_toplane1'====== Args={'value': 584, 'prev_value': 583, 'change': 1}
2024-09-13 21:58:14,113 : INFO : EventManager : Event: ======'player_score'====== Args={'value': 2500, 'prev_value': 2400, 'change': 100, 'player_num': 1, 'source': 'base'}
2024-09-13 21:58:14,178 : INFO : SwitchController : <<<<<<< 's_toplane1' inactive >>>>>>>
2024-09-13 21:58:14,328 : INFO : SwitchController : <<<<<<< 's_toplane1' active >>>>>>>
2024-09-13 21:58:14,330 : INFO : EventManager : Event: ======'s_toplane1_active'====== Args={}
2024-09-13 21:58:14,330 : INFO : EventManager : Event: ======'machine_var_audits_switches_s_toplane1'====== Args={'value': 585, 'prev_value': 584, 'change': 1}
2024-09-13 21:58:14,331 : INFO : EventManager : Event: ======'player_score'====== Args={'value': 2600, 'prev_value': 2500, 'change': 100, 'player_num': 1, 'source': 'base'}
2024-09-13 21:58:14,396 : INFO : SwitchController : <<<<<<< 's_toplane1' inactive >>>>>>>
2024-09-13 21:58:14,512 : INFO : SwitchController : <<<<<<< 's_toplane1' active >>>>>>>
2024-09-13 21:58:14,512 : INFO : EventManager : Event: ======'s_toplane1_active'====== Args={}
2024-09-13 21:58:14,512 : INFO : EventManager : Event: ======'machine_var_audits_switches_s_toplane1'====== Args={'value': 586, 'prev_value': 585, 'change': 1}
2024-09-13 21:58:14,513 : INFO : EventManager : Event: ======'player_score'====== Args={'value': 2700, 'prev_value': 2600, 'change': 100, 'player_num': 1, 'source': 'base'}
2024-09-13 21:58:14,613 : INFO : SwitchController : <<<<<<< 's_toplane1' inactive >>>>>>>
2024-09-13 21:58:14,746 : INFO : SwitchController : <<<<<<< 's_toplane1' active >>>>>>>
2024-09-13 21:58:14,746 : INFO : EventManager : Event: ======'s_toplane1_active'====== Args={}
2024-09-13 21:58:14,747 : INFO : EventManager : Event: ======'machine_var_audits_switches_s_toplane1'====== Args={'value': 587, 'prev_value': 586, 'change': 1}
2024-09-13 21:58:14,747 : INFO : EventManager : Event: ======'player_score'====== Args={'value': 2800, 'prev_value': 2700, 'change': 100, 'player_num': 1, 'source': 'base'}
2024-09-13 21:58:14,828 : INFO : SwitchController : <<<<<<< 's_toplane1' inactive >>>>>>>
2024-09-13 21:58:15,730 : INFO : Machine : Shutting down...
2024-09-13 21:58:15,731 : INFO : EventManager : Event: ======'shutdown'====== Args={}
2024-09-13 21:58:15,732 : INFO : EventManager : Event: ======'mode_game_will_stop'====== Args={}
2024-09-13 21:58:15,733 : INFO : EventManager : Event: ======'mode_game_stopping'====== Args={}
2024-09-13 21:58:15,734 : INFO : EventManager : Event: ======'mode_base_will_stop'====== Args={}
2024-09-13 21:58:15,734 : INFO : EventManager : Event: ======'mode_base_stopping'====== Args={}
2024-09-13 21:58:15,734 : INFO : Mode.base : Stopped.
2024-09-13 21:58:15,734 : INFO : EventManager : Event: ======'modes_active_modes_changed'====== Args={}
2024-09-13 21:58:15,735 : INFO : EventManager : Event: ======'mode_base_stopped'====== Args={}
2024-09-13 21:58:15,735 : INFO : EventManager : Event: ======'clear'====== Args={'key': 'base'}
2024-09-13 21:58:15,735 : INFO : Mode.game : Stopped.
2024-09-13 21:58:15,735 : INFO : EventManager : Event: ======'modes_active_modes_changed'====== Args={}
2024-09-13 21:58:15,735 : INFO : EventManager : Event: ======'mode_game_stopped'====== Args={}
2024-09-13 21:58:15,735 : INFO : EventManager : Event: ======'clear'====== Args={'key': 'game'}
2024-09-13 21:58:15,737 : INFO : root : MPF run loop ended.
