2024-09-07 19:49:30,308 : INFO : root : Loading config.
2024-09-07 19:49:30,312 : INFO : YamlMultifileConfigLoader : Machine config file #1: config.yaml
2024-09-07 19:49:30,312 : INFO : ConfigProcessor : Loading config from cache: C:\Users\dorus\AppData\Local\Temp\636ce416879e362e618e72aa23ee7aae.mpf_cache
2024-09-07 19:49:30,326 : WARNING : ConfigProcessor : Config file in cache changed: C:\Users\dorus\OneDrive\Documents\Pinball\PortalPinball-V4.0\machinefolder\config\hardware-devices.yaml
2024-09-07 19:49:30,326 : INFO : ConfigProcessor : Loading config from file C:\ProgramData\anaconda3\envs\mpfenv\Lib\site-packages\mpf\mpfconfig.yaml.
2024-09-07 19:49:30,334 : INFO : ConfigProcessor : Loading config: C:\ProgramData\anaconda3\envs\mpfenv\Lib\site-packages\mpf\mpfconfig.yaml
2024-09-07 19:49:30,335 : INFO : ConfigProcessor : Loading config from file C:\Users\dorus\OneDrive\Documents\Pinball\PortalPinball-V4.0\machinefolder\config\config.yaml.
2024-09-07 19:49:30,335 : INFO : ConfigProcessor : Loading config: C:\Users\dorus\OneDrive\Documents\Pinball\PortalPinball-V4.0\machinefolder\config\config.yaml
2024-09-07 19:49:30,336 : INFO : ConfigProcessor : Loading config: C:\Users\dorus\OneDrive\Documents\Pinball\PortalPinball-V4.0\machinefolder\config\hardware.yaml
2024-09-07 19:49:30,337 : INFO : ConfigProcessor : Loading config: C:\Users\dorus\OneDrive\Documents\Pinball\PortalPinball-V4.0\machinefolder\config\hardware-coils.yaml
2024-09-07 19:49:30,339 : INFO : ConfigProcessor : Loading config: C:\Users\dorus\OneDrive\Documents\Pinball\PortalPinball-V4.0\machinefolder\config\hardware-switches.yaml
2024-09-07 19:49:30,340 : INFO : ConfigProcessor : Loading config: C:\Users\dorus\OneDrive\Documents\Pinball\PortalPinball-V4.0\machinefolder\config\hardware-devices.yaml
2024-09-07 19:49:30,341 : INFO : ConfigProcessor : Config file cache created: C:\Users\dorus\AppData\Local\Temp\636ce416879e362e618e72aa23ee7aae.mpf_cache
2024-09-07 19:49:30,392 : INFO : ConfigProcessor : Loading config from cache: C:\Users\dorus\AppData\Local\Temp\bb22be71dc4df7511e561cdf1fc10b40.mpf_cache
2024-09-07 19:49:30,392 : INFO : ConfigProcessor : Loading config from cache: C:\Users\dorus\AppData\Local\Temp\d8bc63701c1a2ad1653a8cc5aec9548a.mpf_cache
2024-09-07 19:49:30,392 : INFO : Machine : Mission Pinball Framework Core Engine v0.80.0.dev4
2024-09-07 19:49:30,392 : INFO : Machine : Command line arguments: {'no_load_cache': False, 'create_config_cache': True, 'bcp': False, 'configfile': ['config.yaml'], 'force_assets_load': False, 'platform_integration_test': False, 'jsonlogging': False, 'logfile': 'logs\\2024-09-07-19-49-30-mpf-Gaming_Dorus.log', 'pause': False, 'production': False, 'text_ui': True, 'loglevel': 15, 'consoleloglevel': 20, 'force_platform': 'virtual', 'syslog_address': None, 'mc_file_name': None, 'no_sound': False, 'full_logfile_path': 'C:\\Users\\dorus\\OneDrive\\Documents\\Pinball\\PortalPinball-V4.0\\machinefolder\\logs\\2024-09-07-19-49-30-mpf-Gaming_Dorus.log'}
2024-09-07 19:49:30,392 : INFO : Machine : MPF path: C:\ProgramData\anaconda3\envs\mpfenv\Lib\site-packages\mpf
2024-09-07 19:49:30,392 : INFO : Machine : Machine path: C:\Users\dorus\OneDrive\Documents\Pinball\PortalPinball-V4.0\machinefolder
2024-09-07 19:49:30,392 : INFO : Machine : Platform: win32
2024-09-07 19:49:30,392 : INFO : Machine : Python executable location: C:\ProgramData\anaconda3\envs\mpfenv\python.exe
2024-09-07 19:49:30,392 : INFO : Machine : Python version: 3.12.4 (64-bit)
2024-09-07 19:49:30,393 : INFO : Machine : Initializing MPF...
2024-09-07 19:49:30,552 : INFO : EventManager : Event: ======'machine_var_credits_string'====== Args={'value': 'FREE PLAY', 'prev_value': None, 'change': True}
2024-09-07 19:49:30,564 : INFO : EventManager : Event: ======'machine_var_master_volume'====== Args={'value': 0.5, 'prev_value': None, 'change': True}
2024-09-07 19:49:30,565 : INFO : EventManager : Event: ======'machine_var_mpf_version'====== Args={'value': 'Mission Pinball Framework v0.80.0.dev4', 'prev_value': None, 'change': True}
2024-09-07 19:49:30,565 : INFO : EventManager : Event: ======'machine_var_mpf_extended_version'====== Args={'value': 'Mission Pinball Framework v0.80.0.dev4, Config version:6, Show version: 6, BCP version:1.1', 'prev_value': None, 'change': True}
2024-09-07 19:49:30,565 : INFO : EventManager : Event: ======'machine_var_python_version'====== Args={'value': '3.12.4', 'prev_value': None, 'change': True}
2024-09-07 19:49:30,621 : INFO : EventManager : Event: ======'machine_var_platform'====== Args={'value': 'Windows-11-10.0.22631-SP0', 'prev_value': None, 'change': True}
2024-09-07 19:49:30,621 : INFO : EventManager : Event: ======'machine_var_platform_system'====== Args={'value': 'Windows', 'prev_value': None, 'change': True}
2024-09-07 19:49:30,621 : INFO : EventManager : Event: ======'machine_var_platform_release'====== Args={'value': '11', 'prev_value': None, 'change': True}
2024-09-07 19:49:30,621 : INFO : EventManager : Event: ======'machine_var_platform_version'====== Args={'value': '10.0.22631', 'prev_value': None, 'change': True}
2024-09-07 19:49:30,621 : INFO : EventManager : Event: ======'machine_var_platform_machine'====== Args={'value': 'AMD64', 'prev_value': None, 'change': True}
2024-09-07 19:49:30,622 : INFO : EventManager : Event: ======'machine_var_log_file_path'====== Args={'value': 'C:\\Users\\dorus\\OneDrive\\Documents\\Pinball\\PortalPinball-V4.0\\machinefolder\\logs\\2024-09-07-19-49-30-mpf-Gaming_Dorus.log', 'prev_value': None, 'change': True}
2024-09-07 19:49:30,622 : INFO : EventManager : Event: ======'init_phase_1'====== Args={}
2024-09-07 19:49:30,634 : INFO : EventManager : Event: ======'drop_target_bank_db_dropbank_up'====== Args={}
2024-09-07 19:49:30,634 : INFO : EventManager : Event: ======'init_phase_2'====== Args={}
2024-09-07 19:49:30,634 : ERROR : asyncio : Exception in callback EventManager._async_handler_done(<QueuedEvent>)(<Task finishe... s_trough4.')>) at C:\ProgramData\anaconda3\envs\mpfenv\Lib\site-packages\mpf\core\events.py:124
handle: <Handle EventManager._async_handler_done(<QueuedEvent>)(<Task finishe... s_trough4.')>) at C:\ProgramData\anaconda3\envs\mpfenv\Lib\site-packages\mpf\core\events.py:124>
Traceback (most recent call last):
  File "C:\ProgramData\anaconda3\envs\mpfenv\Lib\asyncio\events.py", line 88, in _run
    self._context.run(self._callback, *self._args)
  File "C:\ProgramData\anaconda3\envs\mpfenv\Lib\site-packages\mpf\core\events.py", line 127, in _async_handler_done
    future.result()
  File "C:\ProgramData\anaconda3\envs\mpfenv\Lib\site-packages\mpf\core\switch_controller.py", line 84, in _initialize_switches
    await self.update_switches_from_hw()
  File "C:\ProgramData\anaconda3\envs\mpfenv\Lib\site-packages\mpf\core\switch_controller.py", line 109, in update_switches_from_hw
    switch_states = await platform.get_hw_switch_states()
                    ^^^^^^^^^^^^^^^^^^^^^^^^^^^^^^^^^^^^^
  File "C:\ProgramData\anaconda3\envs\mpfenv\Lib\site-packages\mpf\platforms\virtual.py", line 111, in get_hw_switch_states
    self.raise_config_error("MPF no longer supports lists separated by space in "
  File "C:\ProgramData\anaconda3\envs\mpfenv\Lib\site-packages\mpf\core\logging.py", line 174, in raise_config_error
    raise ConfigFileError(msg, error_no, self.log.name if self.log else "", context, self._url_base) \
mpf.exceptions.config_file_error.ConfigFileError: Config File Error in Virtual Platform: MPF no longer supports lists separated by space in virtual_platform_start_active_switches. Please separate switches by comma: s_trough1 s_trough2 s_trough3 s_trough4. Error Code: CFE-Virtual_Platform-1 (https://missionpinball.org/logs)
2024-09-07 19:49:30,636 : INFO : Machine : Starting the main run loop.
2024-09-07 19:49:30,636 : INFO : Machine : Shutting down...
2024-09-07 19:49:30,636 : INFO : EventManager : Event: ======'shutdown'====== Args={}
2024-09-07 19:49:31,651 : ERROR : Machine : Runtime Exception
Traceback (most recent call last):
  File "C:\ProgramData\anaconda3\envs\mpfenv\Lib\site-packages\mpf\core\machine.py", line 793, in _run_loop
    raise self._exception['exception']
  File "C:\ProgramData\anaconda3\envs\mpfenv\Lib\asyncio\events.py", line 88, in _run
    self._context.run(self._callback, *self._args)
  File "C:\ProgramData\anaconda3\envs\mpfenv\Lib\site-packages\mpf\core\events.py", line 127, in _async_handler_done
    future.result()
  File "C:\ProgramData\anaconda3\envs\mpfenv\Lib\site-packages\mpf\core\switch_controller.py", line 84, in _initialize_switches
    await self.update_switches_from_hw()
  File "C:\ProgramData\anaconda3\envs\mpfenv\Lib\site-packages\mpf\core\switch_controller.py", line 109, in update_switches_from_hw
    switch_states = await platform.get_hw_switch_states()
                    ^^^^^^^^^^^^^^^^^^^^^^^^^^^^^^^^^^^^^
  File "C:\ProgramData\anaconda3\envs\mpfenv\Lib\site-packages\mpf\platforms\virtual.py", line 111, in get_hw_switch_states
    self.raise_config_error("MPF no longer supports lists separated by space in "
  File "C:\ProgramData\anaconda3\envs\mpfenv\Lib\site-packages\mpf\core\logging.py", line 174, in raise_config_error
    raise ConfigFileError(msg, error_no, self.log.name if self.log else "", context, self._url_base) \
mpf.exceptions.config_file_error.ConfigFileError: Config File Error in Virtual Platform: MPF no longer supports lists separated by space in virtual_platform_start_active_switches. Please separate switches by comma: s_trough1 s_trough2 s_trough3 s_trough4. Error Code: CFE-Virtual_Platform-1 (https://missionpinball.org/logs)
2024-09-07 19:49:31,654 : INFO : root : MPF run loop ended.
