2024-09-08 15:07:00,318 : INFO : root : Loading config.
2024-09-08 15:07:00,320 : INFO : YamlMultifileConfigLoader : Machine config file #1: config.yaml
2024-09-08 15:07:00,320 : INFO : ConfigProcessor : Loading config from cache: C:\Users\dorus\AppData\Local\Temp\636ce416879e362e618e72aa23ee7aae.mpf_cache
2024-09-08 15:07:00,380 : INFO : ConfigProcessor : Loading config from cache: C:\Users\dorus\AppData\Local\Temp\88f25e45fa15743a3d93de98d7c6ca4c.mpf_cache
2024-09-08 15:07:00,381 : INFO : ConfigProcessor : Loading config from cache: C:\Users\dorus\AppData\Local\Temp\d8bc63701c1a2ad1653a8cc5aec9548a.mpf_cache
2024-09-08 15:07:00,381 : INFO : Machine : Mission Pinball Framework Core Engine v0.80.0.dev4
2024-09-08 15:07:00,381 : INFO : Machine : Command line arguments: {'no_load_cache': False, 'create_config_cache': True, 'bcp': True, 'configfile': ['config.yaml'], 'force_assets_load': False, 'platform_integration_test': False, 'jsonlogging': False, 'logfile': 'logs\\2024-09-08-15-07-00-mpf-Gaming_Dorus.log', 'pause': False, 'production': False, 'text_ui': True, 'loglevel': 15, 'consoleloglevel': 20, 'force_platform': 'virtual', 'syslog_address': None, 'mc_file_name': None, 'no_sound': False, 'full_logfile_path': 'C:\\Users\\dorus\\OneDrive\\Documents\\Pinball\\PortalPinball-V4.0\\machinefolder\\logs\\2024-09-08-15-07-00-mpf-Gaming_Dorus.log'}
2024-09-08 15:07:00,381 : INFO : Machine : MPF path: C:\ProgramData\anaconda3\envs\mpfenv\Lib\site-packages\mpf
2024-09-08 15:07:00,381 : INFO : Machine : Machine path: C:\Users\dorus\OneDrive\Documents\Pinball\PortalPinball-V4.0\machinefolder
2024-09-08 15:07:00,381 : INFO : Machine : Platform: win32
2024-09-08 15:07:00,381 : INFO : Machine : Python executable location: C:\ProgramData\anaconda3\envs\mpfenv\python.exe
2024-09-08 15:07:00,381 : INFO : Machine : Python version: 3.12.4 (64-bit)
2024-09-08 15:07:00,382 : INFO : Machine : Initializing MPF...
2024-09-08 15:07:01,137 : INFO : EventManager : Event: ======'machine_var_credits_string'====== Args={'value': 'FREE PLAY', 'prev_value': None, 'change': True}
2024-09-08 15:07:01,162 : INFO : EventManager : Event: ======'machine_var_master_volume'====== Args={'value': 0.5, 'prev_value': None, 'change': True}
2024-09-08 15:07:01,162 : INFO : EventManager : Event: ======'machine_var_player1_score'====== Args={'value': 0, 'prev_value': None, 'change': True}
2024-09-08 15:07:01,162 : INFO : EventManager : Event: ======'machine_var_mpf_version'====== Args={'value': 'Mission Pinball Framework v0.80.0.dev4', 'prev_value': None, 'change': True}
2024-09-08 15:07:01,162 : INFO : EventManager : Event: ======'machine_var_mpf_extended_version'====== Args={'value': 'Mission Pinball Framework v0.80.0.dev4, Config version:6, Show version: 6, BCP version:1.1', 'prev_value': None, 'change': True}
2024-09-08 15:07:01,162 : INFO : EventManager : Event: ======'machine_var_python_version'====== Args={'value': '3.12.4', 'prev_value': None, 'change': True}
2024-09-08 15:07:01,255 : INFO : EventManager : Event: ======'machine_var_platform'====== Args={'value': 'Windows-11-10.0.22631-SP0', 'prev_value': None, 'change': True}
2024-09-08 15:07:01,255 : INFO : EventManager : Event: ======'machine_var_platform_system'====== Args={'value': 'Windows', 'prev_value': None, 'change': True}
2024-09-08 15:07:01,255 : INFO : EventManager : Event: ======'machine_var_platform_release'====== Args={'value': '11', 'prev_value': None, 'change': True}
2024-09-08 15:07:01,255 : INFO : EventManager : Event: ======'machine_var_platform_version'====== Args={'value': '10.0.22631', 'prev_value': None, 'change': True}
2024-09-08 15:07:01,255 : INFO : EventManager : Event: ======'machine_var_platform_machine'====== Args={'value': 'AMD64', 'prev_value': None, 'change': True}
2024-09-08 15:07:01,255 : INFO : EventManager : Event: ======'machine_var_log_file_path'====== Args={'value': 'C:\\Users\\dorus\\OneDrive\\Documents\\Pinball\\PortalPinball-V4.0\\machinefolder\\logs\\2024-09-08-15-07-00-mpf-Gaming_Dorus.log', 'prev_value': None, 'change': True}
2024-09-08 15:07:01,255 : INFO : EventManager : Event: ======'init_phase_1'====== Args={}
2024-09-08 15:07:01,267 : INFO : EventManager : Event: ======'drop_target_bank_db_dropbank_up'====== Args={}
2024-09-08 15:07:01,268 : INFO : EventManager : Event: ======'init_phase_2'====== Args={}
2024-09-08 15:07:01,268 : INFO : SwitchController : Found active switch: ('2-1-16', <Platform.Virtual>) <switch.s_trough1>
2024-09-08 15:07:01,268 : INFO : SwitchController : Found active switch: ('2-1-17', <Platform.Virtual>) <switch.s_trough2>
2024-09-08 15:07:01,268 : INFO : SwitchController : Found active switch: ('2-1-18', <Platform.Virtual>) <switch.s_trough3>
2024-09-08 15:07:01,268 : INFO : SwitchController : Found active switch: ('2-1-19', <Platform.Virtual>) <switch.s_trough4>
2024-09-08 15:07:01,269 : INFO : EventManager : Event: ======'bcp_connection_attempt'====== Args={'name': 'local_display', 'host': 'localhost', 'port': 5050}
2024-09-08 15:07:01,270 : INFO : BCPClientSocket : Connecting BCP to 'local_display' at localhost:5050...
2024-09-08 15:07:01,283 : INFO : BCPClientSocket : Connected BCP to 'local_display' localhost:5050
2024-09-08 15:07:01,284 : INFO : EventManager : Event: ======'bcp_clients_connected'====== Args={}
2024-09-08 15:07:01,872 : INFO : ball_device.bd_trough : BCH: Initial count: 4
2024-09-08 15:07:01,924 : INFO : ball_device.bd_trough : State: idle
2024-09-08 15:07:01,925 : INFO : ball_device.bd_plunger : BCH: Initial count: 0
2024-09-08 15:07:01,925 : INFO : ball_device.bd_plunger : State: idle
2024-09-08 15:07:01,934 : INFO : EventManager : Event: ======'init_phase_3'====== Args={}
2024-09-08 15:07:01,935 : INFO : EventManager : Event: ======'init_phase_4'====== Args={}
2024-09-08 15:07:01,935 : INFO : BallController : Initial balls found: 4
2024-09-08 15:07:01,936 : INFO : EventManager : Event: ======'machine_var_audits_events_game_ended'====== Args={'value': 1, 'prev_value': None, 'change': True}
2024-09-08 15:07:01,936 : INFO : EventManager : Event: ======'machine_var_audits_events_game_started'====== Args={'value': 3, 'prev_value': None, 'change': True}
2024-09-08 15:07:01,936 : INFO : EventManager : Event: ======'machine_var_audits_missing_switches_s_Other01'====== Args={'value': 3, 'prev_value': None, 'change': True}
2024-09-08 15:07:01,936 : INFO : EventManager : Event: ======'machine_var_audits_missing_switches_s_Other02'====== Args={'value': 3, 'prev_value': None, 'change': True}
2024-09-08 15:07:01,936 : INFO : EventManager : Event: ======'machine_var_audits_missing_switches_s_Other03'====== Args={'value': 3, 'prev_value': None, 'change': True}
2024-09-08 15:07:01,936 : INFO : EventManager : Event: ======'machine_var_audits_missing_switches_s_Other04'====== Args={'value': 3, 'prev_value': None, 'change': True}
2024-09-08 15:07:01,936 : INFO : EventManager : Event: ======'machine_var_audits_missing_switches_s_Other05'====== Args={'value': 3, 'prev_value': None, 'change': True}
2024-09-08 15:07:01,936 : INFO : EventManager : Event: ======'machine_var_audits_missing_switches_s_Other06'====== Args={'value': 3, 'prev_value': None, 'change': True}
2024-09-08 15:07:01,936 : INFO : EventManager : Event: ======'machine_var_audits_missing_switches_s_Other07'====== Args={'value': 3, 'prev_value': None, 'change': True}
2024-09-08 15:07:01,936 : INFO : EventManager : Event: ======'machine_var_audits_missing_switches_s_Other08'====== Args={'value': 3, 'prev_value': None, 'change': True}
2024-09-08 15:07:01,936 : INFO : EventManager : Event: ======'machine_var_audits_missing_switches_s_Other09'====== Args={'value': 3, 'prev_value': None, 'change': True}
2024-09-08 15:07:01,936 : INFO : EventManager : Event: ======'machine_var_audits_missing_switches_s_bottomlane1'====== Args={'value': 3, 'prev_value': None, 'change': True}
2024-09-08 15:07:01,936 : INFO : EventManager : Event: ======'machine_var_audits_missing_switches_s_bottomlane2'====== Args={'value': 3, 'prev_value': None, 'change': True}
2024-09-08 15:07:01,936 : INFO : EventManager : Event: ======'machine_var_audits_missing_switches_s_bottomlane3'====== Args={'value': 3, 'prev_value': None, 'change': True}
2024-09-08 15:07:01,936 : INFO : EventManager : Event: ======'machine_var_audits_missing_switches_s_bottomlane4'====== Args={'value': 3, 'prev_value': None, 'change': True}
2024-09-08 15:07:01,936 : INFO : EventManager : Event: ======'machine_var_audits_missing_switches_s_bottomlane5'====== Args={'value': 3, 'prev_value': None, 'change': True}
2024-09-08 15:07:01,936 : INFO : EventManager : Event: ======'machine_var_audits_missing_switches_s_drop1'====== Args={'value': 3, 'prev_value': None, 'change': True}
2024-09-08 15:07:01,936 : INFO : EventManager : Event: ======'machine_var_audits_missing_switches_s_drop2'====== Args={'value': 3, 'prev_value': None, 'change': True}
2024-09-08 15:07:01,936 : INFO : EventManager : Event: ======'machine_var_audits_missing_switches_s_drop3'====== Args={'value': 3, 'prev_value': None, 'change': True}
2024-09-08 15:07:01,936 : INFO : EventManager : Event: ======'machine_var_audits_missing_switches_s_launch'====== Args={'value': 3, 'prev_value': None, 'change': True}
2024-09-08 15:07:01,936 : INFO : EventManager : Event: ======'machine_var_audits_missing_switches_s_left_sling'====== Args={'value': 3, 'prev_value': None, 'change': True}
2024-09-08 15:07:01,936 : INFO : EventManager : Event: ======'machine_var_audits_missing_switches_s_popbumber_1'====== Args={'value': 3, 'prev_value': None, 'change': True}
2024-09-08 15:07:01,936 : INFO : EventManager : Event: ======'machine_var_audits_missing_switches_s_popbumber_2'====== Args={'value': 3, 'prev_value': None, 'change': True}
2024-09-08 15:07:01,936 : INFO : EventManager : Event: ======'machine_var_audits_missing_switches_s_popbumber_3'====== Args={'value': 3, 'prev_value': None, 'change': True}
2024-09-08 15:07:01,937 : INFO : EventManager : Event: ======'machine_var_audits_missing_switches_s_right_sling'====== Args={'value': 3, 'prev_value': None, 'change': True}
2024-09-08 15:07:01,937 : INFO : EventManager : Event: ======'machine_var_audits_missing_switches_s_toplane2'====== Args={'value': 3, 'prev_value': None, 'change': True}
2024-09-08 15:07:01,937 : INFO : EventManager : Event: ======'machine_var_audits_missing_switches_s_toplane3'====== Args={'value': 3, 'prev_value': None, 'change': True}
2024-09-08 15:07:01,937 : INFO : EventManager : Event: ======'machine_var_audits_missing_switches_s_trough2'====== Args={'value': 3, 'prev_value': None, 'change': True}
2024-09-08 15:07:01,937 : INFO : EventManager : Event: ======'machine_var_audits_missing_switches_s_trough3'====== Args={'value': 3, 'prev_value': None, 'change': True}
2024-09-08 15:07:01,937 : INFO : EventManager : Event: ======'machine_var_audits_missing_switches_s_trough4'====== Args={'value': 3, 'prev_value': None, 'change': True}
2024-09-08 15:07:01,937 : INFO : EventManager : Event: ======'machine_var_audits_missing_switches_s_trough5'====== Args={'value': 3, 'prev_value': None, 'change': True}
2024-09-08 15:07:01,937 : INFO : EventManager : Event: ======'machine_var_audits_missing_switches_s_trough6'====== Args={'value': 3, 'prev_value': None, 'change': True}
2024-09-08 15:07:01,937 : INFO : EventManager : Event: ======'machine_var_audits_missing_switches_s_trough_jam'====== Args={'value': 3, 'prev_value': None, 'change': True}
2024-09-08 15:07:01,937 : INFO : EventManager : Event: ======'machine_var_audits_missing_switches_s_vukmid'====== Args={'value': 3, 'prev_value': None, 'change': True}
2024-09-08 15:07:01,937 : INFO : EventManager : Event: ======'machine_var_audits_missing_switches_s_vuktop'====== Args={'value': 3, 'prev_value': None, 'change': True}
2024-09-08 15:07:01,937 : INFO : EventManager : Event: ======'machine_var_audits_player_score'====== Args={'value': {'average': 0, 'top': [0], 'total': 1}, 'prev_value': None, 'change': True}
2024-09-08 15:07:01,937 : INFO : EventManager : Event: ======'machine_var_audits_switches_s_Other01'====== Args={'value': 0, 'prev_value': None, 'change': True}
2024-09-08 15:07:01,937 : INFO : EventManager : Event: ======'machine_var_audits_switches_s_Other02'====== Args={'value': 0, 'prev_value': None, 'change': True}
2024-09-08 15:07:01,937 : INFO : EventManager : Event: ======'machine_var_audits_switches_s_Other03'====== Args={'value': 0, 'prev_value': None, 'change': True}
2024-09-08 15:07:01,937 : INFO : EventManager : Event: ======'machine_var_audits_switches_s_Other04'====== Args={'value': 0, 'prev_value': None, 'change': True}
2024-09-08 15:07:01,937 : INFO : EventManager : Event: ======'machine_var_audits_switches_s_Other05'====== Args={'value': 0, 'prev_value': None, 'change': True}
2024-09-08 15:07:01,938 : INFO : EventManager : Event: ======'machine_var_audits_switches_s_Other06'====== Args={'value': 0, 'prev_value': None, 'change': True}
2024-09-08 15:07:01,938 : INFO : EventManager : Event: ======'machine_var_audits_switches_s_Other07'====== Args={'value': 0, 'prev_value': None, 'change': True}
2024-09-08 15:07:01,938 : INFO : EventManager : Event: ======'machine_var_audits_switches_s_Other08'====== Args={'value': 0, 'prev_value': None, 'change': True}
2024-09-08 15:07:01,938 : INFO : EventManager : Event: ======'machine_var_audits_switches_s_Other09'====== Args={'value': 0, 'prev_value': None, 'change': True}
2024-09-08 15:07:01,938 : INFO : EventManager : Event: ======'machine_var_audits_switches_s_bottomlane1'====== Args={'value': 0, 'prev_value': None, 'change': True}
2024-09-08 15:07:01,938 : INFO : EventManager : Event: ======'machine_var_audits_switches_s_bottomlane2'====== Args={'value': 0, 'prev_value': None, 'change': True}
2024-09-08 15:07:01,938 : INFO : EventManager : Event: ======'machine_var_audits_switches_s_bottomlane3'====== Args={'value': 0, 'prev_value': None, 'change': True}
2024-09-08 15:07:01,938 : INFO : EventManager : Event: ======'machine_var_audits_switches_s_bottomlane4'====== Args={'value': 0, 'prev_value': None, 'change': True}
2024-09-08 15:07:01,938 : INFO : EventManager : Event: ======'machine_var_audits_switches_s_bottomlane5'====== Args={'value': 0, 'prev_value': None, 'change': True}
2024-09-08 15:07:01,938 : INFO : EventManager : Event: ======'machine_var_audits_switches_s_drop1'====== Args={'value': 0, 'prev_value': None, 'change': True}
2024-09-08 15:07:01,938 : INFO : EventManager : Event: ======'machine_var_audits_switches_s_drop2'====== Args={'value': 0, 'prev_value': None, 'change': True}
2024-09-08 15:07:01,938 : INFO : EventManager : Event: ======'machine_var_audits_switches_s_drop3'====== Args={'value': 0, 'prev_value': None, 'change': True}
2024-09-08 15:07:01,938 : INFO : EventManager : Event: ======'machine_var_audits_switches_s_launch'====== Args={'value': 0, 'prev_value': None, 'change': True}
2024-09-08 15:07:01,939 : INFO : EventManager : Event: ======'machine_var_audits_switches_s_left_sling'====== Args={'value': 0, 'prev_value': None, 'change': True}
2024-09-08 15:07:01,939 : INFO : EventManager : Event: ======'machine_var_audits_switches_s_plunger_lane'====== Args={'value': 14, 'prev_value': None, 'change': True}
2024-09-08 15:07:01,939 : INFO : EventManager : Event: ======'machine_var_audits_switches_s_popbumber_1'====== Args={'value': 0, 'prev_value': None, 'change': True}
2024-09-08 15:07:01,939 : INFO : EventManager : Event: ======'machine_var_audits_switches_s_popbumber_2'====== Args={'value': 0, 'prev_value': None, 'change': True}
2024-09-08 15:07:01,939 : INFO : EventManager : Event: ======'machine_var_audits_switches_s_popbumber_3'====== Args={'value': 0, 'prev_value': None, 'change': True}
2024-09-08 15:07:01,939 : INFO : EventManager : Event: ======'machine_var_audits_switches_s_right_sling'====== Args={'value': 0, 'prev_value': None, 'change': True}
2024-09-08 15:07:01,939 : INFO : EventManager : Event: ======'machine_var_audits_switches_s_start'====== Args={'value': 8, 'prev_value': None, 'change': True}
2024-09-08 15:07:01,939 : INFO : EventManager : Event: ======'machine_var_audits_switches_s_toplane1'====== Args={'value': 63, 'prev_value': None, 'change': True}
2024-09-08 15:07:01,940 : INFO : EventManager : Event: ======'machine_var_audits_switches_s_toplane2'====== Args={'value': 0, 'prev_value': None, 'change': True}
2024-09-08 15:07:01,940 : INFO : EventManager : Event: ======'machine_var_audits_switches_s_toplane3'====== Args={'value': 0, 'prev_value': None, 'change': True}
2024-09-08 15:07:01,940 : INFO : EventManager : Event: ======'machine_var_audits_switches_s_trough1'====== Args={'value': 4, 'prev_value': None, 'change': True}
2024-09-08 15:07:01,940 : INFO : EventManager : Event: ======'machine_var_audits_switches_s_trough2'====== Args={'value': 0, 'prev_value': None, 'change': True}
2024-09-08 15:07:01,940 : INFO : EventManager : Event: ======'machine_var_audits_switches_s_trough3'====== Args={'value': 0, 'prev_value': None, 'change': True}
2024-09-08 15:07:01,940 : INFO : EventManager : Event: ======'machine_var_audits_switches_s_trough4'====== Args={'value': 0, 'prev_value': None, 'change': True}
2024-09-08 15:07:01,940 : INFO : EventManager : Event: ======'machine_var_audits_switches_s_trough5'====== Args={'value': 0, 'prev_value': None, 'change': True}
2024-09-08 15:07:01,940 : INFO : EventManager : Event: ======'machine_var_audits_switches_s_trough6'====== Args={'value': 0, 'prev_value': None, 'change': True}
2024-09-08 15:07:01,940 : INFO : EventManager : Event: ======'machine_var_audits_switches_s_trough_jam'====== Args={'value': 0, 'prev_value': None, 'change': True}
2024-09-08 15:07:01,940 : INFO : EventManager : Event: ======'machine_var_audits_switches_s_vukmid'====== Args={'value': 0, 'prev_value': None, 'change': True}
2024-09-08 15:07:01,940 : INFO : EventManager : Event: ======'machine_var_audits_switches_s_vuktop'====== Args={'value': 0, 'prev_value': None, 'change': True}
2024-09-08 15:07:01,941 : INFO : EventManager : Event: ======'init_phase_5'====== Args={}
2024-09-08 15:07:01,972 : INFO : EventManager : Event: ======'init_done'====== Args={}
2024-09-08 15:07:01,972 : INFO : EventManager : Event: ======'machine_reset_phase_1'====== Args={}
2024-09-08 15:07:01,979 : INFO : EventManager : Event: ======'machine_reset_phase_2'====== Args={}
2024-09-08 15:07:01,979 : INFO : EventManager : Event: ======'machine_reset_phase_3'====== Args={}
2024-09-08 15:07:01,979 : INFO : drop_target_bank.db_dropbank : All targets are already up. Will not reset bank.
2024-09-08 15:07:01,979 : INFO : EventManager : Event: ======'reset_complete'====== Args={}
2024-09-08 15:07:01,979 : INFO : EventManager : Event: ======'mode_attract_will_start'====== Args={}
2024-09-08 15:07:01,980 : INFO : EventManager : Event: ======'mode_attract_starting'====== Args={}
2024-09-08 15:07:01,980 : INFO : Mode.attract : Started. Priority: 10
2024-09-08 15:07:01,980 : INFO : EventManager : Event: ======'modes_active_modes_changed'====== Args={}
2024-09-08 15:07:01,980 : INFO : EventManager : Event: ======'mode_attract_started'====== Args={}
2024-09-08 15:07:01,980 : INFO : EventManager : Event: ======'collecting_balls_complete'====== Args={}
2024-09-08 15:07:01,998 : INFO : EventManager : Event: ======'slide_attract_created'====== Args={'_from_bcp': True}
2024-09-08 15:07:01,998 : INFO : EventManager : Event: ======'slide__removed'====== Args={'_from_bcp': True}
2024-09-08 15:07:01,998 : INFO : EventManager : Event: ======'slide_attract_active'====== Args={'original_context': 'attract', 'original_calling_context': 'mode_attract_started', 'priority': 10.0, 'cmd': 'slides_play', '_from_bcp': True}
2024-09-08 15:07:01,998 : INFO : Machine : Starting the main run loop.
2024-09-08 15:07:13,858 : INFO : SwitchController : <<<<<<< 's_trough1' inactive >>>>>>>
2024-09-08 15:07:15,642 : INFO : SwitchController : <<<<<<< 's_trough1' active >>>>>>>
2024-09-08 15:07:16,358 : INFO : SwitchController : <<<<<<< 's_start' active >>>>>>>
2024-09-08 15:07:16,459 : INFO : SwitchController : <<<<<<< 's_start' inactive >>>>>>>
2024-09-08 15:07:16,459 : INFO : EventManager : Event: ======'request_to_start_game'====== Args={}
2024-09-08 15:07:16,460 : INFO : EventManager : Event: ======'game_start'====== Args={'buttons': [], 'hold_time': 0.10899999999674037}
2024-09-08 15:07:16,460 : INFO : EventManager : Event: ======'mode_game_will_start'====== Args={'buttons': [], 'hold_time': 0.10899999999674037}
2024-09-08 15:07:16,462 : INFO : EventManager : Event: ======'mode_game_starting'====== Args={'buttons': [], 'hold_time': 0.10899999999674037}
2024-09-08 15:07:16,462 : INFO : EventManager : Event: ======'mode_attract_will_stop'====== Args={}
2024-09-08 15:07:16,462 : INFO : EventManager : Event: ======'mode_attract_stopping'====== Args={}
2024-09-08 15:07:16,462 : INFO : Mode.attract : Stopped.
2024-09-08 15:07:16,462 : INFO : EventManager : Event: ======'modes_active_modes_changed'====== Args={}
2024-09-08 15:07:16,462 : INFO : EventManager : Event: ======'mode_attract_stopped'====== Args={}
2024-09-08 15:07:16,462 : INFO : EventManager : Event: ======'clear'====== Args={'key': 'attract'}
2024-09-08 15:07:16,463 : INFO : Mode.game : Started. Priority: 20
2024-09-08 15:07:16,463 : INFO : EventManager : Event: ======'modes_active_modes_changed'====== Args={}
2024-09-08 15:07:16,463 : INFO : EventManager : Event: ======'mode_game_started'====== Args={'buttons': [], 'hold_time': 0.10899999999674037}
2024-09-08 15:07:16,470 : INFO : EventManager : Event: ======'game_will_start'====== Args={}
2024-09-08 15:07:16,470 : INFO : EventManager : Event: ======'game_starting'====== Args={'game': <Mode.game>}
2024-09-08 15:07:16,470 : INFO : EventManager : Unordered handler for class <Auditor> on event game_ended with priority 1. Handlers: [RegisteredHandler(callback=<bound method Auditor.disable of <Auditor>>, priority=1, kwargs={}, key=UUID('ecf03d31-95f2-4d8b-b174-b34ef150b2d5'), condition=None, blocking_facility=None), RegisteredHandler(callback=<bound method Auditor._save_audits of <Auditor>>, priority=1, kwargs={}, key=UUID('7d2b2603-aefc-4e88-8f92-5e6c9fe367d8'), condition=None, blocking_facility=None)]. The order of those handlers is not defined and they will be executed in random order. This might lead to race conditions and potential bugs.
2024-09-08 15:07:16,470 : INFO : EventManager : Event: ======'player_add_request'====== Args={}
2024-09-08 15:07:16,470 : INFO : EventManager : Event: ======'player_will_add'====== Args={'number': 1}
2024-09-08 15:07:16,471 : INFO : EventManager : Event: ======'player_adding'====== Args={'player': <Player 1>, 'number': 1}
2024-09-08 15:07:16,471 : INFO : EventManager : Event: ======'player_added'====== Args={'player': <Player 1>, 'num': 1}
2024-09-08 15:07:16,471 : INFO : Mode.game : Player added successfully. Total players: 1
2024-09-08 15:07:16,472 : INFO : EventManager : Event: ======'player_index'====== Args={'value': 0, 'prev_value': 0, 'change': 0, 'player_num': 1}
2024-09-08 15:07:16,472 : INFO : EventManager : Event: ======'player_number'====== Args={'value': 1, 'prev_value': 1, 'change': 0, 'player_num': 1}
2024-09-08 15:07:16,472 : INFO : EventManager : Event: ======'player_score'====== Args={'value': 0, 'prev_value': 0, 'change': 0, 'player_num': 1}
2024-09-08 15:07:16,472 : INFO : EventManager : Event: ======'game_started'====== Args={}
2024-09-08 15:07:16,480 : INFO : EventManager : Event: ======'player_turn_will_start'====== Args={'player': <Player 1>, 'number': 1}
2024-09-08 15:07:16,480 : INFO : EventManager : Event: ======'player_turn_starting'====== Args={'player': <Player 1>, 'number': 1}
2024-09-08 15:07:16,480 : INFO : EventManager : Event: ======'player_ball'====== Args={'value': 1, 'prev_value': 0, 'change': 1, 'player_num': 1}
2024-09-08 15:07:16,480 : INFO : EventManager : Event: ======'player_turn_started'====== Args={'player': <Player 1>, 'number': 1}
2024-09-08 15:07:16,483 : INFO : EventManager : Event: ======'ball_will_start'====== Args={'player': 1, 'ball': 1, 'balls_remaining': 2, 'is_extra_ball': False}
2024-09-08 15:07:16,486 : INFO : EventManager : Event: ======'ball_starting'====== Args={'player': 1, 'ball': 1, 'balls_remaining': 2, 'is_extra_ball': False}
2024-09-08 15:07:16,486 : INFO : drop_target_bank.db_dropbank : All targets are already up. Will not reset bank.
2024-09-08 15:07:16,486 : INFO : EventManager : Event: ======'balls_in_play'====== Args={'balls': 1}
2024-09-08 15:07:16,487 : INFO : EventManager : Event: ======'ball_started'====== Args={'player': 1, 'ball': 1, 'balls_remaining': 2, 'is_extra_ball': False}
2024-09-08 15:07:16,487 : INFO : EventManager : Event: ======'single_player_ball_started'====== Args={}
2024-09-08 15:07:16,487 : INFO : EventManager : Event: ======'ball_start_target'====== Args={'target': 'playfield'}
2024-09-08 15:07:16,488 : INFO : ball_device.bd_plunger : Setting up player-controlled eject. Balls: 1, Target: <playfield.playfield>, player_controlled_eject_event: s_launch_active
2024-09-08 15:07:16,488 : INFO : EventManager : Event: ======'balldevice_balls_available'====== Args={}
2024-09-08 15:07:16,489 : INFO : ball_device.bd_trough : State: waiting_for_target_ready
2024-09-08 15:07:16,489 : INFO : EventManager : Event: ======'balldevice_bd_trough_ball_eject_attempt'====== Args={'balls': 1, 'target': <ball_device.bd_plunger>, 'source': <ball_device.bd_trough>, 'mechanical_eject': True, 'num_attempts': 0}
2024-09-08 15:07:16,489 : INFO : ball_device.bd_plunger : State: waiting_for_ball
2024-09-08 15:07:16,489 : INFO : ball_device.bd_trough : State: ejecting
2024-09-08 15:07:16,489 : INFO : ball_device.bd_trough : Ejecting ball to <ball_device.bd_plunger>
2024-09-08 15:07:16,489 : INFO : EventManager : Event: ======'balldevice_bd_trough_ejecting_ball'====== Args={'balls': 1, 'target': <ball_device.bd_plunger>, 'source': <ball_device.bd_trough>, 'mechanical_eject': True, 'num_attempts': 0}
2024-09-08 15:07:16,489 : INFO : ball_device.bd_trough : Wait for ball to leave device
2024-09-08 15:07:16,490 : INFO : coil.c_trough_eject : Pulsing Driver for 25ms (1.0 pulse_power)
2024-09-08 15:07:18,625 : INFO : SwitchController : <<<<<<< 's_trough1' inactive >>>>>>>
2024-09-08 15:07:18,675 : INFO : ball_device.bd_trough : State: ball_left
2024-09-08 15:07:18,675 : INFO : ball_device.bd_trough : Ball left
2024-09-08 15:07:18,675 : INFO : ball_device.bd_trough : Wait for confirm with timeout 10.0
2024-09-08 15:07:23,258 : INFO : SwitchController : <<<<<<< 's_plunger_lane' active >>>>>>>
2024-09-08 15:07:23,258 : INFO : EventManager : Event: ======'machine_var_audits_switches_s_plunger_lane'====== Args={'value': 15, 'prev_value': 14, 'change': 1}
2024-09-08 15:07:23,782 : INFO : ball_device.bd_plunger : Received ball from <ball_device.bd_trough>
2024-09-08 15:07:23,782 : INFO : EventManager : Event: ======'balldevice_bd_plunger_ball_enter'====== Args={'new_balls': 1, 'unclaimed_balls': 0, 'new_available_balls': 0, 'device': <ball_device.bd_plunger>}
2024-09-08 15:07:23,782 : INFO : EventManager : Event: ======'balldevice_bd_plunger_ball_entered'====== Args={'new_balls': 0, 'device': <ball_device.bd_plunger>}
2024-09-08 15:07:23,782 : INFO : EventManager : Event: ======'balldevice_bd_plunger_ball_count_changed'====== Args={'balls': 1}
2024-09-08 15:07:23,782 : INFO : ball_device.bd_trough : Got eject confirm
2024-09-08 15:07:23,782 : INFO : ball_device.bd_trough : Eject successful
2024-09-08 15:07:23,782 : INFO : EventManager : Event: ======'balldevice_bd_trough_ball_eject_success'====== Args={'balls': 1, 'target': <ball_device.bd_plunger>}
2024-09-08 15:07:23,782 : INFO : ball_device.bd_plunger : State: waiting_for_target_ready
2024-09-08 15:07:23,782 : INFO : EventManager : Event: ======'balldevice_bd_plunger_ball_eject_attempt'====== Args={'balls': 1, 'target': <playfield.playfield>, 'source': <ball_device.bd_plunger>, 'mechanical_eject': True, 'num_attempts': 0}
2024-09-08 15:07:23,782 : INFO : EventManager : Event: ======'balldevice_bd_trough_ball_count_changed'====== Args={'balls': 3}
2024-09-08 15:07:23,782 : INFO : ball_device.bd_trough : State: idle
2024-09-08 15:07:23,783 : INFO : ball_device.bd_plunger : State: ejecting
2024-09-08 15:07:23,783 : INFO : ball_device.bd_plunger : Ejecting ball to <playfield.playfield>
2024-09-08 15:07:23,783 : INFO : EventManager : Event: ======'balldevice_bd_plunger_ejecting_ball'====== Args={'balls': 1, 'target': <playfield.playfield>, 'source': <ball_device.bd_plunger>, 'mechanical_eject': True, 'num_attempts': 0}
2024-09-08 15:07:23,783 : INFO : ball_device.bd_plunger : Wait for ball to leave device
2024-09-08 15:07:26,058 : INFO : SwitchController : <<<<<<< 's_plunger_lane' inactive >>>>>>>
2024-09-08 15:07:26,073 : INFO : ball_device.bd_plunger : State: ball_left
2024-09-08 15:07:26,073 : INFO : ball_device.bd_plunger : Ball left
2024-09-08 15:07:26,073 : INFO : ball_device.bd_plunger : Wait for confirm with timeout 10.0
2024-09-08 15:07:28,341 : INFO : SwitchController : <<<<<<< 's_toplane1' active >>>>>>>
2024-09-08 15:07:28,341 : INFO : EventManager : Event: ======'machine_var_audits_switches_s_toplane1'====== Args={'value': 64, 'prev_value': 63, 'change': 1}
2024-09-08 15:07:28,453 : INFO : SwitchController : <<<<<<< 's_toplane1' inactive >>>>>>>
2024-09-08 15:07:29,344 : INFO : SwitchController : <<<<<<< 's_toplane1' active >>>>>>>
2024-09-08 15:07:29,344 : INFO : EventManager : Event: ======'machine_var_audits_switches_s_toplane1'====== Args={'value': 65, 'prev_value': 64, 'change': 1}
2024-09-08 15:07:29,525 : INFO : SwitchController : <<<<<<< 's_toplane1' inactive >>>>>>>
2024-09-08 15:07:29,742 : INFO : SwitchController : <<<<<<< 's_toplane1' active >>>>>>>
2024-09-08 15:07:29,742 : INFO : EventManager : Event: ======'machine_var_audits_switches_s_toplane1'====== Args={'value': 66, 'prev_value': 65, 'change': 1}
2024-09-08 15:07:29,858 : INFO : SwitchController : <<<<<<< 's_toplane1' inactive >>>>>>>
2024-09-08 15:07:30,124 : INFO : SwitchController : <<<<<<< 's_toplane1' active >>>>>>>
2024-09-08 15:07:30,124 : INFO : EventManager : Event: ======'machine_var_audits_switches_s_toplane1'====== Args={'value': 67, 'prev_value': 66, 'change': 1}
2024-09-08 15:07:30,241 : INFO : SwitchController : <<<<<<< 's_toplane1' inactive >>>>>>>
2024-09-08 15:07:30,475 : INFO : SwitchController : <<<<<<< 's_toplane1' active >>>>>>>
2024-09-08 15:07:30,475 : INFO : EventManager : Event: ======'machine_var_audits_switches_s_toplane1'====== Args={'value': 68, 'prev_value': 67, 'change': 1}
2024-09-08 15:07:30,591 : INFO : SwitchController : <<<<<<< 's_toplane1' inactive >>>>>>>
2024-09-08 15:07:30,808 : INFO : SwitchController : <<<<<<< 's_toplane1' active >>>>>>>
2024-09-08 15:07:30,808 : INFO : EventManager : Event: ======'machine_var_audits_switches_s_toplane1'====== Args={'value': 69, 'prev_value': 68, 'change': 1}
2024-09-08 15:07:30,924 : INFO : SwitchController : <<<<<<< 's_toplane1' inactive >>>>>>>
2024-09-08 15:07:31,309 : INFO : SwitchController : <<<<<<< 's_toplane1' active >>>>>>>
2024-09-08 15:07:31,310 : INFO : EventManager : Event: ======'machine_var_audits_switches_s_toplane1'====== Args={'value': 70, 'prev_value': 69, 'change': 1}
2024-09-08 15:07:31,448 : INFO : SwitchController : <<<<<<< 's_toplane1' inactive >>>>>>>
2024-09-08 15:07:31,691 : INFO : SwitchController : <<<<<<< 's_toplane1' active >>>>>>>
2024-09-08 15:07:31,691 : INFO : EventManager : Event: ======'machine_var_audits_switches_s_toplane1'====== Args={'value': 71, 'prev_value': 70, 'change': 1}
2024-09-08 15:07:31,791 : INFO : SwitchController : <<<<<<< 's_toplane1' inactive >>>>>>>
2024-09-08 15:07:31,958 : INFO : SwitchController : <<<<<<< 's_toplane1' active >>>>>>>
2024-09-08 15:07:31,958 : INFO : EventManager : Event: ======'machine_var_audits_switches_s_toplane1'====== Args={'value': 72, 'prev_value': 71, 'change': 1}
2024-09-08 15:07:32,125 : INFO : SwitchController : <<<<<<< 's_toplane1' inactive >>>>>>>
2024-09-08 15:07:32,508 : INFO : SwitchController : <<<<<<< 's_toplane1' active >>>>>>>
2024-09-08 15:07:32,508 : INFO : EventManager : Event: ======'machine_var_audits_switches_s_toplane1'====== Args={'value': 73, 'prev_value': 72, 'change': 1}
2024-09-08 15:07:32,642 : INFO : SwitchController : <<<<<<< 's_toplane1' inactive >>>>>>>
2024-09-08 15:07:33,008 : INFO : SwitchController : <<<<<<< 's_toplane1' active >>>>>>>
2024-09-08 15:07:33,008 : INFO : EventManager : Event: ======'machine_var_audits_switches_s_toplane1'====== Args={'value': 74, 'prev_value': 73, 'change': 1}
2024-09-08 15:07:33,125 : INFO : SwitchController : <<<<<<< 's_toplane1' inactive >>>>>>>
2024-09-08 15:07:33,291 : INFO : SwitchController : <<<<<<< 's_toplane1' active >>>>>>>
2024-09-08 15:07:33,292 : INFO : EventManager : Event: ======'machine_var_audits_switches_s_toplane1'====== Args={'value': 75, 'prev_value': 74, 'change': 1}
2024-09-08 15:07:33,430 : INFO : SwitchController : <<<<<<< 's_toplane1' inactive >>>>>>>
2024-09-08 15:07:33,591 : INFO : SwitchController : <<<<<<< 's_toplane1' active >>>>>>>
2024-09-08 15:07:33,591 : INFO : EventManager : Event: ======'machine_var_audits_switches_s_toplane1'====== Args={'value': 76, 'prev_value': 75, 'change': 1}
2024-09-08 15:07:33,724 : INFO : SwitchController : <<<<<<< 's_toplane1' inactive >>>>>>>
2024-09-08 15:07:34,058 : INFO : SwitchController : <<<<<<< 's_toplane1' active >>>>>>>
2024-09-08 15:07:34,058 : INFO : EventManager : Event: ======'machine_var_audits_switches_s_toplane1'====== Args={'value': 77, 'prev_value': 76, 'change': 1}
2024-09-08 15:07:34,191 : INFO : SwitchController : <<<<<<< 's_toplane1' inactive >>>>>>>
2024-09-08 15:07:34,374 : INFO : SwitchController : <<<<<<< 's_toplane1' active >>>>>>>
2024-09-08 15:07:34,374 : INFO : EventManager : Event: ======'machine_var_audits_switches_s_toplane1'====== Args={'value': 78, 'prev_value': 77, 'change': 1}
2024-09-08 15:07:34,508 : INFO : SwitchController : <<<<<<< 's_toplane1' inactive >>>>>>>
2024-09-08 15:07:34,824 : INFO : SwitchController : <<<<<<< 's_toplane1' active >>>>>>>
2024-09-08 15:07:34,824 : INFO : EventManager : Event: ======'machine_var_audits_switches_s_toplane1'====== Args={'value': 79, 'prev_value': 78, 'change': 1}
2024-09-08 15:07:34,959 : INFO : SwitchController : <<<<<<< 's_toplane1' inactive >>>>>>>
2024-09-08 15:07:35,241 : INFO : SwitchController : <<<<<<< 's_toplane1' active >>>>>>>
2024-09-08 15:07:35,241 : INFO : EventManager : Event: ======'machine_var_audits_switches_s_toplane1'====== Args={'value': 80, 'prev_value': 79, 'change': 1}
2024-09-08 15:07:35,359 : INFO : SwitchController : <<<<<<< 's_toplane1' inactive >>>>>>>
2024-09-08 15:07:35,559 : INFO : SwitchController : <<<<<<< 's_toplane1' active >>>>>>>
2024-09-08 15:07:35,559 : INFO : EventManager : Event: ======'machine_var_audits_switches_s_toplane1'====== Args={'value': 81, 'prev_value': 80, 'change': 1}
2024-09-08 15:07:35,758 : INFO : SwitchController : <<<<<<< 's_toplane1' inactive >>>>>>>
2024-09-08 15:07:36,090 : INFO : ball_device.bd_plunger : State: failed_confirm
2024-09-08 15:07:36,090 : INFO : ball_device.bd_plunger : Got timeout (10.0s) before confirm from <playfield.playfield>
2024-09-08 15:07:36,108 : INFO : SwitchController : <<<<<<< 's_toplane1' active >>>>>>>
2024-09-08 15:07:36,109 : INFO : EventManager : Event: ======'machine_var_audits_switches_s_toplane1'====== Args={'value': 82, 'prev_value': 81, 'change': 1}
2024-09-08 15:07:36,199 : INFO : ball_device.bd_plunger : Confirming eject because target is playfield and ball did not return.
2024-09-08 15:07:36,200 : INFO : ball_device.bd_plunger : Eject successful
2024-09-08 15:07:36,200 : INFO : EventManager : Event: ======'balldevice_bd_plunger_ball_eject_success'====== Args={'balls': 1, 'target': <playfield.playfield>}
2024-09-08 15:07:36,200 : INFO : EventManager : Event: ======'balldevice_playfield_ball_enter'====== Args={'new_balls': 1, 'unclaimed_balls': 1, 'device': <playfield.playfield>}
2024-09-08 15:07:36,200 : INFO : EventManager : Event: ======'playfield_ball_count_change'====== Args={'balls': 1, 'change': 1}
2024-09-08 15:07:36,200 : INFO : EventManager : Event: ======'balldevice_bd_plunger_ball_count_changed'====== Args={'balls': 0}
2024-09-08 15:07:36,200 : INFO : ball_device.bd_plunger : State: idle
2024-09-08 15:07:36,226 : INFO : SwitchController : <<<<<<< 's_toplane1' inactive >>>>>>>
2024-09-08 15:07:36,476 : INFO : SwitchController : <<<<<<< 's_toplane1' active >>>>>>>
2024-09-08 15:07:36,477 : INFO : EventManager : Event: ======'machine_var_audits_switches_s_toplane1'====== Args={'value': 83, 'prev_value': 82, 'change': 1}
2024-09-08 15:07:36,575 : INFO : SwitchController : <<<<<<< 's_toplane1' inactive >>>>>>>
2024-09-08 15:07:36,791 : INFO : SwitchController : <<<<<<< 's_toplane1' active >>>>>>>
2024-09-08 15:07:36,792 : INFO : EventManager : Event: ======'machine_var_audits_switches_s_toplane1'====== Args={'value': 84, 'prev_value': 83, 'change': 1}
2024-09-08 15:07:36,891 : INFO : SwitchController : <<<<<<< 's_toplane1' inactive >>>>>>>
2024-09-08 15:07:37,341 : INFO : SwitchController : <<<<<<< 's_toplane1' active >>>>>>>
2024-09-08 15:07:37,341 : INFO : EventManager : Event: ======'machine_var_audits_switches_s_toplane1'====== Args={'value': 85, 'prev_value': 84, 'change': 1}
2024-09-08 15:07:37,473 : INFO : SwitchController : <<<<<<< 's_toplane1' inactive >>>>>>>
2024-09-08 15:07:37,675 : INFO : SwitchController : <<<<<<< 's_toplane1' active >>>>>>>
2024-09-08 15:07:37,675 : INFO : EventManager : Event: ======'machine_var_audits_switches_s_toplane1'====== Args={'value': 86, 'prev_value': 85, 'change': 1}
2024-09-08 15:07:37,758 : INFO : SwitchController : <<<<<<< 's_toplane1' inactive >>>>>>>
2024-09-08 15:07:37,941 : INFO : SwitchController : <<<<<<< 's_toplane1' active >>>>>>>
2024-09-08 15:07:37,941 : INFO : EventManager : Event: ======'machine_var_audits_switches_s_toplane1'====== Args={'value': 87, 'prev_value': 86, 'change': 1}
2024-09-08 15:07:38,091 : INFO : SwitchController : <<<<<<< 's_toplane1' inactive >>>>>>>
2024-09-08 15:07:38,824 : INFO : SwitchController : <<<<<<< 's_toplane1' active >>>>>>>
2024-09-08 15:07:38,825 : INFO : EventManager : Event: ======'machine_var_audits_switches_s_toplane1'====== Args={'value': 88, 'prev_value': 87, 'change': 1}
2024-09-08 15:07:38,941 : INFO : SwitchController : <<<<<<< 's_toplane1' inactive >>>>>>>
2024-09-08 15:07:39,474 : INFO : SwitchController : <<<<<<< 's_toplane1' active >>>>>>>
2024-09-08 15:07:39,474 : INFO : EventManager : Event: ======'machine_var_audits_switches_s_toplane1'====== Args={'value': 89, 'prev_value': 88, 'change': 1}
2024-09-08 15:07:39,592 : INFO : SwitchController : <<<<<<< 's_toplane1' inactive >>>>>>>
2024-09-08 15:07:39,775 : INFO : SwitchController : <<<<<<< 's_toplane1' active >>>>>>>
2024-09-08 15:07:39,776 : INFO : EventManager : Event: ======'machine_var_audits_switches_s_toplane1'====== Args={'value': 90, 'prev_value': 89, 'change': 1}
2024-09-08 15:07:39,842 : INFO : SwitchController : <<<<<<< 's_toplane1' inactive >>>>>>>
2024-09-08 15:07:39,974 : INFO : SwitchController : <<<<<<< 's_toplane1' active >>>>>>>
2024-09-08 15:07:39,975 : INFO : EventManager : Event: ======'machine_var_audits_switches_s_toplane1'====== Args={'value': 91, 'prev_value': 90, 'change': 1}
2024-09-08 15:07:40,074 : INFO : SwitchController : <<<<<<< 's_toplane1' inactive >>>>>>>
2024-09-08 15:07:40,191 : INFO : SwitchController : <<<<<<< 's_toplane1' active >>>>>>>
2024-09-08 15:07:40,191 : INFO : EventManager : Event: ======'machine_var_audits_switches_s_toplane1'====== Args={'value': 92, 'prev_value': 91, 'change': 1}
2024-09-08 15:07:40,291 : INFO : SwitchController : <<<<<<< 's_toplane1' inactive >>>>>>>
2024-09-08 15:07:40,391 : INFO : SwitchController : <<<<<<< 's_toplane1' active >>>>>>>
2024-09-08 15:07:40,392 : INFO : EventManager : Event: ======'machine_var_audits_switches_s_toplane1'====== Args={'value': 93, 'prev_value': 92, 'change': 1}
2024-09-08 15:07:40,492 : INFO : SwitchController : <<<<<<< 's_toplane1' inactive >>>>>>>
2024-09-08 15:07:40,625 : INFO : SwitchController : <<<<<<< 's_toplane1' active >>>>>>>
2024-09-08 15:07:40,625 : INFO : EventManager : Event: ======'machine_var_audits_switches_s_toplane1'====== Args={'value': 94, 'prev_value': 93, 'change': 1}
2024-09-08 15:07:40,675 : INFO : SwitchController : <<<<<<< 's_toplane1' inactive >>>>>>>
2024-09-08 15:07:40,841 : INFO : SwitchController : <<<<<<< 's_toplane1' active >>>>>>>
2024-09-08 15:07:40,841 : INFO : EventManager : Event: ======'machine_var_audits_switches_s_toplane1'====== Args={'value': 95, 'prev_value': 94, 'change': 1}
2024-09-08 15:07:40,892 : INFO : SwitchController : <<<<<<< 's_toplane1' inactive >>>>>>>
2024-09-08 15:07:41,024 : INFO : SwitchController : <<<<<<< 's_toplane1' active >>>>>>>
2024-09-08 15:07:41,025 : INFO : EventManager : Event: ======'machine_var_audits_switches_s_toplane1'====== Args={'value': 96, 'prev_value': 95, 'change': 1}
2024-09-08 15:07:41,075 : INFO : SwitchController : <<<<<<< 's_toplane1' inactive >>>>>>>
2024-09-08 15:07:41,241 : INFO : SwitchController : <<<<<<< 's_toplane1' active >>>>>>>
2024-09-08 15:07:41,241 : INFO : EventManager : Event: ======'machine_var_audits_switches_s_toplane1'====== Args={'value': 97, 'prev_value': 96, 'change': 1}
2024-09-08 15:07:41,291 : INFO : SwitchController : <<<<<<< 's_toplane1' inactive >>>>>>>
2024-09-08 15:07:41,430 : INFO : SwitchController : <<<<<<< 's_toplane1' active >>>>>>>
2024-09-08 15:07:41,430 : INFO : EventManager : Event: ======'machine_var_audits_switches_s_toplane1'====== Args={'value': 98, 'prev_value': 97, 'change': 1}
2024-09-08 15:07:41,493 : INFO : SwitchController : <<<<<<< 's_toplane1' inactive >>>>>>>
2024-09-08 15:07:41,891 : INFO : SwitchController : <<<<<<< 's_toplane1' active >>>>>>>
2024-09-08 15:07:41,891 : INFO : EventManager : Event: ======'machine_var_audits_switches_s_toplane1'====== Args={'value': 99, 'prev_value': 98, 'change': 1}
2024-09-08 15:07:41,975 : INFO : SwitchController : <<<<<<< 's_toplane1' inactive >>>>>>>
2024-09-08 15:07:42,125 : INFO : SwitchController : <<<<<<< 's_toplane1' active >>>>>>>
2024-09-08 15:07:42,125 : INFO : EventManager : Event: ======'machine_var_audits_switches_s_toplane1'====== Args={'value': 100, 'prev_value': 99, 'change': 1}
2024-09-08 15:07:42,175 : INFO : SwitchController : <<<<<<< 's_toplane1' inactive >>>>>>>
2024-09-08 15:07:42,326 : INFO : SwitchController : <<<<<<< 's_toplane1' active >>>>>>>
2024-09-08 15:07:42,326 : INFO : EventManager : Event: ======'machine_var_audits_switches_s_toplane1'====== Args={'value': 101, 'prev_value': 100, 'change': 1}
2024-09-08 15:07:42,414 : INFO : SwitchController : <<<<<<< 's_toplane1' inactive >>>>>>>
2024-09-08 15:07:42,624 : INFO : SwitchController : <<<<<<< 's_toplane1' active >>>>>>>
2024-09-08 15:07:42,624 : INFO : EventManager : Event: ======'machine_var_audits_switches_s_toplane1'====== Args={'value': 102, 'prev_value': 101, 'change': 1}
2024-09-08 15:07:42,741 : INFO : SwitchController : <<<<<<< 's_toplane1' inactive >>>>>>>
2024-09-08 15:07:43,224 : INFO : SwitchController : <<<<<<< 's_toplane1' active >>>>>>>
2024-09-08 15:07:43,225 : INFO : EventManager : Event: ======'machine_var_audits_switches_s_toplane1'====== Args={'value': 103, 'prev_value': 102, 'change': 1}
2024-09-08 15:07:43,341 : INFO : SwitchController : <<<<<<< 's_toplane1' inactive >>>>>>>
2024-09-08 15:07:43,559 : INFO : SwitchController : <<<<<<< 's_toplane1' active >>>>>>>
2024-09-08 15:07:43,559 : INFO : EventManager : Event: ======'machine_var_audits_switches_s_toplane1'====== Args={'value': 104, 'prev_value': 103, 'change': 1}
2024-09-08 15:07:43,624 : INFO : SwitchController : <<<<<<< 's_toplane1' inactive >>>>>>>
2024-09-08 15:07:43,858 : INFO : SwitchController : <<<<<<< 's_toplane1' active >>>>>>>
2024-09-08 15:07:43,858 : INFO : EventManager : Event: ======'machine_var_audits_switches_s_toplane1'====== Args={'value': 105, 'prev_value': 104, 'change': 1}
2024-09-08 15:07:43,958 : INFO : SwitchController : <<<<<<< 's_toplane1' inactive >>>>>>>
2024-09-08 15:07:44,158 : INFO : SwitchController : <<<<<<< 's_toplane1' active >>>>>>>
2024-09-08 15:07:44,158 : INFO : EventManager : Event: ======'machine_var_audits_switches_s_toplane1'====== Args={'value': 106, 'prev_value': 105, 'change': 1}
2024-09-08 15:07:44,259 : INFO : SwitchController : <<<<<<< 's_toplane1' inactive >>>>>>>
2024-09-08 15:07:44,456 : INFO : SwitchController : <<<<<<< 's_toplane1' active >>>>>>>
2024-09-08 15:07:44,456 : INFO : EventManager : Event: ======'machine_var_audits_switches_s_toplane1'====== Args={'value': 107, 'prev_value': 106, 'change': 1}
2024-09-08 15:07:44,509 : INFO : SwitchController : <<<<<<< 's_toplane1' inactive >>>>>>>
2024-09-08 15:07:44,674 : INFO : SwitchController : <<<<<<< 's_toplane1' active >>>>>>>
2024-09-08 15:07:44,674 : INFO : EventManager : Event: ======'machine_var_audits_switches_s_toplane1'====== Args={'value': 108, 'prev_value': 107, 'change': 1}
2024-09-08 15:07:44,776 : INFO : SwitchController : <<<<<<< 's_toplane1' inactive >>>>>>>
2024-09-08 15:07:44,924 : INFO : SwitchController : <<<<<<< 's_toplane1' active >>>>>>>
2024-09-08 15:07:44,925 : INFO : EventManager : Event: ======'machine_var_audits_switches_s_toplane1'====== Args={'value': 109, 'prev_value': 108, 'change': 1}
2024-09-08 15:07:45,007 : INFO : SwitchController : <<<<<<< 's_toplane1' inactive >>>>>>>
2024-09-08 15:07:45,159 : INFO : SwitchController : <<<<<<< 's_toplane1' active >>>>>>>
2024-09-08 15:07:45,159 : INFO : EventManager : Event: ======'machine_var_audits_switches_s_toplane1'====== Args={'value': 110, 'prev_value': 109, 'change': 1}
2024-09-08 15:07:45,240 : INFO : SwitchController : <<<<<<< 's_toplane1' inactive >>>>>>>
2024-09-08 15:07:45,642 : INFO : SwitchController : <<<<<<< 's_toplane1' active >>>>>>>
2024-09-08 15:07:45,642 : INFO : EventManager : Event: ======'machine_var_audits_switches_s_toplane1'====== Args={'value': 111, 'prev_value': 110, 'change': 1}
2024-09-08 15:07:45,742 : INFO : SwitchController : <<<<<<< 's_toplane1' inactive >>>>>>>
2024-09-08 15:07:46,024 : INFO : SwitchController : <<<<<<< 's_toplane1' active >>>>>>>
2024-09-08 15:07:46,024 : INFO : EventManager : Event: ======'machine_var_audits_switches_s_toplane1'====== Args={'value': 112, 'prev_value': 111, 'change': 1}
2024-09-08 15:07:46,091 : INFO : SwitchController : <<<<<<< 's_toplane1' inactive >>>>>>>
2024-09-08 15:07:46,491 : INFO : SwitchController : <<<<<<< 's_toplane1' active >>>>>>>
2024-09-08 15:07:46,491 : INFO : EventManager : Event: ======'machine_var_audits_switches_s_toplane1'====== Args={'value': 113, 'prev_value': 112, 'change': 1}
2024-09-08 15:07:46,592 : INFO : SwitchController : <<<<<<< 's_toplane1' inactive >>>>>>>
2024-09-08 15:07:46,841 : INFO : SwitchController : <<<<<<< 's_toplane1' active >>>>>>>
2024-09-08 15:07:46,841 : INFO : EventManager : Event: ======'machine_var_audits_switches_s_toplane1'====== Args={'value': 114, 'prev_value': 113, 'change': 1}
2024-09-08 15:07:46,958 : INFO : SwitchController : <<<<<<< 's_toplane1' inactive >>>>>>>
2024-09-08 15:07:47,125 : INFO : SwitchController : <<<<<<< 's_toplane1' active >>>>>>>
2024-09-08 15:07:47,126 : INFO : EventManager : Event: ======'machine_var_audits_switches_s_toplane1'====== Args={'value': 115, 'prev_value': 114, 'change': 1}
2024-09-08 15:07:47,224 : INFO : SwitchController : <<<<<<< 's_toplane1' inactive >>>>>>>
2024-09-08 15:07:47,414 : INFO : SwitchController : <<<<<<< 's_toplane1' active >>>>>>>
2024-09-08 15:07:47,414 : INFO : EventManager : Event: ======'machine_var_audits_switches_s_toplane1'====== Args={'value': 116, 'prev_value': 115, 'change': 1}
2024-09-08 15:07:47,508 : INFO : SwitchController : <<<<<<< 's_toplane1' inactive >>>>>>>
2024-09-08 15:07:47,676 : INFO : SwitchController : <<<<<<< 's_toplane1' active >>>>>>>
2024-09-08 15:07:47,676 : INFO : EventManager : Event: ======'machine_var_audits_switches_s_toplane1'====== Args={'value': 117, 'prev_value': 116, 'change': 1}
2024-09-08 15:07:47,808 : INFO : SwitchController : <<<<<<< 's_toplane1' inactive >>>>>>>
2024-09-08 15:07:48,158 : INFO : SwitchController : <<<<<<< 's_toplane1' active >>>>>>>
2024-09-08 15:07:48,158 : INFO : EventManager : Event: ======'machine_var_audits_switches_s_toplane1'====== Args={'value': 118, 'prev_value': 117, 'change': 1}
2024-09-08 15:07:48,291 : INFO : SwitchController : <<<<<<< 's_toplane1' inactive >>>>>>>
2024-09-08 15:07:48,492 : INFO : SwitchController : <<<<<<< 's_toplane1' active >>>>>>>
2024-09-08 15:07:48,492 : INFO : EventManager : Event: ======'machine_var_audits_switches_s_toplane1'====== Args={'value': 119, 'prev_value': 118, 'change': 1}
2024-09-08 15:07:48,575 : INFO : SwitchController : <<<<<<< 's_toplane1' inactive >>>>>>>
2024-09-08 15:07:48,808 : INFO : SwitchController : <<<<<<< 's_toplane1' active >>>>>>>
2024-09-08 15:07:48,809 : INFO : EventManager : Event: ======'machine_var_audits_switches_s_toplane1'====== Args={'value': 120, 'prev_value': 119, 'change': 1}
2024-09-08 15:07:48,958 : INFO : SwitchController : <<<<<<< 's_toplane1' inactive >>>>>>>
2024-09-08 15:07:49,274 : INFO : SwitchController : <<<<<<< 's_toplane1' active >>>>>>>
2024-09-08 15:07:49,275 : INFO : EventManager : Event: ======'machine_var_audits_switches_s_toplane1'====== Args={'value': 121, 'prev_value': 120, 'change': 1}
2024-09-08 15:07:49,392 : INFO : SwitchController : <<<<<<< 's_toplane1' inactive >>>>>>>
2024-09-08 15:07:49,658 : INFO : SwitchController : <<<<<<< 's_toplane1' active >>>>>>>
2024-09-08 15:07:49,658 : INFO : EventManager : Event: ======'machine_var_audits_switches_s_toplane1'====== Args={'value': 122, 'prev_value': 121, 'change': 1}
2024-09-08 15:07:49,824 : INFO : SwitchController : <<<<<<< 's_toplane1' inactive >>>>>>>
2024-09-08 15:07:50,042 : INFO : SwitchController : <<<<<<< 's_toplane1' active >>>>>>>
2024-09-08 15:07:50,042 : INFO : EventManager : Event: ======'machine_var_audits_switches_s_toplane1'====== Args={'value': 123, 'prev_value': 122, 'change': 1}
2024-09-08 15:07:50,175 : INFO : SwitchController : <<<<<<< 's_toplane1' inactive >>>>>>>
2024-09-08 15:07:50,527 : INFO : SwitchController : <<<<<<< 's_toplane1' active >>>>>>>
2024-09-08 15:07:50,527 : INFO : EventManager : Event: ======'machine_var_audits_switches_s_toplane1'====== Args={'value': 124, 'prev_value': 123, 'change': 1}
2024-09-08 15:07:50,624 : INFO : SwitchController : <<<<<<< 's_toplane1' inactive >>>>>>>
2024-09-08 15:07:50,958 : INFO : SwitchController : <<<<<<< 's_toplane1' active >>>>>>>
2024-09-08 15:07:50,958 : INFO : EventManager : Event: ======'machine_var_audits_switches_s_toplane1'====== Args={'value': 125, 'prev_value': 124, 'change': 1}
2024-09-08 15:07:51,058 : INFO : SwitchController : <<<<<<< 's_toplane1' inactive >>>>>>>
2024-09-08 15:07:51,242 : INFO : SwitchController : <<<<<<< 's_toplane1' active >>>>>>>
2024-09-08 15:07:51,242 : INFO : EventManager : Event: ======'machine_var_audits_switches_s_toplane1'====== Args={'value': 126, 'prev_value': 125, 'change': 1}
2024-09-08 15:07:51,292 : INFO : SwitchController : <<<<<<< 's_toplane1' inactive >>>>>>>
2024-09-08 15:07:51,491 : INFO : SwitchController : <<<<<<< 's_toplane1' active >>>>>>>
2024-09-08 15:07:51,491 : INFO : EventManager : Event: ======'machine_var_audits_switches_s_toplane1'====== Args={'value': 127, 'prev_value': 126, 'change': 1}
2024-09-08 15:07:51,560 : INFO : SwitchController : <<<<<<< 's_toplane1' inactive >>>>>>>
2024-09-08 15:07:51,774 : INFO : SwitchController : <<<<<<< 's_toplane1' active >>>>>>>
2024-09-08 15:07:51,774 : INFO : EventManager : Event: ======'machine_var_audits_switches_s_toplane1'====== Args={'value': 128, 'prev_value': 127, 'change': 1}
2024-09-08 15:07:51,891 : INFO : SwitchController : <<<<<<< 's_toplane1' inactive >>>>>>>
2024-09-08 15:07:52,046 : INFO : SwitchController : <<<<<<< 's_toplane1' active >>>>>>>
2024-09-08 15:07:52,047 : INFO : EventManager : Event: ======'machine_var_audits_switches_s_toplane1'====== Args={'value': 129, 'prev_value': 128, 'change': 1}
2024-09-08 15:07:52,141 : INFO : SwitchController : <<<<<<< 's_toplane1' inactive >>>>>>>
2024-09-08 15:07:52,257 : INFO : SwitchController : <<<<<<< 's_toplane1' active >>>>>>>
2024-09-08 15:07:52,257 : INFO : EventManager : Event: ======'machine_var_audits_switches_s_toplane1'====== Args={'value': 130, 'prev_value': 129, 'change': 1}
2024-09-08 15:07:52,376 : INFO : SwitchController : <<<<<<< 's_toplane1' inactive >>>>>>>
2024-09-08 15:07:53,125 : INFO : SwitchController : <<<<<<< 's_toplane1' active >>>>>>>
2024-09-08 15:07:53,125 : INFO : EventManager : Event: ======'machine_var_audits_switches_s_toplane1'====== Args={'value': 131, 'prev_value': 130, 'change': 1}
2024-09-08 15:07:53,225 : INFO : SwitchController : <<<<<<< 's_toplane1' inactive >>>>>>>
2024-09-08 15:07:53,393 : INFO : SwitchController : <<<<<<< 's_toplane1' active >>>>>>>
2024-09-08 15:07:53,393 : INFO : EventManager : Event: ======'machine_var_audits_switches_s_toplane1'====== Args={'value': 132, 'prev_value': 131, 'change': 1}
2024-09-08 15:07:53,446 : INFO : SwitchController : <<<<<<< 's_toplane1' inactive >>>>>>>
2024-09-08 15:07:53,608 : INFO : SwitchController : <<<<<<< 's_toplane1' active >>>>>>>
2024-09-08 15:07:53,608 : INFO : EventManager : Event: ======'machine_var_audits_switches_s_toplane1'====== Args={'value': 133, 'prev_value': 132, 'change': 1}
2024-09-08 15:07:53,692 : INFO : SwitchController : <<<<<<< 's_toplane1' inactive >>>>>>>
2024-09-08 15:07:53,875 : INFO : SwitchController : <<<<<<< 's_toplane1' active >>>>>>>
2024-09-08 15:07:53,875 : INFO : EventManager : Event: ======'machine_var_audits_switches_s_toplane1'====== Args={'value': 134, 'prev_value': 133, 'change': 1}
2024-09-08 15:07:53,975 : INFO : SwitchController : <<<<<<< 's_toplane1' inactive >>>>>>>
2024-09-08 15:07:54,142 : INFO : SwitchController : <<<<<<< 's_toplane1' active >>>>>>>
2024-09-08 15:07:54,142 : INFO : EventManager : Event: ======'machine_var_audits_switches_s_toplane1'====== Args={'value': 135, 'prev_value': 134, 'change': 1}
2024-09-08 15:07:54,226 : INFO : SwitchController : <<<<<<< 's_toplane1' inactive >>>>>>>
2024-09-08 15:07:54,419 : INFO : SwitchController : <<<<<<< 's_toplane1' active >>>>>>>
2024-09-08 15:07:54,420 : INFO : EventManager : Event: ======'machine_var_audits_switches_s_toplane1'====== Args={'value': 136, 'prev_value': 135, 'change': 1}
2024-09-08 15:07:54,476 : INFO : SwitchController : <<<<<<< 's_toplane1' inactive >>>>>>>
2024-09-08 15:07:54,692 : INFO : SwitchController : <<<<<<< 's_toplane1' active >>>>>>>
2024-09-08 15:07:54,692 : INFO : EventManager : Event: ======'machine_var_audits_switches_s_toplane1'====== Args={'value': 137, 'prev_value': 136, 'change': 1}
2024-09-08 15:07:54,725 : INFO : SwitchController : <<<<<<< 's_toplane1' inactive >>>>>>>
2024-09-08 15:07:54,892 : INFO : SwitchController : <<<<<<< 's_toplane1' active >>>>>>>
2024-09-08 15:07:54,892 : INFO : EventManager : Event: ======'machine_var_audits_switches_s_toplane1'====== Args={'value': 138, 'prev_value': 137, 'change': 1}
2024-09-08 15:07:55,043 : INFO : SwitchController : <<<<<<< 's_toplane1' inactive >>>>>>>
2024-09-08 15:07:55,941 : INFO : SwitchController : <<<<<<< 's_trough1' active >>>>>>>
2024-09-08 15:07:55,941 : INFO : EventManager : Event: ======'machine_var_audits_switches_s_trough1'====== Args={'value': 5, 'prev_value': 4, 'change': 1}
2024-09-08 15:07:56,454 : INFO : EventManager : Event: ======'balldevice_bd_trough_ball_count_changed'====== Args={'balls': 4}
2024-09-08 15:07:56,454 : INFO : ball_device.bd_trough : Received unexpected ball
2024-09-08 15:07:56,454 : INFO : EventManager : Event: ======'balldevice_captured_from_playfield'====== Args={'balls': 1}
2024-09-08 15:07:56,454 : INFO : EventManager : Event: ======'sw_playfield_active'====== Args={'balls': 1}
2024-09-08 15:07:56,454 : INFO : EventManager : Event: ======'playfield_ball_count_change'====== Args={'balls': 0, 'change': -1}
2024-09-08 15:07:56,455 : INFO : EventManager : Event: ======'balldevice_bd_trough_ball_enter'====== Args={'new_balls': 1, 'unclaimed_balls': 1, 'new_available_balls': 1, 'device': <ball_device.bd_trough>}
2024-09-08 15:07:56,455 : INFO : EventManager : Event: ======'ball_drain'====== Args={'device': <ball_device.bd_trough>, 'balls': 1}
2024-09-08 15:07:56,455 : INFO : EventManager : Event: ======'ball_will_end'====== Args={}
2024-09-08 15:07:56,455 : INFO : EventManager : Event: ======'balldevice_balls_available'====== Args={}
2024-09-08 15:07:56,455 : INFO : EventManager : Event: ======'balldevice_bd_trough_ball_entered'====== Args={'new_balls': 1, 'device': <ball_device.bd_trough>}
2024-09-08 15:07:56,455 : INFO : EventManager : Event: ======'ball_ending'====== Args={}
2024-09-08 15:07:56,455 : INFO : EventManager : Event: ======'ball_ended'====== Args={}
2024-09-08 15:07:56,455 : INFO : EventManager : Event: ======'player_turn_will_end'====== Args={'player': <Player 1>, 'number': 1}
2024-09-08 15:07:56,458 : INFO : EventManager : Event: ======'player_turn_ending'====== Args={'player': <Player 1>, 'number': 1}
2024-09-08 15:07:56,458 : INFO : EventManager : Event: ======'player_turn_ended'====== Args={'player': <Player 1>, 'number': 1}
2024-09-08 15:07:56,458 : INFO : EventManager : Event: ======'player_turn_will_start'====== Args={'player': <Player 1>, 'number': 1}
2024-09-08 15:07:56,458 : INFO : EventManager : Event: ======'player_turn_starting'====== Args={'player': <Player 1>, 'number': 1}
2024-09-08 15:07:56,458 : INFO : EventManager : Event: ======'player_ball'====== Args={'value': 2, 'prev_value': 1, 'change': 1, 'player_num': 1}
2024-09-08 15:07:56,458 : INFO : EventManager : Event: ======'player_turn_started'====== Args={'player': <Player 1>, 'number': 1}
2024-09-08 15:07:56,459 : INFO : EventManager : Event: ======'ball_will_start'====== Args={'player': 1, 'ball': 2, 'balls_remaining': 1, 'is_extra_ball': False}
2024-09-08 15:07:56,468 : INFO : EventManager : Event: ======'ball_starting'====== Args={'player': 1, 'ball': 2, 'balls_remaining': 1, 'is_extra_ball': False}
2024-09-08 15:07:56,468 : INFO : drop_target_bank.db_dropbank : All targets are already up. Will not reset bank.
2024-09-08 15:07:56,468 : INFO : EventManager : Event: ======'balls_in_play'====== Args={'balls': 1}
2024-09-08 15:07:56,468 : INFO : EventManager : Event: ======'ball_started'====== Args={'player': 1, 'ball': 2, 'balls_remaining': 1, 'is_extra_ball': False}
2024-09-08 15:07:56,469 : INFO : EventManager : Event: ======'single_player_ball_started'====== Args={}
2024-09-08 15:07:56,469 : INFO : EventManager : Event: ======'ball_start_target'====== Args={'target': 'playfield'}
2024-09-08 15:07:56,469 : INFO : ball_device.bd_plunger : Setting up player-controlled eject. Balls: 1, Target: <playfield.playfield>, player_controlled_eject_event: s_launch_active
2024-09-08 15:07:56,469 : INFO : EventManager : Event: ======'balldevice_balls_available'====== Args={}
2024-09-08 15:07:56,469 : INFO : ball_device.bd_trough : State: waiting_for_target_ready
2024-09-08 15:07:56,469 : INFO : EventManager : Event: ======'balldevice_bd_trough_ball_eject_attempt'====== Args={'balls': 1, 'target': <ball_device.bd_plunger>, 'source': <ball_device.bd_trough>, 'mechanical_eject': True, 'num_attempts': 0}
2024-09-08 15:07:56,470 : INFO : ball_device.bd_plunger : State: waiting_for_ball
2024-09-08 15:07:56,470 : INFO : ball_device.bd_trough : State: ejecting
2024-09-08 15:07:56,470 : INFO : ball_device.bd_trough : Ejecting ball to <ball_device.bd_plunger>
2024-09-08 15:07:56,470 : INFO : EventManager : Event: ======'balldevice_bd_trough_ejecting_ball'====== Args={'balls': 1, 'target': <ball_device.bd_plunger>, 'source': <ball_device.bd_trough>, 'mechanical_eject': True, 'num_attempts': 0}
2024-09-08 15:07:56,470 : INFO : ball_device.bd_trough : Wait for ball to leave device
2024-09-08 15:07:56,471 : INFO : coil.c_trough_eject : Pulsing Driver for 25ms (1.0 pulse_power)
2024-09-08 15:07:59,658 : INFO : SwitchController : <<<<<<< 's_trough1' inactive >>>>>>>
2024-09-08 15:07:59,679 : INFO : ball_device.bd_trough : State: ball_left
2024-09-08 15:07:59,679 : INFO : ball_device.bd_trough : Ball left
2024-09-08 15:07:59,679 : INFO : ball_device.bd_trough : Wait for confirm with timeout 10.0
2024-09-08 15:08:01,225 : INFO : SwitchController : <<<<<<< 's_plunger_lane' active >>>>>>>
2024-09-08 15:08:01,225 : INFO : EventManager : Event: ======'machine_var_audits_switches_s_plunger_lane'====== Args={'value': 16, 'prev_value': 15, 'change': 1}
2024-09-08 15:08:01,728 : INFO : ball_device.bd_plunger : Received ball from <ball_device.bd_trough>
2024-09-08 15:08:01,728 : INFO : EventManager : Event: ======'balldevice_bd_plunger_ball_enter'====== Args={'new_balls': 1, 'unclaimed_balls': 0, 'new_available_balls': 0, 'device': <ball_device.bd_plunger>}
2024-09-08 15:08:01,728 : INFO : EventManager : Event: ======'balldevice_bd_plunger_ball_entered'====== Args={'new_balls': 0, 'device': <ball_device.bd_plunger>}
2024-09-08 15:08:01,728 : INFO : EventManager : Event: ======'balldevice_bd_plunger_ball_count_changed'====== Args={'balls': 1}
2024-09-08 15:08:01,728 : INFO : ball_device.bd_trough : Got eject confirm
2024-09-08 15:08:01,728 : INFO : ball_device.bd_trough : Eject successful
2024-09-08 15:08:01,728 : INFO : EventManager : Event: ======'balldevice_bd_trough_ball_eject_success'====== Args={'balls': 1, 'target': <ball_device.bd_plunger>}
2024-09-08 15:08:01,729 : INFO : ball_device.bd_plunger : State: waiting_for_target_ready
2024-09-08 15:08:01,729 : INFO : EventManager : Event: ======'balldevice_bd_plunger_ball_eject_attempt'====== Args={'balls': 1, 'target': <playfield.playfield>, 'source': <ball_device.bd_plunger>, 'mechanical_eject': True, 'num_attempts': 0}
2024-09-08 15:08:01,729 : INFO : EventManager : Event: ======'balldevice_bd_trough_ball_count_changed'====== Args={'balls': 3}
2024-09-08 15:08:01,729 : INFO : ball_device.bd_trough : State: idle
2024-09-08 15:08:01,729 : INFO : ball_device.bd_plunger : State: ejecting
2024-09-08 15:08:01,729 : INFO : ball_device.bd_plunger : Ejecting ball to <playfield.playfield>
2024-09-08 15:08:01,729 : INFO : EventManager : Event: ======'balldevice_bd_plunger_ejecting_ball'====== Args={'balls': 1, 'target': <playfield.playfield>, 'source': <ball_device.bd_plunger>, 'mechanical_eject': True, 'num_attempts': 0}
2024-09-08 15:08:01,729 : INFO : ball_device.bd_plunger : Wait for ball to leave device
2024-09-08 15:08:03,991 : INFO : SwitchController : <<<<<<< 's_plunger_lane' inactive >>>>>>>
2024-09-08 15:08:04,056 : INFO : ball_device.bd_plunger : State: ball_left
2024-09-08 15:08:04,057 : INFO : ball_device.bd_plunger : Ball left
2024-09-08 15:08:04,057 : INFO : ball_device.bd_plunger : Wait for confirm with timeout 10.0
2024-09-08 15:08:06,575 : INFO : SwitchController : <<<<<<< 's_toplane1' active >>>>>>>
2024-09-08 15:08:06,575 : INFO : EventManager : Event: ======'machine_var_audits_switches_s_toplane1'====== Args={'value': 139, 'prev_value': 138, 'change': 1}
2024-09-08 15:08:06,676 : INFO : SwitchController : <<<<<<< 's_toplane1' inactive >>>>>>>
2024-09-08 15:08:07,192 : INFO : SwitchController : <<<<<<< 's_toplane1' active >>>>>>>
2024-09-08 15:08:07,192 : INFO : EventManager : Event: ======'machine_var_audits_switches_s_toplane1'====== Args={'value': 140, 'prev_value': 139, 'change': 1}
2024-09-08 15:08:07,359 : INFO : SwitchController : <<<<<<< 's_toplane1' inactive >>>>>>>
2024-09-08 15:08:07,541 : INFO : SwitchController : <<<<<<< 's_toplane1' active >>>>>>>
2024-09-08 15:08:07,541 : INFO : EventManager : Event: ======'machine_var_audits_switches_s_toplane1'====== Args={'value': 141, 'prev_value': 140, 'change': 1}
2024-09-08 15:08:08,642 : INFO : SwitchController : <<<<<<< 's_toplane1' inactive >>>>>>>
2024-09-08 15:08:08,891 : INFO : SwitchController : <<<<<<< 's_toplane1' active >>>>>>>
2024-09-08 15:08:08,891 : INFO : EventManager : Event: ======'machine_var_audits_switches_s_toplane1'====== Args={'value': 142, 'prev_value': 141, 'change': 1}
2024-09-08 15:08:08,975 : INFO : SwitchController : <<<<<<< 's_toplane1' inactive >>>>>>>
2024-09-08 15:08:09,174 : INFO : SwitchController : <<<<<<< 's_toplane1' active >>>>>>>
2024-09-08 15:08:09,174 : INFO : EventManager : Event: ======'machine_var_audits_switches_s_toplane1'====== Args={'value': 143, 'prev_value': 142, 'change': 1}
2024-09-08 15:08:09,291 : INFO : SwitchController : <<<<<<< 's_toplane1' inactive >>>>>>>
2024-09-08 15:08:09,508 : INFO : SwitchController : <<<<<<< 's_toplane1' active >>>>>>>
2024-09-08 15:08:09,508 : INFO : EventManager : Event: ======'machine_var_audits_switches_s_toplane1'====== Args={'value': 144, 'prev_value': 143, 'change': 1}
2024-09-08 15:08:09,609 : INFO : SwitchController : <<<<<<< 's_toplane1' inactive >>>>>>>
2024-09-08 15:08:09,775 : INFO : SwitchController : <<<<<<< 's_toplane1' active >>>>>>>
2024-09-08 15:08:09,775 : INFO : EventManager : Event: ======'machine_var_audits_switches_s_toplane1'====== Args={'value': 145, 'prev_value': 144, 'change': 1}
2024-09-08 15:08:09,891 : INFO : SwitchController : <<<<<<< 's_toplane1' inactive >>>>>>>
2024-09-08 15:08:10,058 : INFO : SwitchController : <<<<<<< 's_toplane1' active >>>>>>>
2024-09-08 15:08:10,058 : INFO : EventManager : Event: ======'machine_var_audits_switches_s_toplane1'====== Args={'value': 146, 'prev_value': 145, 'change': 1}
2024-09-08 15:08:10,174 : INFO : SwitchController : <<<<<<< 's_toplane1' inactive >>>>>>>
2024-09-08 15:08:10,325 : INFO : SwitchController : <<<<<<< 's_toplane1' active >>>>>>>
2024-09-08 15:08:10,325 : INFO : EventManager : Event: ======'machine_var_audits_switches_s_toplane1'====== Args={'value': 147, 'prev_value': 146, 'change': 1}
2024-09-08 15:08:10,431 : INFO : SwitchController : <<<<<<< 's_toplane1' inactive >>>>>>>
2024-09-08 15:08:10,575 : INFO : SwitchController : <<<<<<< 's_toplane1' active >>>>>>>
2024-09-08 15:08:10,575 : INFO : EventManager : Event: ======'machine_var_audits_switches_s_toplane1'====== Args={'value': 148, 'prev_value': 147, 'change': 1}
2024-09-08 15:08:10,675 : INFO : SwitchController : <<<<<<< 's_toplane1' inactive >>>>>>>
2024-09-08 15:08:10,841 : INFO : SwitchController : <<<<<<< 's_toplane1' active >>>>>>>
2024-09-08 15:08:10,841 : INFO : EventManager : Event: ======'machine_var_audits_switches_s_toplane1'====== Args={'value': 149, 'prev_value': 148, 'change': 1}
2024-09-08 15:08:10,925 : INFO : SwitchController : <<<<<<< 's_toplane1' inactive >>>>>>>
2024-09-08 15:08:11,108 : INFO : SwitchController : <<<<<<< 's_toplane1' active >>>>>>>
2024-09-08 15:08:11,109 : INFO : EventManager : Event: ======'machine_var_audits_switches_s_toplane1'====== Args={'value': 150, 'prev_value': 149, 'change': 1}
2024-09-08 15:08:11,208 : INFO : SwitchController : <<<<<<< 's_toplane1' inactive >>>>>>>
2024-09-08 15:08:11,447 : INFO : SwitchController : <<<<<<< 's_toplane1' active >>>>>>>
2024-09-08 15:08:11,447 : INFO : EventManager : Event: ======'machine_var_audits_switches_s_toplane1'====== Args={'value': 151, 'prev_value': 150, 'change': 1}
2024-09-08 15:08:11,541 : INFO : SwitchController : <<<<<<< 's_toplane1' inactive >>>>>>>
2024-09-08 15:08:11,708 : INFO : SwitchController : <<<<<<< 's_toplane1' active >>>>>>>
2024-09-08 15:08:11,708 : INFO : EventManager : Event: ======'machine_var_audits_switches_s_toplane1'====== Args={'value': 152, 'prev_value': 151, 'change': 1}
2024-09-08 15:08:11,825 : INFO : SwitchController : <<<<<<< 's_toplane1' inactive >>>>>>>
2024-09-08 15:08:12,060 : INFO : SwitchController : <<<<<<< 's_toplane1' active >>>>>>>
2024-09-08 15:08:12,060 : INFO : EventManager : Event: ======'machine_var_audits_switches_s_toplane1'====== Args={'value': 153, 'prev_value': 152, 'change': 1}
2024-09-08 15:08:12,159 : INFO : SwitchController : <<<<<<< 's_toplane1' inactive >>>>>>>
2024-09-08 15:08:12,375 : INFO : SwitchController : <<<<<<< 's_toplane1' active >>>>>>>
2024-09-08 15:08:12,375 : INFO : EventManager : Event: ======'machine_var_audits_switches_s_toplane1'====== Args={'value': 154, 'prev_value': 153, 'change': 1}
2024-09-08 15:08:12,475 : INFO : SwitchController : <<<<<<< 's_toplane1' inactive >>>>>>>
2024-09-08 15:08:12,741 : INFO : SwitchController : <<<<<<< 's_toplane1' active >>>>>>>
2024-09-08 15:08:12,741 : INFO : EventManager : Event: ======'machine_var_audits_switches_s_toplane1'====== Args={'value': 155, 'prev_value': 154, 'change': 1}
2024-09-08 15:08:12,841 : INFO : SwitchController : <<<<<<< 's_toplane1' inactive >>>>>>>
2024-09-08 15:08:13,414 : INFO : SwitchController : <<<<<<< 's_toplane1' active >>>>>>>
2024-09-08 15:08:13,414 : INFO : EventManager : Event: ======'machine_var_audits_switches_s_toplane1'====== Args={'value': 156, 'prev_value': 155, 'change': 1}
2024-09-08 15:08:13,495 : INFO : SwitchController : <<<<<<< 's_toplane1' inactive >>>>>>>
2024-09-08 15:08:13,991 : INFO : SwitchController : <<<<<<< 's_toplane1' active >>>>>>>
2024-09-08 15:08:13,991 : INFO : EventManager : Event: ======'machine_var_audits_switches_s_toplane1'====== Args={'value': 157, 'prev_value': 156, 'change': 1}
2024-09-08 15:08:14,064 : INFO : ball_device.bd_plunger : State: failed_confirm
2024-09-08 15:08:14,064 : INFO : ball_device.bd_plunger : Got timeout (10.0s) before confirm from <playfield.playfield>
2024-09-08 15:08:14,108 : INFO : SwitchController : <<<<<<< 's_toplane1' inactive >>>>>>>
2024-09-08 15:08:14,174 : INFO : ball_device.bd_plunger : Confirming eject because target is playfield and ball did not return.
2024-09-08 15:08:14,174 : INFO : ball_device.bd_plunger : Eject successful
2024-09-08 15:08:14,174 : INFO : EventManager : Event: ======'balldevice_bd_plunger_ball_eject_success'====== Args={'balls': 1, 'target': <playfield.playfield>}
2024-09-08 15:08:14,174 : INFO : EventManager : Event: ======'balldevice_playfield_ball_enter'====== Args={'new_balls': 1, 'unclaimed_balls': 1, 'device': <playfield.playfield>}
2024-09-08 15:08:14,174 : INFO : EventManager : Event: ======'playfield_ball_count_change'====== Args={'balls': 1, 'change': 1}
2024-09-08 15:08:14,175 : INFO : EventManager : Event: ======'balldevice_bd_plunger_ball_count_changed'====== Args={'balls': 0}
2024-09-08 15:08:14,175 : INFO : ball_device.bd_plunger : State: idle
2024-09-08 15:08:14,574 : INFO : SwitchController : <<<<<<< 's_toplane1' active >>>>>>>
2024-09-08 15:08:14,574 : INFO : EventManager : Event: ======'machine_var_audits_switches_s_toplane1'====== Args={'value': 158, 'prev_value': 157, 'change': 1}
2024-09-08 15:08:14,691 : INFO : SwitchController : <<<<<<< 's_toplane1' inactive >>>>>>>
2024-09-08 15:08:14,874 : INFO : SwitchController : <<<<<<< 's_toplane1' active >>>>>>>
2024-09-08 15:08:14,874 : INFO : EventManager : Event: ======'machine_var_audits_switches_s_toplane1'====== Args={'value': 159, 'prev_value': 158, 'change': 1}
2024-09-08 15:08:14,958 : INFO : SwitchController : <<<<<<< 's_toplane1' inactive >>>>>>>
2024-09-08 15:08:15,225 : INFO : SwitchController : <<<<<<< 's_toplane1' active >>>>>>>
2024-09-08 15:08:15,225 : INFO : EventManager : Event: ======'machine_var_audits_switches_s_toplane1'====== Args={'value': 160, 'prev_value': 159, 'change': 1}
2024-09-08 15:08:15,292 : INFO : SwitchController : <<<<<<< 's_toplane1' inactive >>>>>>>
2024-09-08 15:08:15,726 : INFO : SwitchController : <<<<<<< 's_toplane1' active >>>>>>>
2024-09-08 15:08:15,726 : INFO : EventManager : Event: ======'machine_var_audits_switches_s_toplane1'====== Args={'value': 161, 'prev_value': 160, 'change': 1}
2024-09-08 15:08:15,840 : INFO : SwitchController : <<<<<<< 's_toplane1' inactive >>>>>>>
2024-09-08 15:08:16,041 : INFO : SwitchController : <<<<<<< 's_toplane1' active >>>>>>>
2024-09-08 15:08:16,042 : INFO : EventManager : Event: ======'machine_var_audits_switches_s_toplane1'====== Args={'value': 162, 'prev_value': 161, 'change': 1}
2024-09-08 15:08:16,142 : INFO : SwitchController : <<<<<<< 's_toplane1' inactive >>>>>>>
2024-09-08 15:08:16,391 : INFO : SwitchController : <<<<<<< 's_toplane1' active >>>>>>>
2024-09-08 15:08:16,391 : INFO : EventManager : Event: ======'machine_var_audits_switches_s_toplane1'====== Args={'value': 163, 'prev_value': 162, 'change': 1}
2024-09-08 15:08:16,459 : INFO : SwitchController : <<<<<<< 's_toplane1' inactive >>>>>>>
2024-09-08 15:08:16,675 : INFO : SwitchController : <<<<<<< 's_toplane1' active >>>>>>>
2024-09-08 15:08:16,675 : INFO : EventManager : Event: ======'machine_var_audits_switches_s_toplane1'====== Args={'value': 164, 'prev_value': 163, 'change': 1}
2024-09-08 15:08:16,792 : INFO : SwitchController : <<<<<<< 's_toplane1' inactive >>>>>>>
2024-09-08 15:08:16,958 : INFO : SwitchController : <<<<<<< 's_toplane1' active >>>>>>>
2024-09-08 15:08:16,958 : INFO : EventManager : Event: ======'machine_var_audits_switches_s_toplane1'====== Args={'value': 165, 'prev_value': 164, 'change': 1}
2024-09-08 15:08:17,043 : INFO : SwitchController : <<<<<<< 's_toplane1' inactive >>>>>>>
2024-09-08 15:08:17,207 : INFO : SwitchController : <<<<<<< 's_toplane1' active >>>>>>>
2024-09-08 15:08:17,208 : INFO : EventManager : Event: ======'machine_var_audits_switches_s_toplane1'====== Args={'value': 166, 'prev_value': 165, 'change': 1}
2024-09-08 15:08:17,324 : INFO : SwitchController : <<<<<<< 's_toplane1' inactive >>>>>>>
2024-09-08 15:08:17,441 : INFO : SwitchController : <<<<<<< 's_toplane1' active >>>>>>>
2024-09-08 15:08:17,441 : INFO : EventManager : Event: ======'machine_var_audits_switches_s_toplane1'====== Args={'value': 167, 'prev_value': 166, 'change': 1}
2024-09-08 15:08:17,558 : INFO : SwitchController : <<<<<<< 's_toplane1' inactive >>>>>>>
2024-09-08 15:08:17,690 : INFO : SwitchController : <<<<<<< 's_toplane1' active >>>>>>>
2024-09-08 15:08:17,691 : INFO : EventManager : Event: ======'machine_var_audits_switches_s_toplane1'====== Args={'value': 168, 'prev_value': 167, 'change': 1}
2024-09-08 15:08:17,825 : INFO : SwitchController : <<<<<<< 's_toplane1' inactive >>>>>>>
2024-09-08 15:08:22,957 : INFO : Machine : Shutting down...
2024-09-08 15:08:22,957 : INFO : EventManager : Event: ======'shutdown'====== Args={}
2024-09-08 15:08:22,959 : INFO : EventManager : Event: ======'mode_game_will_stop'====== Args={}
2024-09-08 15:08:22,959 : INFO : EventManager : Event: ======'mode_game_stopping'====== Args={}
2024-09-08 15:08:22,960 : INFO : Mode.game : Stopped.
2024-09-08 15:08:22,960 : INFO : EventManager : Event: ======'modes_active_modes_changed'====== Args={}
2024-09-08 15:08:22,960 : INFO : EventManager : Event: ======'mode_game_stopped'====== Args={}
2024-09-08 15:08:22,960 : INFO : EventManager : Event: ======'clear'====== Args={'key': 'game'}
2024-09-08 15:08:22,962 : INFO : root : MPF run loop ended.
