2024-09-08 16:35:57,923 : INFO : root : Loading config.
2024-09-08 16:35:57,930 : INFO : YamlMultifileConfigLoader : Machine config file #1: config.yaml
2024-09-08 16:35:57,930 : INFO : ConfigProcessor : Loading config from cache: C:\Users\dorus\AppData\Local\Temp\636ce416879e362e618e72aa23ee7aae.mpf_cache
2024-09-08 16:35:58,003 : INFO : ConfigProcessor : Loading config from cache: C:\Users\dorus\AppData\Local\Temp\88f25e45fa15743a3d93de98d7c6ca4c.mpf_cache
2024-09-08 16:35:58,004 : INFO : ConfigProcessor : Loading config from cache: C:\Users\dorus\AppData\Local\Temp\d8bc63701c1a2ad1653a8cc5aec9548a.mpf_cache
2024-09-08 16:35:58,004 : INFO : Machine : Mission Pinball Framework Core Engine v0.80.0.dev4
2024-09-08 16:35:58,004 : INFO : Machine : Command line arguments: {'no_load_cache': False, 'create_config_cache': True, 'bcp': True, 'configfile': ['config.yaml'], 'force_assets_load': False, 'platform_integration_test': False, 'jsonlogging': False, 'logfile': 'logs\\2024-09-08-16-35-57-mpf-Gaming_Dorus.log', 'pause': False, 'production': False, 'text_ui': True, 'loglevel': 15, 'consoleloglevel': 20, 'force_platform': 'virtual', 'syslog_address': None, 'mc_file_name': None, 'no_sound': False, 'full_logfile_path': 'C:\\Users\\dorus\\OneDrive\\Documents\\Pinball\\PortalPinball-V4.0\\machinefolder\\logs\\2024-09-08-16-35-57-mpf-Gaming_Dorus.log'}
2024-09-08 16:35:58,004 : INFO : Machine : MPF path: C:\ProgramData\anaconda3\envs\mpfenv\Lib\site-packages\mpf
2024-09-08 16:35:58,004 : INFO : Machine : Machine path: C:\Users\dorus\OneDrive\Documents\Pinball\PortalPinball-V4.0\machinefolder
2024-09-08 16:35:58,004 : INFO : Machine : Platform: win32
2024-09-08 16:35:58,004 : INFO : Machine : Python executable location: C:\ProgramData\anaconda3\envs\mpfenv\python.exe
2024-09-08 16:35:58,004 : INFO : Machine : Python version: 3.12.4 (64-bit)
2024-09-08 16:35:58,006 : INFO : Machine : Initializing MPF...
2024-09-08 16:35:58,417 : INFO : EventManager : Event: ======'machine_var_credits_string'====== Args={'value': 'FREE PLAY', 'prev_value': None, 'change': True}
2024-09-08 16:35:58,447 : INFO : EventManager : Event: ======'machine_var_master_volume'====== Args={'value': 0.5, 'prev_value': None, 'change': True}
2024-09-08 16:35:58,447 : INFO : EventManager : Event: ======'machine_var_player1_score'====== Args={'value': 0, 'prev_value': None, 'change': True}
2024-09-08 16:35:58,447 : INFO : EventManager : Event: ======'machine_var_mpf_version'====== Args={'value': 'Mission Pinball Framework v0.80.0.dev4', 'prev_value': None, 'change': True}
2024-09-08 16:35:58,447 : INFO : EventManager : Event: ======'machine_var_mpf_extended_version'====== Args={'value': 'Mission Pinball Framework v0.80.0.dev4, Config version:6, Show version: 6, BCP version:1.1', 'prev_value': None, 'change': True}
2024-09-08 16:35:58,447 : INFO : EventManager : Event: ======'machine_var_python_version'====== Args={'value': '3.12.4', 'prev_value': None, 'change': True}
2024-09-08 16:35:58,545 : INFO : EventManager : Event: ======'machine_var_platform'====== Args={'value': 'Windows-11-10.0.22631-SP0', 'prev_value': None, 'change': True}
2024-09-08 16:35:58,546 : INFO : EventManager : Event: ======'machine_var_platform_system'====== Args={'value': 'Windows', 'prev_value': None, 'change': True}
2024-09-08 16:35:58,546 : INFO : EventManager : Event: ======'machine_var_platform_release'====== Args={'value': '11', 'prev_value': None, 'change': True}
2024-09-08 16:35:58,546 : INFO : EventManager : Event: ======'machine_var_platform_version'====== Args={'value': '10.0.22631', 'prev_value': None, 'change': True}
2024-09-08 16:35:58,546 : INFO : EventManager : Event: ======'machine_var_platform_machine'====== Args={'value': 'AMD64', 'prev_value': None, 'change': True}
2024-09-08 16:35:58,546 : INFO : EventManager : Event: ======'machine_var_log_file_path'====== Args={'value': 'C:\\Users\\dorus\\OneDrive\\Documents\\Pinball\\PortalPinball-V4.0\\machinefolder\\logs\\2024-09-08-16-35-57-mpf-Gaming_Dorus.log', 'prev_value': None, 'change': True}
2024-09-08 16:35:58,546 : INFO : EventManager : Event: ======'init_phase_1'====== Args={}
2024-09-08 16:35:58,559 : INFO : EventManager : Event: ======'drop_target_bank_db_dropbank_up'====== Args={}
2024-09-08 16:35:58,559 : INFO : EventManager : Event: ======'init_phase_2'====== Args={}
2024-09-08 16:35:58,559 : INFO : SwitchController : Found active switch: ('2-1-16', <Platform.Virtual>) <switch.s_trough1>
2024-09-08 16:35:58,559 : INFO : SwitchController : Found active switch: ('2-1-17', <Platform.Virtual>) <switch.s_trough2>
2024-09-08 16:35:58,559 : INFO : SwitchController : Found active switch: ('2-1-18', <Platform.Virtual>) <switch.s_trough3>
2024-09-08 16:35:58,559 : INFO : SwitchController : Found active switch: ('2-1-19', <Platform.Virtual>) <switch.s_trough4>
2024-09-08 16:35:58,560 : INFO : EventManager : Event: ======'bcp_connection_attempt'====== Args={'name': 'local_display', 'host': 'localhost', 'port': 5050}
2024-09-08 16:35:58,562 : INFO : BCPClientSocket : Connecting BCP to 'local_display' at localhost:5050...
2024-09-08 16:35:58,646 : INFO : BCPClientSocket : Connected BCP to 'local_display' localhost:5050
2024-09-08 16:35:58,646 : INFO : EventManager : Event: ======'bcp_clients_connected'====== Args={}
2024-09-08 16:35:58,761 : INFO : ball_device.bd_trough : BCH: Initial count: 4
2024-09-08 16:35:58,762 : INFO : ball_device.bd_trough : State: idle
2024-09-08 16:35:58,762 : INFO : ball_device.bd_plunger : BCH: Initial count: 0
2024-09-08 16:35:58,762 : INFO : ball_device.bd_plunger : State: idle
2024-09-08 16:35:58,782 : INFO : EventManager : Event: ======'init_phase_3'====== Args={}
2024-09-08 16:35:58,784 : INFO : EventManager : Event: ======'init_phase_4'====== Args={}
2024-09-08 16:35:58,784 : INFO : BallController : Initial balls found: 4
2024-09-08 16:35:58,786 : INFO : EventManager : Event: ======'machine_var_audits_events_game_ended'====== Args={'value': 1, 'prev_value': None, 'change': True}
2024-09-08 16:35:58,786 : INFO : EventManager : Event: ======'machine_var_audits_events_game_started'====== Args={'value': 10, 'prev_value': None, 'change': True}
2024-09-08 16:35:58,787 : INFO : EventManager : Event: ======'machine_var_audits_missing_switches_s_Other01'====== Args={'value': 10, 'prev_value': None, 'change': True}
2024-09-08 16:35:58,787 : INFO : EventManager : Event: ======'machine_var_audits_missing_switches_s_Other02'====== Args={'value': 10, 'prev_value': None, 'change': True}
2024-09-08 16:35:58,787 : INFO : EventManager : Event: ======'machine_var_audits_missing_switches_s_Other03'====== Args={'value': 10, 'prev_value': None, 'change': True}
2024-09-08 16:35:58,787 : INFO : EventManager : Event: ======'machine_var_audits_missing_switches_s_Other04'====== Args={'value': 10, 'prev_value': None, 'change': True}
2024-09-08 16:35:58,787 : INFO : EventManager : Event: ======'machine_var_audits_missing_switches_s_Other05'====== Args={'value': 10, 'prev_value': None, 'change': True}
2024-09-08 16:35:58,787 : INFO : EventManager : Event: ======'machine_var_audits_missing_switches_s_Other06'====== Args={'value': 10, 'prev_value': None, 'change': True}
2024-09-08 16:35:58,787 : INFO : EventManager : Event: ======'machine_var_audits_missing_switches_s_Other07'====== Args={'value': 10, 'prev_value': None, 'change': True}
2024-09-08 16:35:58,787 : INFO : EventManager : Event: ======'machine_var_audits_missing_switches_s_Other08'====== Args={'value': 10, 'prev_value': None, 'change': True}
2024-09-08 16:35:58,787 : INFO : EventManager : Event: ======'machine_var_audits_missing_switches_s_Other09'====== Args={'value': 10, 'prev_value': None, 'change': True}
2024-09-08 16:35:58,788 : INFO : EventManager : Event: ======'machine_var_audits_missing_switches_s_bottomlane1'====== Args={'value': 10, 'prev_value': None, 'change': True}
2024-09-08 16:35:58,788 : INFO : EventManager : Event: ======'machine_var_audits_missing_switches_s_bottomlane2'====== Args={'value': 10, 'prev_value': None, 'change': True}
2024-09-08 16:35:58,788 : INFO : EventManager : Event: ======'machine_var_audits_missing_switches_s_bottomlane3'====== Args={'value': 10, 'prev_value': None, 'change': True}
2024-09-08 16:35:58,788 : INFO : EventManager : Event: ======'machine_var_audits_missing_switches_s_bottomlane4'====== Args={'value': 10, 'prev_value': None, 'change': True}
2024-09-08 16:35:58,788 : INFO : EventManager : Event: ======'machine_var_audits_missing_switches_s_bottomlane5'====== Args={'value': 10, 'prev_value': None, 'change': True}
2024-09-08 16:35:58,788 : INFO : EventManager : Event: ======'machine_var_audits_missing_switches_s_drop1'====== Args={'value': 10, 'prev_value': None, 'change': True}
2024-09-08 16:35:58,788 : INFO : EventManager : Event: ======'machine_var_audits_missing_switches_s_drop2'====== Args={'value': 10, 'prev_value': None, 'change': True}
2024-09-08 16:35:58,788 : INFO : EventManager : Event: ======'machine_var_audits_missing_switches_s_drop3'====== Args={'value': 10, 'prev_value': None, 'change': True}
2024-09-08 16:35:58,789 : INFO : EventManager : Event: ======'machine_var_audits_missing_switches_s_launch'====== Args={'value': 10, 'prev_value': None, 'change': True}
2024-09-08 16:35:58,789 : INFO : EventManager : Event: ======'machine_var_audits_missing_switches_s_left_sling'====== Args={'value': 10, 'prev_value': None, 'change': True}
2024-09-08 16:35:58,789 : INFO : EventManager : Event: ======'machine_var_audits_missing_switches_s_popbumber_1'====== Args={'value': 10, 'prev_value': None, 'change': True}
2024-09-08 16:35:58,789 : INFO : EventManager : Event: ======'machine_var_audits_missing_switches_s_popbumber_2'====== Args={'value': 10, 'prev_value': None, 'change': True}
2024-09-08 16:35:58,789 : INFO : EventManager : Event: ======'machine_var_audits_missing_switches_s_popbumber_3'====== Args={'value': 10, 'prev_value': None, 'change': True}
2024-09-08 16:35:58,789 : INFO : EventManager : Event: ======'machine_var_audits_missing_switches_s_right_sling'====== Args={'value': 10, 'prev_value': None, 'change': True}
2024-09-08 16:35:58,789 : INFO : EventManager : Event: ======'machine_var_audits_missing_switches_s_toplane1'====== Args={'value': 3, 'prev_value': None, 'change': True}
2024-09-08 16:35:58,789 : INFO : EventManager : Event: ======'machine_var_audits_missing_switches_s_toplane2'====== Args={'value': 10, 'prev_value': None, 'change': True}
2024-09-08 16:35:58,789 : INFO : EventManager : Event: ======'machine_var_audits_missing_switches_s_toplane3'====== Args={'value': 10, 'prev_value': None, 'change': True}
2024-09-08 16:35:58,789 : INFO : EventManager : Event: ======'machine_var_audits_missing_switches_s_trough2'====== Args={'value': 10, 'prev_value': None, 'change': True}
2024-09-08 16:35:58,789 : INFO : EventManager : Event: ======'machine_var_audits_missing_switches_s_trough3'====== Args={'value': 10, 'prev_value': None, 'change': True}
2024-09-08 16:35:58,790 : INFO : EventManager : Event: ======'machine_var_audits_missing_switches_s_trough4'====== Args={'value': 10, 'prev_value': None, 'change': True}
2024-09-08 16:35:58,790 : INFO : EventManager : Event: ======'machine_var_audits_missing_switches_s_trough5'====== Args={'value': 10, 'prev_value': None, 'change': True}
2024-09-08 16:35:58,790 : INFO : EventManager : Event: ======'machine_var_audits_missing_switches_s_trough6'====== Args={'value': 10, 'prev_value': None, 'change': True}
2024-09-08 16:35:58,790 : INFO : EventManager : Event: ======'machine_var_audits_missing_switches_s_trough_jam'====== Args={'value': 10, 'prev_value': None, 'change': True}
2024-09-08 16:35:58,790 : INFO : EventManager : Event: ======'machine_var_audits_missing_switches_s_vukmid'====== Args={'value': 10, 'prev_value': None, 'change': True}
2024-09-08 16:35:58,790 : INFO : EventManager : Event: ======'machine_var_audits_missing_switches_s_vuktop'====== Args={'value': 10, 'prev_value': None, 'change': True}
2024-09-08 16:35:58,790 : INFO : EventManager : Event: ======'machine_var_audits_player_score'====== Args={'value': {'average': 0, 'top': [0], 'total': 1}, 'prev_value': None, 'change': True}
2024-09-08 16:35:58,790 : INFO : EventManager : Event: ======'machine_var_audits_switches_s_Other01'====== Args={'value': 0, 'prev_value': None, 'change': True}
2024-09-08 16:35:58,791 : INFO : EventManager : Event: ======'machine_var_audits_switches_s_Other02'====== Args={'value': 0, 'prev_value': None, 'change': True}
2024-09-08 16:35:58,791 : INFO : EventManager : Event: ======'machine_var_audits_switches_s_Other03'====== Args={'value': 0, 'prev_value': None, 'change': True}
2024-09-08 16:35:58,791 : INFO : EventManager : Event: ======'machine_var_audits_switches_s_Other04'====== Args={'value': 0, 'prev_value': None, 'change': True}
2024-09-08 16:35:58,791 : INFO : EventManager : Event: ======'machine_var_audits_switches_s_Other05'====== Args={'value': 0, 'prev_value': None, 'change': True}
2024-09-08 16:35:58,791 : INFO : EventManager : Event: ======'machine_var_audits_switches_s_Other06'====== Args={'value': 0, 'prev_value': None, 'change': True}
2024-09-08 16:35:58,791 : INFO : EventManager : Event: ======'machine_var_audits_switches_s_Other07'====== Args={'value': 0, 'prev_value': None, 'change': True}
2024-09-08 16:35:58,791 : INFO : EventManager : Event: ======'machine_var_audits_switches_s_Other08'====== Args={'value': 0, 'prev_value': None, 'change': True}
2024-09-08 16:35:58,791 : INFO : EventManager : Event: ======'machine_var_audits_switches_s_Other09'====== Args={'value': 0, 'prev_value': None, 'change': True}
2024-09-08 16:35:58,792 : INFO : EventManager : Event: ======'machine_var_audits_switches_s_bottomlane1'====== Args={'value': 0, 'prev_value': None, 'change': True}
2024-09-08 16:35:58,792 : INFO : EventManager : Event: ======'machine_var_audits_switches_s_bottomlane2'====== Args={'value': 0, 'prev_value': None, 'change': True}
2024-09-08 16:35:58,792 : INFO : EventManager : Event: ======'machine_var_audits_switches_s_bottomlane3'====== Args={'value': 0, 'prev_value': None, 'change': True}
2024-09-08 16:35:58,792 : INFO : EventManager : Event: ======'machine_var_audits_switches_s_bottomlane4'====== Args={'value': 0, 'prev_value': None, 'change': True}
2024-09-08 16:35:58,792 : INFO : EventManager : Event: ======'machine_var_audits_switches_s_bottomlane5'====== Args={'value': 0, 'prev_value': None, 'change': True}
2024-09-08 16:35:58,792 : INFO : EventManager : Event: ======'machine_var_audits_switches_s_drop1'====== Args={'value': 0, 'prev_value': None, 'change': True}
2024-09-08 16:35:58,792 : INFO : EventManager : Event: ======'machine_var_audits_switches_s_drop2'====== Args={'value': 0, 'prev_value': None, 'change': True}
2024-09-08 16:35:58,793 : INFO : EventManager : Event: ======'machine_var_audits_switches_s_drop3'====== Args={'value': 0, 'prev_value': None, 'change': True}
2024-09-08 16:35:58,793 : INFO : EventManager : Event: ======'machine_var_audits_switches_s_launch'====== Args={'value': 0, 'prev_value': None, 'change': True}
2024-09-08 16:35:58,793 : INFO : EventManager : Event: ======'machine_var_audits_switches_s_left_sling'====== Args={'value': 0, 'prev_value': None, 'change': True}
2024-09-08 16:35:58,793 : INFO : EventManager : Event: ======'machine_var_audits_switches_s_plunger_lane'====== Args={'value': 21, 'prev_value': None, 'change': True}
2024-09-08 16:35:58,793 : INFO : EventManager : Event: ======'machine_var_audits_switches_s_popbumber_1'====== Args={'value': 0, 'prev_value': None, 'change': True}
2024-09-08 16:35:58,793 : INFO : EventManager : Event: ======'machine_var_audits_switches_s_popbumber_2'====== Args={'value': 0, 'prev_value': None, 'change': True}
2024-09-08 16:35:58,793 : INFO : EventManager : Event: ======'machine_var_audits_switches_s_popbumber_3'====== Args={'value': 0, 'prev_value': None, 'change': True}
2024-09-08 16:35:58,793 : INFO : EventManager : Event: ======'machine_var_audits_switches_s_right_sling'====== Args={'value': 0, 'prev_value': None, 'change': True}
2024-09-08 16:35:58,794 : INFO : EventManager : Event: ======'machine_var_audits_switches_s_start'====== Args={'value': 17, 'prev_value': None, 'change': True}
2024-09-08 16:35:58,794 : INFO : EventManager : Event: ======'machine_var_audits_switches_s_toplane1'====== Args={'value': 170, 'prev_value': None, 'change': True}
2024-09-08 16:35:58,794 : INFO : EventManager : Event: ======'machine_var_audits_switches_s_toplane2'====== Args={'value': 0, 'prev_value': None, 'change': True}
2024-09-08 16:35:58,795 : INFO : EventManager : Event: ======'machine_var_audits_switches_s_toplane3'====== Args={'value': 0, 'prev_value': None, 'change': True}
2024-09-08 16:35:58,795 : INFO : EventManager : Event: ======'machine_var_audits_switches_s_trough1'====== Args={'value': 17, 'prev_value': None, 'change': True}
2024-09-08 16:35:58,795 : INFO : EventManager : Event: ======'machine_var_audits_switches_s_trough2'====== Args={'value': 0, 'prev_value': None, 'change': True}
2024-09-08 16:35:58,795 : INFO : EventManager : Event: ======'machine_var_audits_switches_s_trough3'====== Args={'value': 0, 'prev_value': None, 'change': True}
2024-09-08 16:35:58,795 : INFO : EventManager : Event: ======'machine_var_audits_switches_s_trough4'====== Args={'value': 0, 'prev_value': None, 'change': True}
2024-09-08 16:35:58,795 : INFO : EventManager : Event: ======'machine_var_audits_switches_s_trough5'====== Args={'value': 0, 'prev_value': None, 'change': True}
2024-09-08 16:35:58,795 : INFO : EventManager : Event: ======'machine_var_audits_switches_s_trough6'====== Args={'value': 0, 'prev_value': None, 'change': True}
2024-09-08 16:35:58,795 : INFO : EventManager : Event: ======'machine_var_audits_switches_s_trough_jam'====== Args={'value': 0, 'prev_value': None, 'change': True}
2024-09-08 16:35:58,796 : INFO : EventManager : Event: ======'machine_var_audits_switches_s_vukmid'====== Args={'value': 0, 'prev_value': None, 'change': True}
2024-09-08 16:35:58,796 : INFO : EventManager : Event: ======'machine_var_audits_switches_s_vuktop'====== Args={'value': 0, 'prev_value': None, 'change': True}
2024-09-08 16:35:58,796 : INFO : EventManager : Event: ======'init_phase_5'====== Args={}
2024-09-08 16:35:58,859 : INFO : EventManager : Event: ======'init_done'====== Args={}
2024-09-08 16:35:58,859 : INFO : EventManager : Event: ======'machine_reset_phase_1'====== Args={}
2024-09-08 16:35:58,862 : INFO : EventManager : Event: ======'machine_reset_phase_2'====== Args={}
2024-09-08 16:35:58,862 : INFO : EventManager : Event: ======'machine_reset_phase_3'====== Args={}
2024-09-08 16:35:58,863 : INFO : drop_target_bank.db_dropbank : All targets are already up. Will not reset bank.
2024-09-08 16:35:58,863 : INFO : EventManager : Event: ======'reset_complete'====== Args={}
2024-09-08 16:35:58,863 : INFO : EventManager : Event: ======'mode_attract_will_start'====== Args={}
2024-09-08 16:35:58,863 : INFO : EventManager : Event: ======'mode_attract_starting'====== Args={}
2024-09-08 16:35:58,863 : INFO : Mode.attract : Started. Priority: 10
2024-09-08 16:35:58,863 : INFO : EventManager : Event: ======'modes_active_modes_changed'====== Args={}
2024-09-08 16:35:58,863 : INFO : EventManager : Event: ======'mode_attract_started'====== Args={}
2024-09-08 16:35:58,863 : INFO : EventManager : Event: ======'collecting_balls_complete'====== Args={}
2024-09-08 16:35:58,884 : INFO : Machine : Starting the main run loop.
2024-09-08 16:35:58,923 : INFO : EventManager : Event: ======'slide_attract_created'====== Args={'_from_bcp': True}
2024-09-08 16:35:58,923 : INFO : EventManager : Event: ======'slide__removed'====== Args={'_from_bcp': True}
2024-09-08 16:35:58,924 : INFO : EventManager : Event: ======'slide_attract_active'====== Args={'original_context': 'attract', 'original_calling_context': 'mode_attract_started', 'priority': 10.0, 'cmd': 'slides_play', '_from_bcp': True}
2024-09-08 16:36:07,485 : INFO : SwitchController : <<<<<<< 's_start' active >>>>>>>
2024-09-08 16:36:07,601 : INFO : SwitchController : <<<<<<< 's_start' inactive >>>>>>>
2024-09-08 16:36:07,601 : INFO : EventManager : Event: ======'request_to_start_game'====== Args={}
2024-09-08 16:36:07,601 : INFO : EventManager : Event: ======'game_start'====== Args={'buttons': [], 'hold_time': 0.125}
2024-09-08 16:36:07,601 : INFO : EventManager : Event: ======'mode_game_will_start'====== Args={'buttons': [], 'hold_time': 0.125}
2024-09-08 16:36:07,602 : INFO : EventManager : Event: ======'mode_game_starting'====== Args={'buttons': [], 'hold_time': 0.125}
2024-09-08 16:36:07,602 : INFO : EventManager : Event: ======'mode_attract_will_stop'====== Args={}
2024-09-08 16:36:07,602 : INFO : EventManager : Event: ======'mode_attract_stopping'====== Args={}
2024-09-08 16:36:07,602 : INFO : Mode.attract : Stopped.
2024-09-08 16:36:07,602 : INFO : EventManager : Event: ======'modes_active_modes_changed'====== Args={}
2024-09-08 16:36:07,602 : INFO : EventManager : Event: ======'mode_attract_stopped'====== Args={}
2024-09-08 16:36:07,602 : INFO : EventManager : Event: ======'clear'====== Args={'key': 'attract'}
2024-09-08 16:36:07,603 : INFO : Mode.game : Started. Priority: 20
2024-09-08 16:36:07,603 : INFO : EventManager : Event: ======'modes_active_modes_changed'====== Args={}
2024-09-08 16:36:07,603 : INFO : EventManager : Event: ======'mode_game_started'====== Args={'buttons': [], 'hold_time': 0.125}
2024-09-08 16:36:07,634 : INFO : EventManager : Event: ======'game_will_start'====== Args={}
2024-09-08 16:36:07,634 : INFO : EventManager : Event: ======'game_starting'====== Args={'game': <Mode.game>}
2024-09-08 16:36:07,635 : INFO : EventManager : Unordered handler for class <Auditor> on event game_ended with priority 1. Handlers: [RegisteredHandler(callback=<bound method Auditor.disable of <Auditor>>, priority=1, kwargs={}, key=UUID('3a11c6ea-363d-4e1f-ba29-2015f1359d6e'), condition=None, blocking_facility=None), RegisteredHandler(callback=<bound method Auditor._save_audits of <Auditor>>, priority=1, kwargs={}, key=UUID('3a560194-46cb-409d-8394-c04bd8bdf952'), condition=None, blocking_facility=None)]. The order of those handlers is not defined and they will be executed in random order. This might lead to race conditions and potential bugs.
2024-09-08 16:36:07,635 : INFO : EventManager : Event: ======'player_add_request'====== Args={}
2024-09-08 16:36:07,635 : INFO : EventManager : Event: ======'player_will_add'====== Args={'number': 1}
2024-09-08 16:36:07,635 : INFO : EventManager : Event: ======'player_adding'====== Args={'player': <Player 1>, 'number': 1}
2024-09-08 16:36:07,635 : INFO : EventManager : Event: ======'player_added'====== Args={'player': <Player 1>, 'num': 1}
2024-09-08 16:36:07,635 : INFO : Mode.game : Player added successfully. Total players: 1
2024-09-08 16:36:07,636 : INFO : EventManager : Event: ======'player_index'====== Args={'value': 0, 'prev_value': 0, 'change': 0, 'player_num': 1}
2024-09-08 16:36:07,636 : INFO : EventManager : Event: ======'player_number'====== Args={'value': 1, 'prev_value': 1, 'change': 0, 'player_num': 1}
2024-09-08 16:36:07,636 : INFO : EventManager : Event: ======'player_score'====== Args={'value': 0, 'prev_value': 0, 'change': 0, 'player_num': 1}
2024-09-08 16:36:07,636 : INFO : EventManager : Event: ======'game_started'====== Args={}
2024-09-08 16:36:07,641 : INFO : EventManager : Event: ======'player_turn_will_start'====== Args={'player': <Player 1>, 'number': 1}
2024-09-08 16:36:07,641 : INFO : EventManager : Event: ======'player_turn_starting'====== Args={'player': <Player 1>, 'number': 1}
2024-09-08 16:36:07,641 : INFO : EventManager : Event: ======'player_ball'====== Args={'value': 1, 'prev_value': 0, 'change': 1, 'player_num': 1}
2024-09-08 16:36:07,641 : INFO : EventManager : Event: ======'player_turn_started'====== Args={'player': <Player 1>, 'number': 1}
2024-09-08 16:36:07,642 : INFO : EventManager : Event: ======'ball_will_start'====== Args={'player': 1, 'ball': 1, 'balls_remaining': 2, 'is_extra_ball': False}
2024-09-08 16:36:07,643 : INFO : EventManager : Event: ======'ball_starting'====== Args={'player': 1, 'ball': 1, 'balls_remaining': 2, 'is_extra_ball': False}
2024-09-08 16:36:07,643 : INFO : drop_target_bank.db_dropbank : All targets are already up. Will not reset bank.
2024-09-08 16:36:07,643 : INFO : EventManager : Event: ======'balls_in_play'====== Args={'balls': 1}
2024-09-08 16:36:07,643 : INFO : EventManager : Event: ======'ball_started'====== Args={'player': 1, 'ball': 1, 'balls_remaining': 2, 'is_extra_ball': False}
2024-09-08 16:36:07,644 : INFO : EventManager : Event: ======'single_player_ball_started'====== Args={}
2024-09-08 16:36:07,644 : INFO : EventManager : Event: ======'ball_start_target'====== Args={'target': 'playfield'}
2024-09-08 16:36:07,644 : INFO : ball_device.bd_plunger : Setting up player-controlled eject. Balls: 1, Target: <playfield.playfield>, player_controlled_eject_event: s_launch_active
2024-09-08 16:36:07,644 : INFO : EventManager : Event: ======'balldevice_balls_available'====== Args={}
2024-09-08 16:36:07,644 : INFO : ball_device.bd_trough : State: waiting_for_target_ready
2024-09-08 16:36:07,644 : INFO : EventManager : Event: ======'balldevice_bd_trough_ball_eject_attempt'====== Args={'balls': 1, 'target': <ball_device.bd_plunger>, 'source': <ball_device.bd_trough>, 'mechanical_eject': True, 'num_attempts': 0}
2024-09-08 16:36:07,644 : INFO : ball_device.bd_plunger : State: waiting_for_ball
2024-09-08 16:36:07,644 : INFO : ball_device.bd_trough : State: ejecting
2024-09-08 16:36:07,644 : INFO : ball_device.bd_trough : Ejecting ball to <ball_device.bd_plunger>
2024-09-08 16:36:07,644 : INFO : EventManager : Event: ======'balldevice_bd_trough_ejecting_ball'====== Args={'balls': 1, 'target': <ball_device.bd_plunger>, 'source': <ball_device.bd_trough>, 'mechanical_eject': True, 'num_attempts': 0}
2024-09-08 16:36:07,644 : INFO : ball_device.bd_trough : Wait for ball to leave device
2024-09-08 16:36:07,644 : INFO : coil.c_trough_eject : Pulsing Driver for 25ms (1.0 pulse_power)
2024-09-08 16:36:08,218 : INFO : SwitchController : <<<<<<< 's_trough1' inactive >>>>>>>
2024-09-08 16:36:08,227 : INFO : ball_device.bd_trough : State: ball_left
2024-09-08 16:36:08,227 : INFO : ball_device.bd_trough : Ball left
2024-09-08 16:36:08,227 : INFO : ball_device.bd_trough : Wait for confirm with timeout 10.0
2024-09-08 16:36:08,877 : INFO : SwitchController : <<<<<<< 's_trough1' active >>>>>>>
2024-09-08 16:36:08,877 : INFO : EventManager : Event: ======'machine_var_audits_switches_s_trough1'====== Args={'value': 18, 'prev_value': 17, 'change': 1}
2024-09-08 16:36:09,314 : INFO : SwitchController : <<<<<<< 's_trough1' inactive >>>>>>>
2024-09-08 16:36:09,620 : INFO : SwitchController : <<<<<<< 's_trough1' active >>>>>>>
2024-09-08 16:36:09,620 : INFO : EventManager : Event: ======'machine_var_audits_switches_s_trough1'====== Args={'value': 19, 'prev_value': 18, 'change': 1}
2024-09-08 16:36:09,885 : INFO : SwitchController : <<<<<<< 's_trough1' inactive >>>>>>>
2024-09-08 16:36:10,286 : INFO : SwitchController : <<<<<<< 's_start' active >>>>>>>
2024-09-08 16:36:10,286 : INFO : EventManager : Event: ======'sw_start'====== Args={}
2024-09-08 16:36:10,286 : INFO : EventManager : Event: ======'machine_var_audits_switches_s_start'====== Args={'value': 18, 'prev_value': 17, 'change': 1}
2024-09-08 16:36:10,287 : INFO : EventManager : Event: ======'player_add_request'====== Args={}
2024-09-08 16:36:10,287 : INFO : EventManager : Event: ======'player_will_add'====== Args={'number': 2}
2024-09-08 16:36:10,289 : INFO : EventManager : Event: ======'player_adding'====== Args={'player': <Player 2>, 'number': 2}
2024-09-08 16:36:10,289 : INFO : EventManager : Event: ======'player_added'====== Args={'player': <Player 2>, 'num': 2}
2024-09-08 16:36:10,289 : INFO : Mode.game : Player added successfully. Total players: 2
2024-09-08 16:36:10,289 : INFO : EventManager : Event: ======'multiplayer_game'====== Args={}
2024-09-08 16:36:10,289 : INFO : EventManager : Event: ======'player_index'====== Args={'value': 1, 'prev_value': 1, 'change': 0, 'player_num': 2}
2024-09-08 16:36:10,289 : INFO : EventManager : Event: ======'player_number'====== Args={'value': 2, 'prev_value': 2, 'change': 0, 'player_num': 2}
2024-09-08 16:36:10,289 : INFO : EventManager : Event: ======'player_score'====== Args={'value': 0, 'prev_value': 0, 'change': 0, 'player_num': 2}
2024-09-08 16:36:10,420 : INFO : SwitchController : <<<<<<< 's_start' inactive >>>>>>>
2024-09-08 16:36:10,735 : INFO : SwitchController : <<<<<<< 's_start' active >>>>>>>
2024-09-08 16:36:10,735 : INFO : EventManager : Event: ======'sw_start'====== Args={}
2024-09-08 16:36:10,735 : INFO : EventManager : Event: ======'machine_var_audits_switches_s_start'====== Args={'value': 19, 'prev_value': 18, 'change': 1}
2024-09-08 16:36:10,736 : INFO : EventManager : Event: ======'player_add_request'====== Args={}
2024-09-08 16:36:10,736 : INFO : EventManager : Event: ======'player_will_add'====== Args={'number': 3}
2024-09-08 16:36:10,736 : INFO : EventManager : Event: ======'player_adding'====== Args={'player': <Player 3>, 'number': 3}
2024-09-08 16:36:10,736 : INFO : EventManager : Event: ======'player_added'====== Args={'player': <Player 3>, 'num': 3}
2024-09-08 16:36:10,736 : INFO : Mode.game : Player added successfully. Total players: 3
2024-09-08 16:36:10,736 : INFO : EventManager : Event: ======'player_index'====== Args={'value': 2, 'prev_value': 2, 'change': 0, 'player_num': 3}
2024-09-08 16:36:10,736 : INFO : EventManager : Event: ======'player_number'====== Args={'value': 3, 'prev_value': 3, 'change': 0, 'player_num': 3}
2024-09-08 16:36:10,736 : INFO : EventManager : Event: ======'player_score'====== Args={'value': 0, 'prev_value': 0, 'change': 0, 'player_num': 3}
2024-09-08 16:36:10,851 : INFO : SwitchController : <<<<<<< 's_start' inactive >>>>>>>
2024-09-08 16:36:11,001 : INFO : SwitchController : <<<<<<< 's_start' active >>>>>>>
2024-09-08 16:36:11,001 : INFO : EventManager : Event: ======'sw_start'====== Args={}
2024-09-08 16:36:11,001 : INFO : EventManager : Event: ======'machine_var_audits_switches_s_start'====== Args={'value': 20, 'prev_value': 19, 'change': 1}
2024-09-08 16:36:11,002 : INFO : EventManager : Event: ======'player_add_request'====== Args={}
2024-09-08 16:36:11,002 : INFO : EventManager : Event: ======'player_will_add'====== Args={'number': 4}
2024-09-08 16:36:11,002 : INFO : EventManager : Event: ======'player_adding'====== Args={'player': <Player 4>, 'number': 4}
2024-09-08 16:36:11,002 : INFO : EventManager : Event: ======'player_added'====== Args={'player': <Player 4>, 'num': 4}
2024-09-08 16:36:11,002 : INFO : Mode.game : Player added successfully. Total players: 4
2024-09-08 16:36:11,002 : INFO : EventManager : Event: ======'player_index'====== Args={'value': 3, 'prev_value': 3, 'change': 0, 'player_num': 4}
2024-09-08 16:36:11,002 : INFO : EventManager : Event: ======'player_number'====== Args={'value': 4, 'prev_value': 4, 'change': 0, 'player_num': 4}
2024-09-08 16:36:11,002 : INFO : EventManager : Event: ======'player_score'====== Args={'value': 0, 'prev_value': 0, 'change': 0, 'player_num': 4}
2024-09-08 16:36:11,117 : INFO : SwitchController : <<<<<<< 's_start' inactive >>>>>>>
2024-09-08 16:36:11,301 : INFO : SwitchController : <<<<<<< 's_start' active >>>>>>>
2024-09-08 16:36:11,302 : INFO : EventManager : Event: ======'sw_start'====== Args={}
2024-09-08 16:36:11,302 : INFO : EventManager : Event: ======'machine_var_audits_switches_s_start'====== Args={'value': 21, 'prev_value': 20, 'change': 1}
2024-09-08 16:36:11,469 : INFO : SwitchController : <<<<<<< 's_start' inactive >>>>>>>
2024-09-08 16:36:12,052 : INFO : SwitchController : <<<<<<< 's_plunger_lane' active >>>>>>>
2024-09-08 16:36:12,052 : INFO : EventManager : Event: ======'machine_var_audits_switches_s_plunger_lane'====== Args={'value': 22, 'prev_value': 21, 'change': 1}
2024-09-08 16:36:12,452 : INFO : SwitchController : <<<<<<< 's_plunger_lane' inactive >>>>>>>
2024-09-08 16:36:12,724 : INFO : SwitchController : <<<<<<< 's_plunger_lane' active >>>>>>>
2024-09-08 16:36:12,724 : INFO : EventManager : Event: ======'machine_var_audits_switches_s_plunger_lane'====== Args={'value': 23, 'prev_value': 22, 'change': 1}
2024-09-08 16:36:13,096 : INFO : SwitchController : <<<<<<< 's_trough1' active >>>>>>>
2024-09-08 16:36:13,096 : INFO : EventManager : Event: ======'machine_var_audits_switches_s_trough1'====== Args={'value': 20, 'prev_value': 19, 'change': 1}
2024-09-08 16:36:13,228 : INFO : ball_device.bd_plunger : Received ball from <ball_device.bd_trough>
2024-09-08 16:36:13,228 : INFO : EventManager : Event: ======'balldevice_bd_plunger_ball_enter'====== Args={'new_balls': 1, 'unclaimed_balls': 0, 'new_available_balls': 0, 'device': <ball_device.bd_plunger>}
2024-09-08 16:36:13,228 : INFO : EventManager : Event: ======'balldevice_bd_plunger_ball_entered'====== Args={'new_balls': 0, 'device': <ball_device.bd_plunger>}
2024-09-08 16:36:13,228 : INFO : EventManager : Event: ======'balldevice_bd_plunger_ball_count_changed'====== Args={'balls': 1}
2024-09-08 16:36:13,228 : INFO : ball_device.bd_trough : Got eject confirm
2024-09-08 16:36:13,228 : INFO : ball_device.bd_trough : Eject successful
2024-09-08 16:36:13,228 : INFO : EventManager : Event: ======'balldevice_bd_trough_ball_eject_success'====== Args={'balls': 1, 'target': <ball_device.bd_plunger>}
2024-09-08 16:36:13,228 : INFO : ball_device.bd_plunger : State: waiting_for_target_ready
2024-09-08 16:36:13,228 : INFO : EventManager : Event: ======'balldevice_bd_plunger_ball_eject_attempt'====== Args={'balls': 1, 'target': <playfield.playfield>, 'source': <ball_device.bd_plunger>, 'mechanical_eject': True, 'num_attempts': 0}
2024-09-08 16:36:13,228 : INFO : EventManager : Event: ======'balldevice_bd_trough_ball_count_changed'====== Args={'balls': 3}
2024-09-08 16:36:13,228 : INFO : ball_device.bd_trough : State: idle
2024-09-08 16:36:13,228 : INFO : ball_device.bd_plunger : State: ejecting
2024-09-08 16:36:13,229 : INFO : ball_device.bd_plunger : Ejecting ball to <playfield.playfield>
2024-09-08 16:36:13,229 : INFO : EventManager : Event: ======'balldevice_bd_plunger_ejecting_ball'====== Args={'balls': 1, 'target': <playfield.playfield>, 'source': <ball_device.bd_plunger>, 'mechanical_eject': True, 'num_attempts': 0}
2024-09-08 16:36:13,229 : INFO : ball_device.bd_plunger : Wait for ball to leave device
2024-09-08 16:36:13,502 : INFO : SwitchController : <<<<<<< 's_start' active >>>>>>>
2024-09-08 16:36:13,502 : INFO : EventManager : Event: ======'sw_start'====== Args={}
2024-09-08 16:36:13,502 : INFO : EventManager : Event: ======'machine_var_audits_switches_s_start'====== Args={'value': 22, 'prev_value': 21, 'change': 1}
2024-09-08 16:36:13,602 : INFO : EventManager : Event: ======'balldevice_bd_trough_ball_count_changed'====== Args={'balls': 4}
2024-09-08 16:36:13,602 : INFO : ball_device.bd_trough : Received unexpected ball
2024-09-08 16:36:13,602 : INFO : EventManager : Event: ======'balldevice_captured_from_playfield'====== Args={'balls': 1}
2024-09-08 16:36:13,602 : INFO : EventManager : Event: ======'sw_playfield_active'====== Args={'balls': 1}
2024-09-08 16:36:13,602 : INFO : EventManager : Event: ======'playfield_active'====== Args={'source': None}
2024-09-08 16:36:13,602 : INFO : EventManager : Event: ======'playfield_ball_count_change'====== Args={'balls': -1, 'change': -1}
2024-09-08 16:36:13,602 : INFO : EventManager : Event: ======'balldevice_playfield_ball_enter'====== Args={'new_balls': 1, 'unclaimed_balls': 1, 'device': <playfield.playfield>}
2024-09-08 16:36:13,602 : INFO : EventManager : Event: ======'playfield_ball_count_change'====== Args={'balls': 0, 'change': 1}
2024-09-08 16:36:13,602 : INFO : BallController : Found a new ball which was captured from playfield. Known balls: 5
2024-09-08 16:36:13,603 : INFO : EventManager : Event: ======'found_new_ball'====== Args={}
2024-09-08 16:36:13,603 : INFO : EventManager : Event: ======'balldevice_bd_trough_ball_enter'====== Args={'new_balls': 1, 'unclaimed_balls': 1, 'new_available_balls': 1, 'device': <ball_device.bd_trough>}
2024-09-08 16:36:13,603 : INFO : EventManager : Event: ======'ball_drain'====== Args={'device': <ball_device.bd_trough>, 'balls': 1}
2024-09-08 16:36:13,603 : INFO : EventManager : Event: ======'ball_will_end'====== Args={}
2024-09-08 16:36:13,603 : INFO : EventManager : Event: ======'balldevice_balls_available'====== Args={}
2024-09-08 16:36:13,603 : INFO : EventManager : Event: ======'balldevice_bd_trough_ball_entered'====== Args={'new_balls': 1, 'device': <ball_device.bd_trough>}
2024-09-08 16:36:13,603 : INFO : EventManager : Event: ======'ball_ending'====== Args={}
2024-09-08 16:36:13,603 : INFO : EventManager : Event: ======'ball_ended'====== Args={}
2024-09-08 16:36:13,604 : INFO : EventManager : Event: ======'player_turn_will_end'====== Args={'player': <Player 1>, 'number': 1}
2024-09-08 16:36:13,607 : INFO : EventManager : Event: ======'player_turn_ending'====== Args={'player': <Player 1>, 'number': 1}
2024-09-08 16:36:13,607 : INFO : EventManager : Event: ======'player_turn_ended'====== Args={'player': <Player 1>, 'number': 1}
2024-09-08 16:36:13,607 : INFO : EventManager : Event: ======'player_turn_will_start'====== Args={'player': <Player 2>, 'number': 2}
2024-09-08 16:36:13,607 : INFO : EventManager : Event: ======'player_turn_starting'====== Args={'player': <Player 2>, 'number': 2}
2024-09-08 16:36:13,607 : INFO : EventManager : Event: ======'player_ball'====== Args={'value': 1, 'prev_value': 0, 'change': 1, 'player_num': 2}
2024-09-08 16:36:13,608 : INFO : EventManager : Event: ======'player_turn_started'====== Args={'player': <Player 2>, 'number': 2}
2024-09-08 16:36:13,608 : INFO : EventManager : Event: ======'ball_will_start'====== Args={'player': 2, 'ball': 1, 'balls_remaining': 2, 'is_extra_ball': False}
2024-09-08 16:36:13,626 : INFO : BallController : Found 1 ball(s) on playfield.
2024-09-08 16:36:13,626 : WARNING : BallController : Playfields still contain balls. Waiting for those to drain.
2024-09-08 16:36:13,685 : INFO : SwitchController : <<<<<<< 's_start' inactive >>>>>>>
2024-09-08 16:36:13,902 : INFO : SwitchController : <<<<<<< 's_trough1' inactive >>>>>>>
2024-09-08 16:36:14,002 : INFO : SwitchController : <<<<<<< 's_start' active >>>>>>>
2024-09-08 16:36:14,002 : INFO : EventManager : Event: ======'sw_start'====== Args={}
2024-09-08 16:36:14,002 : INFO : EventManager : Event: ======'machine_var_audits_switches_s_start'====== Args={'value': 23, 'prev_value': 22, 'change': 1}
2024-09-08 16:36:14,111 : INFO : SwitchController : <<<<<<< 's_start' inactive >>>>>>>
2024-09-08 16:36:14,268 : INFO : SwitchController : <<<<<<< 's_plunger_lane' inactive >>>>>>>
2024-09-08 16:36:14,273 : INFO : ball_device.bd_plunger : State: ball_left
2024-09-08 16:36:14,273 : INFO : ball_device.bd_plunger : Ball left
2024-09-08 16:36:14,273 : INFO : ball_device.bd_plunger : Wait for confirm with timeout 10.0
2024-09-08 16:36:14,468 : INFO : SwitchController : <<<<<<< 's_trough1' active >>>>>>>
2024-09-08 16:36:14,468 : INFO : EventManager : Event: ======'machine_var_audits_switches_s_trough1'====== Args={'value': 21, 'prev_value': 20, 'change': 1}
2024-09-08 16:36:14,584 : INFO : SwitchController : <<<<<<< 's_start' active >>>>>>>
2024-09-08 16:36:14,584 : INFO : EventManager : Event: ======'sw_start'====== Args={}
2024-09-08 16:36:14,584 : INFO : EventManager : Event: ======'machine_var_audits_switches_s_start'====== Args={'value': 24, 'prev_value': 23, 'change': 1}
2024-09-08 16:36:14,639 : INFO : BallController : Found 1 ball(s) on playfield.
2024-09-08 16:36:14,639 : WARNING : BallController : Playfields still contain balls. Waiting for those to drain.
2024-09-08 16:36:14,686 : INFO : SwitchController : <<<<<<< 's_plunger_lane' active >>>>>>>
2024-09-08 16:36:14,686 : INFO : EventManager : Event: ======'machine_var_audits_switches_s_plunger_lane'====== Args={'value': 24, 'prev_value': 23, 'change': 1}
2024-09-08 16:36:14,687 : INFO : SwitchController : <<<<<<< 's_start' inactive >>>>>>>
2024-09-08 16:36:15,646 : INFO : BallController : Found 1 ball(s) on playfield.
2024-09-08 16:36:15,646 : WARNING : BallController : Playfields still contain balls. Waiting for those to drain.
2024-09-08 16:36:15,688 : INFO : Machine : Shutting down...
2024-09-08 16:36:15,688 : INFO : EventManager : Event: ======'shutdown'====== Args={}
2024-09-08 16:36:15,690 : INFO : EventManager : Event: ======'mode_game_will_stop'====== Args={}
2024-09-08 16:36:15,690 : INFO : EventManager : Event: ======'mode_game_stopping'====== Args={}
2024-09-08 16:36:15,690 : INFO : Mode.game : Stopped.
2024-09-08 16:36:15,691 : INFO : EventManager : Event: ======'modes_active_modes_changed'====== Args={}
2024-09-08 16:36:15,691 : INFO : EventManager : Event: ======'mode_game_stopped'====== Args={}
2024-09-08 16:36:15,691 : INFO : EventManager : Event: ======'clear'====== Args={'key': 'game'}
2024-09-08 16:36:15,694 : INFO : root : MPF run loop ended.
