2024-09-08 15:02:54,429 : INFO : root : Loading config.
2024-09-08 15:02:54,431 : INFO : YamlMultifileConfigLoader : Machine config file #1: config.yaml
2024-09-08 15:02:54,432 : INFO : ConfigProcessor : Loading config from cache: C:\Users\dorus\AppData\Local\Temp\636ce416879e362e618e72aa23ee7aae.mpf_cache
2024-09-08 15:02:54,502 : INFO : ConfigProcessor : Loading config from cache: C:\Users\dorus\AppData\Local\Temp\88f25e45fa15743a3d93de98d7c6ca4c.mpf_cache
2024-09-08 15:02:54,504 : INFO : ConfigProcessor : Loading config from cache: C:\Users\dorus\AppData\Local\Temp\d8bc63701c1a2ad1653a8cc5aec9548a.mpf_cache
2024-09-08 15:02:54,504 : INFO : Machine : Mission Pinball Framework Core Engine v0.80.0.dev4
2024-09-08 15:02:54,504 : INFO : Machine : Command line arguments: {'no_load_cache': False, 'create_config_cache': True, 'bcp': True, 'configfile': ['config.yaml'], 'force_assets_load': False, 'platform_integration_test': False, 'jsonlogging': False, 'logfile': 'logs\\2024-09-08-15-02-54-mpf-Gaming_Dorus.log', 'pause': False, 'production': False, 'text_ui': True, 'loglevel': 15, 'consoleloglevel': 20, 'force_platform': 'virtual', 'syslog_address': None, 'mc_file_name': None, 'no_sound': False, 'full_logfile_path': 'C:\\Users\\dorus\\OneDrive\\Documents\\Pinball\\PortalPinball-V4.0\\machinefolder\\logs\\2024-09-08-15-02-54-mpf-Gaming_Dorus.log'}
2024-09-08 15:02:54,504 : INFO : Machine : MPF path: C:\ProgramData\anaconda3\envs\mpfenv\Lib\site-packages\mpf
2024-09-08 15:02:54,504 : INFO : Machine : Machine path: C:\Users\dorus\OneDrive\Documents\Pinball\PortalPinball-V4.0\machinefolder
2024-09-08 15:02:54,504 : INFO : Machine : Platform: win32
2024-09-08 15:02:54,504 : INFO : Machine : Python executable location: C:\ProgramData\anaconda3\envs\mpfenv\python.exe
2024-09-08 15:02:54,504 : INFO : Machine : Python version: 3.12.4 (64-bit)
2024-09-08 15:02:54,505 : INFO : Machine : Initializing MPF...
2024-09-08 15:02:54,663 : INFO : EventManager : Event: ======'machine_var_credits_string'====== Args={'value': 'FREE PLAY', 'prev_value': None, 'change': True}
2024-09-08 15:02:54,678 : INFO : EventManager : Event: ======'machine_var_master_volume'====== Args={'value': 0.5, 'prev_value': None, 'change': True}
2024-09-08 15:02:54,678 : INFO : EventManager : Event: ======'machine_var_mpf_version'====== Args={'value': 'Mission Pinball Framework v0.80.0.dev4', 'prev_value': None, 'change': True}
2024-09-08 15:02:54,678 : INFO : EventManager : Event: ======'machine_var_mpf_extended_version'====== Args={'value': 'Mission Pinball Framework v0.80.0.dev4, Config version:6, Show version: 6, BCP version:1.1', 'prev_value': None, 'change': True}
2024-09-08 15:02:54,679 : INFO : EventManager : Event: ======'machine_var_python_version'====== Args={'value': '3.12.4', 'prev_value': None, 'change': True}
2024-09-08 15:02:54,739 : INFO : EventManager : Event: ======'machine_var_platform'====== Args={'value': 'Windows-11-10.0.22631-SP0', 'prev_value': None, 'change': True}
2024-09-08 15:02:54,739 : INFO : EventManager : Event: ======'machine_var_platform_system'====== Args={'value': 'Windows', 'prev_value': None, 'change': True}
2024-09-08 15:02:54,739 : INFO : EventManager : Event: ======'machine_var_platform_release'====== Args={'value': '11', 'prev_value': None, 'change': True}
2024-09-08 15:02:54,739 : INFO : EventManager : Event: ======'machine_var_platform_version'====== Args={'value': '10.0.22631', 'prev_value': None, 'change': True}
2024-09-08 15:02:54,739 : INFO : EventManager : Event: ======'machine_var_platform_machine'====== Args={'value': 'AMD64', 'prev_value': None, 'change': True}
2024-09-08 15:02:54,739 : INFO : EventManager : Event: ======'machine_var_log_file_path'====== Args={'value': 'C:\\Users\\dorus\\OneDrive\\Documents\\Pinball\\PortalPinball-V4.0\\machinefolder\\logs\\2024-09-08-15-02-54-mpf-Gaming_Dorus.log', 'prev_value': None, 'change': True}
2024-09-08 15:02:54,739 : INFO : EventManager : Event: ======'init_phase_1'====== Args={}
2024-09-08 15:02:54,753 : INFO : EventManager : Event: ======'drop_target_bank_db_dropbank_up'====== Args={}
2024-09-08 15:02:54,754 : INFO : EventManager : Event: ======'init_phase_2'====== Args={}
2024-09-08 15:02:54,754 : INFO : SwitchController : Found active switch: ('2-1-16', <Platform.Virtual>) <switch.s_trough1>
2024-09-08 15:02:54,754 : INFO : SwitchController : Found active switch: ('2-1-17', <Platform.Virtual>) <switch.s_trough2>
2024-09-08 15:02:54,754 : INFO : SwitchController : Found active switch: ('2-1-18', <Platform.Virtual>) <switch.s_trough3>
2024-09-08 15:02:54,754 : INFO : SwitchController : Found active switch: ('2-1-19', <Platform.Virtual>) <switch.s_trough4>
2024-09-08 15:02:54,755 : INFO : EventManager : Event: ======'bcp_connection_attempt'====== Args={'name': 'local_display', 'host': 'localhost', 'port': 5050}
2024-09-08 15:02:54,756 : INFO : BCPClientSocket : Connecting BCP to 'local_display' at localhost:5050...
2024-09-08 15:03:00,514 : INFO : BCPClientSocket : Connected BCP to 'local_display' localhost:5050
2024-09-08 15:03:00,515 : INFO : EventManager : Event: ======'bcp_clients_connected'====== Args={}
2024-09-08 15:03:01,119 : INFO : ball_device.bd_trough : BCH: Initial count: 4
2024-09-08 15:03:01,119 : INFO : ball_device.bd_trough : State: idle
2024-09-08 15:03:01,120 : INFO : ball_device.bd_plunger : BCH: Initial count: 0
2024-09-08 15:03:01,120 : INFO : ball_device.bd_plunger : State: idle
2024-09-08 15:03:01,126 : INFO : EventManager : Event: ======'init_phase_3'====== Args={}
2024-09-08 15:03:01,127 : INFO : EventManager : Event: ======'init_phase_4'====== Args={}
2024-09-08 15:03:01,128 : INFO : BallController : Initial balls found: 4
2024-09-08 15:03:01,129 : INFO : EventManager : Event: ======'machine_var_audits_switches_s_Other09'====== Args={'value': 0, 'prev_value': None, 'change': True}
2024-09-08 15:03:01,129 : INFO : EventManager : Event: ======'machine_var_audits_switches_s_bottomlane4'====== Args={'value': 0, 'prev_value': None, 'change': True}
2024-09-08 15:03:01,129 : INFO : EventManager : Event: ======'machine_var_audits_switches_s_bottomlane1'====== Args={'value': 0, 'prev_value': None, 'change': True}
2024-09-08 15:03:01,129 : INFO : EventManager : Event: ======'machine_var_audits_switches_s_Other03'====== Args={'value': 0, 'prev_value': None, 'change': True}
2024-09-08 15:03:01,129 : INFO : EventManager : Event: ======'machine_var_audits_switches_s_trough3'====== Args={'value': 0, 'prev_value': None, 'change': True}
2024-09-08 15:03:01,129 : INFO : EventManager : Event: ======'machine_var_audits_switches_s_trough5'====== Args={'value': 0, 'prev_value': None, 'change': True}
2024-09-08 15:03:01,129 : INFO : EventManager : Event: ======'machine_var_audits_switches_s_right_sling'====== Args={'value': 0, 'prev_value': None, 'change': True}
2024-09-08 15:03:01,129 : INFO : EventManager : Event: ======'machine_var_audits_switches_s_launch'====== Args={'value': 0, 'prev_value': None, 'change': True}
2024-09-08 15:03:01,129 : INFO : EventManager : Event: ======'machine_var_audits_switches_s_trough4'====== Args={'value': 0, 'prev_value': None, 'change': True}
2024-09-08 15:03:01,129 : INFO : EventManager : Event: ======'machine_var_audits_switches_s_bottomlane2'====== Args={'value': 0, 'prev_value': None, 'change': True}
2024-09-08 15:03:01,129 : INFO : EventManager : Event: ======'machine_var_audits_switches_s_trough1'====== Args={'value': 0, 'prev_value': None, 'change': True}
2024-09-08 15:03:01,129 : INFO : EventManager : Event: ======'machine_var_audits_switches_s_vuktop'====== Args={'value': 0, 'prev_value': None, 'change': True}
2024-09-08 15:03:01,129 : INFO : EventManager : Event: ======'machine_var_audits_switches_s_Other07'====== Args={'value': 0, 'prev_value': None, 'change': True}
2024-09-08 15:03:01,129 : INFO : EventManager : Event: ======'machine_var_audits_switches_s_toplane1'====== Args={'value': 0, 'prev_value': None, 'change': True}
2024-09-08 15:03:01,129 : INFO : EventManager : Event: ======'machine_var_audits_switches_s_Other08'====== Args={'value': 0, 'prev_value': None, 'change': True}
2024-09-08 15:03:01,129 : INFO : EventManager : Event: ======'machine_var_audits_switches_s_drop1'====== Args={'value': 0, 'prev_value': None, 'change': True}
2024-09-08 15:03:01,129 : INFO : EventManager : Event: ======'machine_var_audits_switches_s_bottomlane5'====== Args={'value': 0, 'prev_value': None, 'change': True}
2024-09-08 15:03:01,129 : INFO : EventManager : Event: ======'machine_var_audits_switches_s_popbumber_3'====== Args={'value': 0, 'prev_value': None, 'change': True}
2024-09-08 15:03:01,130 : INFO : EventManager : Event: ======'machine_var_audits_switches_s_bottomlane3'====== Args={'value': 0, 'prev_value': None, 'change': True}
2024-09-08 15:03:01,130 : INFO : EventManager : Event: ======'machine_var_audits_switches_s_Other04'====== Args={'value': 0, 'prev_value': None, 'change': True}
2024-09-08 15:03:01,130 : INFO : EventManager : Event: ======'machine_var_audits_switches_s_Other06'====== Args={'value': 0, 'prev_value': None, 'change': True}
2024-09-08 15:03:01,130 : INFO : EventManager : Event: ======'machine_var_audits_switches_s_toplane3'====== Args={'value': 0, 'prev_value': None, 'change': True}
2024-09-08 15:03:01,130 : INFO : EventManager : Event: ======'machine_var_audits_switches_s_Other02'====== Args={'value': 0, 'prev_value': None, 'change': True}
2024-09-08 15:03:01,130 : INFO : EventManager : Event: ======'machine_var_audits_switches_s_Other05'====== Args={'value': 0, 'prev_value': None, 'change': True}
2024-09-08 15:03:01,130 : INFO : EventManager : Event: ======'machine_var_audits_switches_s_left_sling'====== Args={'value': 0, 'prev_value': None, 'change': True}
2024-09-08 15:03:01,130 : INFO : EventManager : Event: ======'machine_var_audits_switches_s_trough6'====== Args={'value': 0, 'prev_value': None, 'change': True}
2024-09-08 15:03:01,130 : INFO : EventManager : Event: ======'machine_var_audits_switches_s_popbumber_2'====== Args={'value': 0, 'prev_value': None, 'change': True}
2024-09-08 15:03:01,130 : INFO : EventManager : Event: ======'machine_var_audits_switches_s_trough_jam'====== Args={'value': 0, 'prev_value': None, 'change': True}
2024-09-08 15:03:01,130 : INFO : EventManager : Event: ======'machine_var_audits_switches_s_popbumber_1'====== Args={'value': 0, 'prev_value': None, 'change': True}
2024-09-08 15:03:01,130 : INFO : EventManager : Event: ======'machine_var_audits_switches_s_drop2'====== Args={'value': 0, 'prev_value': None, 'change': True}
2024-09-08 15:03:01,130 : INFO : EventManager : Event: ======'machine_var_audits_switches_s_start'====== Args={'value': 0, 'prev_value': None, 'change': True}
2024-09-08 15:03:01,130 : INFO : EventManager : Event: ======'machine_var_audits_switches_s_toplane2'====== Args={'value': 0, 'prev_value': None, 'change': True}
2024-09-08 15:03:01,131 : INFO : EventManager : Event: ======'machine_var_audits_switches_s_trough2'====== Args={'value': 0, 'prev_value': None, 'change': True}
2024-09-08 15:03:01,131 : INFO : EventManager : Event: ======'machine_var_audits_switches_s_plunger_lane'====== Args={'value': 0, 'prev_value': None, 'change': True}
2024-09-08 15:03:01,131 : INFO : EventManager : Event: ======'machine_var_audits_switches_s_Other01'====== Args={'value': 0, 'prev_value': None, 'change': True}
2024-09-08 15:03:01,131 : INFO : EventManager : Event: ======'machine_var_audits_switches_s_vukmid'====== Args={'value': 0, 'prev_value': None, 'change': True}
2024-09-08 15:03:01,131 : INFO : EventManager : Event: ======'machine_var_audits_switches_s_drop3'====== Args={'value': 0, 'prev_value': None, 'change': True}
2024-09-08 15:03:01,131 : INFO : EventManager : Event: ======'machine_var_audits_events_game_started'====== Args={'value': 0, 'prev_value': None, 'change': True}
2024-09-08 15:03:01,131 : INFO : EventManager : Event: ======'machine_var_audits_events_game_ended'====== Args={'value': 0, 'prev_value': None, 'change': True}
2024-09-08 15:03:01,131 : INFO : EventManager : Event: ======'machine_var_audits_player_score'====== Args={'value': {'top': [], 'average': 0, 'total': 0}, 'prev_value': None, 'change': True}
2024-09-08 15:03:01,131 : INFO : EventManager : Event: ======'init_phase_5'====== Args={}
2024-09-08 15:03:01,169 : INFO : EventManager : Event: ======'init_done'====== Args={}
2024-09-08 15:03:01,169 : INFO : EventManager : Event: ======'machine_reset_phase_1'====== Args={}
2024-09-08 15:03:01,180 : INFO : EventManager : Event: ======'machine_reset_phase_2'====== Args={}
2024-09-08 15:03:01,180 : INFO : EventManager : Event: ======'machine_reset_phase_3'====== Args={}
2024-09-08 15:03:01,180 : INFO : drop_target_bank.db_dropbank : All targets are already up. Will not reset bank.
2024-09-08 15:03:01,180 : INFO : EventManager : Event: ======'reset_complete'====== Args={}
2024-09-08 15:03:01,181 : INFO : EventManager : Event: ======'mode_attract_will_start'====== Args={}
2024-09-08 15:03:01,181 : INFO : EventManager : Event: ======'mode_attract_starting'====== Args={}
2024-09-08 15:03:01,181 : INFO : Mode.attract : Started. Priority: 10
2024-09-08 15:03:01,181 : INFO : EventManager : Event: ======'modes_active_modes_changed'====== Args={}
2024-09-08 15:03:01,181 : INFO : EventManager : Event: ======'mode_attract_started'====== Args={}
2024-09-08 15:03:01,181 : INFO : EventManager : Event: ======'collecting_balls_complete'====== Args={}
2024-09-08 15:03:01,208 : INFO : EventManager : Event: ======'slide_attract_created'====== Args={'_from_bcp': True}
2024-09-08 15:03:01,209 : INFO : EventManager : Event: ======'slide__removed'====== Args={'_from_bcp': True}
2024-09-08 15:03:01,209 : INFO : EventManager : Event: ======'slide_attract_active'====== Args={'original_context': 'attract', 'original_calling_context': 'mode_attract_started', 'priority': 10.0, 'cmd': 'slides_play', '_from_bcp': True}
2024-09-08 15:03:01,209 : INFO : Machine : Starting the main run loop.
2024-09-08 15:03:05,310 : INFO : SwitchController : <<<<<<< 's_start' active >>>>>>>
2024-09-08 15:03:05,396 : INFO : SwitchController : <<<<<<< 's_start' inactive >>>>>>>
2024-09-08 15:03:05,397 : INFO : EventManager : Event: ======'request_to_start_game'====== Args={}
2024-09-08 15:03:05,397 : INFO : EventManager : Event: ======'game_start'====== Args={'buttons': [], 'hold_time': 0.09399999998277053}
2024-09-08 15:03:05,397 : INFO : EventManager : Event: ======'mode_game_will_start'====== Args={'buttons': [], 'hold_time': 0.09399999998277053}
2024-09-08 15:03:05,398 : INFO : EventManager : Event: ======'mode_game_starting'====== Args={'buttons': [], 'hold_time': 0.09399999998277053}
2024-09-08 15:03:05,398 : INFO : EventManager : Event: ======'mode_attract_will_stop'====== Args={}
2024-09-08 15:03:05,398 : INFO : EventManager : Event: ======'mode_attract_stopping'====== Args={}
2024-09-08 15:03:05,399 : INFO : Mode.attract : Stopped.
2024-09-08 15:03:05,399 : INFO : EventManager : Event: ======'modes_active_modes_changed'====== Args={}
2024-09-08 15:03:05,399 : INFO : EventManager : Event: ======'mode_attract_stopped'====== Args={}
2024-09-08 15:03:05,399 : INFO : EventManager : Event: ======'clear'====== Args={'key': 'attract'}
2024-09-08 15:03:05,399 : INFO : Mode.game : Started. Priority: 20
2024-09-08 15:03:05,399 : INFO : EventManager : Event: ======'modes_active_modes_changed'====== Args={}
2024-09-08 15:03:05,400 : INFO : EventManager : Event: ======'mode_game_started'====== Args={'buttons': [], 'hold_time': 0.09399999998277053}
2024-09-08 15:03:05,406 : INFO : EventManager : Event: ======'game_will_start'====== Args={}
2024-09-08 15:03:05,406 : INFO : EventManager : Event: ======'game_starting'====== Args={'game': <Mode.game>}
2024-09-08 15:03:05,406 : INFO : EventManager : Unordered handler for class <Auditor> on event game_ended with priority 1. Handlers: [RegisteredHandler(callback=<bound method Auditor.disable of <Auditor>>, priority=1, kwargs={}, key=UUID('08abd4e2-6752-4277-aaad-b7cce8e95288'), condition=None, blocking_facility=None), RegisteredHandler(callback=<bound method Auditor._save_audits of <Auditor>>, priority=1, kwargs={}, key=UUID('fa15cec5-bda3-4d71-8f24-1fa2f36c4bc4'), condition=None, blocking_facility=None)]. The order of those handlers is not defined and they will be executed in random order. This might lead to race conditions and potential bugs.
2024-09-08 15:03:05,406 : INFO : EventManager : Event: ======'player_add_request'====== Args={}
2024-09-08 15:03:05,406 : INFO : EventManager : Event: ======'player_will_add'====== Args={'number': 1}
2024-09-08 15:03:05,407 : INFO : EventManager : Event: ======'player_adding'====== Args={'player': <Player 1>, 'number': 1}
2024-09-08 15:03:05,407 : INFO : EventManager : Event: ======'player_added'====== Args={'player': <Player 1>, 'num': 1}
2024-09-08 15:03:05,407 : INFO : Mode.game : Player added successfully. Total players: 1
2024-09-08 15:03:05,408 : INFO : EventManager : Event: ======'player_index'====== Args={'value': 0, 'prev_value': 0, 'change': 0, 'player_num': 1}
2024-09-08 15:03:05,409 : INFO : EventManager : Event: ======'player_number'====== Args={'value': 1, 'prev_value': 1, 'change': 0, 'player_num': 1}
2024-09-08 15:03:05,409 : INFO : EventManager : Event: ======'player_score'====== Args={'value': 0, 'prev_value': 0, 'change': 0, 'player_num': 1}
2024-09-08 15:03:05,409 : INFO : EventManager : Event: ======'game_started'====== Args={}
2024-09-08 15:03:05,420 : INFO : EventManager : Event: ======'player_turn_will_start'====== Args={'player': <Player 1>, 'number': 1}
2024-09-08 15:03:05,421 : INFO : EventManager : Event: ======'player_turn_starting'====== Args={'player': <Player 1>, 'number': 1}
2024-09-08 15:03:05,421 : INFO : EventManager : Event: ======'player_ball'====== Args={'value': 1, 'prev_value': 0, 'change': 1, 'player_num': 1}
2024-09-08 15:03:05,422 : INFO : EventManager : Event: ======'player_turn_started'====== Args={'player': <Player 1>, 'number': 1}
2024-09-08 15:03:05,423 : INFO : EventManager : Event: ======'ball_will_start'====== Args={'player': 1, 'ball': 1, 'balls_remaining': 2, 'is_extra_ball': False}
2024-09-08 15:03:05,444 : INFO : EventManager : Event: ======'ball_starting'====== Args={'player': 1, 'ball': 1, 'balls_remaining': 2, 'is_extra_ball': False}
2024-09-08 15:03:05,445 : INFO : drop_target_bank.db_dropbank : All targets are already up. Will not reset bank.
2024-09-08 15:03:05,445 : INFO : EventManager : Event: ======'balls_in_play'====== Args={'balls': 1}
2024-09-08 15:03:05,445 : INFO : EventManager : Event: ======'ball_started'====== Args={'player': 1, 'ball': 1, 'balls_remaining': 2, 'is_extra_ball': False}
2024-09-08 15:03:05,446 : INFO : EventManager : Event: ======'single_player_ball_started'====== Args={}
2024-09-08 15:03:05,446 : INFO : EventManager : Event: ======'ball_start_target'====== Args={'target': 'playfield'}
2024-09-08 15:03:05,446 : INFO : ball_device.bd_plunger : Setting up player-controlled eject. Balls: 1, Target: <playfield.playfield>, player_controlled_eject_event: s_launch_active
2024-09-08 15:03:05,446 : INFO : EventManager : Event: ======'balldevice_balls_available'====== Args={}
2024-09-08 15:03:05,447 : INFO : ball_device.bd_trough : State: waiting_for_target_ready
2024-09-08 15:03:05,448 : INFO : EventManager : Event: ======'balldevice_bd_trough_ball_eject_attempt'====== Args={'balls': 1, 'target': <ball_device.bd_plunger>, 'source': <ball_device.bd_trough>, 'mechanical_eject': True, 'num_attempts': 0}
2024-09-08 15:03:05,448 : INFO : ball_device.bd_plunger : State: waiting_for_ball
2024-09-08 15:03:05,448 : INFO : ball_device.bd_trough : State: ejecting
2024-09-08 15:03:05,448 : INFO : ball_device.bd_trough : Ejecting ball to <ball_device.bd_plunger>
2024-09-08 15:03:05,448 : INFO : EventManager : Event: ======'balldevice_bd_trough_ejecting_ball'====== Args={'balls': 1, 'target': <ball_device.bd_plunger>, 'source': <ball_device.bd_trough>, 'mechanical_eject': True, 'num_attempts': 0}
2024-09-08 15:03:05,448 : INFO : ball_device.bd_trough : Wait for ball to leave device
2024-09-08 15:03:05,449 : INFO : coil.c_trough_eject : Pulsing Driver for 25ms (1.0 pulse_power)
2024-09-08 15:03:09,027 : INFO : SwitchController : <<<<<<< 's_plunger_lane' active >>>>>>>
2024-09-08 15:03:09,027 : INFO : EventManager : Event: ======'machine_var_audits_switches_s_plunger_lane'====== Args={'value': 1, 'prev_value': 0, 'change': 1}
2024-09-08 15:03:09,126 : INFO : SwitchController : <<<<<<< 's_plunger_lane' inactive >>>>>>>
2024-09-08 15:03:12,078 : INFO : SwitchController : <<<<<<< 's_toplane1' active >>>>>>>
2024-09-08 15:03:12,079 : INFO : EventManager : Event: ======'machine_var_audits_switches_s_toplane1'====== Args={'value': 1, 'prev_value': 0, 'change': 1}
2024-09-08 15:03:12,176 : INFO : SwitchController : <<<<<<< 's_toplane1' inactive >>>>>>>
2024-09-08 15:03:12,659 : INFO : SwitchController : <<<<<<< 's_toplane1' active >>>>>>>
2024-09-08 15:03:12,659 : INFO : EventManager : Event: ======'machine_var_audits_switches_s_toplane1'====== Args={'value': 2, 'prev_value': 1, 'change': 1}
2024-09-08 15:03:12,742 : INFO : SwitchController : <<<<<<< 's_toplane1' inactive >>>>>>>
2024-09-08 15:03:13,193 : INFO : SwitchController : <<<<<<< 's_toplane1' active >>>>>>>
2024-09-08 15:03:13,193 : INFO : EventManager : Event: ======'machine_var_audits_switches_s_toplane1'====== Args={'value': 3, 'prev_value': 2, 'change': 1}
2024-09-08 15:03:13,293 : INFO : SwitchController : <<<<<<< 's_toplane1' inactive >>>>>>>
2024-09-08 15:03:13,693 : INFO : SwitchController : <<<<<<< 's_toplane1' active >>>>>>>
2024-09-08 15:03:13,693 : INFO : EventManager : Event: ======'machine_var_audits_switches_s_toplane1'====== Args={'value': 4, 'prev_value': 3, 'change': 1}
2024-09-08 15:03:13,809 : INFO : SwitchController : <<<<<<< 's_toplane1' inactive >>>>>>>
2024-09-08 15:03:13,992 : INFO : SwitchController : <<<<<<< 's_toplane1' active >>>>>>>
2024-09-08 15:03:13,992 : INFO : EventManager : Event: ======'machine_var_audits_switches_s_toplane1'====== Args={'value': 5, 'prev_value': 4, 'change': 1}
2024-09-08 15:03:14,076 : INFO : SwitchController : <<<<<<< 's_toplane1' inactive >>>>>>>
2024-09-08 15:03:14,243 : INFO : SwitchController : <<<<<<< 's_toplane1' active >>>>>>>
2024-09-08 15:03:14,243 : INFO : EventManager : Event: ======'machine_var_audits_switches_s_toplane1'====== Args={'value': 6, 'prev_value': 5, 'change': 1}
2024-09-08 15:03:14,344 : INFO : SwitchController : <<<<<<< 's_toplane1' inactive >>>>>>>
2024-09-08 15:03:14,492 : INFO : SwitchController : <<<<<<< 's_toplane1' active >>>>>>>
2024-09-08 15:03:14,492 : INFO : EventManager : Event: ======'machine_var_audits_switches_s_toplane1'====== Args={'value': 7, 'prev_value': 6, 'change': 1}
2024-09-08 15:03:14,603 : INFO : SwitchController : <<<<<<< 's_toplane1' inactive >>>>>>>
2024-09-08 15:03:14,710 : INFO : SwitchController : <<<<<<< 's_toplane1' active >>>>>>>
2024-09-08 15:03:14,710 : INFO : EventManager : Event: ======'machine_var_audits_switches_s_toplane1'====== Args={'value': 8, 'prev_value': 7, 'change': 1}
2024-09-08 15:03:14,810 : INFO : SwitchController : <<<<<<< 's_toplane1' inactive >>>>>>>
2024-09-08 15:03:14,943 : INFO : SwitchController : <<<<<<< 's_toplane1' active >>>>>>>
2024-09-08 15:03:14,943 : INFO : EventManager : Event: ======'machine_var_audits_switches_s_toplane1'====== Args={'value': 9, 'prev_value': 8, 'change': 1}
2024-09-08 15:03:15,042 : INFO : SwitchController : <<<<<<< 's_toplane1' inactive >>>>>>>
2024-09-08 15:03:15,193 : INFO : SwitchController : <<<<<<< 's_toplane1' active >>>>>>>
2024-09-08 15:03:15,193 : INFO : EventManager : Event: ======'machine_var_audits_switches_s_toplane1'====== Args={'value': 10, 'prev_value': 9, 'change': 1}
2024-09-08 15:03:15,325 : INFO : SwitchController : <<<<<<< 's_toplane1' inactive >>>>>>>
2024-09-08 15:03:15,463 : INFO : EventManager : Event: ======'balldevice_bd_trough_ball_eject_failed'====== Args={'target': <ball_device.bd_plunger>, 'balls': 1, 'retry': True, 'num_attempts': 1}
2024-09-08 15:03:15,464 : INFO : ball_device.bd_trough : State: waiting_for_target_ready
2024-09-08 15:03:15,464 : INFO : EventManager : Event: ======'balldevice_bd_trough_ball_eject_attempt'====== Args={'balls': 1, 'target': <ball_device.bd_plunger>, 'source': <ball_device.bd_trough>, 'mechanical_eject': True, 'num_attempts': 1}
2024-09-08 15:03:15,464 : INFO : ball_device.bd_trough : State: ejecting
2024-09-08 15:03:15,464 : INFO : ball_device.bd_trough : Ejecting ball to <ball_device.bd_plunger>
2024-09-08 15:03:15,464 : INFO : EventManager : Event: ======'balldevice_bd_trough_ejecting_ball'====== Args={'balls': 1, 'target': <ball_device.bd_plunger>, 'source': <ball_device.bd_trough>, 'mechanical_eject': True, 'num_attempts': 1}
2024-09-08 15:03:15,464 : INFO : ball_device.bd_trough : Wait for ball to leave device
2024-09-08 15:03:15,464 : INFO : coil.c_trough_eject : Pulsing Driver for 25ms (1.0 pulse_power)
2024-09-08 15:03:15,532 : INFO : SwitchController : <<<<<<< 's_toplane1' active >>>>>>>
2024-09-08 15:03:15,532 : INFO : EventManager : Event: ======'machine_var_audits_switches_s_toplane1'====== Args={'value': 11, 'prev_value': 10, 'change': 1}
2024-09-08 15:03:15,643 : INFO : SwitchController : <<<<<<< 's_toplane1' inactive >>>>>>>
2024-09-08 15:03:15,776 : INFO : SwitchController : <<<<<<< 's_toplane1' active >>>>>>>
2024-09-08 15:03:15,776 : INFO : EventManager : Event: ======'machine_var_audits_switches_s_toplane1'====== Args={'value': 12, 'prev_value': 11, 'change': 1}
2024-09-08 15:03:15,892 : INFO : SwitchController : <<<<<<< 's_toplane1' inactive >>>>>>>
2024-09-08 15:03:16,026 : INFO : SwitchController : <<<<<<< 's_toplane1' active >>>>>>>
2024-09-08 15:03:16,026 : INFO : EventManager : Event: ======'machine_var_audits_switches_s_toplane1'====== Args={'value': 13, 'prev_value': 12, 'change': 1}
2024-09-08 15:03:16,109 : INFO : SwitchController : <<<<<<< 's_toplane1' inactive >>>>>>>
2024-09-08 15:03:16,242 : INFO : SwitchController : <<<<<<< 's_toplane1' active >>>>>>>
2024-09-08 15:03:16,243 : INFO : EventManager : Event: ======'machine_var_audits_switches_s_toplane1'====== Args={'value': 14, 'prev_value': 13, 'change': 1}
2024-09-08 15:03:16,326 : INFO : SwitchController : <<<<<<< 's_toplane1' inactive >>>>>>>
2024-09-08 15:03:16,510 : INFO : SwitchController : <<<<<<< 's_toplane1' active >>>>>>>
2024-09-08 15:03:16,510 : INFO : EventManager : Event: ======'machine_var_audits_switches_s_toplane1'====== Args={'value': 15, 'prev_value': 14, 'change': 1}
2024-09-08 15:03:16,609 : INFO : SwitchController : <<<<<<< 's_toplane1' inactive >>>>>>>
2024-09-08 15:03:16,809 : INFO : SwitchController : <<<<<<< 's_toplane1' active >>>>>>>
2024-09-08 15:03:16,809 : INFO : EventManager : Event: ======'machine_var_audits_switches_s_toplane1'====== Args={'value': 16, 'prev_value': 15, 'change': 1}
2024-09-08 15:03:16,993 : INFO : SwitchController : <<<<<<< 's_toplane1' inactive >>>>>>>
2024-09-08 15:03:25,466 : INFO : EventManager : Event: ======'balldevice_bd_trough_ball_eject_failed'====== Args={'target': <ball_device.bd_plunger>, 'balls': 1, 'retry': True, 'num_attempts': 2}
2024-09-08 15:03:25,467 : INFO : ball_device.bd_trough : State: waiting_for_target_ready
2024-09-08 15:03:25,467 : INFO : EventManager : Event: ======'balldevice_bd_trough_ball_eject_attempt'====== Args={'balls': 1, 'target': <ball_device.bd_plunger>, 'source': <ball_device.bd_trough>, 'mechanical_eject': True, 'num_attempts': 2}
2024-09-08 15:03:25,467 : INFO : ball_device.bd_trough : State: ejecting
2024-09-08 15:03:25,467 : INFO : ball_device.bd_trough : Ejecting ball to <ball_device.bd_plunger>
2024-09-08 15:03:25,467 : INFO : EventManager : Event: ======'balldevice_bd_trough_ejecting_ball'====== Args={'balls': 1, 'target': <ball_device.bd_plunger>, 'source': <ball_device.bd_trough>, 'mechanical_eject': True, 'num_attempts': 2}
2024-09-08 15:03:25,467 : INFO : ball_device.bd_trough : Wait for ball to leave device
2024-09-08 15:03:25,467 : INFO : coil.c_trough_eject : Pulsing Driver for 25ms (1.0 pulse_power)
2024-09-08 15:03:28,453 : INFO : Machine : Shutting down...
2024-09-08 15:03:28,454 : INFO : EventManager : Event: ======'shutdown'====== Args={}
2024-09-08 15:03:28,455 : INFO : EventManager : Event: ======'mode_game_will_stop'====== Args={}
2024-09-08 15:03:28,456 : INFO : EventManager : Event: ======'mode_game_stopping'====== Args={}
2024-09-08 15:03:28,456 : INFO : Mode.game : Stopped.
2024-09-08 15:03:28,456 : INFO : EventManager : Event: ======'modes_active_modes_changed'====== Args={}
2024-09-08 15:03:28,456 : INFO : EventManager : Event: ======'mode_game_stopped'====== Args={}
2024-09-08 15:03:28,456 : INFO : EventManager : Event: ======'clear'====== Args={'key': 'game'}
2024-09-08 15:03:28,458 : INFO : root : MPF run loop ended.
