2024-09-07 19:04:03,950 : INFO : root : Loading config.
2024-09-07 19:04:03,954 : INFO : YamlMultifileConfigLoader : Machine config file #1: config.yaml
2024-09-07 19:04:03,954 : INFO : ConfigProcessor : Loading config from cache: C:\Users\dorus\AppData\Local\Temp\636ce416879e362e618e72aa23ee7aae.mpf_cache
2024-09-07 19:04:03,955 : WARNING : ConfigProcessor : Config file in cache changed: C:\Users\dorus\OneDrive\Documents\Pinball\PortalPinball-V4.0\machinefolder\config\hardware.yaml
2024-09-07 19:04:03,955 : INFO : ConfigProcessor : Loading config from file C:\ProgramData\anaconda3\envs\mpfenv\Lib\site-packages\mpf\mpfconfig.yaml.
2024-09-07 19:04:03,963 : INFO : ConfigProcessor : Loading config: C:\ProgramData\anaconda3\envs\mpfenv\Lib\site-packages\mpf\mpfconfig.yaml
2024-09-07 19:04:03,963 : INFO : ConfigProcessor : Loading config from file C:\Users\dorus\OneDrive\Documents\Pinball\PortalPinball-V4.0\machinefolder\config\config.yaml.
2024-09-07 19:04:03,964 : INFO : ConfigProcessor : Loading config: C:\Users\dorus\OneDrive\Documents\Pinball\PortalPinball-V4.0\machinefolder\config\config.yaml
2024-09-07 19:04:03,965 : INFO : ConfigProcessor : Loading config: C:\Users\dorus\OneDrive\Documents\Pinball\PortalPinball-V4.0\machinefolder\config\hardware.yaml
2024-09-07 19:04:03,966 : INFO : ConfigProcessor : Config file cache created: C:\Users\dorus\AppData\Local\Temp\636ce416879e362e618e72aa23ee7aae.mpf_cache
2024-09-07 19:04:04,022 : INFO : ConfigProcessor : Loading config from cache: C:\Users\dorus\AppData\Local\Temp\bb22be71dc4df7511e561cdf1fc10b40.mpf_cache
2024-09-07 19:04:04,022 : INFO : ConfigProcessor : Loading config from cache: C:\Users\dorus\AppData\Local\Temp\d8bc63701c1a2ad1653a8cc5aec9548a.mpf_cache
2024-09-07 19:04:04,022 : INFO : Machine : Mission Pinball Framework Core Engine v0.80.0.dev4
2024-09-07 19:04:04,022 : INFO : Machine : Command line arguments: {'no_load_cache': False, 'create_config_cache': True, 'bcp': True, 'configfile': ['config.yaml'], 'force_assets_load': False, 'platform_integration_test': False, 'jsonlogging': False, 'logfile': 'logs\\2024-09-07-19-04-03-mpf-Gaming_Dorus.log', 'pause': False, 'production': False, 'text_ui': True, 'loglevel': 15, 'consoleloglevel': 20, 'force_platform': 'virtual', 'syslog_address': None, 'mc_file_name': None, 'no_sound': False, 'full_logfile_path': 'C:\\Users\\dorus\\OneDrive\\Documents\\Pinball\\PortalPinball-V4.0\\machinefolder\\logs\\2024-09-07-19-04-03-mpf-Gaming_Dorus.log'}
2024-09-07 19:04:04,022 : INFO : Machine : MPF path: C:\ProgramData\anaconda3\envs\mpfenv\Lib\site-packages\mpf
2024-09-07 19:04:04,022 : INFO : Machine : Machine path: C:\Users\dorus\OneDrive\Documents\Pinball\PortalPinball-V4.0\machinefolder
2024-09-07 19:04:04,022 : INFO : Machine : Platform: win32
2024-09-07 19:04:04,022 : INFO : Machine : Python executable location: C:\ProgramData\anaconda3\envs\mpfenv\python.exe
2024-09-07 19:04:04,022 : INFO : Machine : Python version: 3.12.4 (64-bit)
2024-09-07 19:04:04,024 : INFO : Machine : Initializing MPF...
2024-09-07 19:04:04,178 : INFO : EventManager : Event: ======'machine_var_credits_string'====== Args={'value': 'FREE PLAY', 'prev_value': None, 'change': True}
2024-09-07 19:04:04,192 : INFO : EventManager : Event: ======'machine_var_master_volume'====== Args={'value': 0.5, 'prev_value': None, 'change': True}
2024-09-07 19:04:04,192 : INFO : EventManager : Event: ======'machine_var_mpf_version'====== Args={'value': 'Mission Pinball Framework v0.80.0.dev4', 'prev_value': None, 'change': True}
2024-09-07 19:04:04,192 : INFO : EventManager : Event: ======'machine_var_mpf_extended_version'====== Args={'value': 'Mission Pinball Framework v0.80.0.dev4, Config version:6, Show version: 6, BCP version:1.1', 'prev_value': None, 'change': True}
2024-09-07 19:04:04,193 : INFO : EventManager : Event: ======'machine_var_python_version'====== Args={'value': '3.12.4', 'prev_value': None, 'change': True}
2024-09-07 19:04:04,257 : INFO : EventManager : Event: ======'machine_var_platform'====== Args={'value': 'Windows-11-10.0.22631-SP0', 'prev_value': None, 'change': True}
2024-09-07 19:04:04,257 : INFO : EventManager : Event: ======'machine_var_platform_system'====== Args={'value': 'Windows', 'prev_value': None, 'change': True}
2024-09-07 19:04:04,257 : INFO : EventManager : Event: ======'machine_var_platform_release'====== Args={'value': '11', 'prev_value': None, 'change': True}
2024-09-07 19:04:04,257 : INFO : EventManager : Event: ======'machine_var_platform_version'====== Args={'value': '10.0.22631', 'prev_value': None, 'change': True}
2024-09-07 19:04:04,257 : INFO : EventManager : Event: ======'machine_var_platform_machine'====== Args={'value': 'AMD64', 'prev_value': None, 'change': True}
2024-09-07 19:04:04,257 : INFO : EventManager : Event: ======'machine_var_log_file_path'====== Args={'value': 'C:\\Users\\dorus\\OneDrive\\Documents\\Pinball\\PortalPinball-V4.0\\machinefolder\\logs\\2024-09-07-19-04-03-mpf-Gaming_Dorus.log', 'prev_value': None, 'change': True}
2024-09-07 19:04:04,257 : INFO : EventManager : Event: ======'init_phase_1'====== Args={}
2024-09-07 19:04:04,264 : INFO : EventManager : Event: ======'init_phase_2'====== Args={}
2024-09-07 19:04:04,264 : INFO : EventManager : Event: ======'bcp_connection_attempt'====== Args={'name': 'local_display', 'host': 'localhost', 'port': 5050}
2024-09-07 19:04:04,265 : INFO : BCPClientSocket : Connecting BCP to 'local_display' at localhost:5050...
2024-09-07 19:04:06,843 : INFO : Machine : Starting the main run loop.
2024-09-07 19:04:06,843 : INFO : Machine : Shutting down...
2024-09-07 19:04:06,843 : INFO : EventManager : Event: ======'shutdown'====== Args={}
2024-09-07 19:04:07,841 : INFO : root : MPF run loop ended.
