2024-09-07 20:01:22,012 : INFO : root : Loading config.
2024-09-07 20:01:22,015 : INFO : YamlMultifileConfigLoader : Machine config file #1: config.yaml
2024-09-07 20:01:22,015 : INFO : ConfigProcessor : Loading config from cache: C:\Users\dorus\AppData\Local\Temp\636ce416879e362e618e72aa23ee7aae.mpf_cache
2024-09-07 20:01:22,111 : INFO : ConfigProcessor : Loading config from cache: C:\Users\dorus\AppData\Local\Temp\bb22be71dc4df7511e561cdf1fc10b40.mpf_cache
2024-09-07 20:01:22,111 : INFO : ConfigProcessor : Loading config from cache: C:\Users\dorus\AppData\Local\Temp\d8bc63701c1a2ad1653a8cc5aec9548a.mpf_cache
2024-09-07 20:01:22,112 : INFO : Machine : Mission Pinball Framework Core Engine v0.80.0.dev4
2024-09-07 20:01:22,112 : INFO : Machine : Command line arguments: {'no_load_cache': False, 'create_config_cache': True, 'bcp': True, 'configfile': ['config.yaml'], 'force_assets_load': False, 'platform_integration_test': False, 'jsonlogging': False, 'logfile': 'logs\\2024-09-07-20-01-22-mpf-Gaming_Dorus.log', 'pause': False, 'production': False, 'text_ui': False, 'loglevel': 15, 'consoleloglevel': 20, 'force_platform': 'virtual', 'syslog_address': None, 'mc_file_name': None, 'no_sound': False, 'full_logfile_path': 'C:\\Users\\dorus\\OneDrive\\Documents\\Pinball\\PortalPinball-V4.0\\machinefolder\\logs\\2024-09-07-20-01-22-mpf-Gaming_Dorus.log'}
2024-09-07 20:01:22,112 : INFO : Machine : MPF path: C:\ProgramData\anaconda3\envs\mpfenv\Lib\site-packages\mpf
2024-09-07 20:01:22,112 : INFO : Machine : Machine path: C:\Users\dorus\OneDrive\Documents\Pinball\PortalPinball-V4.0\machinefolder
2024-09-07 20:01:22,112 : INFO : Machine : Platform: win32
2024-09-07 20:01:22,112 : INFO : Machine : Python executable location: C:\ProgramData\anaconda3\envs\mpfenv\python.exe
2024-09-07 20:01:22,112 : INFO : Machine : Python version: 3.12.4 (64-bit)
2024-09-07 20:01:22,114 : INFO : Machine : Initializing MPF...
2024-09-07 20:01:22,171 : INFO : EventManager : Event: ======'machine_var_credits_string'====== Args={'value': 'FREE PLAY', 'prev_value': None, 'change': True}
2024-09-07 20:01:22,187 : INFO : EventManager : Event: ======'machine_var_master_volume'====== Args={'value': 0.5, 'prev_value': None, 'change': True}
2024-09-07 20:01:22,187 : INFO : EventManager : Event: ======'machine_var_mpf_version'====== Args={'value': 'Mission Pinball Framework v0.80.0.dev4', 'prev_value': None, 'change': True}
2024-09-07 20:01:22,188 : INFO : EventManager : Event: ======'machine_var_mpf_extended_version'====== Args={'value': 'Mission Pinball Framework v0.80.0.dev4, Config version:6, Show version: 6, BCP version:1.1', 'prev_value': None, 'change': True}
2024-09-07 20:01:22,188 : INFO : EventManager : Event: ======'machine_var_python_version'====== Args={'value': '3.12.4', 'prev_value': None, 'change': True}
2024-09-07 20:01:22,252 : INFO : EventManager : Event: ======'machine_var_platform'====== Args={'value': 'Windows-11-10.0.22631-SP0', 'prev_value': None, 'change': True}
2024-09-07 20:01:22,252 : INFO : EventManager : Event: ======'machine_var_platform_system'====== Args={'value': 'Windows', 'prev_value': None, 'change': True}
2024-09-07 20:01:22,252 : INFO : EventManager : Event: ======'machine_var_platform_release'====== Args={'value': '11', 'prev_value': None, 'change': True}
2024-09-07 20:01:22,252 : INFO : EventManager : Event: ======'machine_var_platform_version'====== Args={'value': '10.0.22631', 'prev_value': None, 'change': True}
2024-09-07 20:01:22,252 : INFO : EventManager : Event: ======'machine_var_platform_machine'====== Args={'value': 'AMD64', 'prev_value': None, 'change': True}
2024-09-07 20:01:22,252 : INFO : EventManager : Event: ======'machine_var_log_file_path'====== Args={'value': 'C:\\Users\\dorus\\OneDrive\\Documents\\Pinball\\PortalPinball-V4.0\\machinefolder\\logs\\2024-09-07-20-01-22-mpf-Gaming_Dorus.log', 'prev_value': None, 'change': True}
2024-09-07 20:01:22,252 : INFO : EventManager : Event: ======'init_phase_1'====== Args={}
2024-09-07 20:01:22,268 : INFO : EventManager : Event: ======'drop_target_bank_db_dropbank_up'====== Args={}
2024-09-07 20:01:22,269 : INFO : EventManager : Event: ======'init_phase_2'====== Args={}
2024-09-07 20:01:22,269 : INFO : SwitchController : Found active switch: ('2-1-16', <Platform.Virtual>) <switch.s_trough1>
2024-09-07 20:01:22,269 : INFO : SwitchController : Found active switch: ('2-1-17', <Platform.Virtual>) <switch.s_trough2>
2024-09-07 20:01:22,269 : INFO : SwitchController : Found active switch: ('2-1-18', <Platform.Virtual>) <switch.s_trough3>
2024-09-07 20:01:22,269 : INFO : SwitchController : Found active switch: ('2-1-19', <Platform.Virtual>) <switch.s_trough4>
2024-09-07 20:01:22,270 : INFO : EventManager : Event: ======'bcp_connection_attempt'====== Args={'name': 'local_display', 'host': 'localhost', 'port': 5050}
2024-09-07 20:01:22,271 : INFO : BCPClientSocket : Connecting BCP to 'local_display' at localhost:5050...
2024-09-07 20:01:22,280 : INFO : BCPClientSocket : Connected BCP to 'local_display' localhost:5050
2024-09-07 20:01:22,281 : INFO : EventManager : Event: ======'bcp_clients_connected'====== Args={}
2024-09-07 20:01:22,281 : INFO : ball_device.bd_trough : BCH: Initial count: 4
2024-09-07 20:01:22,281 : INFO : ball_device.bd_trough : State: idle
2024-09-07 20:01:22,282 : INFO : ball_device.bd_plunger : BCH: Initial count: 0
2024-09-07 20:01:22,282 : INFO : ball_device.bd_plunger : State: idle
2024-09-07 20:01:22,289 : INFO : EventManager : Event: ======'init_phase_3'====== Args={}
2024-09-07 20:01:22,290 : INFO : EventManager : Event: ======'init_phase_4'====== Args={}
2024-09-07 20:01:22,290 : INFO : BallController : Initial balls found: 4
2024-09-07 20:01:22,292 : INFO : EventManager : Event: ======'machine_var_audits_switches_s_toplane2'====== Args={'value': 0, 'prev_value': None, 'change': True}
2024-09-07 20:01:22,292 : INFO : EventManager : Event: ======'machine_var_audits_switches_s_Other05'====== Args={'value': 0, 'prev_value': None, 'change': True}
2024-09-07 20:01:22,292 : INFO : EventManager : Event: ======'machine_var_audits_switches_s_trough5'====== Args={'value': 0, 'prev_value': None, 'change': True}
2024-09-07 20:01:22,292 : INFO : EventManager : Event: ======'machine_var_audits_switches_s_drop3'====== Args={'value': 0, 'prev_value': None, 'change': True}
2024-09-07 20:01:22,292 : INFO : EventManager : Event: ======'machine_var_audits_switches_s_bottomlane5'====== Args={'value': 0, 'prev_value': None, 'change': True}
2024-09-07 20:01:22,292 : INFO : EventManager : Event: ======'machine_var_audits_switches_s_launch'====== Args={'value': 0, 'prev_value': None, 'change': True}
2024-09-07 20:01:22,292 : INFO : EventManager : Event: ======'machine_var_audits_switches_s_bottomlane4'====== Args={'value': 0, 'prev_value': None, 'change': True}
2024-09-07 20:01:22,292 : INFO : EventManager : Event: ======'machine_var_audits_switches_s_left_sling'====== Args={'value': 0, 'prev_value': None, 'change': True}
2024-09-07 20:01:22,292 : INFO : EventManager : Event: ======'machine_var_audits_switches_s_Other07'====== Args={'value': 0, 'prev_value': None, 'change': True}
2024-09-07 20:01:22,293 : INFO : EventManager : Event: ======'machine_var_audits_switches_s_vuktop'====== Args={'value': 0, 'prev_value': None, 'change': True}
2024-09-07 20:01:22,293 : INFO : EventManager : Event: ======'machine_var_audits_switches_s_trough6'====== Args={'value': 0, 'prev_value': None, 'change': True}
2024-09-07 20:01:22,293 : INFO : EventManager : Event: ======'machine_var_audits_switches_s_Other08'====== Args={'value': 0, 'prev_value': None, 'change': True}
2024-09-07 20:01:22,293 : INFO : EventManager : Event: ======'machine_var_audits_switches_s_trough4'====== Args={'value': 0, 'prev_value': None, 'change': True}
2024-09-07 20:01:22,293 : INFO : EventManager : Event: ======'machine_var_audits_switches_s_Other09'====== Args={'value': 0, 'prev_value': None, 'change': True}
2024-09-07 20:01:22,293 : INFO : EventManager : Event: ======'machine_var_audits_switches_s_Other02'====== Args={'value': 0, 'prev_value': None, 'change': True}
2024-09-07 20:01:22,293 : INFO : EventManager : Event: ======'machine_var_audits_switches_s_drop2'====== Args={'value': 0, 'prev_value': None, 'change': True}
2024-09-07 20:01:22,293 : INFO : EventManager : Event: ======'machine_var_audits_switches_s_Other01'====== Args={'value': 0, 'prev_value': None, 'change': True}
2024-09-07 20:01:22,293 : INFO : EventManager : Event: ======'machine_var_audits_switches_s_trough2'====== Args={'value': 0, 'prev_value': None, 'change': True}
2024-09-07 20:01:22,293 : INFO : EventManager : Event: ======'machine_var_audits_switches_s_popbumber_2'====== Args={'value': 0, 'prev_value': None, 'change': True}
2024-09-07 20:01:22,293 : INFO : EventManager : Event: ======'machine_var_audits_switches_s_start'====== Args={'value': 0, 'prev_value': None, 'change': True}
2024-09-07 20:01:22,293 : INFO : EventManager : Event: ======'machine_var_audits_switches_s_toplane3'====== Args={'value': 0, 'prev_value': None, 'change': True}
2024-09-07 20:01:22,293 : INFO : EventManager : Event: ======'machine_var_audits_switches_s_trough3'====== Args={'value': 0, 'prev_value': None, 'change': True}
2024-09-07 20:01:22,293 : INFO : EventManager : Event: ======'machine_var_audits_switches_s_vukmid'====== Args={'value': 0, 'prev_value': None, 'change': True}
2024-09-07 20:01:22,293 : INFO : EventManager : Event: ======'machine_var_audits_switches_s_bottomlane3'====== Args={'value': 0, 'prev_value': None, 'change': True}
2024-09-07 20:01:22,293 : INFO : EventManager : Event: ======'machine_var_audits_switches_s_drop1'====== Args={'value': 0, 'prev_value': None, 'change': True}
2024-09-07 20:01:22,293 : INFO : EventManager : Event: ======'machine_var_audits_switches_s_popbumber_1'====== Args={'value': 0, 'prev_value': None, 'change': True}
2024-09-07 20:01:22,293 : INFO : EventManager : Event: ======'machine_var_audits_switches_s_popbumber_3'====== Args={'value': 0, 'prev_value': None, 'change': True}
2024-09-07 20:01:22,293 : INFO : EventManager : Event: ======'machine_var_audits_switches_s_Other04'====== Args={'value': 0, 'prev_value': None, 'change': True}
2024-09-07 20:01:22,293 : INFO : EventManager : Event: ======'machine_var_audits_switches_s_trough1'====== Args={'value': 0, 'prev_value': None, 'change': True}
2024-09-07 20:01:22,293 : INFO : EventManager : Event: ======'machine_var_audits_switches_s_Other03'====== Args={'value': 0, 'prev_value': None, 'change': True}
2024-09-07 20:01:22,293 : INFO : EventManager : Event: ======'machine_var_audits_switches_s_toplane1'====== Args={'value': 0, 'prev_value': None, 'change': True}
2024-09-07 20:01:22,293 : INFO : EventManager : Event: ======'machine_var_audits_switches_s_bottomlane1'====== Args={'value': 0, 'prev_value': None, 'change': True}
2024-09-07 20:01:22,293 : INFO : EventManager : Event: ======'machine_var_audits_switches_s_trough_jam'====== Args={'value': 0, 'prev_value': None, 'change': True}
2024-09-07 20:01:22,293 : INFO : EventManager : Event: ======'machine_var_audits_switches_s_plunger_lane'====== Args={'value': 0, 'prev_value': None, 'change': True}
2024-09-07 20:01:22,293 : INFO : EventManager : Event: ======'machine_var_audits_switches_s_bottomlane2'====== Args={'value': 0, 'prev_value': None, 'change': True}
2024-09-07 20:01:22,293 : INFO : EventManager : Event: ======'machine_var_audits_switches_s_Other06'====== Args={'value': 0, 'prev_value': None, 'change': True}
2024-09-07 20:01:22,293 : INFO : EventManager : Event: ======'machine_var_audits_switches_s_right_sling'====== Args={'value': 0, 'prev_value': None, 'change': True}
2024-09-07 20:01:22,293 : INFO : EventManager : Event: ======'machine_var_audits_events_game_started'====== Args={'value': 0, 'prev_value': None, 'change': True}
2024-09-07 20:01:22,293 : INFO : EventManager : Event: ======'machine_var_audits_events_game_ended'====== Args={'value': 0, 'prev_value': None, 'change': True}
2024-09-07 20:01:22,293 : INFO : EventManager : Event: ======'machine_var_audits_player_score'====== Args={'value': {'top': [], 'average': 0, 'total': 0}, 'prev_value': None, 'change': True}
2024-09-07 20:01:22,294 : INFO : EventManager : Event: ======'init_phase_5'====== Args={}
2024-09-07 20:01:22,294 : INFO : EventManager : Event: ======'init_done'====== Args={}
2024-09-07 20:01:22,294 : INFO : EventManager : Event: ======'machine_reset_phase_1'====== Args={}
2024-09-07 20:01:22,298 : INFO : EventManager : Event: ======'machine_reset_phase_2'====== Args={}
2024-09-07 20:01:22,298 : INFO : EventManager : Event: ======'machine_reset_phase_3'====== Args={}
2024-09-07 20:01:22,298 : INFO : drop_target_bank.db_dropbank : All targets are already up. Will not reset bank.
2024-09-07 20:01:22,298 : INFO : EventManager : Event: ======'reset_complete'====== Args={}
2024-09-07 20:01:22,298 : INFO : EventManager : Event: ======'mode_attract_will_start'====== Args={}
2024-09-07 20:01:22,299 : INFO : EventManager : Event: ======'mode_attract_starting'====== Args={}
2024-09-07 20:01:22,299 : INFO : Mode.attract : Started. Priority: 10
2024-09-07 20:01:22,299 : INFO : EventManager : Event: ======'modes_active_modes_changed'====== Args={}
2024-09-07 20:01:22,299 : INFO : EventManager : Event: ======'mode_attract_started'====== Args={}
2024-09-07 20:01:22,299 : INFO : EventManager : Event: ======'collecting_balls_complete'====== Args={}
2024-09-07 20:01:22,300 : INFO : Machine : Starting the main run loop.
2024-09-07 20:01:43,446 : INFO : Machine : Shutting down...
2024-09-07 20:01:43,447 : INFO : EventManager : Event: ======'shutdown'====== Args={}
2024-09-07 20:01:43,449 : INFO : root : MPF run loop ended.
