2024-09-08 16:44:52,659 : INFO : root : Loading config.
2024-09-08 16:44:52,661 : INFO : YamlMultifileConfigLoader : Machine config file #1: config.yaml
2024-09-08 16:44:52,661 : INFO : ConfigProcessor : Loading config from cache: C:\Users\dorus\AppData\Local\Temp\636ce416879e362e618e72aa23ee7aae.mpf_cache
2024-09-08 16:44:52,721 : INFO : ConfigProcessor : Loading config from cache: C:\Users\dorus\AppData\Local\Temp\88f25e45fa15743a3d93de98d7c6ca4c.mpf_cache
2024-09-08 16:44:52,721 : INFO : ConfigProcessor : Loading config from cache: C:\Users\dorus\AppData\Local\Temp\d8bc63701c1a2ad1653a8cc5aec9548a.mpf_cache
2024-09-08 16:44:52,722 : INFO : Machine : Mission Pinball Framework Core Engine v0.80.0.dev4
2024-09-08 16:44:52,722 : INFO : Machine : Command line arguments: {'no_load_cache': False, 'create_config_cache': True, 'bcp': True, 'configfile': ['config.yaml'], 'force_assets_load': False, 'platform_integration_test': False, 'jsonlogging': False, 'logfile': 'logs\\2024-09-08-16-44-52-mpf-Gaming_Dorus.log', 'pause': False, 'production': False, 'text_ui': True, 'loglevel': 15, 'consoleloglevel': 20, 'force_platform': 'virtual', 'syslog_address': None, 'mc_file_name': None, 'no_sound': False, 'full_logfile_path': 'C:\\Users\\dorus\\OneDrive\\Documents\\Pinball\\PortalPinball-V4.0\\machinefolder\\logs\\2024-09-08-16-44-52-mpf-Gaming_Dorus.log'}
2024-09-08 16:44:52,722 : INFO : Machine : MPF path: C:\ProgramData\anaconda3\envs\mpfenv\Lib\site-packages\mpf
2024-09-08 16:44:52,722 : INFO : Machine : Machine path: C:\Users\dorus\OneDrive\Documents\Pinball\PortalPinball-V4.0\machinefolder
2024-09-08 16:44:52,722 : INFO : Machine : Platform: win32
2024-09-08 16:44:52,722 : INFO : Machine : Python executable location: C:\ProgramData\anaconda3\envs\mpfenv\python.exe
2024-09-08 16:44:52,722 : INFO : Machine : Python version: 3.12.4 (64-bit)
2024-09-08 16:44:52,723 : INFO : Machine : Initializing MPF...
2024-09-08 16:44:52,890 : INFO : EventManager : Event: ======'machine_var_credits_string'====== Args={'value': 'FREE PLAY', 'prev_value': None, 'change': True}
2024-09-08 16:44:52,904 : INFO : EventManager : Event: ======'machine_var_master_volume'====== Args={'value': 0.5, 'prev_value': None, 'change': True}
2024-09-08 16:44:52,905 : INFO : EventManager : Event: ======'machine_var_player1_score'====== Args={'value': 0, 'prev_value': None, 'change': True}
2024-09-08 16:44:52,905 : INFO : EventManager : Event: ======'machine_var_mpf_version'====== Args={'value': 'Mission Pinball Framework v0.80.0.dev4', 'prev_value': None, 'change': True}
2024-09-08 16:44:52,905 : INFO : EventManager : Event: ======'machine_var_mpf_extended_version'====== Args={'value': 'Mission Pinball Framework v0.80.0.dev4, Config version:6, Show version: 6, BCP version:1.1', 'prev_value': None, 'change': True}
2024-09-08 16:44:52,905 : INFO : EventManager : Event: ======'machine_var_python_version'====== Args={'value': '3.12.4', 'prev_value': None, 'change': True}
2024-09-08 16:44:52,983 : INFO : EventManager : Event: ======'machine_var_platform'====== Args={'value': 'Windows-11-10.0.22631-SP0', 'prev_value': None, 'change': True}
2024-09-08 16:44:52,983 : INFO : EventManager : Event: ======'machine_var_platform_system'====== Args={'value': 'Windows', 'prev_value': None, 'change': True}
2024-09-08 16:44:52,983 : INFO : EventManager : Event: ======'machine_var_platform_release'====== Args={'value': '11', 'prev_value': None, 'change': True}
2024-09-08 16:44:52,984 : INFO : EventManager : Event: ======'machine_var_platform_version'====== Args={'value': '10.0.22631', 'prev_value': None, 'change': True}
2024-09-08 16:44:52,984 : INFO : EventManager : Event: ======'machine_var_platform_machine'====== Args={'value': 'AMD64', 'prev_value': None, 'change': True}
2024-09-08 16:44:52,984 : INFO : EventManager : Event: ======'machine_var_log_file_path'====== Args={'value': 'C:\\Users\\dorus\\OneDrive\\Documents\\Pinball\\PortalPinball-V4.0\\machinefolder\\logs\\2024-09-08-16-44-52-mpf-Gaming_Dorus.log', 'prev_value': None, 'change': True}
2024-09-08 16:44:52,984 : INFO : EventManager : Event: ======'init_phase_1'====== Args={}
2024-09-08 16:44:53,001 : INFO : EventManager : Event: ======'drop_target_bank_db_dropbank_up'====== Args={}
2024-09-08 16:44:53,001 : INFO : EventManager : Event: ======'init_phase_2'====== Args={}
2024-09-08 16:44:53,001 : INFO : SwitchController : Found active switch: ('2-1-16', <Platform.Virtual>) <switch.s_trough1>
2024-09-08 16:44:53,002 : INFO : SwitchController : Found active switch: ('2-1-17', <Platform.Virtual>) <switch.s_trough2>
2024-09-08 16:44:53,002 : INFO : SwitchController : Found active switch: ('2-1-18', <Platform.Virtual>) <switch.s_trough3>
2024-09-08 16:44:53,002 : INFO : SwitchController : Found active switch: ('2-1-19', <Platform.Virtual>) <switch.s_trough4>
2024-09-08 16:44:53,003 : INFO : EventManager : Event: ======'bcp_connection_attempt'====== Args={'name': 'local_display', 'host': 'localhost', 'port': 5050}
2024-09-08 16:44:53,004 : INFO : BCPClientSocket : Connecting BCP to 'local_display' at localhost:5050...
2024-09-08 16:44:57,091 : INFO : BCPClientSocket : Connected BCP to 'local_display' localhost:5050
2024-09-08 16:44:57,091 : INFO : EventManager : Event: ======'bcp_clients_connected'====== Args={}
2024-09-08 16:44:57,246 : INFO : ball_device.bd_trough : BCH: Initial count: 4
2024-09-08 16:44:57,247 : INFO : ball_device.bd_trough : State: idle
2024-09-08 16:44:57,247 : INFO : ball_device.bd_plunger : BCH: Initial count: 0
2024-09-08 16:44:57,247 : INFO : ball_device.bd_plunger : State: idle
2024-09-08 16:44:57,254 : INFO : EventManager : Event: ======'init_phase_3'====== Args={}
2024-09-08 16:44:57,255 : INFO : EventManager : Event: ======'init_phase_4'====== Args={}
2024-09-08 16:44:57,255 : INFO : BallController : Initial balls found: 4
2024-09-08 16:44:57,256 : INFO : EventManager : Event: ======'machine_var_audits_events_game_ended'====== Args={'value': 1, 'prev_value': None, 'change': True}
2024-09-08 16:44:57,256 : INFO : EventManager : Event: ======'machine_var_audits_events_game_started'====== Args={'value': 15, 'prev_value': None, 'change': True}
2024-09-08 16:44:57,256 : INFO : EventManager : Event: ======'machine_var_audits_missing_switches_s_Other01'====== Args={'value': 15, 'prev_value': None, 'change': True}
2024-09-08 16:44:57,256 : INFO : EventManager : Event: ======'machine_var_audits_missing_switches_s_Other02'====== Args={'value': 15, 'prev_value': None, 'change': True}
2024-09-08 16:44:57,256 : INFO : EventManager : Event: ======'machine_var_audits_missing_switches_s_Other03'====== Args={'value': 15, 'prev_value': None, 'change': True}
2024-09-08 16:44:57,256 : INFO : EventManager : Event: ======'machine_var_audits_missing_switches_s_Other04'====== Args={'value': 15, 'prev_value': None, 'change': True}
2024-09-08 16:44:57,256 : INFO : EventManager : Event: ======'machine_var_audits_missing_switches_s_Other05'====== Args={'value': 15, 'prev_value': None, 'change': True}
2024-09-08 16:44:57,256 : INFO : EventManager : Event: ======'machine_var_audits_missing_switches_s_Other06'====== Args={'value': 15, 'prev_value': None, 'change': True}
2024-09-08 16:44:57,256 : INFO : EventManager : Event: ======'machine_var_audits_missing_switches_s_Other07'====== Args={'value': 15, 'prev_value': None, 'change': True}
2024-09-08 16:44:57,257 : INFO : EventManager : Event: ======'machine_var_audits_missing_switches_s_Other08'====== Args={'value': 15, 'prev_value': None, 'change': True}
2024-09-08 16:44:57,257 : INFO : EventManager : Event: ======'machine_var_audits_missing_switches_s_Other09'====== Args={'value': 15, 'prev_value': None, 'change': True}
2024-09-08 16:44:57,257 : INFO : EventManager : Event: ======'machine_var_audits_missing_switches_s_bottomlane1'====== Args={'value': 15, 'prev_value': None, 'change': True}
2024-09-08 16:44:57,257 : INFO : EventManager : Event: ======'machine_var_audits_missing_switches_s_bottomlane2'====== Args={'value': 15, 'prev_value': None, 'change': True}
2024-09-08 16:44:57,257 : INFO : EventManager : Event: ======'machine_var_audits_missing_switches_s_bottomlane3'====== Args={'value': 15, 'prev_value': None, 'change': True}
2024-09-08 16:44:57,257 : INFO : EventManager : Event: ======'machine_var_audits_missing_switches_s_bottomlane4'====== Args={'value': 15, 'prev_value': None, 'change': True}
2024-09-08 16:44:57,257 : INFO : EventManager : Event: ======'machine_var_audits_missing_switches_s_bottomlane5'====== Args={'value': 15, 'prev_value': None, 'change': True}
2024-09-08 16:44:57,257 : INFO : EventManager : Event: ======'machine_var_audits_missing_switches_s_drop1'====== Args={'value': 15, 'prev_value': None, 'change': True}
2024-09-08 16:44:57,257 : INFO : EventManager : Event: ======'machine_var_audits_missing_switches_s_drop2'====== Args={'value': 15, 'prev_value': None, 'change': True}
2024-09-08 16:44:57,257 : INFO : EventManager : Event: ======'machine_var_audits_missing_switches_s_drop3'====== Args={'value': 15, 'prev_value': None, 'change': True}
2024-09-08 16:44:57,257 : INFO : EventManager : Event: ======'machine_var_audits_missing_switches_s_launch'====== Args={'value': 15, 'prev_value': None, 'change': True}
2024-09-08 16:44:57,257 : INFO : EventManager : Event: ======'machine_var_audits_missing_switches_s_left_sling'====== Args={'value': 15, 'prev_value': None, 'change': True}
2024-09-08 16:44:57,257 : INFO : EventManager : Event: ======'machine_var_audits_missing_switches_s_plunger_lane'====== Args={'value': 1, 'prev_value': None, 'change': True}
2024-09-08 16:44:57,257 : INFO : EventManager : Event: ======'machine_var_audits_missing_switches_s_popbumber_1'====== Args={'value': 15, 'prev_value': None, 'change': True}
2024-09-08 16:44:57,257 : INFO : EventManager : Event: ======'machine_var_audits_missing_switches_s_popbumber_2'====== Args={'value': 15, 'prev_value': None, 'change': True}
2024-09-08 16:44:57,257 : INFO : EventManager : Event: ======'machine_var_audits_missing_switches_s_popbumber_3'====== Args={'value': 15, 'prev_value': None, 'change': True}
2024-09-08 16:44:57,257 : INFO : EventManager : Event: ======'machine_var_audits_missing_switches_s_right_sling'====== Args={'value': 15, 'prev_value': None, 'change': True}
2024-09-08 16:44:57,257 : INFO : EventManager : Event: ======'machine_var_audits_missing_switches_s_toplane1'====== Args={'value': 2, 'prev_value': None, 'change': True}
2024-09-08 16:44:57,258 : INFO : EventManager : Event: ======'machine_var_audits_missing_switches_s_toplane2'====== Args={'value': 15, 'prev_value': None, 'change': True}
2024-09-08 16:44:57,258 : INFO : EventManager : Event: ======'machine_var_audits_missing_switches_s_toplane3'====== Args={'value': 15, 'prev_value': None, 'change': True}
2024-09-08 16:44:57,258 : INFO : EventManager : Event: ======'machine_var_audits_missing_switches_s_trough1'====== Args={'value': 1, 'prev_value': None, 'change': True}
2024-09-08 16:44:57,258 : INFO : EventManager : Event: ======'machine_var_audits_missing_switches_s_trough2'====== Args={'value': 15, 'prev_value': None, 'change': True}
2024-09-08 16:44:57,258 : INFO : EventManager : Event: ======'machine_var_audits_missing_switches_s_trough3'====== Args={'value': 15, 'prev_value': None, 'change': True}
2024-09-08 16:44:57,258 : INFO : EventManager : Event: ======'machine_var_audits_missing_switches_s_trough4'====== Args={'value': 15, 'prev_value': None, 'change': True}
2024-09-08 16:44:57,258 : INFO : EventManager : Event: ======'machine_var_audits_missing_switches_s_trough5'====== Args={'value': 15, 'prev_value': None, 'change': True}
2024-09-08 16:44:57,258 : INFO : EventManager : Event: ======'machine_var_audits_missing_switches_s_trough6'====== Args={'value': 15, 'prev_value': None, 'change': True}
2024-09-08 16:44:57,258 : INFO : EventManager : Event: ======'machine_var_audits_missing_switches_s_trough_jam'====== Args={'value': 15, 'prev_value': None, 'change': True}
2024-09-08 16:44:57,258 : INFO : EventManager : Event: ======'machine_var_audits_missing_switches_s_vukmid'====== Args={'value': 15, 'prev_value': None, 'change': True}
2024-09-08 16:44:57,258 : INFO : EventManager : Event: ======'machine_var_audits_missing_switches_s_vuktop'====== Args={'value': 15, 'prev_value': None, 'change': True}
2024-09-08 16:44:57,258 : INFO : EventManager : Event: ======'machine_var_audits_player_score'====== Args={'value': {'average': 0, 'top': [0], 'total': 1}, 'prev_value': None, 'change': True}
2024-09-08 16:44:57,258 : INFO : EventManager : Event: ======'machine_var_audits_switches_s_Other01'====== Args={'value': 0, 'prev_value': None, 'change': True}
2024-09-08 16:44:57,258 : INFO : EventManager : Event: ======'machine_var_audits_switches_s_Other02'====== Args={'value': 0, 'prev_value': None, 'change': True}
2024-09-08 16:44:57,258 : INFO : EventManager : Event: ======'machine_var_audits_switches_s_Other03'====== Args={'value': 0, 'prev_value': None, 'change': True}
2024-09-08 16:44:57,258 : INFO : EventManager : Event: ======'machine_var_audits_switches_s_Other04'====== Args={'value': 0, 'prev_value': None, 'change': True}
2024-09-08 16:44:57,259 : INFO : EventManager : Event: ======'machine_var_audits_switches_s_Other05'====== Args={'value': 0, 'prev_value': None, 'change': True}
2024-09-08 16:44:57,259 : INFO : EventManager : Event: ======'machine_var_audits_switches_s_Other06'====== Args={'value': 0, 'prev_value': None, 'change': True}
2024-09-08 16:44:57,259 : INFO : EventManager : Event: ======'machine_var_audits_switches_s_Other07'====== Args={'value': 0, 'prev_value': None, 'change': True}
2024-09-08 16:44:57,259 : INFO : EventManager : Event: ======'machine_var_audits_switches_s_Other08'====== Args={'value': 0, 'prev_value': None, 'change': True}
2024-09-08 16:44:57,259 : INFO : EventManager : Event: ======'machine_var_audits_switches_s_Other09'====== Args={'value': 0, 'prev_value': None, 'change': True}
2024-09-08 16:44:57,259 : INFO : EventManager : Event: ======'machine_var_audits_switches_s_bottomlane1'====== Args={'value': 0, 'prev_value': None, 'change': True}
2024-09-08 16:44:57,259 : INFO : EventManager : Event: ======'machine_var_audits_switches_s_bottomlane2'====== Args={'value': 0, 'prev_value': None, 'change': True}
2024-09-08 16:44:57,259 : INFO : EventManager : Event: ======'machine_var_audits_switches_s_bottomlane3'====== Args={'value': 0, 'prev_value': None, 'change': True}
2024-09-08 16:44:57,259 : INFO : EventManager : Event: ======'machine_var_audits_switches_s_bottomlane4'====== Args={'value': 0, 'prev_value': None, 'change': True}
2024-09-08 16:44:57,259 : INFO : EventManager : Event: ======'machine_var_audits_switches_s_bottomlane5'====== Args={'value': 0, 'prev_value': None, 'change': True}
2024-09-08 16:44:57,259 : INFO : EventManager : Event: ======'machine_var_audits_switches_s_drop1'====== Args={'value': 0, 'prev_value': None, 'change': True}
2024-09-08 16:44:57,259 : INFO : EventManager : Event: ======'machine_var_audits_switches_s_drop2'====== Args={'value': 0, 'prev_value': None, 'change': True}
2024-09-08 16:44:57,259 : INFO : EventManager : Event: ======'machine_var_audits_switches_s_drop3'====== Args={'value': 0, 'prev_value': None, 'change': True}
2024-09-08 16:44:57,260 : INFO : EventManager : Event: ======'machine_var_audits_switches_s_launch'====== Args={'value': 0, 'prev_value': None, 'change': True}
2024-09-08 16:44:57,260 : INFO : EventManager : Event: ======'machine_var_audits_switches_s_left_sling'====== Args={'value': 0, 'prev_value': None, 'change': True}
2024-09-08 16:44:57,260 : INFO : EventManager : Event: ======'machine_var_audits_switches_s_plunger_lane'====== Args={'value': 32, 'prev_value': None, 'change': True}
2024-09-08 16:44:57,260 : INFO : EventManager : Event: ======'machine_var_audits_switches_s_popbumber_1'====== Args={'value': 0, 'prev_value': None, 'change': True}
2024-09-08 16:44:57,260 : INFO : EventManager : Event: ======'machine_var_audits_switches_s_popbumber_2'====== Args={'value': 0, 'prev_value': None, 'change': True}
2024-09-08 16:44:57,260 : INFO : EventManager : Event: ======'machine_var_audits_switches_s_popbumber_3'====== Args={'value': 0, 'prev_value': None, 'change': True}
2024-09-08 16:44:57,260 : INFO : EventManager : Event: ======'machine_var_audits_switches_s_right_sling'====== Args={'value': 0, 'prev_value': None, 'change': True}
2024-09-08 16:44:57,260 : INFO : EventManager : Event: ======'machine_var_audits_switches_s_start'====== Args={'value': 37, 'prev_value': None, 'change': True}
2024-09-08 16:44:57,260 : INFO : EventManager : Event: ======'machine_var_audits_switches_s_toplane1'====== Args={'value': 192, 'prev_value': None, 'change': True}
2024-09-08 16:44:57,260 : INFO : EventManager : Event: ======'machine_var_audits_switches_s_toplane2'====== Args={'value': 0, 'prev_value': None, 'change': True}
2024-09-08 16:44:57,260 : INFO : EventManager : Event: ======'machine_var_audits_switches_s_toplane3'====== Args={'value': 0, 'prev_value': None, 'change': True}
2024-09-08 16:44:57,261 : INFO : EventManager : Event: ======'machine_var_audits_switches_s_trough1'====== Args={'value': 26, 'prev_value': None, 'change': True}
2024-09-08 16:44:57,261 : INFO : EventManager : Event: ======'machine_var_audits_switches_s_trough2'====== Args={'value': 0, 'prev_value': None, 'change': True}
2024-09-08 16:44:57,261 : INFO : EventManager : Event: ======'machine_var_audits_switches_s_trough3'====== Args={'value': 0, 'prev_value': None, 'change': True}
2024-09-08 16:44:57,261 : INFO : EventManager : Event: ======'machine_var_audits_switches_s_trough4'====== Args={'value': 0, 'prev_value': None, 'change': True}
2024-09-08 16:44:57,261 : INFO : EventManager : Event: ======'machine_var_audits_switches_s_trough5'====== Args={'value': 0, 'prev_value': None, 'change': True}
2024-09-08 16:44:57,261 : INFO : EventManager : Event: ======'machine_var_audits_switches_s_trough6'====== Args={'value': 0, 'prev_value': None, 'change': True}
2024-09-08 16:44:57,261 : INFO : EventManager : Event: ======'machine_var_audits_switches_s_trough_jam'====== Args={'value': 0, 'prev_value': None, 'change': True}
2024-09-08 16:44:57,261 : INFO : EventManager : Event: ======'machine_var_audits_switches_s_vukmid'====== Args={'value': 0, 'prev_value': None, 'change': True}
2024-09-08 16:44:57,262 : INFO : EventManager : Event: ======'machine_var_audits_switches_s_vuktop'====== Args={'value': 0, 'prev_value': None, 'change': True}
2024-09-08 16:44:57,262 : INFO : EventManager : Event: ======'init_phase_5'====== Args={}
2024-09-08 16:44:57,326 : INFO : EventManager : Event: ======'init_done'====== Args={}
2024-09-08 16:44:57,326 : INFO : EventManager : Event: ======'machine_reset_phase_1'====== Args={}
2024-09-08 16:44:57,334 : INFO : EventManager : Event: ======'machine_reset_phase_2'====== Args={}
2024-09-08 16:44:57,334 : INFO : EventManager : Event: ======'machine_reset_phase_3'====== Args={}
2024-09-08 16:44:57,334 : INFO : drop_target_bank.db_dropbank : All targets are already up. Will not reset bank.
2024-09-08 16:44:57,334 : INFO : EventManager : Event: ======'reset_complete'====== Args={}
2024-09-08 16:44:57,334 : INFO : EventManager : Event: ======'mode_attract_will_start'====== Args={}
2024-09-08 16:44:57,334 : INFO : EventManager : Event: ======'mode_attract_starting'====== Args={}
2024-09-08 16:44:57,335 : INFO : Mode.attract : Started. Priority: 10
2024-09-08 16:44:57,335 : INFO : EventManager : Event: ======'modes_active_modes_changed'====== Args={}
2024-09-08 16:44:57,335 : INFO : EventManager : Event: ======'mode_attract_started'====== Args={}
2024-09-08 16:44:57,335 : INFO : EventManager : Event: ======'collecting_balls_complete'====== Args={}
2024-09-08 16:44:57,358 : INFO : Machine : Starting the main run loop.
2024-09-08 16:44:57,387 : INFO : EventManager : Event: ======'slide_attract_created'====== Args={'_from_bcp': True}
2024-09-08 16:44:57,387 : INFO : EventManager : Event: ======'slide__removed'====== Args={'_from_bcp': True}
2024-09-08 16:44:57,388 : INFO : EventManager : Event: ======'slide_attract_active'====== Args={'original_context': 'attract', 'original_calling_context': 'mode_attract_started', 'priority': 10.0, 'cmd': 'slides_play', '_from_bcp': True}
2024-09-08 16:45:02,016 : INFO : SwitchController : <<<<<<< 's_start' active >>>>>>>
2024-09-08 16:45:02,116 : INFO : SwitchController : <<<<<<< 's_start' inactive >>>>>>>
2024-09-08 16:45:02,116 : INFO : EventManager : Event: ======'request_to_start_game'====== Args={}
2024-09-08 16:45:02,116 : INFO : EventManager : Event: ======'game_start'====== Args={'buttons': [], 'hold_time': 0.10999999998603016}
2024-09-08 16:45:02,116 : INFO : EventManager : Event: ======'mode_game_will_start'====== Args={'buttons': [], 'hold_time': 0.10999999998603016}
2024-09-08 16:45:02,116 : INFO : EventManager : Event: ======'mode_game_starting'====== Args={'buttons': [], 'hold_time': 0.10999999998603016}
2024-09-08 16:45:02,116 : INFO : EventManager : Event: ======'mode_attract_will_stop'====== Args={}
2024-09-08 16:45:02,116 : INFO : EventManager : Event: ======'mode_attract_stopping'====== Args={}
2024-09-08 16:45:02,117 : INFO : Mode.attract : Stopped.
2024-09-08 16:45:02,117 : INFO : EventManager : Event: ======'modes_active_modes_changed'====== Args={}
2024-09-08 16:45:02,117 : INFO : EventManager : Event: ======'mode_attract_stopped'====== Args={}
2024-09-08 16:45:02,117 : INFO : EventManager : Event: ======'clear'====== Args={'key': 'attract'}
2024-09-08 16:45:02,117 : INFO : Mode.game : Started. Priority: 20
2024-09-08 16:45:02,117 : INFO : EventManager : Event: ======'modes_active_modes_changed'====== Args={}
2024-09-08 16:45:02,117 : INFO : EventManager : Event: ======'mode_game_started'====== Args={'buttons': [], 'hold_time': 0.10999999998603016}
2024-09-08 16:45:02,231 : INFO : EventManager : Event: ======'game_will_start'====== Args={}
2024-09-08 16:45:02,231 : INFO : EventManager : Event: ======'game_starting'====== Args={'game': <Mode.game>}
2024-09-08 16:45:02,231 : INFO : EventManager : Unordered handler for class <Auditor> on event game_ended with priority 1. Handlers: [RegisteredHandler(callback=<bound method Auditor.disable of <Auditor>>, priority=1, kwargs={}, key=UUID('f5ea0d83-c744-44f6-8458-38c4e4d74059'), condition=None, blocking_facility=None), RegisteredHandler(callback=<bound method Auditor._save_audits of <Auditor>>, priority=1, kwargs={}, key=UUID('847bd1cc-3a63-4159-a78c-5f2e2af2e241'), condition=None, blocking_facility=None)]. The order of those handlers is not defined and they will be executed in random order. This might lead to race conditions and potential bugs.
2024-09-08 16:45:02,231 : INFO : EventManager : Event: ======'player_add_request'====== Args={}
2024-09-08 16:45:02,231 : INFO : EventManager : Event: ======'player_will_add'====== Args={'number': 1}
2024-09-08 16:45:02,231 : INFO : EventManager : Event: ======'player_adding'====== Args={'player': <Player 1>, 'number': 1}
2024-09-08 16:45:02,231 : INFO : EventManager : Event: ======'player_added'====== Args={'player': <Player 1>, 'num': 1}
2024-09-08 16:45:02,231 : INFO : Mode.game : Player added successfully. Total players: 1
2024-09-08 16:45:02,232 : INFO : EventManager : Event: ======'player_index'====== Args={'value': 0, 'prev_value': 0, 'change': 0, 'player_num': 1}
2024-09-08 16:45:02,232 : INFO : EventManager : Event: ======'player_number'====== Args={'value': 1, 'prev_value': 1, 'change': 0, 'player_num': 1}
2024-09-08 16:45:02,232 : INFO : EventManager : Event: ======'player_score'====== Args={'value': 0, 'prev_value': 0, 'change': 0, 'player_num': 1}
2024-09-08 16:45:02,232 : INFO : EventManager : Event: ======'game_started'====== Args={}
2024-09-08 16:45:02,247 : INFO : EventManager : Event: ======'player_turn_will_start'====== Args={'player': <Player 1>, 'number': 1}
2024-09-08 16:45:02,247 : INFO : EventManager : Event: ======'player_turn_starting'====== Args={'player': <Player 1>, 'number': 1}
2024-09-08 16:45:02,247 : INFO : EventManager : Event: ======'player_ball'====== Args={'value': 1, 'prev_value': 0, 'change': 1, 'player_num': 1}
2024-09-08 16:45:02,250 : INFO : EventManager : Event: ======'player_turn_started'====== Args={'player': <Player 1>, 'number': 1}
2024-09-08 16:45:02,250 : INFO : EventManager : Event: ======'ball_will_start'====== Args={'player': 1, 'ball': 1, 'balls_remaining': 2, 'is_extra_ball': False}
2024-09-08 16:45:02,253 : INFO : EventManager : Event: ======'ball_starting'====== Args={'player': 1, 'ball': 1, 'balls_remaining': 2, 'is_extra_ball': False}
2024-09-08 16:45:02,253 : INFO : drop_target_bank.db_dropbank : All targets are already up. Will not reset bank.
2024-09-08 16:45:02,253 : INFO : EventManager : Event: ======'balls_in_play'====== Args={'balls': 1}
2024-09-08 16:45:02,253 : INFO : EventManager : Event: ======'ball_started'====== Args={'player': 1, 'ball': 1, 'balls_remaining': 2, 'is_extra_ball': False}
2024-09-08 16:45:02,253 : INFO : EventManager : Event: ======'single_player_ball_started'====== Args={}
2024-09-08 16:45:02,253 : INFO : EventManager : Event: ======'ball_start_target'====== Args={'target': 'playfield'}
2024-09-08 16:45:02,253 : INFO : ball_device.bd_plunger : Setting up player-controlled eject. Balls: 1, Target: <playfield.playfield>, player_controlled_eject_event: s_launch_active
2024-09-08 16:45:02,254 : INFO : EventManager : Event: ======'balldevice_balls_available'====== Args={}
2024-09-08 16:45:02,254 : INFO : ball_device.bd_trough : State: waiting_for_target_ready
2024-09-08 16:45:02,254 : INFO : EventManager : Event: ======'balldevice_bd_trough_ball_eject_attempt'====== Args={'balls': 1, 'target': <ball_device.bd_plunger>, 'source': <ball_device.bd_trough>, 'mechanical_eject': True, 'num_attempts': 0}
2024-09-08 16:45:02,254 : INFO : ball_device.bd_plunger : State: waiting_for_ball
2024-09-08 16:45:02,254 : INFO : ball_device.bd_trough : State: ejecting
2024-09-08 16:45:02,254 : INFO : ball_device.bd_trough : Ejecting ball to <ball_device.bd_plunger>
2024-09-08 16:45:02,254 : INFO : EventManager : Event: ======'balldevice_bd_trough_ejecting_ball'====== Args={'balls': 1, 'target': <ball_device.bd_plunger>, 'source': <ball_device.bd_trough>, 'mechanical_eject': True, 'num_attempts': 0}
2024-09-08 16:45:02,254 : INFO : ball_device.bd_trough : Wait for ball to leave device
2024-09-08 16:45:02,254 : INFO : coil.c_trough_eject : Pulsing Driver for 25ms (1.0 pulse_power)
2024-09-08 16:45:09,784 : INFO : SwitchController : <<<<<<< 's_trough1' inactive >>>>>>>
2024-09-08 16:45:09,786 : INFO : ball_device.bd_trough : State: ball_left
2024-09-08 16:45:09,786 : INFO : ball_device.bd_trough : Ball left
2024-09-08 16:45:09,786 : INFO : ball_device.bd_trough : Wait for confirm with timeout 10.0
2024-09-08 16:45:13,450 : INFO : SwitchController : <<<<<<< 's_plunger_lane' active >>>>>>>
2024-09-08 16:45:13,451 : INFO : EventManager : Event: ======'machine_var_audits_switches_s_plunger_lane'====== Args={'value': 33, 'prev_value': 32, 'change': 1}
2024-09-08 16:45:13,965 : INFO : ball_device.bd_plunger : Received ball from <ball_device.bd_trough>
2024-09-08 16:45:13,966 : INFO : EventManager : Event: ======'balldevice_bd_plunger_ball_enter'====== Args={'new_balls': 1, 'unclaimed_balls': 0, 'new_available_balls': 0, 'device': <ball_device.bd_plunger>}
2024-09-08 16:45:13,966 : INFO : EventManager : Event: ======'balldevice_bd_plunger_ball_entered'====== Args={'new_balls': 0, 'device': <ball_device.bd_plunger>}
2024-09-08 16:45:13,967 : INFO : EventManager : Event: ======'balldevice_bd_plunger_ball_count_changed'====== Args={'balls': 1}
2024-09-08 16:45:13,967 : INFO : ball_device.bd_trough : Got eject confirm
2024-09-08 16:45:13,968 : INFO : ball_device.bd_trough : Eject successful
2024-09-08 16:45:13,968 : INFO : EventManager : Event: ======'balldevice_bd_trough_ball_eject_success'====== Args={'balls': 1, 'target': <ball_device.bd_plunger>}
2024-09-08 16:45:13,968 : INFO : ball_device.bd_plunger : State: waiting_for_target_ready
2024-09-08 16:45:13,968 : INFO : EventManager : Event: ======'balldevice_bd_plunger_ball_eject_attempt'====== Args={'balls': 1, 'target': <playfield.playfield>, 'source': <ball_device.bd_plunger>, 'mechanical_eject': True, 'num_attempts': 0}
2024-09-08 16:45:13,968 : INFO : EventManager : Event: ======'balldevice_bd_trough_ball_count_changed'====== Args={'balls': 3}
2024-09-08 16:45:13,968 : INFO : ball_device.bd_trough : State: idle
2024-09-08 16:45:13,969 : INFO : ball_device.bd_plunger : State: ejecting
2024-09-08 16:45:13,969 : INFO : ball_device.bd_plunger : Ejecting ball to <playfield.playfield>
2024-09-08 16:45:13,969 : INFO : EventManager : Event: ======'balldevice_bd_plunger_ejecting_ball'====== Args={'balls': 1, 'target': <playfield.playfield>, 'source': <ball_device.bd_plunger>, 'mechanical_eject': True, 'num_attempts': 0}
2024-09-08 16:45:13,969 : INFO : ball_device.bd_plunger : Wait for ball to leave device
2024-09-08 16:45:17,399 : INFO : SwitchController : <<<<<<< 's_plunger_lane' inactive >>>>>>>
2024-09-08 16:45:17,402 : INFO : ball_device.bd_plunger : State: ball_left
2024-09-08 16:45:17,402 : INFO : ball_device.bd_plunger : Ball left
2024-09-08 16:45:17,402 : INFO : ball_device.bd_plunger : Wait for confirm with timeout 10.0
2024-09-08 16:45:20,483 : INFO : SwitchController : <<<<<<< 's_toplane1' active >>>>>>>
2024-09-08 16:45:20,483 : INFO : EventManager : Event: ======'machine_var_audits_switches_s_toplane1'====== Args={'value': 193, 'prev_value': 192, 'change': 1}
2024-09-08 16:45:20,600 : INFO : SwitchController : <<<<<<< 's_toplane1' inactive >>>>>>>
2024-09-08 16:45:21,917 : INFO : SwitchController : <<<<<<< 's_toplane1' active >>>>>>>
2024-09-08 16:45:21,918 : INFO : EventManager : Event: ======'machine_var_audits_switches_s_toplane1'====== Args={'value': 194, 'prev_value': 193, 'change': 1}
2024-09-08 16:45:22,033 : INFO : SwitchController : <<<<<<< 's_toplane1' inactive >>>>>>>
2024-09-08 16:45:27,406 : INFO : ball_device.bd_plunger : State: failed_confirm
2024-09-08 16:45:27,406 : INFO : ball_device.bd_plunger : Got timeout (10.0s) before confirm from <playfield.playfield>
2024-09-08 16:45:27,513 : INFO : ball_device.bd_plunger : Confirming eject because target is playfield and ball did not return.
2024-09-08 16:45:27,513 : INFO : ball_device.bd_plunger : Eject successful
2024-09-08 16:45:27,513 : INFO : EventManager : Event: ======'balldevice_bd_plunger_ball_eject_success'====== Args={'balls': 1, 'target': <playfield.playfield>}
2024-09-08 16:45:27,513 : INFO : EventManager : Event: ======'balldevice_playfield_ball_enter'====== Args={'new_balls': 1, 'unclaimed_balls': 1, 'device': <playfield.playfield>}
2024-09-08 16:45:27,513 : INFO : EventManager : Event: ======'playfield_ball_count_change'====== Args={'balls': 1, 'change': 1}
2024-09-08 16:45:27,514 : INFO : EventManager : Event: ======'balldevice_bd_plunger_ball_count_changed'====== Args={'balls': 0}
2024-09-08 16:45:27,514 : INFO : ball_device.bd_plunger : State: idle
2024-09-08 16:45:28,698 : INFO : SwitchController : <<<<<<< 's_toplane1' active >>>>>>>
2024-09-08 16:45:28,698 : INFO : EventManager : Event: ======'machine_var_audits_switches_s_toplane1'====== Args={'value': 195, 'prev_value': 194, 'change': 1}
2024-09-08 16:45:28,817 : INFO : SwitchController : <<<<<<< 's_toplane1' inactive >>>>>>>
2024-09-08 16:45:29,316 : INFO : SwitchController : <<<<<<< 's_toplane1' active >>>>>>>
2024-09-08 16:45:29,316 : INFO : EventManager : Event: ======'machine_var_audits_switches_s_toplane1'====== Args={'value': 196, 'prev_value': 195, 'change': 1}
2024-09-08 16:45:29,466 : INFO : SwitchController : <<<<<<< 's_toplane1' inactive >>>>>>>
2024-09-08 16:45:29,833 : INFO : SwitchController : <<<<<<< 's_toplane1' active >>>>>>>
2024-09-08 16:45:29,833 : INFO : EventManager : Event: ======'machine_var_audits_switches_s_toplane1'====== Args={'value': 197, 'prev_value': 196, 'change': 1}
2024-09-08 16:45:29,883 : INFO : SwitchController : <<<<<<< 's_toplane1' inactive >>>>>>>
2024-09-08 16:45:30,233 : INFO : SwitchController : <<<<<<< 's_toplane1' active >>>>>>>
2024-09-08 16:45:30,233 : INFO : EventManager : Event: ======'machine_var_audits_switches_s_toplane1'====== Args={'value': 198, 'prev_value': 197, 'change': 1}
2024-09-08 16:45:30,333 : INFO : SwitchController : <<<<<<< 's_toplane1' inactive >>>>>>>
2024-09-08 16:45:30,617 : INFO : SwitchController : <<<<<<< 's_toplane1' active >>>>>>>
2024-09-08 16:45:30,617 : INFO : EventManager : Event: ======'machine_var_audits_switches_s_toplane1'====== Args={'value': 199, 'prev_value': 198, 'change': 1}
2024-09-08 16:45:30,762 : INFO : SwitchController : <<<<<<< 's_toplane1' inactive >>>>>>>
2024-09-08 16:45:31,083 : INFO : SwitchController : <<<<<<< 's_toplane1' active >>>>>>>
2024-09-08 16:45:31,083 : INFO : EventManager : Event: ======'machine_var_audits_switches_s_toplane1'====== Args={'value': 200, 'prev_value': 199, 'change': 1}
2024-09-08 16:45:31,216 : INFO : SwitchController : <<<<<<< 's_toplane1' inactive >>>>>>>
2024-09-08 16:45:31,583 : INFO : SwitchController : <<<<<<< 's_toplane1' active >>>>>>>
2024-09-08 16:45:31,583 : INFO : EventManager : Event: ======'machine_var_audits_switches_s_toplane1'====== Args={'value': 201, 'prev_value': 200, 'change': 1}
2024-09-08 16:45:31,716 : INFO : SwitchController : <<<<<<< 's_toplane1' inactive >>>>>>>
2024-09-08 16:45:32,017 : INFO : SwitchController : <<<<<<< 's_toplane1' active >>>>>>>
2024-09-08 16:45:32,017 : INFO : EventManager : Event: ======'machine_var_audits_switches_s_toplane1'====== Args={'value': 202, 'prev_value': 201, 'change': 1}
2024-09-08 16:45:32,150 : INFO : SwitchController : <<<<<<< 's_toplane1' inactive >>>>>>>
2024-09-08 16:45:32,499 : INFO : SwitchController : <<<<<<< 's_toplane1' active >>>>>>>
2024-09-08 16:45:32,499 : INFO : EventManager : Event: ======'machine_var_audits_switches_s_toplane1'====== Args={'value': 203, 'prev_value': 202, 'change': 1}
2024-09-08 16:45:32,549 : INFO : SwitchController : <<<<<<< 's_toplane1' inactive >>>>>>>
2024-09-08 16:45:32,733 : INFO : SwitchController : <<<<<<< 's_toplane1' active >>>>>>>
2024-09-08 16:45:32,733 : INFO : EventManager : Event: ======'machine_var_audits_switches_s_toplane1'====== Args={'value': 204, 'prev_value': 203, 'change': 1}
2024-09-08 16:45:32,815 : INFO : SwitchController : <<<<<<< 's_toplane1' inactive >>>>>>>
2024-09-08 16:45:32,966 : INFO : SwitchController : <<<<<<< 's_toplane1' active >>>>>>>
2024-09-08 16:45:32,966 : INFO : EventManager : Event: ======'machine_var_audits_switches_s_toplane1'====== Args={'value': 205, 'prev_value': 204, 'change': 1}
2024-09-08 16:45:33,050 : INFO : SwitchController : <<<<<<< 's_toplane1' inactive >>>>>>>
2024-09-08 16:45:33,199 : INFO : SwitchController : <<<<<<< 's_toplane1' active >>>>>>>
2024-09-08 16:45:33,199 : INFO : EventManager : Event: ======'machine_var_audits_switches_s_toplane1'====== Args={'value': 206, 'prev_value': 205, 'change': 1}
2024-09-08 16:45:33,241 : INFO : SwitchController : <<<<<<< 's_toplane1' inactive >>>>>>>
2024-09-08 16:45:40,195 : INFO : Machine : Shutting down...
2024-09-08 16:45:40,195 : INFO : EventManager : Event: ======'shutdown'====== Args={}
2024-09-08 16:45:40,197 : INFO : EventManager : Event: ======'mode_game_will_stop'====== Args={}
2024-09-08 16:45:40,197 : INFO : EventManager : Event: ======'mode_game_stopping'====== Args={}
2024-09-08 16:45:40,198 : INFO : Mode.game : Stopped.
2024-09-08 16:45:40,199 : INFO : EventManager : Event: ======'modes_active_modes_changed'====== Args={}
2024-09-08 16:45:40,199 : INFO : EventManager : Event: ======'mode_game_stopped'====== Args={}
2024-09-08 16:45:40,199 : INFO : EventManager : Event: ======'clear'====== Args={'key': 'game'}
2024-09-08 16:45:40,200 : INFO : root : MPF run loop ended.
