2024-09-09 14:11:14,761 : INFO : root : Loading config.
2024-09-09 14:11:14,766 : INFO : YamlMultifileConfigLoader : Machine config file #1: config.yaml
2024-09-09 14:11:14,767 : WARNING : ConfigProcessor : Config file in cache changed: C:\Users\dorus\OneDrive\Documents\Pinball\PortalPinball-V4.0\machinefolder\config\config.yaml
2024-09-09 14:11:14,767 : INFO : ConfigProcessor : Loading config from file C:\Users\dorus\.conda\envs\mpfenv\Lib\site-packages\mpf\mpfconfig.yaml.
2024-09-09 14:11:14,780 : INFO : ConfigProcessor : Loading config: C:\Users\dorus\.conda\envs\mpfenv\Lib\site-packages\mpf\mpfconfig.yaml
2024-09-09 14:11:14,780 : INFO : ConfigProcessor : Loading config from file C:\Users\dorus\OneDrive\Documents\Pinball\PortalPinball-V4.0\machinefolder\config\config.yaml.
2024-09-09 14:11:14,781 : INFO : ConfigProcessor : Loading config: C:\Users\dorus\OneDrive\Documents\Pinball\PortalPinball-V4.0\machinefolder\config\config.yaml
2024-09-09 14:11:14,783 : INFO : ConfigProcessor : Loading config: C:\Users\dorus\OneDrive\Documents\Pinball\PortalPinball-V4.0\machinefolder\config\hardware-basic.yaml
2024-09-09 14:11:14,785 : INFO : ConfigProcessor : Loading config: C:\Users\dorus\OneDrive\Documents\Pinball\PortalPinball-V4.0\machinefolder\config\hardware-coils.yaml
2024-09-09 14:11:14,788 : INFO : ConfigProcessor : Loading config: C:\Users\dorus\OneDrive\Documents\Pinball\PortalPinball-V4.0\machinefolder\config\hardware-switches.yaml
2024-09-09 14:11:14,790 : INFO : ConfigProcessor : Loading config: C:\Users\dorus\OneDrive\Documents\Pinball\PortalPinball-V4.0\machinefolder\config\hardware-devices.yaml
2024-09-09 14:11:14,792 : INFO : ConfigProcessor : Loading config: C:\Users\dorus\OneDrive\Documents\Pinball\PortalPinball-V4.0\machinefolder\config\light_shows.yaml
2024-09-09 14:11:14,794 : INFO : ConfigProcessor : Config file cache created: C:\Users\dorus\AppData\Local\Temp\0b14c6cd701b1833b339b8820c7f306e.mpf_cache
2024-09-09 14:11:14,917 : INFO : ConfigProcessor : Loading config from cache: C:\Users\dorus\AppData\Local\Temp\131c4b8882758756c26e7612148ac7ad.mpf_cache
2024-09-09 14:11:14,918 : INFO : ConfigProcessor : Loading config from cache: C:\Users\dorus\AppData\Local\Temp\36ea2d86935edeb5e7cb26ef979cbf89.mpf_cache
2024-09-09 14:11:14,919 : INFO : ConfigProcessor : Loading config from cache: C:\Users\dorus\AppData\Local\Temp\10d9290df991d16f66be8677f9ce93b5.mpf_cache
2024-09-09 14:11:14,920 : INFO : Machine : Mission Pinball Framework Core Engine v0.80.0.dev4
2024-09-09 14:11:14,920 : INFO : Machine : Command line arguments: {'no_load_cache': False, 'create_config_cache': True, 'bcp': True, 'configfile': ['config.yaml'], 'force_assets_load': False, 'platform_integration_test': False, 'jsonlogging': False, 'logfile': 'logs\\2024-09-09-14-11-14-mpf-LAPTOP-5E3JF9A5.log', 'pause': False, 'production': False, 'text_ui': True, 'loglevel': 15, 'consoleloglevel': 20, 'force_platform': None, 'syslog_address': None, 'mc_file_name': None, 'no_sound': False, 'full_logfile_path': 'C:\\Users\\dorus\\OneDrive\\Documents\\Pinball\\PortalPinball-V4.0\\machinefolder\\logs\\2024-09-09-14-11-14-mpf-LAPTOP-5E3JF9A5.log'}
2024-09-09 14:11:14,920 : INFO : Machine : MPF path: C:\Users\dorus\.conda\envs\mpfenv\Lib\site-packages\mpf
2024-09-09 14:11:14,920 : INFO : Machine : Machine path: C:\Users\dorus\OneDrive\Documents\Pinball\PortalPinball-V4.0\machinefolder
2024-09-09 14:11:14,920 : INFO : Machine : Platform: win32
2024-09-09 14:11:14,920 : INFO : Machine : Python executable location: C:\Users\dorus\.conda\envs\mpfenv\python.exe
2024-09-09 14:11:14,920 : INFO : Machine : Python version: 3.12.4 (64-bit)
2024-09-09 14:11:14,922 : INFO : Machine : Initializing MPF...
2024-09-09 14:11:15,109 : INFO : OPP : Connecting to COM4 at 115200bps
2024-09-09 14:11:15,186 : INFO : OPP : Init of OPP board 0 done
2024-09-09 14:11:15,187 : INFO : OPP : Connecting to COM5 at 115200bps
2024-09-09 14:11:15,265 : INFO : OPP : Init of OPP board 1 done
2024-09-09 14:11:15,265 : INFO : OPP : Connecting to COM6 at 115200bps
2024-09-09 14:11:15,374 : INFO : OPP : Init of OPP board 2 done
2024-09-09 14:11:15,375 : INFO : EventManager : Event: ======'machine_var_credits_string'====== Args={'value': 'FREE PLAY', 'prev_value': None, 'change': True}
2024-09-09 14:11:15,429 : INFO : EventManager : Event: ======'machine_var_master_volume'====== Args={'value': 0.5, 'prev_value': None, 'change': True}
2024-09-09 14:11:15,429 : INFO : EventManager : Event: ======'machine_var_player1_score'====== Args={'value': 0, 'prev_value': None, 'change': True}
2024-09-09 14:11:15,429 : INFO : EventManager : Event: ======'machine_var_mpf_version'====== Args={'value': 'Mission Pinball Framework v0.80.0.dev4', 'prev_value': None, 'change': True}
2024-09-09 14:11:15,430 : INFO : EventManager : Event: ======'machine_var_mpf_extended_version'====== Args={'value': 'Mission Pinball Framework v0.80.0.dev4, Config version:6, Show version: 6, BCP version:1.1', 'prev_value': None, 'change': True}
2024-09-09 14:11:15,430 : INFO : EventManager : Event: ======'machine_var_python_version'====== Args={'value': '3.12.4', 'prev_value': None, 'change': True}
2024-09-09 14:11:15,498 : INFO : EventManager : Event: ======'machine_var_platform'====== Args={'value': 'Windows-11-10.0.22631-SP0', 'prev_value': None, 'change': True}
2024-09-09 14:11:15,498 : INFO : EventManager : Event: ======'machine_var_platform_system'====== Args={'value': 'Windows', 'prev_value': None, 'change': True}
2024-09-09 14:11:15,498 : INFO : EventManager : Event: ======'machine_var_platform_release'====== Args={'value': '11', 'prev_value': None, 'change': True}
2024-09-09 14:11:15,498 : INFO : EventManager : Event: ======'machine_var_platform_version'====== Args={'value': '10.0.22631', 'prev_value': None, 'change': True}
2024-09-09 14:11:15,498 : INFO : EventManager : Event: ======'machine_var_platform_machine'====== Args={'value': 'AMD64', 'prev_value': None, 'change': True}
2024-09-09 14:11:15,498 : INFO : EventManager : Event: ======'machine_var_log_file_path'====== Args={'value': 'C:\\Users\\dorus\\OneDrive\\Documents\\Pinball\\PortalPinball-V4.0\\machinefolder\\logs\\2024-09-09-14-11-14-mpf-LAPTOP-5E3JF9A5.log', 'prev_value': None, 'change': True}
2024-09-09 14:11:15,498 : INFO : EventManager : Event: ======'init_phase_1'====== Args={}
2024-09-09 14:11:15,525 : INFO : EventManager : Event: ======'drop_target_bank_db_dropbank_up'====== Args={}
2024-09-09 14:11:15,525 : INFO : EventManager : Event: ======'init_phase_2'====== Args={}
2024-09-09 14:11:15,527 : INFO : SwitchController : Found active switch: ('2-1-16', <Platform.OPP>) <switch.s_trough1>
2024-09-09 14:11:15,527 : INFO : SwitchController : Found active switch: ('2-1-17', <Platform.OPP>) <switch.s_trough2>
2024-09-09 14:11:15,527 : INFO : SwitchController : Found active switch: ('2-1-18', <Platform.OPP>) <switch.s_trough3>
2024-09-09 14:11:15,527 : INFO : SwitchController : Found active switch: ('2-1-19', <Platform.OPP>) <switch.s_trough4>
2024-09-09 14:11:15,527 : INFO : SwitchController : Found active switch: ('2-1-20', <Platform.OPP>) <switch.s_trough5>
2024-09-09 14:11:15,527 : INFO : SwitchController : Found active switch: ('2-1-21', <Platform.OPP>) <switch.s_trough6>
2024-09-09 14:11:15,527 : INFO : SwitchController : Found active switch: ('2-1-22', <Platform.OPP>) <switch.s_trough_jam>
2024-09-09 14:11:15,531 : INFO : EventManager : Event: ======'bcp_connection_attempt'====== Args={'name': 'local_display', 'host': 'localhost', 'port': 5050}
2024-09-09 14:11:15,533 : INFO : BCPClientSocket : Connecting BCP to 'local_display' at localhost:5050...
2024-09-09 14:11:26,960 : INFO : Machine : Starting the main run loop.
2024-09-09 14:11:26,961 : INFO : Machine : Shutting down...
2024-09-09 14:11:26,961 : INFO : EventManager : Event: ======'shutdown'====== Args={}
2024-09-09 14:11:26,963 : ERROR : OPP : Stop called on serial connection COM5
2024-09-09 14:11:26,968 : ERROR : OPP : Stop called on serial connection COM6
2024-09-09 14:11:26,975 : ERROR : OPP : Stop called on serial connection COM4
2024-09-09 14:11:28,009 : INFO : root : MPF run loop ended.
