2024-09-08 15:05:06,352 : INFO : root : Loading config.
2024-09-08 15:05:06,355 : INFO : YamlMultifileConfigLoader : Machine config file #1: config.yaml
2024-09-08 15:05:06,355 : INFO : ConfigProcessor : Loading config from cache: C:\Users\dorus\AppData\Local\Temp\636ce416879e362e618e72aa23ee7aae.mpf_cache
2024-09-08 15:05:06,414 : INFO : ConfigProcessor : Loading config from cache: C:\Users\dorus\AppData\Local\Temp\88f25e45fa15743a3d93de98d7c6ca4c.mpf_cache
2024-09-08 15:05:06,414 : INFO : ConfigProcessor : Loading config from cache: C:\Users\dorus\AppData\Local\Temp\d8bc63701c1a2ad1653a8cc5aec9548a.mpf_cache
2024-09-08 15:05:06,415 : INFO : Machine : Mission Pinball Framework Core Engine v0.80.0.dev4
2024-09-08 15:05:06,415 : INFO : Machine : Command line arguments: {'no_load_cache': False, 'create_config_cache': True, 'bcp': True, 'configfile': ['config.yaml'], 'force_assets_load': False, 'platform_integration_test': False, 'jsonlogging': False, 'logfile': 'logs\\2024-09-08-15-05-06-mpf-Gaming_Dorus.log', 'pause': False, 'production': False, 'text_ui': True, 'loglevel': 15, 'consoleloglevel': 20, 'force_platform': 'virtual', 'syslog_address': None, 'mc_file_name': None, 'no_sound': False, 'full_logfile_path': 'C:\\Users\\dorus\\OneDrive\\Documents\\Pinball\\PortalPinball-V4.0\\machinefolder\\logs\\2024-09-08-15-05-06-mpf-Gaming_Dorus.log'}
2024-09-08 15:05:06,415 : INFO : Machine : MPF path: C:\ProgramData\anaconda3\envs\mpfenv\Lib\site-packages\mpf
2024-09-08 15:05:06,415 : INFO : Machine : Machine path: C:\Users\dorus\OneDrive\Documents\Pinball\PortalPinball-V4.0\machinefolder
2024-09-08 15:05:06,415 : INFO : Machine : Platform: win32
2024-09-08 15:05:06,415 : INFO : Machine : Python executable location: C:\ProgramData\anaconda3\envs\mpfenv\python.exe
2024-09-08 15:05:06,415 : INFO : Machine : Python version: 3.12.4 (64-bit)
2024-09-08 15:05:06,416 : INFO : Machine : Initializing MPF...
2024-09-08 15:05:08,081 : INFO : EventManager : Event: ======'machine_var_credits_string'====== Args={'value': 'FREE PLAY', 'prev_value': None, 'change': True}
2024-09-08 15:05:08,103 : INFO : EventManager : Event: ======'machine_var_master_volume'====== Args={'value': 0.5, 'prev_value': None, 'change': True}
2024-09-08 15:05:08,103 : INFO : EventManager : Event: ======'machine_var_mpf_version'====== Args={'value': 'Mission Pinball Framework v0.80.0.dev4', 'prev_value': None, 'change': True}
2024-09-08 15:05:08,103 : INFO : EventManager : Event: ======'machine_var_mpf_extended_version'====== Args={'value': 'Mission Pinball Framework v0.80.0.dev4, Config version:6, Show version: 6, BCP version:1.1', 'prev_value': None, 'change': True}
2024-09-08 15:05:08,104 : INFO : EventManager : Event: ======'machine_var_python_version'====== Args={'value': '3.12.4', 'prev_value': None, 'change': True}
2024-09-08 15:05:08,388 : INFO : EventManager : Event: ======'machine_var_platform'====== Args={'value': 'Windows-11-10.0.22631-SP0', 'prev_value': None, 'change': True}
2024-09-08 15:05:08,389 : INFO : EventManager : Event: ======'machine_var_platform_system'====== Args={'value': 'Windows', 'prev_value': None, 'change': True}
2024-09-08 15:05:08,389 : INFO : EventManager : Event: ======'machine_var_platform_release'====== Args={'value': '11', 'prev_value': None, 'change': True}
2024-09-08 15:05:08,389 : INFO : EventManager : Event: ======'machine_var_platform_version'====== Args={'value': '10.0.22631', 'prev_value': None, 'change': True}
2024-09-08 15:05:08,389 : INFO : EventManager : Event: ======'machine_var_platform_machine'====== Args={'value': 'AMD64', 'prev_value': None, 'change': True}
2024-09-08 15:05:08,389 : INFO : EventManager : Event: ======'machine_var_log_file_path'====== Args={'value': 'C:\\Users\\dorus\\OneDrive\\Documents\\Pinball\\PortalPinball-V4.0\\machinefolder\\logs\\2024-09-08-15-05-06-mpf-Gaming_Dorus.log', 'prev_value': None, 'change': True}
2024-09-08 15:05:08,389 : INFO : EventManager : Event: ======'init_phase_1'====== Args={}
2024-09-08 15:05:08,403 : INFO : EventManager : Event: ======'drop_target_bank_db_dropbank_up'====== Args={}
2024-09-08 15:05:08,403 : INFO : EventManager : Event: ======'init_phase_2'====== Args={}
2024-09-08 15:05:08,403 : INFO : SwitchController : Found active switch: ('2-1-16', <Platform.Virtual>) <switch.s_trough1>
2024-09-08 15:05:08,403 : INFO : SwitchController : Found active switch: ('2-1-17', <Platform.Virtual>) <switch.s_trough2>
2024-09-08 15:05:08,403 : INFO : SwitchController : Found active switch: ('2-1-18', <Platform.Virtual>) <switch.s_trough3>
2024-09-08 15:05:08,403 : INFO : SwitchController : Found active switch: ('2-1-19', <Platform.Virtual>) <switch.s_trough4>
2024-09-08 15:05:08,404 : INFO : EventManager : Event: ======'bcp_connection_attempt'====== Args={'name': 'local_display', 'host': 'localhost', 'port': 5050}
2024-09-08 15:05:08,405 : INFO : BCPClientSocket : Connecting BCP to 'local_display' at localhost:5050...
2024-09-08 15:05:08,422 : INFO : BCPClientSocket : Connected BCP to 'local_display' localhost:5050
2024-09-08 15:05:08,422 : INFO : EventManager : Event: ======'bcp_clients_connected'====== Args={}
2024-09-08 15:05:09,119 : INFO : ball_device.bd_trough : BCH: Initial count: 4
2024-09-08 15:05:09,365 : INFO : ball_device.bd_trough : State: idle
2024-09-08 15:05:09,367 : INFO : ball_device.bd_plunger : BCH: Initial count: 0
2024-09-08 15:05:09,367 : INFO : ball_device.bd_plunger : State: idle
2024-09-08 15:05:09,374 : INFO : EventManager : Event: ======'init_phase_3'====== Args={}
2024-09-08 15:05:09,375 : INFO : EventManager : Event: ======'init_phase_4'====== Args={}
2024-09-08 15:05:09,375 : INFO : BallController : Initial balls found: 4
2024-09-08 15:05:09,376 : INFO : EventManager : Event: ======'machine_var_audits_events_game_ended'====== Args={'value': 0, 'prev_value': None, 'change': True}
2024-09-08 15:05:09,376 : INFO : EventManager : Event: ======'machine_var_audits_events_game_started'====== Args={'value': 2, 'prev_value': None, 'change': True}
2024-09-08 15:05:09,376 : INFO : EventManager : Event: ======'machine_var_audits_missing_switches_s_Other01'====== Args={'value': 2, 'prev_value': None, 'change': True}
2024-09-08 15:05:09,376 : INFO : EventManager : Event: ======'machine_var_audits_missing_switches_s_Other02'====== Args={'value': 2, 'prev_value': None, 'change': True}
2024-09-08 15:05:09,376 : INFO : EventManager : Event: ======'machine_var_audits_missing_switches_s_Other03'====== Args={'value': 2, 'prev_value': None, 'change': True}
2024-09-08 15:05:09,376 : INFO : EventManager : Event: ======'machine_var_audits_missing_switches_s_Other04'====== Args={'value': 2, 'prev_value': None, 'change': True}
2024-09-08 15:05:09,376 : INFO : EventManager : Event: ======'machine_var_audits_missing_switches_s_Other05'====== Args={'value': 2, 'prev_value': None, 'change': True}
2024-09-08 15:05:09,376 : INFO : EventManager : Event: ======'machine_var_audits_missing_switches_s_Other06'====== Args={'value': 2, 'prev_value': None, 'change': True}
2024-09-08 15:05:09,376 : INFO : EventManager : Event: ======'machine_var_audits_missing_switches_s_Other07'====== Args={'value': 2, 'prev_value': None, 'change': True}
2024-09-08 15:05:09,376 : INFO : EventManager : Event: ======'machine_var_audits_missing_switches_s_Other08'====== Args={'value': 2, 'prev_value': None, 'change': True}
2024-09-08 15:05:09,377 : INFO : EventManager : Event: ======'machine_var_audits_missing_switches_s_Other09'====== Args={'value': 2, 'prev_value': None, 'change': True}
2024-09-08 15:05:09,377 : INFO : EventManager : Event: ======'machine_var_audits_missing_switches_s_bottomlane1'====== Args={'value': 2, 'prev_value': None, 'change': True}
2024-09-08 15:05:09,377 : INFO : EventManager : Event: ======'machine_var_audits_missing_switches_s_bottomlane2'====== Args={'value': 2, 'prev_value': None, 'change': True}
2024-09-08 15:05:09,377 : INFO : EventManager : Event: ======'machine_var_audits_missing_switches_s_bottomlane3'====== Args={'value': 2, 'prev_value': None, 'change': True}
2024-09-08 15:05:09,377 : INFO : EventManager : Event: ======'machine_var_audits_missing_switches_s_bottomlane4'====== Args={'value': 2, 'prev_value': None, 'change': True}
2024-09-08 15:05:09,377 : INFO : EventManager : Event: ======'machine_var_audits_missing_switches_s_bottomlane5'====== Args={'value': 2, 'prev_value': None, 'change': True}
2024-09-08 15:05:09,377 : INFO : EventManager : Event: ======'machine_var_audits_missing_switches_s_drop1'====== Args={'value': 2, 'prev_value': None, 'change': True}
2024-09-08 15:05:09,377 : INFO : EventManager : Event: ======'machine_var_audits_missing_switches_s_drop2'====== Args={'value': 2, 'prev_value': None, 'change': True}
2024-09-08 15:05:09,377 : INFO : EventManager : Event: ======'machine_var_audits_missing_switches_s_drop3'====== Args={'value': 2, 'prev_value': None, 'change': True}
2024-09-08 15:05:09,377 : INFO : EventManager : Event: ======'machine_var_audits_missing_switches_s_launch'====== Args={'value': 2, 'prev_value': None, 'change': True}
2024-09-08 15:05:09,377 : INFO : EventManager : Event: ======'machine_var_audits_missing_switches_s_left_sling'====== Args={'value': 2, 'prev_value': None, 'change': True}
2024-09-08 15:05:09,377 : INFO : EventManager : Event: ======'machine_var_audits_missing_switches_s_popbumber_1'====== Args={'value': 2, 'prev_value': None, 'change': True}
2024-09-08 15:05:09,377 : INFO : EventManager : Event: ======'machine_var_audits_missing_switches_s_popbumber_2'====== Args={'value': 2, 'prev_value': None, 'change': True}
2024-09-08 15:05:09,377 : INFO : EventManager : Event: ======'machine_var_audits_missing_switches_s_popbumber_3'====== Args={'value': 2, 'prev_value': None, 'change': True}
2024-09-08 15:05:09,377 : INFO : EventManager : Event: ======'machine_var_audits_missing_switches_s_right_sling'====== Args={'value': 2, 'prev_value': None, 'change': True}
2024-09-08 15:05:09,377 : INFO : EventManager : Event: ======'machine_var_audits_missing_switches_s_toplane2'====== Args={'value': 2, 'prev_value': None, 'change': True}
2024-09-08 15:05:09,377 : INFO : EventManager : Event: ======'machine_var_audits_missing_switches_s_toplane3'====== Args={'value': 2, 'prev_value': None, 'change': True}
2024-09-08 15:05:09,377 : INFO : EventManager : Event: ======'machine_var_audits_missing_switches_s_trough1'====== Args={'value': 2, 'prev_value': None, 'change': True}
2024-09-08 15:05:09,377 : INFO : EventManager : Event: ======'machine_var_audits_missing_switches_s_trough2'====== Args={'value': 2, 'prev_value': None, 'change': True}
2024-09-08 15:05:09,377 : INFO : EventManager : Event: ======'machine_var_audits_missing_switches_s_trough3'====== Args={'value': 2, 'prev_value': None, 'change': True}
2024-09-08 15:05:09,377 : INFO : EventManager : Event: ======'machine_var_audits_missing_switches_s_trough4'====== Args={'value': 2, 'prev_value': None, 'change': True}
2024-09-08 15:05:09,377 : INFO : EventManager : Event: ======'machine_var_audits_missing_switches_s_trough5'====== Args={'value': 2, 'prev_value': None, 'change': True}
2024-09-08 15:05:09,377 : INFO : EventManager : Event: ======'machine_var_audits_missing_switches_s_trough6'====== Args={'value': 2, 'prev_value': None, 'change': True}
2024-09-08 15:05:09,377 : INFO : EventManager : Event: ======'machine_var_audits_missing_switches_s_trough_jam'====== Args={'value': 2, 'prev_value': None, 'change': True}
2024-09-08 15:05:09,377 : INFO : EventManager : Event: ======'machine_var_audits_missing_switches_s_vukmid'====== Args={'value': 2, 'prev_value': None, 'change': True}
2024-09-08 15:05:09,378 : INFO : EventManager : Event: ======'machine_var_audits_missing_switches_s_vuktop'====== Args={'value': 2, 'prev_value': None, 'change': True}
2024-09-08 15:05:09,378 : INFO : EventManager : Event: ======'machine_var_audits_player_score'====== Args={'value': {'average': 0, 'top': [], 'total': 0}, 'prev_value': None, 'change': True}
2024-09-08 15:05:09,378 : INFO : EventManager : Event: ======'machine_var_audits_switches_s_Other01'====== Args={'value': 0, 'prev_value': None, 'change': True}
2024-09-08 15:05:09,378 : INFO : EventManager : Event: ======'machine_var_audits_switches_s_Other02'====== Args={'value': 0, 'prev_value': None, 'change': True}
2024-09-08 15:05:09,378 : INFO : EventManager : Event: ======'machine_var_audits_switches_s_Other03'====== Args={'value': 0, 'prev_value': None, 'change': True}
2024-09-08 15:05:09,378 : INFO : EventManager : Event: ======'machine_var_audits_switches_s_Other04'====== Args={'value': 0, 'prev_value': None, 'change': True}
2024-09-08 15:05:09,378 : INFO : EventManager : Event: ======'machine_var_audits_switches_s_Other05'====== Args={'value': 0, 'prev_value': None, 'change': True}
2024-09-08 15:05:09,378 : INFO : EventManager : Event: ======'machine_var_audits_switches_s_Other06'====== Args={'value': 0, 'prev_value': None, 'change': True}
2024-09-08 15:05:09,378 : INFO : EventManager : Event: ======'machine_var_audits_switches_s_Other07'====== Args={'value': 0, 'prev_value': None, 'change': True}
2024-09-08 15:05:09,378 : INFO : EventManager : Event: ======'machine_var_audits_switches_s_Other08'====== Args={'value': 0, 'prev_value': None, 'change': True}
2024-09-08 15:05:09,378 : INFO : EventManager : Event: ======'machine_var_audits_switches_s_Other09'====== Args={'value': 0, 'prev_value': None, 'change': True}
2024-09-08 15:05:09,378 : INFO : EventManager : Event: ======'machine_var_audits_switches_s_bottomlane1'====== Args={'value': 0, 'prev_value': None, 'change': True}
2024-09-08 15:05:09,378 : INFO : EventManager : Event: ======'machine_var_audits_switches_s_bottomlane2'====== Args={'value': 0, 'prev_value': None, 'change': True}
2024-09-08 15:05:09,379 : INFO : EventManager : Event: ======'machine_var_audits_switches_s_bottomlane3'====== Args={'value': 0, 'prev_value': None, 'change': True}
2024-09-08 15:05:09,379 : INFO : EventManager : Event: ======'machine_var_audits_switches_s_bottomlane4'====== Args={'value': 0, 'prev_value': None, 'change': True}
2024-09-08 15:05:09,379 : INFO : EventManager : Event: ======'machine_var_audits_switches_s_bottomlane5'====== Args={'value': 0, 'prev_value': None, 'change': True}
2024-09-08 15:05:09,379 : INFO : EventManager : Event: ======'machine_var_audits_switches_s_drop1'====== Args={'value': 0, 'prev_value': None, 'change': True}
2024-09-08 15:05:09,379 : INFO : EventManager : Event: ======'machine_var_audits_switches_s_drop2'====== Args={'value': 0, 'prev_value': None, 'change': True}
2024-09-08 15:05:09,379 : INFO : EventManager : Event: ======'machine_var_audits_switches_s_drop3'====== Args={'value': 0, 'prev_value': None, 'change': True}
2024-09-08 15:05:09,379 : INFO : EventManager : Event: ======'machine_var_audits_switches_s_launch'====== Args={'value': 0, 'prev_value': None, 'change': True}
2024-09-08 15:05:09,379 : INFO : EventManager : Event: ======'machine_var_audits_switches_s_left_sling'====== Args={'value': 0, 'prev_value': None, 'change': True}
2024-09-08 15:05:09,379 : INFO : EventManager : Event: ======'machine_var_audits_switches_s_plunger_lane'====== Args={'value': 9, 'prev_value': None, 'change': True}
2024-09-08 15:05:09,379 : INFO : EventManager : Event: ======'machine_var_audits_switches_s_popbumber_1'====== Args={'value': 0, 'prev_value': None, 'change': True}
2024-09-08 15:05:09,379 : INFO : EventManager : Event: ======'machine_var_audits_switches_s_popbumber_2'====== Args={'value': 0, 'prev_value': None, 'change': True}
2024-09-08 15:05:09,379 : INFO : EventManager : Event: ======'machine_var_audits_switches_s_popbumber_3'====== Args={'value': 0, 'prev_value': None, 'change': True}
2024-09-08 15:05:09,380 : INFO : EventManager : Event: ======'machine_var_audits_switches_s_right_sling'====== Args={'value': 0, 'prev_value': None, 'change': True}
2024-09-08 15:05:09,380 : INFO : EventManager : Event: ======'machine_var_audits_switches_s_start'====== Args={'value': 7, 'prev_value': None, 'change': True}
2024-09-08 15:05:09,380 : INFO : EventManager : Event: ======'machine_var_audits_switches_s_toplane1'====== Args={'value': 18, 'prev_value': None, 'change': True}
2024-09-08 15:05:09,380 : INFO : EventManager : Event: ======'machine_var_audits_switches_s_toplane2'====== Args={'value': 0, 'prev_value': None, 'change': True}
2024-09-08 15:05:09,380 : INFO : EventManager : Event: ======'machine_var_audits_switches_s_toplane3'====== Args={'value': 0, 'prev_value': None, 'change': True}
2024-09-08 15:05:09,380 : INFO : EventManager : Event: ======'machine_var_audits_switches_s_trough1'====== Args={'value': 0, 'prev_value': None, 'change': True}
2024-09-08 15:05:09,380 : INFO : EventManager : Event: ======'machine_var_audits_switches_s_trough2'====== Args={'value': 0, 'prev_value': None, 'change': True}
2024-09-08 15:05:09,380 : INFO : EventManager : Event: ======'machine_var_audits_switches_s_trough3'====== Args={'value': 0, 'prev_value': None, 'change': True}
2024-09-08 15:05:09,380 : INFO : EventManager : Event: ======'machine_var_audits_switches_s_trough4'====== Args={'value': 0, 'prev_value': None, 'change': True}
2024-09-08 15:05:09,380 : INFO : EventManager : Event: ======'machine_var_audits_switches_s_trough5'====== Args={'value': 0, 'prev_value': None, 'change': True}
2024-09-08 15:05:09,380 : INFO : EventManager : Event: ======'machine_var_audits_switches_s_trough6'====== Args={'value': 0, 'prev_value': None, 'change': True}
2024-09-08 15:05:09,380 : INFO : EventManager : Event: ======'machine_var_audits_switches_s_trough_jam'====== Args={'value': 0, 'prev_value': None, 'change': True}
2024-09-08 15:05:09,381 : INFO : EventManager : Event: ======'machine_var_audits_switches_s_vukmid'====== Args={'value': 0, 'prev_value': None, 'change': True}
2024-09-08 15:05:09,381 : INFO : EventManager : Event: ======'machine_var_audits_switches_s_vuktop'====== Args={'value': 0, 'prev_value': None, 'change': True}
2024-09-08 15:05:09,381 : INFO : EventManager : Event: ======'init_phase_5'====== Args={}
2024-09-08 15:05:09,471 : INFO : EventManager : Event: ======'init_done'====== Args={}
2024-09-08 15:05:09,481 : INFO : EventManager : Event: ======'machine_reset_phase_1'====== Args={}
2024-09-08 15:05:09,490 : INFO : EventManager : Event: ======'machine_reset_phase_2'====== Args={}
2024-09-08 15:05:09,490 : INFO : EventManager : Event: ======'machine_reset_phase_3'====== Args={}
2024-09-08 15:05:09,490 : INFO : drop_target_bank.db_dropbank : All targets are already up. Will not reset bank.
2024-09-08 15:05:09,490 : INFO : EventManager : Event: ======'reset_complete'====== Args={}
2024-09-08 15:05:09,490 : INFO : EventManager : Event: ======'mode_attract_will_start'====== Args={}
2024-09-08 15:05:09,491 : INFO : EventManager : Event: ======'mode_attract_starting'====== Args={}
2024-09-08 15:05:09,491 : INFO : Mode.attract : Started. Priority: 10
2024-09-08 15:05:09,491 : INFO : EventManager : Event: ======'modes_active_modes_changed'====== Args={}
2024-09-08 15:05:09,491 : INFO : EventManager : Event: ======'mode_attract_started'====== Args={}
2024-09-08 15:05:09,491 : INFO : EventManager : Event: ======'collecting_balls_complete'====== Args={}
2024-09-08 15:05:09,869 : INFO : EventManager : Event: ======'slide_attract_created'====== Args={'_from_bcp': True}
2024-09-08 15:05:09,869 : INFO : EventManager : Event: ======'slide__removed'====== Args={'_from_bcp': True}
2024-09-08 15:05:09,869 : INFO : EventManager : Event: ======'slide_attract_active'====== Args={'original_context': 'attract', 'original_calling_context': 'mode_attract_started', 'priority': 10.0, 'cmd': 'slides_play', '_from_bcp': True}
2024-09-08 15:05:09,869 : INFO : Machine : Starting the main run loop.
2024-09-08 15:05:15,453 : INFO : SwitchController : <<<<<<< 's_start' active >>>>>>>
2024-09-08 15:05:15,525 : INFO : SwitchController : <<<<<<< 's_start' inactive >>>>>>>
2024-09-08 15:05:15,526 : INFO : EventManager : Event: ======'request_to_start_game'====== Args={}
2024-09-08 15:05:15,526 : INFO : EventManager : Event: ======'game_start'====== Args={'buttons': [], 'hold_time': 0.0779999999795109}
2024-09-08 15:05:15,526 : INFO : EventManager : Event: ======'mode_game_will_start'====== Args={'buttons': [], 'hold_time': 0.0779999999795109}
2024-09-08 15:05:15,527 : INFO : EventManager : Event: ======'mode_game_starting'====== Args={'buttons': [], 'hold_time': 0.0779999999795109}
2024-09-08 15:05:15,527 : INFO : EventManager : Event: ======'mode_attract_will_stop'====== Args={}
2024-09-08 15:05:15,527 : INFO : EventManager : Event: ======'mode_attract_stopping'====== Args={}
2024-09-08 15:05:15,527 : INFO : Mode.attract : Stopped.
2024-09-08 15:05:15,527 : INFO : EventManager : Event: ======'modes_active_modes_changed'====== Args={}
2024-09-08 15:05:15,527 : INFO : EventManager : Event: ======'mode_attract_stopped'====== Args={}
2024-09-08 15:05:15,529 : INFO : EventManager : Event: ======'clear'====== Args={'key': 'attract'}
2024-09-08 15:05:15,529 : INFO : Mode.game : Started. Priority: 20
2024-09-08 15:05:15,529 : INFO : EventManager : Event: ======'modes_active_modes_changed'====== Args={}
2024-09-08 15:05:15,529 : INFO : EventManager : Event: ======'mode_game_started'====== Args={'buttons': [], 'hold_time': 0.0779999999795109}
2024-09-08 15:05:15,535 : INFO : EventManager : Event: ======'game_will_start'====== Args={}
2024-09-08 15:05:15,535 : INFO : EventManager : Event: ======'game_starting'====== Args={'game': <Mode.game>}
2024-09-08 15:05:15,535 : INFO : EventManager : Unordered handler for class <Auditor> on event game_ended with priority 1. Handlers: [RegisteredHandler(callback=<bound method Auditor.disable of <Auditor>>, priority=1, kwargs={}, key=UUID('f2ad12e4-5ec5-4095-8cb8-034bead89d7a'), condition=None, blocking_facility=None), RegisteredHandler(callback=<bound method Auditor._save_audits of <Auditor>>, priority=1, kwargs={}, key=UUID('c188a007-1d99-4bb4-af61-5b45d7fe97e5'), condition=None, blocking_facility=None)]. The order of those handlers is not defined and they will be executed in random order. This might lead to race conditions and potential bugs.
2024-09-08 15:05:15,535 : INFO : EventManager : Event: ======'player_add_request'====== Args={}
2024-09-08 15:05:15,535 : INFO : EventManager : Event: ======'player_will_add'====== Args={'number': 1}
2024-09-08 15:05:15,536 : INFO : EventManager : Event: ======'player_adding'====== Args={'player': <Player 1>, 'number': 1}
2024-09-08 15:05:15,536 : INFO : EventManager : Event: ======'player_added'====== Args={'player': <Player 1>, 'num': 1}
2024-09-08 15:05:15,536 : INFO : Mode.game : Player added successfully. Total players: 1
2024-09-08 15:05:15,536 : INFO : EventManager : Event: ======'player_index'====== Args={'value': 0, 'prev_value': 0, 'change': 0, 'player_num': 1}
2024-09-08 15:05:15,536 : INFO : EventManager : Event: ======'player_number'====== Args={'value': 1, 'prev_value': 1, 'change': 0, 'player_num': 1}
2024-09-08 15:05:15,536 : INFO : EventManager : Event: ======'player_score'====== Args={'value': 0, 'prev_value': 0, 'change': 0, 'player_num': 1}
2024-09-08 15:05:15,537 : INFO : EventManager : Event: ======'game_started'====== Args={}
2024-09-08 15:05:15,544 : INFO : EventManager : Event: ======'player_turn_will_start'====== Args={'player': <Player 1>, 'number': 1}
2024-09-08 15:05:15,544 : INFO : EventManager : Event: ======'player_turn_starting'====== Args={'player': <Player 1>, 'number': 1}
2024-09-08 15:05:15,544 : INFO : EventManager : Event: ======'player_ball'====== Args={'value': 1, 'prev_value': 0, 'change': 1, 'player_num': 1}
2024-09-08 15:05:15,544 : INFO : EventManager : Event: ======'player_turn_started'====== Args={'player': <Player 1>, 'number': 1}
2024-09-08 15:05:15,545 : INFO : EventManager : Event: ======'ball_will_start'====== Args={'player': 1, 'ball': 1, 'balls_remaining': 2, 'is_extra_ball': False}
2024-09-08 15:05:15,546 : INFO : EventManager : Event: ======'ball_starting'====== Args={'player': 1, 'ball': 1, 'balls_remaining': 2, 'is_extra_ball': False}
2024-09-08 15:05:15,546 : INFO : drop_target_bank.db_dropbank : All targets are already up. Will not reset bank.
2024-09-08 15:05:15,546 : INFO : EventManager : Event: ======'balls_in_play'====== Args={'balls': 1}
2024-09-08 15:05:15,546 : INFO : EventManager : Event: ======'ball_started'====== Args={'player': 1, 'ball': 1, 'balls_remaining': 2, 'is_extra_ball': False}
2024-09-08 15:05:15,547 : INFO : EventManager : Event: ======'single_player_ball_started'====== Args={}
2024-09-08 15:05:15,547 : INFO : EventManager : Event: ======'ball_start_target'====== Args={'target': 'playfield'}
2024-09-08 15:05:15,547 : INFO : ball_device.bd_plunger : Setting up player-controlled eject. Balls: 1, Target: <playfield.playfield>, player_controlled_eject_event: s_launch_active
2024-09-08 15:05:15,547 : INFO : EventManager : Event: ======'balldevice_balls_available'====== Args={}
2024-09-08 15:05:15,547 : INFO : ball_device.bd_trough : State: waiting_for_target_ready
2024-09-08 15:05:15,547 : INFO : EventManager : Event: ======'balldevice_bd_trough_ball_eject_attempt'====== Args={'balls': 1, 'target': <ball_device.bd_plunger>, 'source': <ball_device.bd_trough>, 'mechanical_eject': True, 'num_attempts': 0}
2024-09-08 15:05:15,547 : INFO : ball_device.bd_plunger : State: waiting_for_ball
2024-09-08 15:05:15,547 : INFO : ball_device.bd_trough : State: ejecting
2024-09-08 15:05:15,547 : INFO : ball_device.bd_trough : Ejecting ball to <ball_device.bd_plunger>
2024-09-08 15:05:15,547 : INFO : EventManager : Event: ======'balldevice_bd_trough_ejecting_ball'====== Args={'balls': 1, 'target': <ball_device.bd_plunger>, 'source': <ball_device.bd_trough>, 'mechanical_eject': True, 'num_attempts': 0}
2024-09-08 15:05:15,547 : INFO : ball_device.bd_trough : Wait for ball to leave device
2024-09-08 15:05:15,548 : INFO : coil.c_trough_eject : Pulsing Driver for 25ms (1.0 pulse_power)
2024-09-08 15:05:17,111 : WARNING : SwitchController : Received duplicate switch state 1 for switch s_trough1 from the platform interface. Log Code: Log-SwitchController-1 (https://missionpinball.org/logs)
2024-09-08 15:05:17,209 : INFO : SwitchController : <<<<<<< 's_trough1' inactive >>>>>>>
2024-09-08 15:05:17,308 : INFO : ball_device.bd_trough : State: ball_left
2024-09-08 15:05:17,309 : INFO : ball_device.bd_trough : Ball left
2024-09-08 15:05:17,309 : INFO : ball_device.bd_trough : Wait for confirm with timeout 10.0
2024-09-08 15:05:19,858 : INFO : SwitchController : <<<<<<< 's_plunger_lane' active >>>>>>>
2024-09-08 15:05:19,858 : INFO : EventManager : Event: ======'machine_var_audits_switches_s_plunger_lane'====== Args={'value': 10, 'prev_value': 9, 'change': 1}
2024-09-08 15:05:19,959 : INFO : SwitchController : <<<<<<< 's_plunger_lane' inactive >>>>>>>
2024-09-08 15:05:20,775 : INFO : SwitchController : <<<<<<< 's_plunger_lane' active >>>>>>>
2024-09-08 15:05:20,775 : INFO : EventManager : Event: ======'machine_var_audits_switches_s_plunger_lane'====== Args={'value': 11, 'prev_value': 10, 'change': 1}
2024-09-08 15:05:21,288 : INFO : ball_device.bd_plunger : Received ball from <ball_device.bd_trough>
2024-09-08 15:05:21,288 : INFO : EventManager : Event: ======'balldevice_bd_plunger_ball_enter'====== Args={'new_balls': 1, 'unclaimed_balls': 0, 'new_available_balls': 0, 'device': <ball_device.bd_plunger>}
2024-09-08 15:05:21,288 : INFO : EventManager : Event: ======'balldevice_bd_plunger_ball_entered'====== Args={'new_balls': 0, 'device': <ball_device.bd_plunger>}
2024-09-08 15:05:21,288 : INFO : EventManager : Event: ======'balldevice_bd_plunger_ball_count_changed'====== Args={'balls': 1}
2024-09-08 15:05:21,288 : INFO : ball_device.bd_trough : Got eject confirm
2024-09-08 15:05:21,288 : INFO : ball_device.bd_trough : Eject successful
2024-09-08 15:05:21,288 : INFO : EventManager : Event: ======'balldevice_bd_trough_ball_eject_success'====== Args={'balls': 1, 'target': <ball_device.bd_plunger>}
2024-09-08 15:05:21,288 : INFO : ball_device.bd_plunger : State: waiting_for_target_ready
2024-09-08 15:05:21,289 : INFO : EventManager : Event: ======'balldevice_bd_plunger_ball_eject_attempt'====== Args={'balls': 1, 'target': <playfield.playfield>, 'source': <ball_device.bd_plunger>, 'mechanical_eject': True, 'num_attempts': 0}
2024-09-08 15:05:21,289 : INFO : EventManager : Event: ======'balldevice_bd_trough_ball_count_changed'====== Args={'balls': 3}
2024-09-08 15:05:21,289 : INFO : ball_device.bd_trough : State: idle
2024-09-08 15:05:21,289 : INFO : ball_device.bd_plunger : State: ejecting
2024-09-08 15:05:21,289 : INFO : ball_device.bd_plunger : Ejecting ball to <playfield.playfield>
2024-09-08 15:05:21,289 : INFO : EventManager : Event: ======'balldevice_bd_plunger_ejecting_ball'====== Args={'balls': 1, 'target': <playfield.playfield>, 'source': <ball_device.bd_plunger>, 'mechanical_eject': True, 'num_attempts': 0}
2024-09-08 15:05:21,289 : INFO : ball_device.bd_plunger : Wait for ball to leave device
2024-09-08 15:05:22,125 : INFO : SwitchController : <<<<<<< 's_plunger_lane' inactive >>>>>>>
2024-09-08 15:05:22,132 : INFO : ball_device.bd_plunger : State: ball_left
2024-09-08 15:05:22,133 : INFO : ball_device.bd_plunger : Ball left
2024-09-08 15:05:22,133 : INFO : ball_device.bd_plunger : Wait for confirm with timeout 10.0
2024-09-08 15:05:26,241 : INFO : SwitchController : <<<<<<< 's_toplane1' active >>>>>>>
2024-09-08 15:05:26,241 : INFO : EventManager : Event: ======'machine_var_audits_switches_s_toplane1'====== Args={'value': 19, 'prev_value': 18, 'change': 1}
2024-09-08 15:05:26,325 : INFO : SwitchController : <<<<<<< 's_toplane1' inactive >>>>>>>
2024-09-08 15:05:26,642 : INFO : SwitchController : <<<<<<< 's_toplane1' active >>>>>>>
2024-09-08 15:05:26,642 : INFO : EventManager : Event: ======'machine_var_audits_switches_s_toplane1'====== Args={'value': 20, 'prev_value': 19, 'change': 1}
2024-09-08 15:05:26,725 : INFO : SwitchController : <<<<<<< 's_toplane1' inactive >>>>>>>
2024-09-08 15:05:27,065 : INFO : SwitchController : <<<<<<< 's_toplane1' active >>>>>>>
2024-09-08 15:05:27,065 : INFO : EventManager : Event: ======'machine_var_audits_switches_s_toplane1'====== Args={'value': 21, 'prev_value': 20, 'change': 1}
2024-09-08 15:05:27,143 : INFO : SwitchController : <<<<<<< 's_toplane1' inactive >>>>>>>
2024-09-08 15:05:27,376 : INFO : SwitchController : <<<<<<< 's_toplane1' active >>>>>>>
2024-09-08 15:05:27,376 : INFO : EventManager : Event: ======'machine_var_audits_switches_s_toplane1'====== Args={'value': 22, 'prev_value': 21, 'change': 1}
2024-09-08 15:05:27,443 : INFO : SwitchController : <<<<<<< 's_toplane1' inactive >>>>>>>
2024-09-08 15:05:27,642 : INFO : SwitchController : <<<<<<< 's_toplane1' active >>>>>>>
2024-09-08 15:05:27,642 : INFO : EventManager : Event: ======'machine_var_audits_switches_s_toplane1'====== Args={'value': 23, 'prev_value': 22, 'change': 1}
2024-09-08 15:05:27,726 : INFO : SwitchController : <<<<<<< 's_toplane1' inactive >>>>>>>
2024-09-08 15:05:28,175 : INFO : SwitchController : <<<<<<< 's_toplane1' active >>>>>>>
2024-09-08 15:05:28,176 : INFO : EventManager : Event: ======'machine_var_audits_switches_s_toplane1'====== Args={'value': 24, 'prev_value': 23, 'change': 1}
2024-09-08 15:05:28,276 : INFO : SwitchController : <<<<<<< 's_toplane1' inactive >>>>>>>
2024-09-08 15:05:28,592 : INFO : SwitchController : <<<<<<< 's_toplane1' active >>>>>>>
2024-09-08 15:05:28,592 : INFO : EventManager : Event: ======'machine_var_audits_switches_s_toplane1'====== Args={'value': 25, 'prev_value': 24, 'change': 1}
2024-09-08 15:05:28,691 : INFO : SwitchController : <<<<<<< 's_toplane1' inactive >>>>>>>
2024-09-08 15:05:29,026 : INFO : SwitchController : <<<<<<< 's_toplane1' active >>>>>>>
2024-09-08 15:05:29,026 : INFO : EventManager : Event: ======'machine_var_audits_switches_s_toplane1'====== Args={'value': 26, 'prev_value': 25, 'change': 1}
2024-09-08 15:05:29,108 : INFO : SwitchController : <<<<<<< 's_toplane1' inactive >>>>>>>
2024-09-08 15:05:29,292 : INFO : SwitchController : <<<<<<< 's_toplane1' active >>>>>>>
2024-09-08 15:05:29,292 : INFO : EventManager : Event: ======'machine_var_audits_switches_s_toplane1'====== Args={'value': 27, 'prev_value': 26, 'change': 1}
2024-09-08 15:05:29,344 : INFO : SwitchController : <<<<<<< 's_toplane1' inactive >>>>>>>
2024-09-08 15:05:29,507 : INFO : SwitchController : <<<<<<< 's_toplane1' active >>>>>>>
2024-09-08 15:05:29,508 : INFO : EventManager : Event: ======'machine_var_audits_switches_s_toplane1'====== Args={'value': 28, 'prev_value': 27, 'change': 1}
2024-09-08 15:05:29,642 : INFO : SwitchController : <<<<<<< 's_toplane1' inactive >>>>>>>
2024-09-08 15:05:29,808 : INFO : SwitchController : <<<<<<< 's_toplane1' active >>>>>>>
2024-09-08 15:05:29,808 : INFO : EventManager : Event: ======'machine_var_audits_switches_s_toplane1'====== Args={'value': 29, 'prev_value': 28, 'change': 1}
2024-09-08 15:05:29,892 : INFO : SwitchController : <<<<<<< 's_toplane1' inactive >>>>>>>
2024-09-08 15:05:30,058 : INFO : SwitchController : <<<<<<< 's_toplane1' active >>>>>>>
2024-09-08 15:05:30,058 : INFO : EventManager : Event: ======'machine_var_audits_switches_s_toplane1'====== Args={'value': 30, 'prev_value': 29, 'change': 1}
2024-09-08 15:05:30,125 : INFO : SwitchController : <<<<<<< 's_toplane1' inactive >>>>>>>
2024-09-08 15:05:30,291 : INFO : SwitchController : <<<<<<< 's_toplane1' active >>>>>>>
2024-09-08 15:05:30,292 : INFO : EventManager : Event: ======'machine_var_audits_switches_s_toplane1'====== Args={'value': 31, 'prev_value': 30, 'change': 1}
2024-09-08 15:05:30,359 : INFO : SwitchController : <<<<<<< 's_toplane1' inactive >>>>>>>
2024-09-08 15:05:30,542 : INFO : SwitchController : <<<<<<< 's_toplane1' active >>>>>>>
2024-09-08 15:05:30,542 : INFO : EventManager : Event: ======'machine_var_audits_switches_s_toplane1'====== Args={'value': 32, 'prev_value': 31, 'change': 1}
2024-09-08 15:05:30,625 : INFO : SwitchController : <<<<<<< 's_toplane1' inactive >>>>>>>
2024-09-08 15:05:30,775 : INFO : SwitchController : <<<<<<< 's_toplane1' active >>>>>>>
2024-09-08 15:05:30,775 : INFO : EventManager : Event: ======'machine_var_audits_switches_s_toplane1'====== Args={'value': 33, 'prev_value': 32, 'change': 1}
2024-09-08 15:05:30,859 : INFO : SwitchController : <<<<<<< 's_toplane1' inactive >>>>>>>
2024-09-08 15:05:31,026 : INFO : SwitchController : <<<<<<< 's_toplane1' active >>>>>>>
2024-09-08 15:05:31,026 : INFO : EventManager : Event: ======'machine_var_audits_switches_s_toplane1'====== Args={'value': 34, 'prev_value': 33, 'change': 1}
2024-09-08 15:05:31,108 : INFO : SwitchController : <<<<<<< 's_toplane1' inactive >>>>>>>
2024-09-08 15:05:31,258 : INFO : SwitchController : <<<<<<< 's_toplane1' active >>>>>>>
2024-09-08 15:05:31,259 : INFO : EventManager : Event: ======'machine_var_audits_switches_s_toplane1'====== Args={'value': 35, 'prev_value': 34, 'change': 1}
2024-09-08 15:05:31,377 : INFO : SwitchController : <<<<<<< 's_toplane1' inactive >>>>>>>
2024-09-08 15:05:32,150 : INFO : ball_device.bd_plunger : State: failed_confirm
2024-09-08 15:05:32,150 : INFO : ball_device.bd_plunger : Got timeout (10.0s) before confirm from <playfield.playfield>
2024-09-08 15:05:32,257 : INFO : ball_device.bd_plunger : Confirming eject because target is playfield and ball did not return.
2024-09-08 15:05:32,258 : INFO : ball_device.bd_plunger : Eject successful
2024-09-08 15:05:32,258 : INFO : EventManager : Event: ======'balldevice_bd_plunger_ball_eject_success'====== Args={'balls': 1, 'target': <playfield.playfield>}
2024-09-08 15:05:32,258 : INFO : EventManager : Event: ======'balldevice_playfield_ball_enter'====== Args={'new_balls': 1, 'unclaimed_balls': 1, 'device': <playfield.playfield>}
2024-09-08 15:05:32,258 : INFO : EventManager : Event: ======'playfield_ball_count_change'====== Args={'balls': 1, 'change': 1}
2024-09-08 15:05:32,258 : INFO : EventManager : Event: ======'balldevice_bd_plunger_ball_count_changed'====== Args={'balls': 0}
2024-09-08 15:05:32,258 : INFO : ball_device.bd_plunger : State: idle
2024-09-08 15:05:32,292 : INFO : SwitchController : <<<<<<< 's_trough1' active >>>>>>>
2024-09-08 15:05:32,292 : INFO : EventManager : Event: ======'machine_var_audits_switches_s_trough1'====== Args={'value': 1, 'prev_value': 0, 'change': 1}
2024-09-08 15:05:32,392 : INFO : SwitchController : <<<<<<< 's_trough1' inactive >>>>>>>
2024-09-08 15:05:35,142 : INFO : SwitchController : <<<<<<< 's_trough1' active >>>>>>>
2024-09-08 15:05:35,142 : INFO : EventManager : Event: ======'machine_var_audits_switches_s_trough1'====== Args={'value': 2, 'prev_value': 1, 'change': 1}
2024-09-08 15:05:35,640 : INFO : EventManager : Event: ======'balldevice_bd_trough_ball_count_changed'====== Args={'balls': 4}
2024-09-08 15:05:35,640 : INFO : ball_device.bd_trough : Received unexpected ball
2024-09-08 15:05:35,640 : INFO : EventManager : Event: ======'balldevice_captured_from_playfield'====== Args={'balls': 1}
2024-09-08 15:05:35,640 : INFO : EventManager : Event: ======'sw_playfield_active'====== Args={'balls': 1}
2024-09-08 15:05:35,640 : INFO : EventManager : Event: ======'playfield_ball_count_change'====== Args={'balls': 0, 'change': -1}
2024-09-08 15:05:35,640 : INFO : EventManager : Event: ======'balldevice_bd_trough_ball_enter'====== Args={'new_balls': 1, 'unclaimed_balls': 1, 'new_available_balls': 1, 'device': <ball_device.bd_trough>}
2024-09-08 15:05:35,641 : INFO : EventManager : Event: ======'ball_drain'====== Args={'device': <ball_device.bd_trough>, 'balls': 1}
2024-09-08 15:05:35,641 : INFO : EventManager : Event: ======'ball_will_end'====== Args={}
2024-09-08 15:05:35,641 : INFO : EventManager : Event: ======'balldevice_balls_available'====== Args={}
2024-09-08 15:05:35,641 : INFO : EventManager : Event: ======'balldevice_bd_trough_ball_entered'====== Args={'new_balls': 1, 'device': <ball_device.bd_trough>}
2024-09-08 15:05:35,641 : INFO : EventManager : Event: ======'ball_ending'====== Args={}
2024-09-08 15:05:35,641 : INFO : EventManager : Event: ======'ball_ended'====== Args={}
2024-09-08 15:05:35,642 : INFO : EventManager : Event: ======'player_turn_will_end'====== Args={'player': <Player 1>, 'number': 1}
2024-09-08 15:05:35,655 : INFO : EventManager : Event: ======'player_turn_ending'====== Args={'player': <Player 1>, 'number': 1}
2024-09-08 15:05:35,655 : INFO : EventManager : Event: ======'player_turn_ended'====== Args={'player': <Player 1>, 'number': 1}
2024-09-08 15:05:35,655 : INFO : EventManager : Event: ======'player_turn_will_start'====== Args={'player': <Player 1>, 'number': 1}
2024-09-08 15:05:35,656 : INFO : EventManager : Event: ======'player_turn_starting'====== Args={'player': <Player 1>, 'number': 1}
2024-09-08 15:05:35,656 : INFO : EventManager : Event: ======'player_ball'====== Args={'value': 2, 'prev_value': 1, 'change': 1, 'player_num': 1}
2024-09-08 15:05:35,656 : INFO : EventManager : Event: ======'player_turn_started'====== Args={'player': <Player 1>, 'number': 1}
2024-09-08 15:05:35,656 : INFO : EventManager : Event: ======'ball_will_start'====== Args={'player': 1, 'ball': 2, 'balls_remaining': 1, 'is_extra_ball': False}
2024-09-08 15:05:35,657 : INFO : EventManager : Event: ======'ball_starting'====== Args={'player': 1, 'ball': 2, 'balls_remaining': 1, 'is_extra_ball': False}
2024-09-08 15:05:35,657 : INFO : drop_target_bank.db_dropbank : All targets are already up. Will not reset bank.
2024-09-08 15:05:35,657 : INFO : EventManager : Event: ======'balls_in_play'====== Args={'balls': 1}
2024-09-08 15:05:35,657 : INFO : EventManager : Event: ======'ball_started'====== Args={'player': 1, 'ball': 2, 'balls_remaining': 1, 'is_extra_ball': False}
2024-09-08 15:05:35,658 : INFO : EventManager : Event: ======'single_player_ball_started'====== Args={}
2024-09-08 15:05:35,658 : INFO : EventManager : Event: ======'ball_start_target'====== Args={'target': 'playfield'}
2024-09-08 15:05:35,658 : INFO : ball_device.bd_plunger : Setting up player-controlled eject. Balls: 1, Target: <playfield.playfield>, player_controlled_eject_event: s_launch_active
2024-09-08 15:05:35,658 : INFO : EventManager : Event: ======'balldevice_balls_available'====== Args={}
2024-09-08 15:05:35,658 : INFO : ball_device.bd_trough : State: waiting_for_target_ready
2024-09-08 15:05:35,658 : INFO : EventManager : Event: ======'balldevice_bd_trough_ball_eject_attempt'====== Args={'balls': 1, 'target': <ball_device.bd_plunger>, 'source': <ball_device.bd_trough>, 'mechanical_eject': True, 'num_attempts': 0}
2024-09-08 15:05:35,658 : INFO : ball_device.bd_plunger : State: waiting_for_ball
2024-09-08 15:05:35,658 : INFO : ball_device.bd_trough : State: ejecting
2024-09-08 15:05:35,658 : INFO : ball_device.bd_trough : Ejecting ball to <ball_device.bd_plunger>
2024-09-08 15:05:35,658 : INFO : EventManager : Event: ======'balldevice_bd_trough_ejecting_ball'====== Args={'balls': 1, 'target': <ball_device.bd_plunger>, 'source': <ball_device.bd_trough>, 'mechanical_eject': True, 'num_attempts': 0}
2024-09-08 15:05:35,658 : INFO : ball_device.bd_trough : Wait for ball to leave device
2024-09-08 15:05:35,658 : INFO : coil.c_trough_eject : Pulsing Driver for 25ms (1.0 pulse_power)
2024-09-08 15:05:38,044 : INFO : SwitchController : <<<<<<< 's_trough1' inactive >>>>>>>
2024-09-08 15:05:38,067 : INFO : ball_device.bd_trough : State: ball_left
2024-09-08 15:05:38,067 : INFO : ball_device.bd_trough : Ball left
2024-09-08 15:05:38,067 : INFO : ball_device.bd_trough : Wait for confirm with timeout 10.0
2024-09-08 15:05:42,192 : INFO : SwitchController : <<<<<<< 's_plunger_lane' active >>>>>>>
2024-09-08 15:05:42,192 : INFO : EventManager : Event: ======'machine_var_audits_switches_s_plunger_lane'====== Args={'value': 12, 'prev_value': 11, 'change': 1}
2024-09-08 15:05:42,698 : INFO : ball_device.bd_plunger : Received ball from <ball_device.bd_trough>
2024-09-08 15:05:42,698 : INFO : EventManager : Event: ======'balldevice_bd_plunger_ball_enter'====== Args={'new_balls': 1, 'unclaimed_balls': 0, 'new_available_balls': 0, 'device': <ball_device.bd_plunger>}
2024-09-08 15:05:42,699 : INFO : EventManager : Event: ======'balldevice_bd_plunger_ball_entered'====== Args={'new_balls': 0, 'device': <ball_device.bd_plunger>}
2024-09-08 15:05:42,699 : INFO : EventManager : Event: ======'balldevice_bd_plunger_ball_count_changed'====== Args={'balls': 1}
2024-09-08 15:05:42,699 : INFO : ball_device.bd_trough : Got eject confirm
2024-09-08 15:05:42,699 : INFO : ball_device.bd_trough : Eject successful
2024-09-08 15:05:42,699 : INFO : EventManager : Event: ======'balldevice_bd_trough_ball_eject_success'====== Args={'balls': 1, 'target': <ball_device.bd_plunger>}
2024-09-08 15:05:42,699 : INFO : ball_device.bd_plunger : State: waiting_for_target_ready
2024-09-08 15:05:42,699 : INFO : EventManager : Event: ======'balldevice_bd_plunger_ball_eject_attempt'====== Args={'balls': 1, 'target': <playfield.playfield>, 'source': <ball_device.bd_plunger>, 'mechanical_eject': True, 'num_attempts': 0}
2024-09-08 15:05:42,699 : INFO : EventManager : Event: ======'balldevice_bd_trough_ball_count_changed'====== Args={'balls': 3}
2024-09-08 15:05:42,699 : INFO : ball_device.bd_trough : State: idle
2024-09-08 15:05:42,699 : INFO : ball_device.bd_plunger : State: ejecting
2024-09-08 15:05:42,699 : INFO : ball_device.bd_plunger : Ejecting ball to <playfield.playfield>
2024-09-08 15:05:42,699 : INFO : EventManager : Event: ======'balldevice_bd_plunger_ejecting_ball'====== Args={'balls': 1, 'target': <playfield.playfield>, 'source': <ball_device.bd_plunger>, 'mechanical_eject': True, 'num_attempts': 0}
2024-09-08 15:05:42,699 : INFO : ball_device.bd_plunger : Wait for ball to leave device
2024-09-08 15:05:42,842 : INFO : SwitchController : <<<<<<< 's_plunger_lane' inactive >>>>>>>
2024-09-08 15:05:42,899 : INFO : ball_device.bd_plunger : State: ball_left
2024-09-08 15:05:42,899 : INFO : ball_device.bd_plunger : Ball left
2024-09-08 15:05:42,899 : INFO : ball_device.bd_plunger : Wait for confirm with timeout 10.0
2024-09-08 15:05:45,111 : INFO : SwitchController : <<<<<<< 's_toplane1' active >>>>>>>
2024-09-08 15:05:45,111 : INFO : EventManager : Event: ======'machine_var_audits_switches_s_toplane1'====== Args={'value': 36, 'prev_value': 35, 'change': 1}
2024-09-08 15:05:45,193 : INFO : SwitchController : <<<<<<< 's_toplane1' inactive >>>>>>>
2024-09-08 15:05:45,393 : INFO : SwitchController : <<<<<<< 's_toplane1' active >>>>>>>
2024-09-08 15:05:45,393 : INFO : EventManager : Event: ======'machine_var_audits_switches_s_toplane1'====== Args={'value': 37, 'prev_value': 36, 'change': 1}
2024-09-08 15:05:45,492 : INFO : SwitchController : <<<<<<< 's_toplane1' inactive >>>>>>>
2024-09-08 15:05:45,675 : INFO : SwitchController : <<<<<<< 's_toplane1' active >>>>>>>
2024-09-08 15:05:45,676 : INFO : EventManager : Event: ======'machine_var_audits_switches_s_toplane1'====== Args={'value': 38, 'prev_value': 37, 'change': 1}
2024-09-08 15:05:45,760 : INFO : SwitchController : <<<<<<< 's_toplane1' inactive >>>>>>>
2024-09-08 15:05:45,942 : INFO : SwitchController : <<<<<<< 's_toplane1' active >>>>>>>
2024-09-08 15:05:45,942 : INFO : EventManager : Event: ======'machine_var_audits_switches_s_toplane1'====== Args={'value': 39, 'prev_value': 38, 'change': 1}
2024-09-08 15:05:46,026 : INFO : SwitchController : <<<<<<< 's_toplane1' inactive >>>>>>>
2024-09-08 15:05:46,225 : INFO : SwitchController : <<<<<<< 's_toplane1' active >>>>>>>
2024-09-08 15:05:46,225 : INFO : EventManager : Event: ======'machine_var_audits_switches_s_toplane1'====== Args={'value': 40, 'prev_value': 39, 'change': 1}
2024-09-08 15:05:46,325 : INFO : SwitchController : <<<<<<< 's_toplane1' inactive >>>>>>>
2024-09-08 15:05:46,522 : INFO : SwitchController : <<<<<<< 's_toplane1' active >>>>>>>
2024-09-08 15:05:46,522 : INFO : EventManager : Event: ======'machine_var_audits_switches_s_toplane1'====== Args={'value': 41, 'prev_value': 40, 'change': 1}
2024-09-08 15:05:46,609 : INFO : SwitchController : <<<<<<< 's_toplane1' inactive >>>>>>>
2024-09-08 15:05:46,792 : INFO : SwitchController : <<<<<<< 's_toplane1' active >>>>>>>
2024-09-08 15:05:46,792 : INFO : EventManager : Event: ======'machine_var_audits_switches_s_toplane1'====== Args={'value': 42, 'prev_value': 41, 'change': 1}
2024-09-08 15:05:46,875 : INFO : SwitchController : <<<<<<< 's_toplane1' inactive >>>>>>>
2024-09-08 15:05:47,075 : INFO : SwitchController : <<<<<<< 's_toplane1' active >>>>>>>
2024-09-08 15:05:47,075 : INFO : EventManager : Event: ======'machine_var_audits_switches_s_toplane1'====== Args={'value': 43, 'prev_value': 42, 'change': 1}
2024-09-08 15:05:47,159 : INFO : SwitchController : <<<<<<< 's_toplane1' inactive >>>>>>>
2024-09-08 15:05:47,344 : INFO : SwitchController : <<<<<<< 's_toplane1' active >>>>>>>
2024-09-08 15:05:47,344 : INFO : EventManager : Event: ======'machine_var_audits_switches_s_toplane1'====== Args={'value': 44, 'prev_value': 43, 'change': 1}
2024-09-08 15:05:47,408 : INFO : SwitchController : <<<<<<< 's_toplane1' inactive >>>>>>>
2024-09-08 15:05:47,592 : INFO : SwitchController : <<<<<<< 's_toplane1' active >>>>>>>
2024-09-08 15:05:47,592 : INFO : EventManager : Event: ======'machine_var_audits_switches_s_toplane1'====== Args={'value': 45, 'prev_value': 44, 'change': 1}
2024-09-08 15:05:47,675 : INFO : SwitchController : <<<<<<< 's_toplane1' inactive >>>>>>>
2024-09-08 15:05:47,841 : INFO : SwitchController : <<<<<<< 's_toplane1' active >>>>>>>
2024-09-08 15:05:47,841 : INFO : EventManager : Event: ======'machine_var_audits_switches_s_toplane1'====== Args={'value': 46, 'prev_value': 45, 'change': 1}
2024-09-08 15:05:47,944 : INFO : SwitchController : <<<<<<< 's_toplane1' inactive >>>>>>>
2024-09-08 15:05:48,108 : INFO : SwitchController : <<<<<<< 's_toplane1' active >>>>>>>
2024-09-08 15:05:48,108 : INFO : EventManager : Event: ======'machine_var_audits_switches_s_toplane1'====== Args={'value': 47, 'prev_value': 46, 'change': 1}
2024-09-08 15:05:48,209 : INFO : SwitchController : <<<<<<< 's_toplane1' inactive >>>>>>>
2024-09-08 15:05:48,392 : INFO : SwitchController : <<<<<<< 's_toplane1' active >>>>>>>
2024-09-08 15:05:48,392 : INFO : EventManager : Event: ======'machine_var_audits_switches_s_toplane1'====== Args={'value': 48, 'prev_value': 47, 'change': 1}
2024-09-08 15:05:48,504 : INFO : SwitchController : <<<<<<< 's_toplane1' inactive >>>>>>>
2024-09-08 15:05:48,658 : INFO : SwitchController : <<<<<<< 's_toplane1' active >>>>>>>
2024-09-08 15:05:48,658 : INFO : EventManager : Event: ======'machine_var_audits_switches_s_toplane1'====== Args={'value': 49, 'prev_value': 48, 'change': 1}
2024-09-08 15:05:48,775 : INFO : SwitchController : <<<<<<< 's_toplane1' inactive >>>>>>>
2024-09-08 15:05:48,942 : INFO : SwitchController : <<<<<<< 's_toplane1' active >>>>>>>
2024-09-08 15:05:48,942 : INFO : EventManager : Event: ======'machine_var_audits_switches_s_toplane1'====== Args={'value': 50, 'prev_value': 49, 'change': 1}
2024-09-08 15:05:49,062 : INFO : SwitchController : <<<<<<< 's_toplane1' inactive >>>>>>>
2024-09-08 15:05:49,225 : INFO : SwitchController : <<<<<<< 's_toplane1' active >>>>>>>
2024-09-08 15:05:49,226 : INFO : EventManager : Event: ======'machine_var_audits_switches_s_toplane1'====== Args={'value': 51, 'prev_value': 50, 'change': 1}
2024-09-08 15:05:49,609 : INFO : SwitchController : <<<<<<< 's_toplane1' inactive >>>>>>>
2024-09-08 15:05:50,125 : INFO : SwitchController : <<<<<<< 's_toplane1' active >>>>>>>
2024-09-08 15:05:50,125 : INFO : EventManager : Event: ======'machine_var_audits_switches_s_toplane1'====== Args={'value': 52, 'prev_value': 51, 'change': 1}
2024-09-08 15:05:50,292 : INFO : SwitchController : <<<<<<< 's_toplane1' inactive >>>>>>>
2024-09-08 15:05:50,643 : INFO : SwitchController : <<<<<<< 's_plunger_lane' active >>>>>>>
2024-09-08 15:05:50,643 : INFO : EventManager : Event: ======'machine_var_audits_switches_s_plunger_lane'====== Args={'value': 13, 'prev_value': 12, 'change': 1}
2024-09-08 15:05:50,792 : INFO : SwitchController : <<<<<<< 's_plunger_lane' inactive >>>>>>>
2024-09-08 15:05:51,393 : INFO : SwitchController : <<<<<<< 's_start' active >>>>>>>
2024-09-08 15:05:51,393 : INFO : EventManager : Event: ======'sw_start'====== Args={}
2024-09-08 15:05:51,393 : INFO : EventManager : Event: ======'machine_var_audits_switches_s_start'====== Args={'value': 8, 'prev_value': 7, 'change': 1}
2024-09-08 15:05:51,520 : INFO : SwitchController : <<<<<<< 's_start' inactive >>>>>>>
2024-09-08 15:05:51,908 : INFO : SwitchController : <<<<<<< 's_trough1' active >>>>>>>
2024-09-08 15:05:51,908 : INFO : EventManager : Event: ======'machine_var_audits_switches_s_trough1'====== Args={'value': 3, 'prev_value': 2, 'change': 1}
2024-09-08 15:05:52,405 : INFO : EventManager : Event: ======'balldevice_bd_trough_ball_count_changed'====== Args={'balls': 4}
2024-09-08 15:05:52,405 : INFO : ball_device.bd_trough : Received unexpected ball
2024-09-08 15:05:52,405 : INFO : EventManager : Event: ======'balldevice_captured_from_playfield'====== Args={'balls': 1}
2024-09-08 15:05:52,405 : INFO : EventManager : Event: ======'sw_playfield_active'====== Args={'balls': 1}
2024-09-08 15:05:52,406 : INFO : EventManager : Event: ======'playfield_active'====== Args={'source': None}
2024-09-08 15:05:52,406 : INFO : EventManager : Event: ======'playfield_ball_count_change'====== Args={'balls': -1, 'change': -1}
2024-09-08 15:05:52,406 : INFO : EventManager : Event: ======'balldevice_bd_trough_ball_enter'====== Args={'new_balls': 1, 'unclaimed_balls': 1, 'new_available_balls': 1, 'device': <ball_device.bd_trough>}
2024-09-08 15:05:52,406 : INFO : EventManager : Event: ======'ball_drain'====== Args={'device': <ball_device.bd_trough>, 'balls': 1}
2024-09-08 15:05:52,407 : INFO : ball_device.bd_plunger : Got eject confirm
2024-09-08 15:05:52,407 : INFO : ball_device.bd_plunger : Eject successful
2024-09-08 15:05:52,407 : INFO : EventManager : Event: ======'balldevice_bd_plunger_ball_eject_success'====== Args={'balls': 1, 'target': <playfield.playfield>}
2024-09-08 15:05:52,407 : INFO : EventManager : Event: ======'balldevice_playfield_ball_enter'====== Args={'new_balls': 1, 'unclaimed_balls': 1, 'device': <playfield.playfield>}
2024-09-08 15:05:52,407 : INFO : EventManager : Event: ======'playfield_ball_count_change'====== Args={'balls': 0, 'change': 1}
2024-09-08 15:05:52,407 : INFO : EventManager : Event: ======'ball_will_end'====== Args={}
2024-09-08 15:05:52,407 : INFO : EventManager : Event: ======'balldevice_balls_available'====== Args={}
2024-09-08 15:05:52,407 : INFO : EventManager : Event: ======'balldevice_bd_trough_ball_entered'====== Args={'new_balls': 1, 'device': <ball_device.bd_trough>}
2024-09-08 15:05:52,407 : INFO : EventManager : Event: ======'balldevice_bd_plunger_ball_count_changed'====== Args={'balls': 0}
2024-09-08 15:05:52,407 : INFO : ball_device.bd_plunger : State: idle
2024-09-08 15:05:52,408 : INFO : EventManager : Event: ======'ball_ending'====== Args={}
2024-09-08 15:05:52,408 : INFO : EventManager : Event: ======'ball_ended'====== Args={}
2024-09-08 15:05:52,408 : INFO : EventManager : Event: ======'player_turn_will_end'====== Args={'player': <Player 1>, 'number': 1}
2024-09-08 15:05:52,411 : INFO : EventManager : Event: ======'player_turn_ending'====== Args={'player': <Player 1>, 'number': 1}
2024-09-08 15:05:52,411 : INFO : EventManager : Event: ======'player_turn_ended'====== Args={'player': <Player 1>, 'number': 1}
2024-09-08 15:05:52,411 : INFO : EventManager : Event: ======'player_turn_will_start'====== Args={'player': <Player 1>, 'number': 1}
2024-09-08 15:05:52,411 : INFO : EventManager : Event: ======'player_turn_starting'====== Args={'player': <Player 1>, 'number': 1}
2024-09-08 15:05:52,412 : INFO : EventManager : Event: ======'player_ball'====== Args={'value': 3, 'prev_value': 2, 'change': 1, 'player_num': 1}
2024-09-08 15:05:52,412 : INFO : EventManager : Event: ======'player_turn_started'====== Args={'player': <Player 1>, 'number': 1}
2024-09-08 15:05:52,412 : INFO : EventManager : Event: ======'ball_will_start'====== Args={'player': 1, 'ball': 3, 'balls_remaining': 0, 'is_extra_ball': False}
2024-09-08 15:05:52,437 : INFO : EventManager : Event: ======'ball_starting'====== Args={'player': 1, 'ball': 3, 'balls_remaining': 0, 'is_extra_ball': False}
2024-09-08 15:05:52,437 : INFO : drop_target_bank.db_dropbank : All targets are already up. Will not reset bank.
2024-09-08 15:05:52,437 : INFO : EventManager : Event: ======'balls_in_play'====== Args={'balls': 1}
2024-09-08 15:05:52,437 : INFO : EventManager : Event: ======'ball_started'====== Args={'player': 1, 'ball': 3, 'balls_remaining': 0, 'is_extra_ball': False}
2024-09-08 15:05:52,437 : INFO : EventManager : Event: ======'single_player_ball_started'====== Args={}
2024-09-08 15:05:52,437 : INFO : EventManager : Event: ======'ball_start_target'====== Args={'target': 'playfield'}
2024-09-08 15:05:52,437 : INFO : ball_device.bd_plunger : Setting up player-controlled eject. Balls: 1, Target: <playfield.playfield>, player_controlled_eject_event: s_launch_active
2024-09-08 15:05:52,437 : INFO : EventManager : Event: ======'balldevice_balls_available'====== Args={}
2024-09-08 15:05:52,439 : INFO : ball_device.bd_trough : State: waiting_for_target_ready
2024-09-08 15:05:52,439 : INFO : EventManager : Event: ======'balldevice_bd_trough_ball_eject_attempt'====== Args={'balls': 1, 'target': <ball_device.bd_plunger>, 'source': <ball_device.bd_trough>, 'mechanical_eject': True, 'num_attempts': 0}
2024-09-08 15:05:52,439 : INFO : ball_device.bd_plunger : State: waiting_for_ball
2024-09-08 15:05:52,439 : INFO : ball_device.bd_trough : State: ejecting
2024-09-08 15:05:52,439 : INFO : ball_device.bd_trough : Ejecting ball to <ball_device.bd_plunger>
2024-09-08 15:05:52,439 : INFO : EventManager : Event: ======'balldevice_bd_trough_ejecting_ball'====== Args={'balls': 1, 'target': <ball_device.bd_plunger>, 'source': <ball_device.bd_trough>, 'mechanical_eject': True, 'num_attempts': 0}
2024-09-08 15:05:52,439 : INFO : ball_device.bd_trough : Wait for ball to leave device
2024-09-08 15:05:52,439 : INFO : coil.c_trough_eject : Pulsing Driver for 25ms (1.0 pulse_power)
2024-09-08 15:05:53,875 : INFO : SwitchController : <<<<<<< 's_trough1' inactive >>>>>>>
2024-09-08 15:05:53,887 : INFO : ball_device.bd_trough : State: ball_left
2024-09-08 15:05:53,887 : INFO : ball_device.bd_trough : Ball left
2024-09-08 15:05:53,887 : INFO : ball_device.bd_trough : Wait for confirm with timeout 10.0
2024-09-08 15:05:58,791 : INFO : SwitchController : <<<<<<< 's_plunger_lane' active >>>>>>>
2024-09-08 15:05:58,791 : INFO : EventManager : Event: ======'machine_var_audits_switches_s_plunger_lane'====== Args={'value': 14, 'prev_value': 13, 'change': 1}
2024-09-08 15:05:59,308 : INFO : ball_device.bd_plunger : Received ball from <ball_device.bd_trough>
2024-09-08 15:05:59,308 : INFO : EventManager : Event: ======'balldevice_bd_plunger_ball_enter'====== Args={'new_balls': 1, 'unclaimed_balls': 0, 'new_available_balls': 0, 'device': <ball_device.bd_plunger>}
2024-09-08 15:05:59,308 : INFO : EventManager : Event: ======'balldevice_bd_plunger_ball_entered'====== Args={'new_balls': 0, 'device': <ball_device.bd_plunger>}
2024-09-08 15:05:59,308 : INFO : EventManager : Event: ======'balldevice_bd_plunger_ball_count_changed'====== Args={'balls': 1}
2024-09-08 15:05:59,308 : INFO : ball_device.bd_trough : Got eject confirm
2024-09-08 15:05:59,308 : INFO : ball_device.bd_trough : Eject successful
2024-09-08 15:05:59,308 : INFO : EventManager : Event: ======'balldevice_bd_trough_ball_eject_success'====== Args={'balls': 1, 'target': <ball_device.bd_plunger>}
2024-09-08 15:05:59,308 : INFO : ball_device.bd_plunger : State: waiting_for_target_ready
2024-09-08 15:05:59,308 : INFO : EventManager : Event: ======'balldevice_bd_plunger_ball_eject_attempt'====== Args={'balls': 1, 'target': <playfield.playfield>, 'source': <ball_device.bd_plunger>, 'mechanical_eject': True, 'num_attempts': 0}
2024-09-08 15:05:59,309 : INFO : EventManager : Event: ======'balldevice_bd_trough_ball_count_changed'====== Args={'balls': 3}
2024-09-08 15:05:59,309 : INFO : ball_device.bd_trough : State: idle
2024-09-08 15:05:59,309 : INFO : ball_device.bd_plunger : State: ejecting
2024-09-08 15:05:59,309 : INFO : ball_device.bd_plunger : Ejecting ball to <playfield.playfield>
2024-09-08 15:05:59,309 : INFO : EventManager : Event: ======'balldevice_bd_plunger_ejecting_ball'====== Args={'balls': 1, 'target': <playfield.playfield>, 'source': <ball_device.bd_plunger>, 'mechanical_eject': True, 'num_attempts': 0}
2024-09-08 15:05:59,309 : INFO : ball_device.bd_plunger : Wait for ball to leave device
2024-09-08 15:06:01,492 : INFO : SwitchController : <<<<<<< 's_plunger_lane' inactive >>>>>>>
2024-09-08 15:06:01,557 : INFO : ball_device.bd_plunger : State: ball_left
2024-09-08 15:06:01,557 : INFO : ball_device.bd_plunger : Ball left
2024-09-08 15:06:01,557 : INFO : ball_device.bd_plunger : Wait for confirm with timeout 10.0
2024-09-08 15:06:03,660 : INFO : SwitchController : <<<<<<< 's_toplane1' active >>>>>>>
2024-09-08 15:06:03,660 : INFO : EventManager : Event: ======'machine_var_audits_switches_s_toplane1'====== Args={'value': 53, 'prev_value': 52, 'change': 1}
2024-09-08 15:06:03,825 : INFO : SwitchController : <<<<<<< 's_toplane1' inactive >>>>>>>
2024-09-08 15:06:04,042 : INFO : SwitchController : <<<<<<< 's_toplane1' active >>>>>>>
2024-09-08 15:06:04,042 : INFO : EventManager : Event: ======'machine_var_audits_switches_s_toplane1'====== Args={'value': 54, 'prev_value': 53, 'change': 1}
2024-09-08 15:06:04,192 : INFO : SwitchController : <<<<<<< 's_toplane1' inactive >>>>>>>
2024-09-08 15:06:04,362 : INFO : SwitchController : <<<<<<< 's_toplane1' active >>>>>>>
2024-09-08 15:06:04,362 : INFO : EventManager : Event: ======'machine_var_audits_switches_s_toplane1'====== Args={'value': 55, 'prev_value': 54, 'change': 1}
2024-09-08 15:06:04,502 : INFO : SwitchController : <<<<<<< 's_toplane1' inactive >>>>>>>
2024-09-08 15:06:04,641 : INFO : SwitchController : <<<<<<< 's_toplane1' active >>>>>>>
2024-09-08 15:06:04,641 : INFO : EventManager : Event: ======'machine_var_audits_switches_s_toplane1'====== Args={'value': 56, 'prev_value': 55, 'change': 1}
2024-09-08 15:06:04,742 : INFO : SwitchController : <<<<<<< 's_toplane1' inactive >>>>>>>
2024-09-08 15:06:04,926 : INFO : SwitchController : <<<<<<< 's_toplane1' active >>>>>>>
2024-09-08 15:06:04,926 : INFO : EventManager : Event: ======'machine_var_audits_switches_s_toplane1'====== Args={'value': 57, 'prev_value': 56, 'change': 1}
2024-09-08 15:06:05,042 : INFO : SwitchController : <<<<<<< 's_toplane1' inactive >>>>>>>
2024-09-08 15:06:05,208 : INFO : SwitchController : <<<<<<< 's_toplane1' active >>>>>>>
2024-09-08 15:06:05,208 : INFO : EventManager : Event: ======'machine_var_audits_switches_s_toplane1'====== Args={'value': 58, 'prev_value': 57, 'change': 1}
2024-09-08 15:06:05,311 : INFO : SwitchController : <<<<<<< 's_toplane1' inactive >>>>>>>
2024-09-08 15:06:05,473 : INFO : SwitchController : <<<<<<< 's_toplane1' active >>>>>>>
2024-09-08 15:06:05,474 : INFO : EventManager : Event: ======'machine_var_audits_switches_s_toplane1'====== Args={'value': 59, 'prev_value': 58, 'change': 1}
2024-09-08 15:06:05,576 : INFO : SwitchController : <<<<<<< 's_toplane1' inactive >>>>>>>
2024-09-08 15:06:05,709 : INFO : SwitchController : <<<<<<< 's_toplane1' active >>>>>>>
2024-09-08 15:06:05,710 : INFO : EventManager : Event: ======'machine_var_audits_switches_s_toplane1'====== Args={'value': 60, 'prev_value': 59, 'change': 1}
2024-09-08 15:06:05,794 : INFO : SwitchController : <<<<<<< 's_toplane1' inactive >>>>>>>
2024-09-08 15:06:05,926 : INFO : SwitchController : <<<<<<< 's_toplane1' active >>>>>>>
2024-09-08 15:06:05,926 : INFO : EventManager : Event: ======'machine_var_audits_switches_s_toplane1'====== Args={'value': 61, 'prev_value': 60, 'change': 1}
2024-09-08 15:06:06,026 : INFO : SwitchController : <<<<<<< 's_toplane1' inactive >>>>>>>
2024-09-08 15:06:06,142 : INFO : SwitchController : <<<<<<< 's_toplane1' active >>>>>>>
2024-09-08 15:06:06,142 : INFO : EventManager : Event: ======'machine_var_audits_switches_s_toplane1'====== Args={'value': 62, 'prev_value': 61, 'change': 1}
2024-09-08 15:06:06,310 : INFO : SwitchController : <<<<<<< 's_toplane1' inactive >>>>>>>
2024-09-08 15:06:06,409 : INFO : SwitchController : <<<<<<< 's_toplane1' active >>>>>>>
2024-09-08 15:06:06,409 : INFO : EventManager : Event: ======'machine_var_audits_switches_s_toplane1'====== Args={'value': 63, 'prev_value': 62, 'change': 1}
2024-09-08 15:06:06,523 : INFO : SwitchController : <<<<<<< 's_toplane1' inactive >>>>>>>
2024-09-08 15:06:07,125 : INFO : SwitchController : <<<<<<< 's_trough1' active >>>>>>>
2024-09-08 15:06:07,125 : INFO : EventManager : Event: ======'machine_var_audits_switches_s_trough1'====== Args={'value': 4, 'prev_value': 3, 'change': 1}
2024-09-08 15:06:07,635 : INFO : EventManager : Event: ======'balldevice_bd_trough_ball_count_changed'====== Args={'balls': 4}
2024-09-08 15:06:07,635 : INFO : ball_device.bd_trough : Received unexpected ball
2024-09-08 15:06:07,635 : INFO : EventManager : Event: ======'balldevice_captured_from_playfield'====== Args={'balls': 1}
2024-09-08 15:06:07,635 : INFO : EventManager : Event: ======'sw_playfield_active'====== Args={'balls': 1}
2024-09-08 15:06:07,635 : INFO : EventManager : Event: ======'playfield_active'====== Args={'source': None}
2024-09-08 15:06:07,635 : INFO : EventManager : Event: ======'playfield_ball_count_change'====== Args={'balls': -1, 'change': -1}
2024-09-08 15:06:07,635 : INFO : EventManager : Event: ======'balldevice_bd_trough_ball_enter'====== Args={'new_balls': 1, 'unclaimed_balls': 1, 'new_available_balls': 1, 'device': <ball_device.bd_trough>}
2024-09-08 15:06:07,635 : INFO : EventManager : Event: ======'ball_drain'====== Args={'device': <ball_device.bd_trough>, 'balls': 1}
2024-09-08 15:06:07,636 : INFO : ball_device.bd_plunger : Got eject confirm
2024-09-08 15:06:07,636 : INFO : ball_device.bd_plunger : Eject successful
2024-09-08 15:06:07,636 : INFO : EventManager : Event: ======'balldevice_bd_plunger_ball_eject_success'====== Args={'balls': 1, 'target': <playfield.playfield>}
2024-09-08 15:06:07,636 : INFO : EventManager : Event: ======'balldevice_playfield_ball_enter'====== Args={'new_balls': 1, 'unclaimed_balls': 1, 'device': <playfield.playfield>}
2024-09-08 15:06:07,636 : INFO : EventManager : Event: ======'playfield_ball_count_change'====== Args={'balls': 0, 'change': 1}
2024-09-08 15:06:07,636 : INFO : EventManager : Event: ======'ball_will_end'====== Args={}
2024-09-08 15:06:07,636 : INFO : EventManager : Event: ======'balldevice_balls_available'====== Args={}
2024-09-08 15:06:07,636 : INFO : EventManager : Event: ======'balldevice_bd_trough_ball_entered'====== Args={'new_balls': 1, 'device': <ball_device.bd_trough>}
2024-09-08 15:06:07,636 : INFO : EventManager : Event: ======'balldevice_bd_plunger_ball_count_changed'====== Args={'balls': 0}
2024-09-08 15:06:07,636 : INFO : ball_device.bd_plunger : State: idle
2024-09-08 15:06:07,636 : INFO : EventManager : Event: ======'ball_ending'====== Args={}
2024-09-08 15:06:07,636 : INFO : EventManager : Event: ======'ball_ended'====== Args={}
2024-09-08 15:06:07,636 : INFO : EventManager : Event: ======'player_turn_will_end'====== Args={'player': <Player 1>, 'number': 1}
2024-09-08 15:06:07,638 : INFO : EventManager : Event: ======'player_turn_ending'====== Args={'player': <Player 1>, 'number': 1}
2024-09-08 15:06:07,638 : INFO : EventManager : Event: ======'player_turn_ended'====== Args={'player': <Player 1>, 'number': 1}
2024-09-08 15:06:07,639 : INFO : EventManager : Event: ======'game_will_end'====== Args={}
2024-09-08 15:06:07,639 : INFO : EventManager : Event: ======'game_ending'====== Args={}
2024-09-08 15:06:07,639 : INFO : EventManager : Event: ======'machine_var_player1_score'====== Args={'value': 0, 'prev_value': None, 'change': True}
2024-09-08 15:06:07,639 : INFO : EventManager : Event: ======'game_ended'====== Args={}
2024-09-08 15:06:07,639 : INFO : EventManager : Event: ======'mode_game_will_stop'====== Args={}
2024-09-08 15:06:07,639 : INFO : EventManager : Event: ======'mode_game_stopping'====== Args={}
2024-09-08 15:06:07,639 : INFO : EventManager : Event: ======'mode_attract_will_start'====== Args={}
2024-09-08 15:06:07,640 : INFO : EventManager : Event: ======'mode_attract_starting'====== Args={}
2024-09-08 15:06:07,640 : INFO : Mode.attract : Started. Priority: 10
2024-09-08 15:06:07,640 : INFO : EventManager : Event: ======'modes_active_modes_changed'====== Args={}
2024-09-08 15:06:07,640 : INFO : EventManager : Event: ======'mode_attract_started'====== Args={}
2024-09-08 15:06:07,640 : INFO : EventManager : Event: ======'collecting_balls_complete'====== Args={}
2024-09-08 15:06:07,859 : INFO : Mode.game : Stopped.
2024-09-08 15:06:07,859 : INFO : EventManager : Event: ======'modes_active_modes_changed'====== Args={}
2024-09-08 15:06:07,859 : INFO : EventManager : Event: ======'mode_game_stopped'====== Args={}
2024-09-08 15:06:07,859 : INFO : EventManager : Event: ======'clear'====== Args={'key': 'game'}
2024-09-08 15:06:08,120 : INFO : EventManager : Event: ======'slide_attract_created'====== Args={'_from_bcp': True}
2024-09-08 15:06:08,120 : INFO : EventManager : Event: ======'slide_attract_inactive'====== Args={'is_removing': True, '_from_bcp': True}
2024-09-08 15:06:08,121 : INFO : EventManager : Event: ======'slide_attract_active'====== Args={'original_context': 'attract', 'original_calling_context': 'mode_attract_started', 'priority': 10.0, 'cmd': 'slides_play', '_from_bcp': True}
2024-09-08 15:06:08,121 : INFO : EventManager : Event: ======'slide_attract_removed'====== Args={'_from_bcp': True}
2024-09-08 15:06:10,975 : INFO : SwitchController : <<<<<<< 's_trough1' inactive >>>>>>>
2024-09-08 15:06:12,346 : INFO : SwitchController : <<<<<<< 's_trough1' active >>>>>>>
2024-09-08 15:06:13,613 : INFO : SwitchController : <<<<<<< 's_trough1' inactive >>>>>>>
2024-09-08 15:06:13,775 : INFO : SwitchController : <<<<<<< 's_trough1' active >>>>>>>
2024-09-08 15:06:13,875 : INFO : SwitchController : <<<<<<< 's_trough1' inactive >>>>>>>
2024-09-08 15:06:16,987 : INFO : Machine : Shutting down...
2024-09-08 15:06:16,987 : INFO : EventManager : Event: ======'shutdown'====== Args={}
2024-09-08 15:06:16,991 : INFO : root : MPF run loop ended.
