2024-09-07 18:52:26,708 : INFO : root : Loading config.
2024-09-07 18:52:26,710 : INFO : YamlMultifileConfigLoader : Machine config file #1: config.yaml
2024-09-07 18:52:26,711 : INFO : ConfigProcessor : Loading config from cache: C:\Users\dorus\AppData\Local\Temp\636ce416879e362e618e72aa23ee7aae.mpf_cache
2024-09-07 18:52:26,765 : INFO : ConfigProcessor : Loading config from cache: C:\Users\dorus\AppData\Local\Temp\bb22be71dc4df7511e561cdf1fc10b40.mpf_cache
2024-09-07 18:52:26,765 : INFO : ConfigProcessor : Loading config from cache: C:\Users\dorus\AppData\Local\Temp\d8bc63701c1a2ad1653a8cc5aec9548a.mpf_cache
2024-09-07 18:52:26,767 : INFO : Machine : Mission Pinball Framework Core Engine v0.80.0.dev4
2024-09-07 18:52:26,767 : INFO : Machine : Command line arguments: {'no_load_cache': False, 'create_config_cache': True, 'bcp': False, 'configfile': ['config.yaml'], 'force_assets_load': False, 'platform_integration_test': False, 'jsonlogging': False, 'logfile': 'logs\\2024-09-07-18-52-26-mpf-Gaming_Dorus.log', 'pause': False, 'production': False, 'text_ui': True, 'loglevel': 15, 'consoleloglevel': 20, 'force_platform': 'virtual', 'syslog_address': None, 'mc_file_name': None, 'no_sound': False, 'full_logfile_path': 'C:\\Users\\dorus\\OneDrive\\Documents\\Pinball\\PortalPinball-V4.0\\machinefolder\\logs\\2024-09-07-18-52-26-mpf-Gaming_Dorus.log'}
2024-09-07 18:52:26,767 : INFO : Machine : MPF path: C:\ProgramData\anaconda3\envs\mpfenv\Lib\site-packages\mpf
2024-09-07 18:52:26,767 : INFO : Machine : Machine path: C:\Users\dorus\OneDrive\Documents\Pinball\PortalPinball-V4.0\machinefolder
2024-09-07 18:52:26,767 : INFO : Machine : Platform: win32
2024-09-07 18:52:26,767 : INFO : Machine : Python executable location: C:\ProgramData\anaconda3\envs\mpfenv\python.exe
2024-09-07 18:52:26,767 : INFO : Machine : Python version: 3.12.4 (64-bit)
2024-09-07 18:52:26,768 : INFO : Machine : Initializing MPF...
2024-09-07 18:52:26,920 : INFO : EventManager : Event: ======'machine_var_credits_string'====== Args={'value': 'FREE PLAY', 'prev_value': None, 'change': True}
2024-09-07 18:52:26,934 : INFO : EventManager : Event: ======'machine_var_master_volume'====== Args={'value': 0.5, 'prev_value': None, 'change': True}
2024-09-07 18:52:26,934 : INFO : EventManager : Event: ======'machine_var_mpf_version'====== Args={'value': 'Mission Pinball Framework v0.80.0.dev4', 'prev_value': None, 'change': True}
2024-09-07 18:52:26,934 : INFO : EventManager : Event: ======'machine_var_mpf_extended_version'====== Args={'value': 'Mission Pinball Framework v0.80.0.dev4, Config version:6, Show version: 6, BCP version:1.1', 'prev_value': None, 'change': True}
2024-09-07 18:52:26,936 : INFO : EventManager : Event: ======'machine_var_python_version'====== Args={'value': '3.12.4', 'prev_value': None, 'change': True}
2024-09-07 18:52:27,014 : INFO : EventManager : Event: ======'machine_var_platform'====== Args={'value': 'Windows-11-10.0.22631-SP0', 'prev_value': None, 'change': True}
2024-09-07 18:52:27,014 : INFO : EventManager : Event: ======'machine_var_platform_system'====== Args={'value': 'Windows', 'prev_value': None, 'change': True}
2024-09-07 18:52:27,014 : INFO : EventManager : Event: ======'machine_var_platform_release'====== Args={'value': '11', 'prev_value': None, 'change': True}
2024-09-07 18:52:27,014 : INFO : EventManager : Event: ======'machine_var_platform_version'====== Args={'value': '10.0.22631', 'prev_value': None, 'change': True}
2024-09-07 18:52:27,014 : INFO : EventManager : Event: ======'machine_var_platform_machine'====== Args={'value': 'AMD64', 'prev_value': None, 'change': True}
2024-09-07 18:52:27,014 : INFO : EventManager : Event: ======'machine_var_log_file_path'====== Args={'value': 'C:\\Users\\dorus\\OneDrive\\Documents\\Pinball\\PortalPinball-V4.0\\machinefolder\\logs\\2024-09-07-18-52-26-mpf-Gaming_Dorus.log', 'prev_value': None, 'change': True}
2024-09-07 18:52:27,014 : INFO : EventManager : Event: ======'init_phase_1'====== Args={}
2024-09-07 18:52:27,021 : INFO : EventManager : Event: ======'init_phase_2'====== Args={}
2024-09-07 18:52:27,026 : INFO : EventManager : Event: ======'init_phase_3'====== Args={}
2024-09-07 18:52:27,027 : INFO : EventManager : Event: ======'init_phase_4'====== Args={}
2024-09-07 18:52:27,027 : INFO : EventManager : Event: ======'machine_var_audits_events_game_started'====== Args={'value': 0, 'prev_value': None, 'change': True}
2024-09-07 18:52:27,027 : INFO : EventManager : Event: ======'machine_var_audits_events_game_ended'====== Args={'value': 0, 'prev_value': None, 'change': True}
2024-09-07 18:52:27,027 : INFO : EventManager : Event: ======'machine_var_audits_player_score'====== Args={'value': {'top': [], 'average': 0, 'total': 0}, 'prev_value': None, 'change': True}
2024-09-07 18:52:27,028 : INFO : EventManager : Event: ======'init_phase_5'====== Args={}
2024-09-07 18:52:27,040 : INFO : EventManager : Event: ======'init_done'====== Args={}
2024-09-07 18:52:27,040 : INFO : EventManager : Event: ======'machine_reset_phase_1'====== Args={}
2024-09-07 18:52:27,040 : INFO : EventManager : Event: ======'machine_reset_phase_2'====== Args={}
2024-09-07 18:52:27,041 : INFO : EventManager : Event: ======'machine_reset_phase_3'====== Args={}
2024-09-07 18:52:27,041 : INFO : EventManager : Event: ======'reset_complete'====== Args={}
2024-09-07 18:52:27,041 : INFO : EventManager : Event: ======'mode_attract_will_start'====== Args={}
2024-09-07 18:52:27,041 : INFO : EventManager : Event: ======'mode_attract_starting'====== Args={}
2024-09-07 18:52:27,041 : INFO : Mode.attract : Started. Priority: 10
2024-09-07 18:52:27,041 : INFO : EventManager : Event: ======'modes_active_modes_changed'====== Args={}
2024-09-07 18:52:27,041 : INFO : EventManager : Event: ======'mode_attract_started'====== Args={}
2024-09-07 18:52:27,041 : INFO : EventManager : Event: ======'collecting_balls_complete'====== Args={}
2024-09-07 18:52:27,057 : INFO : Machine : Starting the main run loop.
2024-09-07 18:52:29,711 : INFO : Machine : Shutting down...
2024-09-07 18:52:29,711 : INFO : EventManager : Event: ======'shutdown'====== Args={}
2024-09-07 18:52:29,714 : INFO : root : MPF run loop ended.
