2024-09-08 16:23:00,625 : INFO : root : Loading config.
2024-09-08 16:23:00,627 : INFO : YamlMultifileConfigLoader : Machine config file #1: config.yaml
2024-09-08 16:23:00,627 : INFO : ConfigProcessor : Loading config from cache: C:\Users\dorus\AppData\Local\Temp\636ce416879e362e618e72aa23ee7aae.mpf_cache
2024-09-08 16:23:00,686 : INFO : ConfigProcessor : Loading config from cache: C:\Users\dorus\AppData\Local\Temp\88f25e45fa15743a3d93de98d7c6ca4c.mpf_cache
2024-09-08 16:23:00,687 : INFO : ConfigProcessor : Loading config from cache: C:\Users\dorus\AppData\Local\Temp\d8bc63701c1a2ad1653a8cc5aec9548a.mpf_cache
2024-09-08 16:23:00,687 : INFO : Machine : Mission Pinball Framework Core Engine v0.80.0.dev4
2024-09-08 16:23:00,687 : INFO : Machine : Command line arguments: {'no_load_cache': False, 'create_config_cache': True, 'bcp': True, 'configfile': ['config.yaml'], 'force_assets_load': False, 'platform_integration_test': False, 'jsonlogging': False, 'logfile': 'logs\\2024-09-08-16-23-00-mpf-Gaming_Dorus.log', 'pause': False, 'production': False, 'text_ui': True, 'loglevel': 15, 'consoleloglevel': 20, 'force_platform': 'virtual', 'syslog_address': None, 'mc_file_name': None, 'no_sound': False, 'full_logfile_path': 'C:\\Users\\dorus\\OneDrive\\Documents\\Pinball\\PortalPinball-V4.0\\machinefolder\\logs\\2024-09-08-16-23-00-mpf-Gaming_Dorus.log'}
2024-09-08 16:23:00,687 : INFO : Machine : MPF path: C:\ProgramData\anaconda3\envs\mpfenv\Lib\site-packages\mpf
2024-09-08 16:23:00,687 : INFO : Machine : Machine path: C:\Users\dorus\OneDrive\Documents\Pinball\PortalPinball-V4.0\machinefolder
2024-09-08 16:23:00,687 : INFO : Machine : Platform: win32
2024-09-08 16:23:00,687 : INFO : Machine : Python executable location: C:\ProgramData\anaconda3\envs\mpfenv\python.exe
2024-09-08 16:23:00,687 : INFO : Machine : Python version: 3.12.4 (64-bit)
2024-09-08 16:23:00,688 : INFO : Machine : Initializing MPF...
2024-09-08 16:23:01,121 : INFO : EventManager : Event: ======'machine_var_credits_string'====== Args={'value': 'FREE PLAY', 'prev_value': None, 'change': True}
2024-09-08 16:23:01,134 : INFO : EventManager : Event: ======'machine_var_master_volume'====== Args={'value': 0.5, 'prev_value': None, 'change': True}
2024-09-08 16:23:01,134 : INFO : EventManager : Event: ======'machine_var_player1_score'====== Args={'value': 0, 'prev_value': None, 'change': True}
2024-09-08 16:23:01,136 : INFO : EventManager : Event: ======'machine_var_mpf_version'====== Args={'value': 'Mission Pinball Framework v0.80.0.dev4', 'prev_value': None, 'change': True}
2024-09-08 16:23:01,136 : INFO : EventManager : Event: ======'machine_var_mpf_extended_version'====== Args={'value': 'Mission Pinball Framework v0.80.0.dev4, Config version:6, Show version: 6, BCP version:1.1', 'prev_value': None, 'change': True}
2024-09-08 16:23:01,136 : INFO : EventManager : Event: ======'machine_var_python_version'====== Args={'value': '3.12.4', 'prev_value': None, 'change': True}
2024-09-08 16:23:01,246 : INFO : EventManager : Event: ======'machine_var_platform'====== Args={'value': 'Windows-11-10.0.22631-SP0', 'prev_value': None, 'change': True}
2024-09-08 16:23:01,246 : INFO : EventManager : Event: ======'machine_var_platform_system'====== Args={'value': 'Windows', 'prev_value': None, 'change': True}
2024-09-08 16:23:01,246 : INFO : EventManager : Event: ======'machine_var_platform_release'====== Args={'value': '11', 'prev_value': None, 'change': True}
2024-09-08 16:23:01,246 : INFO : EventManager : Event: ======'machine_var_platform_version'====== Args={'value': '10.0.22631', 'prev_value': None, 'change': True}
2024-09-08 16:23:01,246 : INFO : EventManager : Event: ======'machine_var_platform_machine'====== Args={'value': 'AMD64', 'prev_value': None, 'change': True}
2024-09-08 16:23:01,246 : INFO : EventManager : Event: ======'machine_var_log_file_path'====== Args={'value': 'C:\\Users\\dorus\\OneDrive\\Documents\\Pinball\\PortalPinball-V4.0\\machinefolder\\logs\\2024-09-08-16-23-00-mpf-Gaming_Dorus.log', 'prev_value': None, 'change': True}
2024-09-08 16:23:01,246 : INFO : EventManager : Event: ======'init_phase_1'====== Args={}
2024-09-08 16:23:01,259 : INFO : EventManager : Event: ======'drop_target_bank_db_dropbank_up'====== Args={}
2024-09-08 16:23:01,259 : INFO : EventManager : Event: ======'init_phase_2'====== Args={}
2024-09-08 16:23:01,260 : INFO : SwitchController : Found active switch: ('2-1-16', <Platform.Virtual>) <switch.s_trough1>
2024-09-08 16:23:01,260 : INFO : SwitchController : Found active switch: ('2-1-17', <Platform.Virtual>) <switch.s_trough2>
2024-09-08 16:23:01,260 : INFO : SwitchController : Found active switch: ('2-1-18', <Platform.Virtual>) <switch.s_trough3>
2024-09-08 16:23:01,260 : INFO : SwitchController : Found active switch: ('2-1-19', <Platform.Virtual>) <switch.s_trough4>
2024-09-08 16:23:01,261 : INFO : EventManager : Event: ======'bcp_connection_attempt'====== Args={'name': 'local_display', 'host': 'localhost', 'port': 5050}
2024-09-08 16:23:01,262 : INFO : BCPClientSocket : Connecting BCP to 'local_display' at localhost:5050...
2024-09-08 16:23:01,276 : INFO : BCPClientSocket : Connected BCP to 'local_display' localhost:5050
2024-09-08 16:23:01,277 : INFO : EventManager : Event: ======'bcp_clients_connected'====== Args={}
2024-09-08 16:23:01,519 : INFO : ball_device.bd_trough : BCH: Initial count: 4
2024-09-08 16:23:01,519 : INFO : ball_device.bd_trough : State: idle
2024-09-08 16:23:01,520 : INFO : ball_device.bd_plunger : BCH: Initial count: 0
2024-09-08 16:23:01,520 : INFO : ball_device.bd_plunger : State: idle
2024-09-08 16:23:01,526 : INFO : EventManager : Event: ======'init_phase_3'====== Args={}
2024-09-08 16:23:01,527 : INFO : EventManager : Event: ======'init_phase_4'====== Args={}
2024-09-08 16:23:01,527 : INFO : BallController : Initial balls found: 4
2024-09-08 16:23:01,528 : INFO : EventManager : Event: ======'machine_var_audits_events_game_ended'====== Args={'value': 1, 'prev_value': None, 'change': True}
2024-09-08 16:23:01,528 : INFO : EventManager : Event: ======'machine_var_audits_events_game_started'====== Args={'value': 5, 'prev_value': None, 'change': True}
2024-09-08 16:23:01,528 : INFO : EventManager : Event: ======'machine_var_audits_missing_switches_s_Other01'====== Args={'value': 5, 'prev_value': None, 'change': True}
2024-09-08 16:23:01,528 : INFO : EventManager : Event: ======'machine_var_audits_missing_switches_s_Other02'====== Args={'value': 5, 'prev_value': None, 'change': True}
2024-09-08 16:23:01,528 : INFO : EventManager : Event: ======'machine_var_audits_missing_switches_s_Other03'====== Args={'value': 5, 'prev_value': None, 'change': True}
2024-09-08 16:23:01,528 : INFO : EventManager : Event: ======'machine_var_audits_missing_switches_s_Other04'====== Args={'value': 5, 'prev_value': None, 'change': True}
2024-09-08 16:23:01,528 : INFO : EventManager : Event: ======'machine_var_audits_missing_switches_s_Other05'====== Args={'value': 5, 'prev_value': None, 'change': True}
2024-09-08 16:23:01,529 : INFO : EventManager : Event: ======'machine_var_audits_missing_switches_s_Other06'====== Args={'value': 5, 'prev_value': None, 'change': True}
2024-09-08 16:23:01,529 : INFO : EventManager : Event: ======'machine_var_audits_missing_switches_s_Other07'====== Args={'value': 5, 'prev_value': None, 'change': True}
2024-09-08 16:23:01,529 : INFO : EventManager : Event: ======'machine_var_audits_missing_switches_s_Other08'====== Args={'value': 5, 'prev_value': None, 'change': True}
2024-09-08 16:23:01,529 : INFO : EventManager : Event: ======'machine_var_audits_missing_switches_s_Other09'====== Args={'value': 5, 'prev_value': None, 'change': True}
2024-09-08 16:23:01,529 : INFO : EventManager : Event: ======'machine_var_audits_missing_switches_s_bottomlane1'====== Args={'value': 5, 'prev_value': None, 'change': True}
2024-09-08 16:23:01,529 : INFO : EventManager : Event: ======'machine_var_audits_missing_switches_s_bottomlane2'====== Args={'value': 5, 'prev_value': None, 'change': True}
2024-09-08 16:23:01,529 : INFO : EventManager : Event: ======'machine_var_audits_missing_switches_s_bottomlane3'====== Args={'value': 5, 'prev_value': None, 'change': True}
2024-09-08 16:23:01,529 : INFO : EventManager : Event: ======'machine_var_audits_missing_switches_s_bottomlane4'====== Args={'value': 5, 'prev_value': None, 'change': True}
2024-09-08 16:23:01,529 : INFO : EventManager : Event: ======'machine_var_audits_missing_switches_s_bottomlane5'====== Args={'value': 5, 'prev_value': None, 'change': True}
2024-09-08 16:23:01,529 : INFO : EventManager : Event: ======'machine_var_audits_missing_switches_s_drop1'====== Args={'value': 5, 'prev_value': None, 'change': True}
2024-09-08 16:23:01,529 : INFO : EventManager : Event: ======'machine_var_audits_missing_switches_s_drop2'====== Args={'value': 5, 'prev_value': None, 'change': True}
2024-09-08 16:23:01,530 : INFO : EventManager : Event: ======'machine_var_audits_missing_switches_s_drop3'====== Args={'value': 5, 'prev_value': None, 'change': True}
2024-09-08 16:23:01,530 : INFO : EventManager : Event: ======'machine_var_audits_missing_switches_s_launch'====== Args={'value': 5, 'prev_value': None, 'change': True}
2024-09-08 16:23:01,530 : INFO : EventManager : Event: ======'machine_var_audits_missing_switches_s_left_sling'====== Args={'value': 5, 'prev_value': None, 'change': True}
2024-09-08 16:23:01,530 : INFO : EventManager : Event: ======'machine_var_audits_missing_switches_s_plunger_lane'====== Args={'value': 1, 'prev_value': None, 'change': True}
2024-09-08 16:23:01,530 : INFO : EventManager : Event: ======'machine_var_audits_missing_switches_s_popbumber_1'====== Args={'value': 5, 'prev_value': None, 'change': True}
2024-09-08 16:23:01,530 : INFO : EventManager : Event: ======'machine_var_audits_missing_switches_s_popbumber_2'====== Args={'value': 5, 'prev_value': None, 'change': True}
2024-09-08 16:23:01,530 : INFO : EventManager : Event: ======'machine_var_audits_missing_switches_s_popbumber_3'====== Args={'value': 5, 'prev_value': None, 'change': True}
2024-09-08 16:23:01,530 : INFO : EventManager : Event: ======'machine_var_audits_missing_switches_s_right_sling'====== Args={'value': 5, 'prev_value': None, 'change': True}
2024-09-08 16:23:01,530 : INFO : EventManager : Event: ======'machine_var_audits_missing_switches_s_toplane1'====== Args={'value': 1, 'prev_value': None, 'change': True}
2024-09-08 16:23:01,530 : INFO : EventManager : Event: ======'machine_var_audits_missing_switches_s_toplane2'====== Args={'value': 5, 'prev_value': None, 'change': True}
2024-09-08 16:23:01,530 : INFO : EventManager : Event: ======'machine_var_audits_missing_switches_s_toplane3'====== Args={'value': 5, 'prev_value': None, 'change': True}
2024-09-08 16:23:01,530 : INFO : EventManager : Event: ======'machine_var_audits_missing_switches_s_trough2'====== Args={'value': 5, 'prev_value': None, 'change': True}
2024-09-08 16:23:01,530 : INFO : EventManager : Event: ======'machine_var_audits_missing_switches_s_trough3'====== Args={'value': 5, 'prev_value': None, 'change': True}
2024-09-08 16:23:01,531 : INFO : EventManager : Event: ======'machine_var_audits_missing_switches_s_trough4'====== Args={'value': 5, 'prev_value': None, 'change': True}
2024-09-08 16:23:01,531 : INFO : EventManager : Event: ======'machine_var_audits_missing_switches_s_trough5'====== Args={'value': 5, 'prev_value': None, 'change': True}
2024-09-08 16:23:01,531 : INFO : EventManager : Event: ======'machine_var_audits_missing_switches_s_trough6'====== Args={'value': 5, 'prev_value': None, 'change': True}
2024-09-08 16:23:01,531 : INFO : EventManager : Event: ======'machine_var_audits_missing_switches_s_trough_jam'====== Args={'value': 5, 'prev_value': None, 'change': True}
2024-09-08 16:23:01,531 : INFO : EventManager : Event: ======'machine_var_audits_missing_switches_s_vukmid'====== Args={'value': 5, 'prev_value': None, 'change': True}
2024-09-08 16:23:01,531 : INFO : EventManager : Event: ======'machine_var_audits_missing_switches_s_vuktop'====== Args={'value': 5, 'prev_value': None, 'change': True}
2024-09-08 16:23:01,531 : INFO : EventManager : Event: ======'machine_var_audits_player_score'====== Args={'value': {'average': 0, 'top': [0], 'total': 1}, 'prev_value': None, 'change': True}
2024-09-08 16:23:01,531 : INFO : EventManager : Event: ======'machine_var_audits_switches_s_Other01'====== Args={'value': 0, 'prev_value': None, 'change': True}
2024-09-08 16:23:01,531 : INFO : EventManager : Event: ======'machine_var_audits_switches_s_Other02'====== Args={'value': 0, 'prev_value': None, 'change': True}
2024-09-08 16:23:01,531 : INFO : EventManager : Event: ======'machine_var_audits_switches_s_Other03'====== Args={'value': 0, 'prev_value': None, 'change': True}
2024-09-08 16:23:01,531 : INFO : EventManager : Event: ======'machine_var_audits_switches_s_Other04'====== Args={'value': 0, 'prev_value': None, 'change': True}
2024-09-08 16:23:01,531 : INFO : EventManager : Event: ======'machine_var_audits_switches_s_Other05'====== Args={'value': 0, 'prev_value': None, 'change': True}
2024-09-08 16:23:01,531 : INFO : EventManager : Event: ======'machine_var_audits_switches_s_Other06'====== Args={'value': 0, 'prev_value': None, 'change': True}
2024-09-08 16:23:01,531 : INFO : EventManager : Event: ======'machine_var_audits_switches_s_Other07'====== Args={'value': 0, 'prev_value': None, 'change': True}
2024-09-08 16:23:01,531 : INFO : EventManager : Event: ======'machine_var_audits_switches_s_Other08'====== Args={'value': 0, 'prev_value': None, 'change': True}
2024-09-08 16:23:01,531 : INFO : EventManager : Event: ======'machine_var_audits_switches_s_Other09'====== Args={'value': 0, 'prev_value': None, 'change': True}
2024-09-08 16:23:01,532 : INFO : EventManager : Event: ======'machine_var_audits_switches_s_bottomlane1'====== Args={'value': 0, 'prev_value': None, 'change': True}
2024-09-08 16:23:01,532 : INFO : EventManager : Event: ======'machine_var_audits_switches_s_bottomlane2'====== Args={'value': 0, 'prev_value': None, 'change': True}
2024-09-08 16:23:01,532 : INFO : EventManager : Event: ======'machine_var_audits_switches_s_bottomlane3'====== Args={'value': 0, 'prev_value': None, 'change': True}
2024-09-08 16:23:01,532 : INFO : EventManager : Event: ======'machine_var_audits_switches_s_bottomlane4'====== Args={'value': 0, 'prev_value': None, 'change': True}
2024-09-08 16:23:01,532 : INFO : EventManager : Event: ======'machine_var_audits_switches_s_bottomlane5'====== Args={'value': 0, 'prev_value': None, 'change': True}
2024-09-08 16:23:01,532 : INFO : EventManager : Event: ======'machine_var_audits_switches_s_drop1'====== Args={'value': 0, 'prev_value': None, 'change': True}
2024-09-08 16:23:01,532 : INFO : EventManager : Event: ======'machine_var_audits_switches_s_drop2'====== Args={'value': 0, 'prev_value': None, 'change': True}
2024-09-08 16:23:01,532 : INFO : EventManager : Event: ======'machine_var_audits_switches_s_drop3'====== Args={'value': 0, 'prev_value': None, 'change': True}
2024-09-08 16:23:01,532 : INFO : EventManager : Event: ======'machine_var_audits_switches_s_launch'====== Args={'value': 0, 'prev_value': None, 'change': True}
2024-09-08 16:23:01,532 : INFO : EventManager : Event: ======'machine_var_audits_switches_s_left_sling'====== Args={'value': 0, 'prev_value': None, 'change': True}
2024-09-08 16:23:01,532 : INFO : EventManager : Event: ======'machine_var_audits_switches_s_plunger_lane'====== Args={'value': 16, 'prev_value': None, 'change': True}
2024-09-08 16:23:01,532 : INFO : EventManager : Event: ======'machine_var_audits_switches_s_popbumber_1'====== Args={'value': 0, 'prev_value': None, 'change': True}
2024-09-08 16:23:01,533 : INFO : EventManager : Event: ======'machine_var_audits_switches_s_popbumber_2'====== Args={'value': 0, 'prev_value': None, 'change': True}
2024-09-08 16:23:01,533 : INFO : EventManager : Event: ======'machine_var_audits_switches_s_popbumber_3'====== Args={'value': 0, 'prev_value': None, 'change': True}
2024-09-08 16:23:01,533 : INFO : EventManager : Event: ======'machine_var_audits_switches_s_right_sling'====== Args={'value': 0, 'prev_value': None, 'change': True}
2024-09-08 16:23:01,533 : INFO : EventManager : Event: ======'machine_var_audits_switches_s_start'====== Args={'value': 11, 'prev_value': None, 'change': True}
2024-09-08 16:23:01,533 : INFO : EventManager : Event: ======'machine_var_audits_switches_s_toplane1'====== Args={'value': 168, 'prev_value': None, 'change': True}
2024-09-08 16:23:01,533 : INFO : EventManager : Event: ======'machine_var_audits_switches_s_toplane2'====== Args={'value': 0, 'prev_value': None, 'change': True}
2024-09-08 16:23:01,533 : INFO : EventManager : Event: ======'machine_var_audits_switches_s_toplane3'====== Args={'value': 0, 'prev_value': None, 'change': True}
2024-09-08 16:23:01,533 : INFO : EventManager : Event: ======'machine_var_audits_switches_s_trough1'====== Args={'value': 6, 'prev_value': None, 'change': True}
2024-09-08 16:23:01,533 : INFO : EventManager : Event: ======'machine_var_audits_switches_s_trough2'====== Args={'value': 0, 'prev_value': None, 'change': True}
2024-09-08 16:23:01,533 : INFO : EventManager : Event: ======'machine_var_audits_switches_s_trough3'====== Args={'value': 0, 'prev_value': None, 'change': True}
2024-09-08 16:23:01,533 : INFO : EventManager : Event: ======'machine_var_audits_switches_s_trough4'====== Args={'value': 0, 'prev_value': None, 'change': True}
2024-09-08 16:23:01,533 : INFO : EventManager : Event: ======'machine_var_audits_switches_s_trough5'====== Args={'value': 0, 'prev_value': None, 'change': True}
2024-09-08 16:23:01,534 : INFO : EventManager : Event: ======'machine_var_audits_switches_s_trough6'====== Args={'value': 0, 'prev_value': None, 'change': True}
2024-09-08 16:23:01,534 : INFO : EventManager : Event: ======'machine_var_audits_switches_s_trough_jam'====== Args={'value': 0, 'prev_value': None, 'change': True}
2024-09-08 16:23:01,534 : INFO : EventManager : Event: ======'machine_var_audits_switches_s_vukmid'====== Args={'value': 0, 'prev_value': None, 'change': True}
2024-09-08 16:23:01,534 : INFO : EventManager : Event: ======'machine_var_audits_switches_s_vuktop'====== Args={'value': 0, 'prev_value': None, 'change': True}
2024-09-08 16:23:01,534 : INFO : EventManager : Event: ======'init_phase_5'====== Args={}
2024-09-08 16:23:01,706 : INFO : EventManager : Event: ======'init_done'====== Args={}
2024-09-08 16:23:01,706 : INFO : EventManager : Event: ======'machine_reset_phase_1'====== Args={}
2024-09-08 16:23:01,713 : INFO : EventManager : Event: ======'machine_reset_phase_2'====== Args={}
2024-09-08 16:23:01,713 : INFO : EventManager : Event: ======'machine_reset_phase_3'====== Args={}
2024-09-08 16:23:01,713 : INFO : drop_target_bank.db_dropbank : All targets are already up. Will not reset bank.
2024-09-08 16:23:01,713 : INFO : EventManager : Event: ======'reset_complete'====== Args={}
2024-09-08 16:23:01,713 : INFO : EventManager : Event: ======'mode_attract_will_start'====== Args={}
2024-09-08 16:23:01,714 : INFO : EventManager : Event: ======'mode_attract_starting'====== Args={}
2024-09-08 16:23:01,714 : INFO : Mode.attract : Started. Priority: 10
2024-09-08 16:23:01,714 : INFO : EventManager : Event: ======'modes_active_modes_changed'====== Args={}
2024-09-08 16:23:01,714 : INFO : EventManager : Event: ======'mode_attract_started'====== Args={}
2024-09-08 16:23:01,714 : INFO : EventManager : Event: ======'collecting_balls_complete'====== Args={}
2024-09-08 16:23:01,754 : INFO : Machine : Starting the main run loop.
2024-09-08 16:23:01,773 : INFO : EventManager : Event: ======'slide_attract_created'====== Args={'_from_bcp': True}
2024-09-08 16:23:01,773 : INFO : EventManager : Event: ======'slide__removed'====== Args={'_from_bcp': True}
2024-09-08 16:23:01,773 : INFO : EventManager : Event: ======'slide_attract_active'====== Args={'original_context': 'attract', 'original_calling_context': 'mode_attract_started', 'priority': 10.0, 'cmd': 'slides_play', '_from_bcp': True}
2024-09-08 16:23:07,572 : INFO : SwitchController : <<<<<<< 's_start' active >>>>>>>
2024-09-08 16:23:07,694 : INFO : SwitchController : <<<<<<< 's_start' inactive >>>>>>>
2024-09-08 16:23:07,694 : INFO : EventManager : Event: ======'request_to_start_game'====== Args={}
2024-09-08 16:23:07,694 : INFO : EventManager : Event: ======'game_start'====== Args={'buttons': [], 'hold_time': 0.125}
2024-09-08 16:23:07,695 : INFO : EventManager : Event: ======'mode_game_will_start'====== Args={'buttons': [], 'hold_time': 0.125}
2024-09-08 16:23:07,696 : INFO : EventManager : Event: ======'mode_game_starting'====== Args={'buttons': [], 'hold_time': 0.125}
2024-09-08 16:23:07,696 : INFO : EventManager : Event: ======'mode_attract_will_stop'====== Args={}
2024-09-08 16:23:07,696 : INFO : EventManager : Event: ======'mode_attract_stopping'====== Args={}
2024-09-08 16:23:07,696 : INFO : Mode.attract : Stopped.
2024-09-08 16:23:07,696 : INFO : EventManager : Event: ======'modes_active_modes_changed'====== Args={}
2024-09-08 16:23:07,696 : INFO : EventManager : Event: ======'mode_attract_stopped'====== Args={}
2024-09-08 16:23:07,696 : INFO : EventManager : Event: ======'clear'====== Args={'key': 'attract'}
2024-09-08 16:23:07,696 : INFO : Mode.game : Started. Priority: 20
2024-09-08 16:23:07,696 : INFO : EventManager : Event: ======'modes_active_modes_changed'====== Args={}
2024-09-08 16:23:07,697 : INFO : EventManager : Event: ======'mode_game_started'====== Args={'buttons': [], 'hold_time': 0.125}
2024-09-08 16:23:07,780 : INFO : EventManager : Event: ======'game_will_start'====== Args={}
2024-09-08 16:23:07,787 : INFO : EventManager : Event: ======'game_starting'====== Args={'game': <Mode.game>}
2024-09-08 16:23:07,787 : INFO : EventManager : Unordered handler for class <Auditor> on event game_ended with priority 1. Handlers: [RegisteredHandler(callback=<bound method Auditor.disable of <Auditor>>, priority=1, kwargs={}, key=UUID('970de8a2-f6c5-4f3a-8844-8f7215119386'), condition=None, blocking_facility=None), RegisteredHandler(callback=<bound method Auditor._save_audits of <Auditor>>, priority=1, kwargs={}, key=UUID('2b2b72f8-29e0-4848-b9b2-3292e9fb809f'), condition=None, blocking_facility=None)]. The order of those handlers is not defined and they will be executed in random order. This might lead to race conditions and potential bugs.
2024-09-08 16:23:07,787 : INFO : EventManager : Event: ======'player_add_request'====== Args={}
2024-09-08 16:23:07,788 : INFO : EventManager : Event: ======'player_will_add'====== Args={'number': 1}
2024-09-08 16:23:07,788 : INFO : EventManager : Event: ======'player_adding'====== Args={'player': <Player 1>, 'number': 1}
2024-09-08 16:23:07,788 : INFO : EventManager : Event: ======'player_added'====== Args={'player': <Player 1>, 'num': 1}
2024-09-08 16:23:07,788 : INFO : Mode.game : Player added successfully. Total players: 1
2024-09-08 16:23:07,788 : INFO : EventManager : Event: ======'player_index'====== Args={'value': 0, 'prev_value': 0, 'change': 0, 'player_num': 1}
2024-09-08 16:23:07,788 : INFO : EventManager : Event: ======'player_number'====== Args={'value': 1, 'prev_value': 1, 'change': 0, 'player_num': 1}
2024-09-08 16:23:07,788 : INFO : EventManager : Event: ======'player_score'====== Args={'value': 0, 'prev_value': 0, 'change': 0, 'player_num': 1}
2024-09-08 16:23:07,788 : INFO : EventManager : Event: ======'game_started'====== Args={}
2024-09-08 16:23:07,794 : INFO : EventManager : Event: ======'player_turn_will_start'====== Args={'player': <Player 1>, 'number': 1}
2024-09-08 16:23:07,795 : INFO : EventManager : Event: ======'player_turn_starting'====== Args={'player': <Player 1>, 'number': 1}
2024-09-08 16:23:07,795 : INFO : EventManager : Event: ======'player_ball'====== Args={'value': 1, 'prev_value': 0, 'change': 1, 'player_num': 1}
2024-09-08 16:23:07,795 : INFO : EventManager : Event: ======'player_turn_started'====== Args={'player': <Player 1>, 'number': 1}
2024-09-08 16:23:07,796 : INFO : EventManager : Event: ======'ball_will_start'====== Args={'player': 1, 'ball': 1, 'balls_remaining': 2, 'is_extra_ball': False}
2024-09-08 16:23:07,798 : INFO : EventManager : Event: ======'ball_starting'====== Args={'player': 1, 'ball': 1, 'balls_remaining': 2, 'is_extra_ball': False}
2024-09-08 16:23:07,798 : INFO : drop_target_bank.db_dropbank : All targets are already up. Will not reset bank.
2024-09-08 16:23:07,798 : INFO : EventManager : Event: ======'balls_in_play'====== Args={'balls': 1}
2024-09-08 16:23:07,798 : INFO : EventManager : Event: ======'ball_started'====== Args={'player': 1, 'ball': 1, 'balls_remaining': 2, 'is_extra_ball': False}
2024-09-08 16:23:07,802 : INFO : EventManager : Event: ======'single_player_ball_started'====== Args={}
2024-09-08 16:23:07,802 : INFO : EventManager : Event: ======'ball_start_target'====== Args={'target': 'playfield'}
2024-09-08 16:23:07,803 : INFO : ball_device.bd_plunger : Setting up player-controlled eject. Balls: 1, Target: <playfield.playfield>, player_controlled_eject_event: s_launch_active
2024-09-08 16:23:07,803 : INFO : EventManager : Event: ======'balldevice_balls_available'====== Args={}
2024-09-08 16:23:07,803 : INFO : ball_device.bd_trough : State: waiting_for_target_ready
2024-09-08 16:23:07,803 : INFO : EventManager : Event: ======'balldevice_bd_trough_ball_eject_attempt'====== Args={'balls': 1, 'target': <ball_device.bd_plunger>, 'source': <ball_device.bd_trough>, 'mechanical_eject': True, 'num_attempts': 0}
2024-09-08 16:23:07,803 : INFO : ball_device.bd_plunger : State: waiting_for_ball
2024-09-08 16:23:07,803 : INFO : ball_device.bd_trough : State: ejecting
2024-09-08 16:23:07,803 : INFO : ball_device.bd_trough : Ejecting ball to <ball_device.bd_plunger>
2024-09-08 16:23:07,804 : INFO : EventManager : Event: ======'balldevice_bd_trough_ejecting_ball'====== Args={'balls': 1, 'target': <ball_device.bd_plunger>, 'source': <ball_device.bd_trough>, 'mechanical_eject': True, 'num_attempts': 0}
2024-09-08 16:23:07,804 : INFO : ball_device.bd_trough : Wait for ball to leave device
2024-09-08 16:23:07,804 : INFO : coil.c_trough_eject : Pulsing Driver for 25ms (1.0 pulse_power)
2024-09-08 16:23:08,922 : INFO : SwitchController : <<<<<<< 's_trough1' inactive >>>>>>>
2024-09-08 16:23:08,931 : INFO : ball_device.bd_trough : State: ball_left
2024-09-08 16:23:08,931 : INFO : ball_device.bd_trough : Ball left
2024-09-08 16:23:08,932 : INFO : ball_device.bd_trough : Wait for confirm with timeout 10.0
2024-09-08 16:23:09,572 : INFO : SwitchController : <<<<<<< 's_trough1' active >>>>>>>
2024-09-08 16:23:09,573 : INFO : EventManager : Event: ======'machine_var_audits_switches_s_trough1'====== Args={'value': 7, 'prev_value': 6, 'change': 1}
2024-09-08 16:23:09,954 : INFO : SwitchController : <<<<<<< 's_trough1' inactive >>>>>>>
2024-09-08 16:23:10,288 : INFO : SwitchController : <<<<<<< 's_trough1' active >>>>>>>
2024-09-08 16:23:10,288 : INFO : EventManager : Event: ======'machine_var_audits_switches_s_trough1'====== Args={'value': 8, 'prev_value': 7, 'change': 1}
2024-09-08 16:23:10,872 : INFO : SwitchController : <<<<<<< 's_start' active >>>>>>>
2024-09-08 16:23:10,873 : INFO : EventManager : Event: ======'sw_start'====== Args={}
2024-09-08 16:23:10,873 : INFO : EventManager : Event: ======'machine_var_audits_switches_s_start'====== Args={'value': 12, 'prev_value': 11, 'change': 1}
2024-09-08 16:23:10,873 : INFO : EventManager : Event: ======'player_add_request'====== Args={}
2024-09-08 16:23:10,873 : INFO : EventManager : Event: ======'player_will_add'====== Args={'number': 2}
2024-09-08 16:23:10,873 : INFO : EventManager : Event: ======'player_adding'====== Args={'player': <Player 2>, 'number': 2}
2024-09-08 16:23:10,873 : INFO : EventManager : Event: ======'player_added'====== Args={'player': <Player 2>, 'num': 2}
2024-09-08 16:23:10,873 : INFO : Mode.game : Player added successfully. Total players: 2
2024-09-08 16:23:10,873 : INFO : EventManager : Event: ======'multiplayer_game'====== Args={}
2024-09-08 16:23:10,873 : INFO : EventManager : Event: ======'player_index'====== Args={'value': 1, 'prev_value': 1, 'change': 0, 'player_num': 2}
2024-09-08 16:23:10,873 : INFO : EventManager : Event: ======'player_number'====== Args={'value': 2, 'prev_value': 2, 'change': 0, 'player_num': 2}
2024-09-08 16:23:10,873 : INFO : EventManager : Event: ======'player_score'====== Args={'value': 0, 'prev_value': 0, 'change': 0, 'player_num': 2}
2024-09-08 16:23:10,989 : INFO : SwitchController : <<<<<<< 's_start' inactive >>>>>>>
2024-09-08 16:23:11,355 : INFO : SwitchController : <<<<<<< 's_start' active >>>>>>>
2024-09-08 16:23:11,355 : INFO : EventManager : Event: ======'sw_start'====== Args={}
2024-09-08 16:23:11,355 : INFO : EventManager : Event: ======'machine_var_audits_switches_s_start'====== Args={'value': 13, 'prev_value': 12, 'change': 1}
2024-09-08 16:23:11,356 : INFO : EventManager : Event: ======'player_add_request'====== Args={}
2024-09-08 16:23:11,356 : INFO : EventManager : Event: ======'player_will_add'====== Args={'number': 3}
2024-09-08 16:23:11,356 : INFO : EventManager : Event: ======'player_adding'====== Args={'player': <Player 3>, 'number': 3}
2024-09-08 16:23:11,356 : INFO : EventManager : Event: ======'player_added'====== Args={'player': <Player 3>, 'num': 3}
2024-09-08 16:23:11,356 : INFO : Mode.game : Player added successfully. Total players: 3
2024-09-08 16:23:11,356 : INFO : EventManager : Event: ======'player_index'====== Args={'value': 2, 'prev_value': 2, 'change': 0, 'player_num': 3}
2024-09-08 16:23:11,356 : INFO : EventManager : Event: ======'player_number'====== Args={'value': 3, 'prev_value': 3, 'change': 0, 'player_num': 3}
2024-09-08 16:23:11,356 : INFO : EventManager : Event: ======'player_score'====== Args={'value': 0, 'prev_value': 0, 'change': 0, 'player_num': 3}
2024-09-08 16:23:11,454 : INFO : SwitchController : <<<<<<< 's_start' inactive >>>>>>>
2024-09-08 16:23:11,672 : INFO : SwitchController : <<<<<<< 's_start' active >>>>>>>
2024-09-08 16:23:11,672 : INFO : EventManager : Event: ======'sw_start'====== Args={}
2024-09-08 16:23:11,672 : INFO : EventManager : Event: ======'machine_var_audits_switches_s_start'====== Args={'value': 14, 'prev_value': 13, 'change': 1}
2024-09-08 16:23:11,673 : INFO : EventManager : Event: ======'player_add_request'====== Args={}
2024-09-08 16:23:11,673 : INFO : EventManager : Event: ======'player_will_add'====== Args={'number': 4}
2024-09-08 16:23:11,673 : INFO : EventManager : Event: ======'player_adding'====== Args={'player': <Player 4>, 'number': 4}
2024-09-08 16:23:11,673 : INFO : EventManager : Event: ======'player_added'====== Args={'player': <Player 4>, 'num': 4}
2024-09-08 16:23:11,673 : INFO : Mode.game : Player added successfully. Total players: 4
2024-09-08 16:23:11,673 : INFO : EventManager : Event: ======'player_index'====== Args={'value': 3, 'prev_value': 3, 'change': 0, 'player_num': 4}
2024-09-08 16:23:11,674 : INFO : EventManager : Event: ======'player_number'====== Args={'value': 4, 'prev_value': 4, 'change': 0, 'player_num': 4}
2024-09-08 16:23:11,674 : INFO : EventManager : Event: ======'player_score'====== Args={'value': 0, 'prev_value': 0, 'change': 0, 'player_num': 4}
2024-09-08 16:23:11,747 : INFO : SwitchController : <<<<<<< 's_start' inactive >>>>>>>
2024-09-08 16:23:11,989 : INFO : SwitchController : <<<<<<< 's_trough1' inactive >>>>>>>
2024-09-08 16:23:12,355 : INFO : SwitchController : <<<<<<< 's_trough1' active >>>>>>>
2024-09-08 16:23:12,355 : INFO : EventManager : Event: ======'machine_var_audits_switches_s_trough1'====== Args={'value': 9, 'prev_value': 8, 'change': 1}
2024-09-08 16:23:12,757 : INFO : SwitchController : <<<<<<< 's_trough1' inactive >>>>>>>
2024-09-08 16:23:14,970 : INFO : Machine : Shutting down...
2024-09-08 16:23:14,970 : INFO : EventManager : Event: ======'shutdown'====== Args={}
2024-09-08 16:23:14,971 : INFO : EventManager : Event: ======'mode_game_will_stop'====== Args={}
2024-09-08 16:23:14,972 : INFO : EventManager : Event: ======'mode_game_stopping'====== Args={}
2024-09-08 16:23:14,972 : INFO : Mode.game : Stopped.
2024-09-08 16:23:14,972 : INFO : EventManager : Event: ======'modes_active_modes_changed'====== Args={}
2024-09-08 16:23:14,973 : INFO : EventManager : Event: ======'mode_game_stopped'====== Args={}
2024-09-08 16:23:14,973 : INFO : EventManager : Event: ======'clear'====== Args={'key': 'game'}
2024-09-08 16:23:14,975 : INFO : root : MPF run loop ended.
