2024-09-08 16:38:01,252 : INFO : root : Loading config.
2024-09-08 16:38:01,255 : INFO : YamlMultifileConfigLoader : Machine config file #1: config.yaml
2024-09-08 16:38:01,256 : INFO : ConfigProcessor : Loading config from cache: C:\Users\dorus\AppData\Local\Temp\636ce416879e362e618e72aa23ee7aae.mpf_cache
2024-09-08 16:38:01,322 : INFO : ConfigProcessor : Loading config from cache: C:\Users\dorus\AppData\Local\Temp\88f25e45fa15743a3d93de98d7c6ca4c.mpf_cache
2024-09-08 16:38:01,323 : INFO : ConfigProcessor : Loading config from cache: C:\Users\dorus\AppData\Local\Temp\d8bc63701c1a2ad1653a8cc5aec9548a.mpf_cache
2024-09-08 16:38:01,323 : INFO : Machine : Mission Pinball Framework Core Engine v0.80.0.dev4
2024-09-08 16:38:01,323 : INFO : Machine : Command line arguments: {'no_load_cache': False, 'create_config_cache': True, 'bcp': True, 'configfile': ['config.yaml'], 'force_assets_load': False, 'platform_integration_test': False, 'jsonlogging': False, 'logfile': 'logs\\2024-09-08-16-38-01-mpf-Gaming_Dorus.log', 'pause': False, 'production': False, 'text_ui': True, 'loglevel': 15, 'consoleloglevel': 20, 'force_platform': 'virtual', 'syslog_address': None, 'mc_file_name': None, 'no_sound': False, 'full_logfile_path': 'C:\\Users\\dorus\\OneDrive\\Documents\\Pinball\\PortalPinball-V4.0\\machinefolder\\logs\\2024-09-08-16-38-01-mpf-Gaming_Dorus.log'}
2024-09-08 16:38:01,323 : INFO : Machine : MPF path: C:\ProgramData\anaconda3\envs\mpfenv\Lib\site-packages\mpf
2024-09-08 16:38:01,323 : INFO : Machine : Machine path: C:\Users\dorus\OneDrive\Documents\Pinball\PortalPinball-V4.0\machinefolder
2024-09-08 16:38:01,323 : INFO : Machine : Platform: win32
2024-09-08 16:38:01,323 : INFO : Machine : Python executable location: C:\ProgramData\anaconda3\envs\mpfenv\python.exe
2024-09-08 16:38:01,324 : INFO : Machine : Python version: 3.12.4 (64-bit)
2024-09-08 16:38:01,324 : INFO : Machine : Initializing MPF...
2024-09-08 16:38:01,890 : INFO : EventManager : Event: ======'machine_var_credits_string'====== Args={'value': 'FREE PLAY', 'prev_value': None, 'change': True}
2024-09-08 16:38:01,921 : INFO : EventManager : Event: ======'machine_var_master_volume'====== Args={'value': 0.5, 'prev_value': None, 'change': True}
2024-09-08 16:38:01,921 : INFO : EventManager : Event: ======'machine_var_player1_score'====== Args={'value': 0, 'prev_value': None, 'change': True}
2024-09-08 16:38:01,921 : INFO : EventManager : Event: ======'machine_var_mpf_version'====== Args={'value': 'Mission Pinball Framework v0.80.0.dev4', 'prev_value': None, 'change': True}
2024-09-08 16:38:01,921 : INFO : EventManager : Event: ======'machine_var_mpf_extended_version'====== Args={'value': 'Mission Pinball Framework v0.80.0.dev4, Config version:6, Show version: 6, BCP version:1.1', 'prev_value': None, 'change': True}
2024-09-08 16:38:01,922 : INFO : EventManager : Event: ======'machine_var_python_version'====== Args={'value': '3.12.4', 'prev_value': None, 'change': True}
2024-09-08 16:38:02,011 : INFO : EventManager : Event: ======'machine_var_platform'====== Args={'value': 'Windows-11-10.0.22631-SP0', 'prev_value': None, 'change': True}
2024-09-08 16:38:02,011 : INFO : EventManager : Event: ======'machine_var_platform_system'====== Args={'value': 'Windows', 'prev_value': None, 'change': True}
2024-09-08 16:38:02,011 : INFO : EventManager : Event: ======'machine_var_platform_release'====== Args={'value': '11', 'prev_value': None, 'change': True}
2024-09-08 16:38:02,011 : INFO : EventManager : Event: ======'machine_var_platform_version'====== Args={'value': '10.0.22631', 'prev_value': None, 'change': True}
2024-09-08 16:38:02,011 : INFO : EventManager : Event: ======'machine_var_platform_machine'====== Args={'value': 'AMD64', 'prev_value': None, 'change': True}
2024-09-08 16:38:02,011 : INFO : EventManager : Event: ======'machine_var_log_file_path'====== Args={'value': 'C:\\Users\\dorus\\OneDrive\\Documents\\Pinball\\PortalPinball-V4.0\\machinefolder\\logs\\2024-09-08-16-38-01-mpf-Gaming_Dorus.log', 'prev_value': None, 'change': True}
2024-09-08 16:38:02,011 : INFO : EventManager : Event: ======'init_phase_1'====== Args={}
2024-09-08 16:38:02,024 : INFO : EventManager : Event: ======'drop_target_bank_db_dropbank_up'====== Args={}
2024-09-08 16:38:02,024 : INFO : EventManager : Event: ======'init_phase_2'====== Args={}
2024-09-08 16:38:02,024 : INFO : SwitchController : Found active switch: ('2-1-16', <Platform.Virtual>) <switch.s_trough1>
2024-09-08 16:38:02,024 : INFO : SwitchController : Found active switch: ('2-1-17', <Platform.Virtual>) <switch.s_trough2>
2024-09-08 16:38:02,024 : INFO : SwitchController : Found active switch: ('2-1-18', <Platform.Virtual>) <switch.s_trough3>
2024-09-08 16:38:02,024 : INFO : SwitchController : Found active switch: ('2-1-19', <Platform.Virtual>) <switch.s_trough4>
2024-09-08 16:38:02,025 : INFO : EventManager : Event: ======'bcp_connection_attempt'====== Args={'name': 'local_display', 'host': 'localhost', 'port': 5050}
2024-09-08 16:38:02,026 : INFO : BCPClientSocket : Connecting BCP to 'local_display' at localhost:5050...
2024-09-08 16:38:02,039 : INFO : BCPClientSocket : Connected BCP to 'local_display' localhost:5050
2024-09-08 16:38:02,040 : INFO : EventManager : Event: ======'bcp_clients_connected'====== Args={}
2024-09-08 16:38:02,718 : INFO : ball_device.bd_trough : BCH: Initial count: 4
2024-09-08 16:38:02,751 : INFO : ball_device.bd_trough : State: idle
2024-09-08 16:38:02,752 : INFO : ball_device.bd_plunger : BCH: Initial count: 0
2024-09-08 16:38:02,752 : INFO : ball_device.bd_plunger : State: idle
2024-09-08 16:38:02,759 : INFO : EventManager : Event: ======'init_phase_3'====== Args={}
2024-09-08 16:38:02,760 : INFO : EventManager : Event: ======'init_phase_4'====== Args={}
2024-09-08 16:38:02,761 : INFO : BallController : Initial balls found: 4
2024-09-08 16:38:02,761 : INFO : EventManager : Event: ======'machine_var_audits_events_game_ended'====== Args={'value': 1, 'prev_value': None, 'change': True}
2024-09-08 16:38:02,761 : INFO : EventManager : Event: ======'machine_var_audits_events_game_started'====== Args={'value': 11, 'prev_value': None, 'change': True}
2024-09-08 16:38:02,761 : INFO : EventManager : Event: ======'machine_var_audits_missing_switches_s_Other01'====== Args={'value': 11, 'prev_value': None, 'change': True}
2024-09-08 16:38:02,761 : INFO : EventManager : Event: ======'machine_var_audits_missing_switches_s_Other02'====== Args={'value': 11, 'prev_value': None, 'change': True}
2024-09-08 16:38:02,761 : INFO : EventManager : Event: ======'machine_var_audits_missing_switches_s_Other03'====== Args={'value': 11, 'prev_value': None, 'change': True}
2024-09-08 16:38:02,761 : INFO : EventManager : Event: ======'machine_var_audits_missing_switches_s_Other04'====== Args={'value': 11, 'prev_value': None, 'change': True}
2024-09-08 16:38:02,762 : INFO : EventManager : Event: ======'machine_var_audits_missing_switches_s_Other05'====== Args={'value': 11, 'prev_value': None, 'change': True}
2024-09-08 16:38:02,762 : INFO : EventManager : Event: ======'machine_var_audits_missing_switches_s_Other06'====== Args={'value': 11, 'prev_value': None, 'change': True}
2024-09-08 16:38:02,762 : INFO : EventManager : Event: ======'machine_var_audits_missing_switches_s_Other07'====== Args={'value': 11, 'prev_value': None, 'change': True}
2024-09-08 16:38:02,762 : INFO : EventManager : Event: ======'machine_var_audits_missing_switches_s_Other08'====== Args={'value': 11, 'prev_value': None, 'change': True}
2024-09-08 16:38:02,762 : INFO : EventManager : Event: ======'machine_var_audits_missing_switches_s_Other09'====== Args={'value': 11, 'prev_value': None, 'change': True}
2024-09-08 16:38:02,762 : INFO : EventManager : Event: ======'machine_var_audits_missing_switches_s_bottomlane1'====== Args={'value': 11, 'prev_value': None, 'change': True}
2024-09-08 16:38:02,762 : INFO : EventManager : Event: ======'machine_var_audits_missing_switches_s_bottomlane2'====== Args={'value': 11, 'prev_value': None, 'change': True}
2024-09-08 16:38:02,762 : INFO : EventManager : Event: ======'machine_var_audits_missing_switches_s_bottomlane3'====== Args={'value': 11, 'prev_value': None, 'change': True}
2024-09-08 16:38:02,762 : INFO : EventManager : Event: ======'machine_var_audits_missing_switches_s_bottomlane4'====== Args={'value': 11, 'prev_value': None, 'change': True}
2024-09-08 16:38:02,762 : INFO : EventManager : Event: ======'machine_var_audits_missing_switches_s_bottomlane5'====== Args={'value': 11, 'prev_value': None, 'change': True}
2024-09-08 16:38:02,762 : INFO : EventManager : Event: ======'machine_var_audits_missing_switches_s_drop1'====== Args={'value': 11, 'prev_value': None, 'change': True}
2024-09-08 16:38:02,762 : INFO : EventManager : Event: ======'machine_var_audits_missing_switches_s_drop2'====== Args={'value': 11, 'prev_value': None, 'change': True}
2024-09-08 16:38:02,762 : INFO : EventManager : Event: ======'machine_var_audits_missing_switches_s_drop3'====== Args={'value': 11, 'prev_value': None, 'change': True}
2024-09-08 16:38:02,762 : INFO : EventManager : Event: ======'machine_var_audits_missing_switches_s_launch'====== Args={'value': 11, 'prev_value': None, 'change': True}
2024-09-08 16:38:02,762 : INFO : EventManager : Event: ======'machine_var_audits_missing_switches_s_left_sling'====== Args={'value': 11, 'prev_value': None, 'change': True}
2024-09-08 16:38:02,762 : INFO : EventManager : Event: ======'machine_var_audits_missing_switches_s_popbumber_1'====== Args={'value': 11, 'prev_value': None, 'change': True}
2024-09-08 16:38:02,762 : INFO : EventManager : Event: ======'machine_var_audits_missing_switches_s_popbumber_2'====== Args={'value': 11, 'prev_value': None, 'change': True}
2024-09-08 16:38:02,762 : INFO : EventManager : Event: ======'machine_var_audits_missing_switches_s_popbumber_3'====== Args={'value': 11, 'prev_value': None, 'change': True}
2024-09-08 16:38:02,762 : INFO : EventManager : Event: ======'machine_var_audits_missing_switches_s_right_sling'====== Args={'value': 11, 'prev_value': None, 'change': True}
2024-09-08 16:38:02,762 : INFO : EventManager : Event: ======'machine_var_audits_missing_switches_s_toplane1'====== Args={'value': 4, 'prev_value': None, 'change': True}
2024-09-08 16:38:02,763 : INFO : EventManager : Event: ======'machine_var_audits_missing_switches_s_toplane2'====== Args={'value': 11, 'prev_value': None, 'change': True}
2024-09-08 16:38:02,763 : INFO : EventManager : Event: ======'machine_var_audits_missing_switches_s_toplane3'====== Args={'value': 11, 'prev_value': None, 'change': True}
2024-09-08 16:38:02,763 : INFO : EventManager : Event: ======'machine_var_audits_missing_switches_s_trough2'====== Args={'value': 11, 'prev_value': None, 'change': True}
2024-09-08 16:38:02,763 : INFO : EventManager : Event: ======'machine_var_audits_missing_switches_s_trough3'====== Args={'value': 11, 'prev_value': None, 'change': True}
2024-09-08 16:38:02,763 : INFO : EventManager : Event: ======'machine_var_audits_missing_switches_s_trough4'====== Args={'value': 11, 'prev_value': None, 'change': True}
2024-09-08 16:38:02,763 : INFO : EventManager : Event: ======'machine_var_audits_missing_switches_s_trough5'====== Args={'value': 11, 'prev_value': None, 'change': True}
2024-09-08 16:38:02,763 : INFO : EventManager : Event: ======'machine_var_audits_missing_switches_s_trough6'====== Args={'value': 11, 'prev_value': None, 'change': True}
2024-09-08 16:38:02,763 : INFO : EventManager : Event: ======'machine_var_audits_missing_switches_s_trough_jam'====== Args={'value': 11, 'prev_value': None, 'change': True}
2024-09-08 16:38:02,763 : INFO : EventManager : Event: ======'machine_var_audits_missing_switches_s_vukmid'====== Args={'value': 11, 'prev_value': None, 'change': True}
2024-09-08 16:38:02,763 : INFO : EventManager : Event: ======'machine_var_audits_missing_switches_s_vuktop'====== Args={'value': 11, 'prev_value': None, 'change': True}
2024-09-08 16:38:02,763 : INFO : EventManager : Event: ======'machine_var_audits_player_score'====== Args={'value': {'average': 0, 'top': [0], 'total': 1}, 'prev_value': None, 'change': True}
2024-09-08 16:38:02,763 : INFO : EventManager : Event: ======'machine_var_audits_switches_s_Other01'====== Args={'value': 0, 'prev_value': None, 'change': True}
2024-09-08 16:38:02,763 : INFO : EventManager : Event: ======'machine_var_audits_switches_s_Other02'====== Args={'value': 0, 'prev_value': None, 'change': True}
2024-09-08 16:38:02,763 : INFO : EventManager : Event: ======'machine_var_audits_switches_s_Other03'====== Args={'value': 0, 'prev_value': None, 'change': True}
2024-09-08 16:38:02,763 : INFO : EventManager : Event: ======'machine_var_audits_switches_s_Other04'====== Args={'value': 0, 'prev_value': None, 'change': True}
2024-09-08 16:38:02,764 : INFO : EventManager : Event: ======'machine_var_audits_switches_s_Other05'====== Args={'value': 0, 'prev_value': None, 'change': True}
2024-09-08 16:38:02,764 : INFO : EventManager : Event: ======'machine_var_audits_switches_s_Other06'====== Args={'value': 0, 'prev_value': None, 'change': True}
2024-09-08 16:38:02,764 : INFO : EventManager : Event: ======'machine_var_audits_switches_s_Other07'====== Args={'value': 0, 'prev_value': None, 'change': True}
2024-09-08 16:38:02,764 : INFO : EventManager : Event: ======'machine_var_audits_switches_s_Other08'====== Args={'value': 0, 'prev_value': None, 'change': True}
2024-09-08 16:38:02,764 : INFO : EventManager : Event: ======'machine_var_audits_switches_s_Other09'====== Args={'value': 0, 'prev_value': None, 'change': True}
2024-09-08 16:38:02,764 : INFO : EventManager : Event: ======'machine_var_audits_switches_s_bottomlane1'====== Args={'value': 0, 'prev_value': None, 'change': True}
2024-09-08 16:38:02,764 : INFO : EventManager : Event: ======'machine_var_audits_switches_s_bottomlane2'====== Args={'value': 0, 'prev_value': None, 'change': True}
2024-09-08 16:38:02,764 : INFO : EventManager : Event: ======'machine_var_audits_switches_s_bottomlane3'====== Args={'value': 0, 'prev_value': None, 'change': True}
2024-09-08 16:38:02,764 : INFO : EventManager : Event: ======'machine_var_audits_switches_s_bottomlane4'====== Args={'value': 0, 'prev_value': None, 'change': True}
2024-09-08 16:38:02,764 : INFO : EventManager : Event: ======'machine_var_audits_switches_s_bottomlane5'====== Args={'value': 0, 'prev_value': None, 'change': True}
2024-09-08 16:38:02,764 : INFO : EventManager : Event: ======'machine_var_audits_switches_s_drop1'====== Args={'value': 0, 'prev_value': None, 'change': True}
2024-09-08 16:38:02,764 : INFO : EventManager : Event: ======'machine_var_audits_switches_s_drop2'====== Args={'value': 0, 'prev_value': None, 'change': True}
2024-09-08 16:38:02,764 : INFO : EventManager : Event: ======'machine_var_audits_switches_s_drop3'====== Args={'value': 0, 'prev_value': None, 'change': True}
2024-09-08 16:38:02,764 : INFO : EventManager : Event: ======'machine_var_audits_switches_s_launch'====== Args={'value': 0, 'prev_value': None, 'change': True}
2024-09-08 16:38:02,764 : INFO : EventManager : Event: ======'machine_var_audits_switches_s_left_sling'====== Args={'value': 0, 'prev_value': None, 'change': True}
2024-09-08 16:38:02,764 : INFO : EventManager : Event: ======'machine_var_audits_switches_s_plunger_lane'====== Args={'value': 24, 'prev_value': None, 'change': True}
2024-09-08 16:38:02,764 : INFO : EventManager : Event: ======'machine_var_audits_switches_s_popbumber_1'====== Args={'value': 0, 'prev_value': None, 'change': True}
2024-09-08 16:38:02,764 : INFO : EventManager : Event: ======'machine_var_audits_switches_s_popbumber_2'====== Args={'value': 0, 'prev_value': None, 'change': True}
2024-09-08 16:38:02,764 : INFO : EventManager : Event: ======'machine_var_audits_switches_s_popbumber_3'====== Args={'value': 0, 'prev_value': None, 'change': True}
2024-09-08 16:38:02,764 : INFO : EventManager : Event: ======'machine_var_audits_switches_s_right_sling'====== Args={'value': 0, 'prev_value': None, 'change': True}
2024-09-08 16:38:02,766 : INFO : EventManager : Event: ======'machine_var_audits_switches_s_start'====== Args={'value': 24, 'prev_value': None, 'change': True}
2024-09-08 16:38:02,766 : INFO : EventManager : Event: ======'machine_var_audits_switches_s_toplane1'====== Args={'value': 170, 'prev_value': None, 'change': True}
2024-09-08 16:38:02,766 : INFO : EventManager : Event: ======'machine_var_audits_switches_s_toplane2'====== Args={'value': 0, 'prev_value': None, 'change': True}
2024-09-08 16:38:02,766 : INFO : EventManager : Event: ======'machine_var_audits_switches_s_toplane3'====== Args={'value': 0, 'prev_value': None, 'change': True}
2024-09-08 16:38:02,766 : INFO : EventManager : Event: ======'machine_var_audits_switches_s_trough1'====== Args={'value': 21, 'prev_value': None, 'change': True}
2024-09-08 16:38:02,766 : INFO : EventManager : Event: ======'machine_var_audits_switches_s_trough2'====== Args={'value': 0, 'prev_value': None, 'change': True}
2024-09-08 16:38:02,766 : INFO : EventManager : Event: ======'machine_var_audits_switches_s_trough3'====== Args={'value': 0, 'prev_value': None, 'change': True}
2024-09-08 16:38:02,766 : INFO : EventManager : Event: ======'machine_var_audits_switches_s_trough4'====== Args={'value': 0, 'prev_value': None, 'change': True}
2024-09-08 16:38:02,766 : INFO : EventManager : Event: ======'machine_var_audits_switches_s_trough5'====== Args={'value': 0, 'prev_value': None, 'change': True}
2024-09-08 16:38:02,766 : INFO : EventManager : Event: ======'machine_var_audits_switches_s_trough6'====== Args={'value': 0, 'prev_value': None, 'change': True}
2024-09-08 16:38:02,766 : INFO : EventManager : Event: ======'machine_var_audits_switches_s_trough_jam'====== Args={'value': 0, 'prev_value': None, 'change': True}
2024-09-08 16:38:02,767 : INFO : EventManager : Event: ======'machine_var_audits_switches_s_vukmid'====== Args={'value': 0, 'prev_value': None, 'change': True}
2024-09-08 16:38:02,767 : INFO : EventManager : Event: ======'machine_var_audits_switches_s_vuktop'====== Args={'value': 0, 'prev_value': None, 'change': True}
2024-09-08 16:38:02,767 : INFO : EventManager : Event: ======'init_phase_5'====== Args={}
2024-09-08 16:38:03,105 : INFO : EventManager : Event: ======'init_done'====== Args={}
2024-09-08 16:38:03,105 : INFO : EventManager : Event: ======'machine_reset_phase_1'====== Args={}
2024-09-08 16:38:03,113 : INFO : EventManager : Event: ======'machine_reset_phase_2'====== Args={}
2024-09-08 16:38:03,113 : INFO : EventManager : Event: ======'machine_reset_phase_3'====== Args={}
2024-09-08 16:38:03,113 : INFO : drop_target_bank.db_dropbank : All targets are already up. Will not reset bank.
2024-09-08 16:38:03,113 : INFO : EventManager : Event: ======'reset_complete'====== Args={}
2024-09-08 16:38:03,114 : INFO : EventManager : Event: ======'mode_attract_will_start'====== Args={}
2024-09-08 16:38:03,114 : INFO : EventManager : Event: ======'mode_attract_starting'====== Args={}
2024-09-08 16:38:03,114 : INFO : Mode.attract : Started. Priority: 10
2024-09-08 16:38:03,114 : INFO : EventManager : Event: ======'modes_active_modes_changed'====== Args={}
2024-09-08 16:38:03,114 : INFO : EventManager : Event: ======'mode_attract_started'====== Args={}
2024-09-08 16:38:03,114 : INFO : EventManager : Event: ======'collecting_balls_complete'====== Args={}
2024-09-08 16:38:03,207 : INFO : EventManager : Event: ======'slide_attract_created'====== Args={'_from_bcp': True}
2024-09-08 16:38:03,208 : INFO : EventManager : Event: ======'slide__removed'====== Args={'_from_bcp': True}
2024-09-08 16:38:03,208 : INFO : EventManager : Event: ======'slide_attract_active'====== Args={'original_context': 'attract', 'original_calling_context': 'mode_attract_started', 'priority': 10.0, 'cmd': 'slides_play', '_from_bcp': True}
2024-09-08 16:38:03,208 : INFO : Machine : Starting the main run loop.
2024-09-08 16:38:07,077 : INFO : SwitchController : <<<<<<< 's_start' active >>>>>>>
2024-09-08 16:38:07,151 : INFO : SwitchController : <<<<<<< 's_start' inactive >>>>>>>
2024-09-08 16:38:07,151 : INFO : EventManager : Event: ======'request_to_start_game'====== Args={}
2024-09-08 16:38:07,152 : INFO : EventManager : Event: ======'game_start'====== Args={'buttons': [], 'hold_time': 0.0779999999795109}
2024-09-08 16:38:07,152 : INFO : EventManager : Event: ======'mode_game_will_start'====== Args={'buttons': [], 'hold_time': 0.0779999999795109}
2024-09-08 16:38:07,153 : INFO : EventManager : Event: ======'mode_game_starting'====== Args={'buttons': [], 'hold_time': 0.0779999999795109}
2024-09-08 16:38:07,153 : INFO : EventManager : Event: ======'mode_attract_will_stop'====== Args={}
2024-09-08 16:38:07,153 : INFO : EventManager : Event: ======'mode_attract_stopping'====== Args={}
2024-09-08 16:38:07,153 : INFO : Mode.attract : Stopped.
2024-09-08 16:38:07,153 : INFO : EventManager : Event: ======'modes_active_modes_changed'====== Args={}
2024-09-08 16:38:07,154 : INFO : EventManager : Event: ======'mode_attract_stopped'====== Args={}
2024-09-08 16:38:07,154 : INFO : EventManager : Event: ======'clear'====== Args={'key': 'attract'}
2024-09-08 16:38:07,154 : INFO : Mode.game : Started. Priority: 20
2024-09-08 16:38:07,154 : INFO : EventManager : Event: ======'modes_active_modes_changed'====== Args={}
2024-09-08 16:38:07,154 : INFO : EventManager : Event: ======'mode_game_started'====== Args={'buttons': [], 'hold_time': 0.0779999999795109}
2024-09-08 16:38:07,160 : INFO : EventManager : Event: ======'game_will_start'====== Args={}
2024-09-08 16:38:07,160 : INFO : EventManager : Event: ======'game_starting'====== Args={'game': <Mode.game>}
2024-09-08 16:38:07,160 : INFO : EventManager : Unordered handler for class <Auditor> on event game_ended with priority 1. Handlers: [RegisteredHandler(callback=<bound method Auditor.disable of <Auditor>>, priority=1, kwargs={}, key=UUID('6a476645-6769-42a1-9496-375bb597b8e1'), condition=None, blocking_facility=None), RegisteredHandler(callback=<bound method Auditor._save_audits of <Auditor>>, priority=1, kwargs={}, key=UUID('78660d25-0e45-46ec-a6fb-cf0323ca65f2'), condition=None, blocking_facility=None)]. The order of those handlers is not defined and they will be executed in random order. This might lead to race conditions and potential bugs.
2024-09-08 16:38:07,161 : INFO : EventManager : Event: ======'player_add_request'====== Args={}
2024-09-08 16:38:07,161 : INFO : EventManager : Event: ======'player_will_add'====== Args={'number': 1}
2024-09-08 16:38:07,161 : INFO : EventManager : Event: ======'player_adding'====== Args={'player': <Player 1>, 'number': 1}
2024-09-08 16:38:07,161 : INFO : EventManager : Event: ======'player_added'====== Args={'player': <Player 1>, 'num': 1}
2024-09-08 16:38:07,161 : INFO : Mode.game : Player added successfully. Total players: 1
2024-09-08 16:38:07,161 : INFO : EventManager : Event: ======'player_index'====== Args={'value': 0, 'prev_value': 0, 'change': 0, 'player_num': 1}
2024-09-08 16:38:07,161 : INFO : EventManager : Event: ======'player_number'====== Args={'value': 1, 'prev_value': 1, 'change': 0, 'player_num': 1}
2024-09-08 16:38:07,162 : INFO : EventManager : Event: ======'player_score'====== Args={'value': 0, 'prev_value': 0, 'change': 0, 'player_num': 1}
2024-09-08 16:38:07,162 : INFO : EventManager : Event: ======'game_started'====== Args={}
2024-09-08 16:38:07,173 : INFO : EventManager : Event: ======'player_turn_will_start'====== Args={'player': <Player 1>, 'number': 1}
2024-09-08 16:38:07,173 : INFO : EventManager : Event: ======'player_turn_starting'====== Args={'player': <Player 1>, 'number': 1}
2024-09-08 16:38:07,173 : INFO : EventManager : Event: ======'player_ball'====== Args={'value': 1, 'prev_value': 0, 'change': 1, 'player_num': 1}
2024-09-08 16:38:07,173 : INFO : EventManager : Event: ======'player_turn_started'====== Args={'player': <Player 1>, 'number': 1}
2024-09-08 16:38:07,174 : INFO : EventManager : Event: ======'ball_will_start'====== Args={'player': 1, 'ball': 1, 'balls_remaining': 2, 'is_extra_ball': False}
2024-09-08 16:38:07,177 : INFO : EventManager : Event: ======'ball_starting'====== Args={'player': 1, 'ball': 1, 'balls_remaining': 2, 'is_extra_ball': False}
2024-09-08 16:38:07,177 : INFO : drop_target_bank.db_dropbank : All targets are already up. Will not reset bank.
2024-09-08 16:38:07,178 : INFO : EventManager : Event: ======'balls_in_play'====== Args={'balls': 1}
2024-09-08 16:38:07,178 : INFO : EventManager : Event: ======'ball_started'====== Args={'player': 1, 'ball': 1, 'balls_remaining': 2, 'is_extra_ball': False}
2024-09-08 16:38:07,178 : INFO : EventManager : Event: ======'single_player_ball_started'====== Args={}
2024-09-08 16:38:07,178 : INFO : EventManager : Event: ======'ball_start_target'====== Args={'target': 'playfield'}
2024-09-08 16:38:07,179 : INFO : ball_device.bd_plunger : Setting up player-controlled eject. Balls: 1, Target: <playfield.playfield>, player_controlled_eject_event: s_launch_active
2024-09-08 16:38:07,179 : INFO : EventManager : Event: ======'balldevice_balls_available'====== Args={}
2024-09-08 16:38:07,179 : INFO : ball_device.bd_trough : State: waiting_for_target_ready
2024-09-08 16:38:07,179 : INFO : EventManager : Event: ======'balldevice_bd_trough_ball_eject_attempt'====== Args={'balls': 1, 'target': <ball_device.bd_plunger>, 'source': <ball_device.bd_trough>, 'mechanical_eject': True, 'num_attempts': 0}
2024-09-08 16:38:07,179 : INFO : ball_device.bd_plunger : State: waiting_for_ball
2024-09-08 16:38:07,186 : INFO : ball_device.bd_trough : State: ejecting
2024-09-08 16:38:07,186 : INFO : ball_device.bd_trough : Ejecting ball to <ball_device.bd_plunger>
2024-09-08 16:38:07,186 : INFO : EventManager : Event: ======'balldevice_bd_trough_ejecting_ball'====== Args={'balls': 1, 'target': <ball_device.bd_plunger>, 'source': <ball_device.bd_trough>, 'mechanical_eject': True, 'num_attempts': 0}
2024-09-08 16:38:07,186 : INFO : ball_device.bd_trough : Wait for ball to leave device
2024-09-08 16:38:07,186 : INFO : coil.c_trough_eject : Pulsing Driver for 25ms (1.0 pulse_power)
2024-09-08 16:38:08,650 : INFO : SwitchController : <<<<<<< 's_trough1' inactive >>>>>>>
2024-09-08 16:38:08,730 : INFO : ball_device.bd_trough : State: ball_left
2024-09-08 16:38:08,730 : INFO : ball_device.bd_trough : Ball left
2024-09-08 16:38:08,730 : INFO : ball_device.bd_trough : Wait for confirm with timeout 10.0
2024-09-08 16:38:09,118 : INFO : SwitchController : <<<<<<< 's_start' active >>>>>>>
2024-09-08 16:38:09,118 : INFO : EventManager : Event: ======'sw_start'====== Args={}
2024-09-08 16:38:09,118 : INFO : EventManager : Event: ======'machine_var_audits_switches_s_start'====== Args={'value': 25, 'prev_value': 24, 'change': 1}
2024-09-08 16:38:09,118 : INFO : EventManager : Event: ======'player_add_request'====== Args={}
2024-09-08 16:38:09,118 : INFO : EventManager : Event: ======'player_will_add'====== Args={'number': 2}
2024-09-08 16:38:09,119 : INFO : EventManager : Event: ======'player_adding'====== Args={'player': <Player 2>, 'number': 2}
2024-09-08 16:38:09,119 : INFO : EventManager : Event: ======'player_added'====== Args={'player': <Player 2>, 'num': 2}
2024-09-08 16:38:09,119 : INFO : Mode.game : Player added successfully. Total players: 2
2024-09-08 16:38:09,119 : INFO : EventManager : Event: ======'multiplayer_game'====== Args={}
2024-09-08 16:38:09,119 : INFO : EventManager : Event: ======'player_index'====== Args={'value': 1, 'prev_value': 1, 'change': 0, 'player_num': 2}
2024-09-08 16:38:09,119 : INFO : EventManager : Event: ======'player_number'====== Args={'value': 2, 'prev_value': 2, 'change': 0, 'player_num': 2}
2024-09-08 16:38:09,119 : INFO : EventManager : Event: ======'player_score'====== Args={'value': 0, 'prev_value': 0, 'change': 0, 'player_num': 2}
2024-09-08 16:38:09,300 : INFO : SwitchController : <<<<<<< 's_start' inactive >>>>>>>
2024-09-08 16:38:09,651 : INFO : SwitchController : <<<<<<< 's_plunger_lane' active >>>>>>>
2024-09-08 16:38:09,651 : INFO : EventManager : Event: ======'machine_var_audits_switches_s_plunger_lane'====== Args={'value': 25, 'prev_value': 24, 'change': 1}
2024-09-08 16:38:10,160 : INFO : ball_device.bd_plunger : Received ball from <ball_device.bd_trough>
2024-09-08 16:38:10,160 : INFO : EventManager : Event: ======'balldevice_bd_plunger_ball_enter'====== Args={'new_balls': 1, 'unclaimed_balls': 0, 'new_available_balls': 0, 'device': <ball_device.bd_plunger>}
2024-09-08 16:38:10,161 : INFO : EventManager : Event: ======'balldevice_bd_plunger_ball_entered'====== Args={'new_balls': 0, 'device': <ball_device.bd_plunger>}
2024-09-08 16:38:10,161 : INFO : EventManager : Event: ======'balldevice_bd_plunger_ball_count_changed'====== Args={'balls': 1}
2024-09-08 16:38:10,161 : INFO : ball_device.bd_trough : Got eject confirm
2024-09-08 16:38:10,161 : INFO : ball_device.bd_trough : Eject successful
2024-09-08 16:38:10,161 : INFO : EventManager : Event: ======'balldevice_bd_trough_ball_eject_success'====== Args={'balls': 1, 'target': <ball_device.bd_plunger>}
2024-09-08 16:38:10,161 : INFO : ball_device.bd_plunger : State: waiting_for_target_ready
2024-09-08 16:38:10,161 : INFO : EventManager : Event: ======'balldevice_bd_plunger_ball_eject_attempt'====== Args={'balls': 1, 'target': <playfield.playfield>, 'source': <ball_device.bd_plunger>, 'mechanical_eject': True, 'num_attempts': 0}
2024-09-08 16:38:10,161 : INFO : EventManager : Event: ======'balldevice_bd_trough_ball_count_changed'====== Args={'balls': 3}
2024-09-08 16:38:10,161 : INFO : ball_device.bd_trough : State: idle
2024-09-08 16:38:10,161 : INFO : ball_device.bd_plunger : State: ejecting
2024-09-08 16:38:10,161 : INFO : ball_device.bd_plunger : Ejecting ball to <playfield.playfield>
2024-09-08 16:38:10,161 : INFO : EventManager : Event: ======'balldevice_bd_plunger_ejecting_ball'====== Args={'balls': 1, 'target': <playfield.playfield>, 'source': <ball_device.bd_plunger>, 'mechanical_eject': True, 'num_attempts': 0}
2024-09-08 16:38:10,161 : INFO : ball_device.bd_plunger : Wait for ball to leave device
2024-09-08 16:38:10,184 : INFO : SwitchController : <<<<<<< 's_trough1' active >>>>>>>
2024-09-08 16:38:10,184 : INFO : EventManager : Event: ======'machine_var_audits_switches_s_trough1'====== Args={'value': 22, 'prev_value': 21, 'change': 1}
2024-09-08 16:38:10,601 : INFO : SwitchController : <<<<<<< 's_plunger_lane' inactive >>>>>>>
2024-09-08 16:38:10,621 : INFO : ball_device.bd_plunger : State: ball_left
2024-09-08 16:38:10,621 : INFO : ball_device.bd_plunger : Ball left
2024-09-08 16:38:10,621 : INFO : ball_device.bd_plunger : Wait for confirm with timeout 10.0
2024-09-08 16:38:10,688 : INFO : EventManager : Event: ======'balldevice_bd_trough_ball_count_changed'====== Args={'balls': 4}
2024-09-08 16:38:10,688 : INFO : ball_device.bd_trough : Received unexpected ball
2024-09-08 16:38:10,688 : INFO : EventManager : Event: ======'balldevice_captured_from_playfield'====== Args={'balls': 1}
2024-09-08 16:38:10,688 : INFO : EventManager : Event: ======'sw_playfield_active'====== Args={'balls': 1}
2024-09-08 16:38:10,689 : INFO : EventManager : Event: ======'playfield_active'====== Args={'source': None}
2024-09-08 16:38:10,689 : INFO : EventManager : Event: ======'playfield_ball_count_change'====== Args={'balls': -1, 'change': -1}
2024-09-08 16:38:10,689 : INFO : EventManager : Event: ======'balldevice_bd_trough_ball_enter'====== Args={'new_balls': 1, 'unclaimed_balls': 1, 'new_available_balls': 1, 'device': <ball_device.bd_trough>}
2024-09-08 16:38:10,689 : INFO : EventManager : Event: ======'ball_drain'====== Args={'device': <ball_device.bd_trough>, 'balls': 1}
2024-09-08 16:38:10,689 : INFO : ball_device.bd_plunger : Got eject confirm
2024-09-08 16:38:10,690 : INFO : ball_device.bd_plunger : Eject successful
2024-09-08 16:38:10,690 : INFO : EventManager : Event: ======'balldevice_bd_plunger_ball_eject_success'====== Args={'balls': 1, 'target': <playfield.playfield>}
2024-09-08 16:38:10,690 : INFO : EventManager : Event: ======'balldevice_playfield_ball_enter'====== Args={'new_balls': 1, 'unclaimed_balls': 1, 'device': <playfield.playfield>}
2024-09-08 16:38:10,690 : INFO : EventManager : Event: ======'playfield_ball_count_change'====== Args={'balls': 0, 'change': 1}
2024-09-08 16:38:10,690 : INFO : EventManager : Event: ======'ball_will_end'====== Args={}
2024-09-08 16:38:10,690 : INFO : EventManager : Event: ======'balldevice_balls_available'====== Args={}
2024-09-08 16:38:10,690 : INFO : EventManager : Event: ======'balldevice_bd_trough_ball_entered'====== Args={'new_balls': 1, 'device': <ball_device.bd_trough>}
2024-09-08 16:38:10,690 : INFO : EventManager : Event: ======'balldevice_bd_plunger_ball_count_changed'====== Args={'balls': 0}
2024-09-08 16:38:10,691 : INFO : ball_device.bd_plunger : State: idle
2024-09-08 16:38:10,691 : INFO : EventManager : Event: ======'ball_ending'====== Args={}
2024-09-08 16:38:10,691 : INFO : EventManager : Event: ======'ball_ended'====== Args={}
2024-09-08 16:38:10,692 : INFO : EventManager : Event: ======'player_turn_will_end'====== Args={'player': <Player 1>, 'number': 1}
2024-09-08 16:38:10,706 : INFO : EventManager : Event: ======'player_turn_ending'====== Args={'player': <Player 1>, 'number': 1}
2024-09-08 16:38:10,706 : INFO : EventManager : Event: ======'player_turn_ended'====== Args={'player': <Player 1>, 'number': 1}
2024-09-08 16:38:10,706 : INFO : EventManager : Event: ======'player_turn_will_start'====== Args={'player': <Player 2>, 'number': 2}
2024-09-08 16:38:10,706 : INFO : EventManager : Event: ======'player_turn_starting'====== Args={'player': <Player 2>, 'number': 2}
2024-09-08 16:38:10,706 : INFO : EventManager : Event: ======'player_ball'====== Args={'value': 1, 'prev_value': 0, 'change': 1, 'player_num': 2}
2024-09-08 16:38:10,706 : INFO : EventManager : Event: ======'player_turn_started'====== Args={'player': <Player 2>, 'number': 2}
2024-09-08 16:38:10,706 : INFO : EventManager : Event: ======'ball_will_start'====== Args={'player': 2, 'ball': 1, 'balls_remaining': 2, 'is_extra_ball': False}
2024-09-08 16:38:10,721 : INFO : EventManager : Event: ======'ball_starting'====== Args={'player': 2, 'ball': 1, 'balls_remaining': 2, 'is_extra_ball': False}
2024-09-08 16:38:10,721 : INFO : drop_target_bank.db_dropbank : All targets are already up. Will not reset bank.
2024-09-08 16:38:10,721 : INFO : EventManager : Event: ======'balls_in_play'====== Args={'balls': 1}
2024-09-08 16:38:10,721 : INFO : EventManager : Event: ======'ball_started'====== Args={'player': 2, 'ball': 1, 'balls_remaining': 2, 'is_extra_ball': False}
2024-09-08 16:38:10,722 : INFO : EventManager : Event: ======'multi_player_ball_started'====== Args={}
2024-09-08 16:38:10,722 : INFO : EventManager : Event: ======'player_2_ball_started'====== Args={}
2024-09-08 16:38:10,722 : INFO : EventManager : Event: ======'ball_start_target'====== Args={'target': 'playfield'}
2024-09-08 16:38:10,722 : INFO : ball_device.bd_plunger : Setting up player-controlled eject. Balls: 1, Target: <playfield.playfield>, player_controlled_eject_event: s_launch_active
2024-09-08 16:38:10,722 : INFO : EventManager : Event: ======'balldevice_balls_available'====== Args={}
2024-09-08 16:38:10,722 : INFO : ball_device.bd_trough : State: waiting_for_target_ready
2024-09-08 16:38:10,722 : INFO : EventManager : Event: ======'balldevice_bd_trough_ball_eject_attempt'====== Args={'balls': 1, 'target': <ball_device.bd_plunger>, 'source': <ball_device.bd_trough>, 'mechanical_eject': True, 'num_attempts': 0}
2024-09-08 16:38:11,053 : INFO : SwitchController : <<<<<<< 's_trough1' inactive >>>>>>>
2024-09-08 16:38:11,111 : INFO : ball_device.bd_trough : State: ejecting
2024-09-08 16:38:11,112 : INFO : ball_device.bd_trough : Ejecting ball to <ball_device.bd_plunger>
2024-09-08 16:38:11,112 : INFO : EventManager : Event: ======'balldevice_bd_trough_ejecting_ball'====== Args={'balls': 1, 'target': <ball_device.bd_plunger>, 'source': <ball_device.bd_trough>, 'mechanical_eject': True, 'num_attempts': 0}
2024-09-08 16:38:11,112 : INFO : ball_device.bd_plunger : State: waiting_for_ball
2024-09-08 16:38:11,430 : INFO : SwitchController : <<<<<<< 's_start' active >>>>>>>
2024-09-08 16:38:11,430 : INFO : EventManager : Event: ======'sw_start'====== Args={}
2024-09-08 16:38:11,430 : INFO : EventManager : Event: ======'machine_var_audits_switches_s_start'====== Args={'value': 26, 'prev_value': 25, 'change': 1}
2024-09-08 16:38:11,430 : INFO : EventManager : Event: ======'player_add_request'====== Args={}
2024-09-08 16:38:11,431 : INFO : EventManager : Event: ======'player_will_add'====== Args={'number': 3}
2024-09-08 16:38:11,431 : INFO : EventManager : Event: ======'player_adding'====== Args={'player': <Player 3>, 'number': 3}
2024-09-08 16:38:11,431 : INFO : EventManager : Event: ======'player_added'====== Args={'player': <Player 3>, 'num': 3}
2024-09-08 16:38:11,431 : INFO : Mode.game : Player added successfully. Total players: 3
2024-09-08 16:38:11,431 : INFO : EventManager : Event: ======'player_index'====== Args={'value': 2, 'prev_value': 2, 'change': 0, 'player_num': 3}
2024-09-08 16:38:11,431 : INFO : EventManager : Event: ======'player_number'====== Args={'value': 3, 'prev_value': 3, 'change': 0, 'player_num': 3}
2024-09-08 16:38:11,431 : INFO : EventManager : Event: ======'player_score'====== Args={'value': 0, 'prev_value': 0, 'change': 0, 'player_num': 3}
2024-09-08 16:38:11,577 : INFO : ball_device.bd_trough : Wait for ball to leave device
2024-09-08 16:38:11,577 : INFO : coil.c_trough_eject : Pulsing Driver for 25ms (1.0 pulse_power)
2024-09-08 16:38:11,584 : INFO : SwitchController : <<<<<<< 's_start' inactive >>>>>>>
2024-09-08 16:38:11,734 : INFO : SwitchController : <<<<<<< 's_plunger_lane' active >>>>>>>
2024-09-08 16:38:11,734 : INFO : EventManager : Event: ======'machine_var_audits_switches_s_plunger_lane'====== Args={'value': 26, 'prev_value': 25, 'change': 1}
2024-09-08 16:38:12,051 : INFO : SwitchController : <<<<<<< 's_plunger_lane' inactive >>>>>>>
2024-09-08 16:38:12,453 : INFO : SwitchController : <<<<<<< 's_plunger_lane' active >>>>>>>
2024-09-08 16:38:12,453 : INFO : EventManager : Event: ======'machine_var_audits_switches_s_plunger_lane'====== Args={'value': 27, 'prev_value': 26, 'change': 1}
2024-09-08 16:38:12,962 : INFO : ball_device.bd_plunger : Received unexpected ball
2024-09-08 16:38:12,962 : INFO : EventManager : Event: ======'balldevice_captured_from_playfield'====== Args={'balls': 1}
2024-09-08 16:38:12,962 : INFO : EventManager : Event: ======'sw_playfield_active'====== Args={'balls': 1}
2024-09-08 16:38:12,963 : INFO : EventManager : Event: ======'playfield_active'====== Args={'source': None}
2024-09-08 16:38:12,963 : INFO : EventManager : Event: ======'unexpected_ball_on_playfield'====== Args={}
2024-09-08 16:38:12,963 : INFO : EventManager : Event: ======'playfield_ball_count_change'====== Args={'balls': -1, 'change': -1}
2024-09-08 16:38:12,963 : INFO : EventManager : Event: ======'balldevice_bd_plunger_ball_enter'====== Args={'new_balls': 1, 'unclaimed_balls': 1, 'new_available_balls': 1, 'device': <ball_device.bd_plunger>}
2024-09-08 16:38:12,963 : INFO : ball_device.bd_plunger : Ejecting 1 unexpected balls using path deque([<ball_device.bd_plunger>, <playfield.playfield>])
2024-09-08 16:38:12,963 : INFO : EventManager : Event: ======'balldevice_balls_available'====== Args={}
2024-09-08 16:38:12,963 : INFO : EventManager : Event: ======'balldevice_balls_available'====== Args={}
2024-09-08 16:38:12,963 : INFO : EventManager : Event: ======'balldevice_bd_plunger_ball_entered'====== Args={'new_balls': 1, 'device': <ball_device.bd_plunger>}
2024-09-08 16:38:12,963 : INFO : EventManager : Event: ======'balldevice_bd_plunger_ball_count_changed'====== Args={'balls': 1}
2024-09-08 16:38:12,963 : INFO : ball_device.bd_plunger : State: waiting_for_target_ready
2024-09-08 16:38:12,963 : INFO : EventManager : Event: ======'balldevice_bd_plunger_ball_eject_attempt'====== Args={'balls': 1, 'target': <playfield.playfield>, 'source': <ball_device.bd_plunger>, 'mechanical_eject': True, 'num_attempts': 0}
2024-09-08 16:38:12,964 : INFO : ball_device.bd_plunger : State: ejecting
2024-09-08 16:38:12,964 : INFO : ball_device.bd_plunger : Ejecting ball to <playfield.playfield>
2024-09-08 16:38:12,964 : INFO : EventManager : Event: ======'balldevice_bd_plunger_ejecting_ball'====== Args={'balls': 1, 'target': <playfield.playfield>, 'source': <ball_device.bd_plunger>, 'mechanical_eject': True, 'num_attempts': 0}
2024-09-08 16:38:12,964 : INFO : ball_device.bd_plunger : Wait for ball to leave device
2024-09-08 16:38:13,150 : INFO : SwitchController : <<<<<<< 's_start' active >>>>>>>
2024-09-08 16:38:13,150 : INFO : EventManager : Event: ======'sw_start'====== Args={}
2024-09-08 16:38:13,150 : INFO : EventManager : Event: ======'machine_var_audits_switches_s_start'====== Args={'value': 27, 'prev_value': 26, 'change': 1}
2024-09-08 16:38:13,151 : INFO : EventManager : Event: ======'player_add_request'====== Args={}
2024-09-08 16:38:13,151 : INFO : EventManager : Event: ======'player_will_add'====== Args={'number': 4}
2024-09-08 16:38:13,151 : INFO : EventManager : Event: ======'player_adding'====== Args={'player': <Player 4>, 'number': 4}
2024-09-08 16:38:13,151 : INFO : EventManager : Event: ======'player_added'====== Args={'player': <Player 4>, 'num': 4}
2024-09-08 16:38:13,151 : INFO : Mode.game : Player added successfully. Total players: 4
2024-09-08 16:38:13,151 : INFO : EventManager : Event: ======'player_index'====== Args={'value': 3, 'prev_value': 3, 'change': 0, 'player_num': 4}
2024-09-08 16:38:13,151 : INFO : EventManager : Event: ======'player_number'====== Args={'value': 4, 'prev_value': 4, 'change': 0, 'player_num': 4}
2024-09-08 16:38:13,151 : INFO : EventManager : Event: ======'player_score'====== Args={'value': 0, 'prev_value': 0, 'change': 0, 'player_num': 4}
2024-09-08 16:38:13,284 : INFO : SwitchController : <<<<<<< 's_start' inactive >>>>>>>
2024-09-08 16:38:13,501 : INFO : SwitchController : <<<<<<< 's_trough1' active >>>>>>>
2024-09-08 16:38:13,501 : INFO : EventManager : Event: ======'machine_var_audits_switches_s_trough1'====== Args={'value': 23, 'prev_value': 22, 'change': 1}
2024-09-08 16:38:13,918 : INFO : SwitchController : <<<<<<< 's_start' active >>>>>>>
2024-09-08 16:38:13,918 : INFO : EventManager : Event: ======'sw_start'====== Args={}
2024-09-08 16:38:13,918 : INFO : EventManager : Event: ======'machine_var_audits_switches_s_start'====== Args={'value': 28, 'prev_value': 27, 'change': 1}
2024-09-08 16:38:14,117 : INFO : SwitchController : <<<<<<< 's_plunger_lane' inactive >>>>>>>
2024-09-08 16:38:14,130 : INFO : ball_device.bd_plunger : State: ball_left
2024-09-08 16:38:14,130 : INFO : ball_device.bd_plunger : Ball left
2024-09-08 16:38:14,130 : INFO : ball_device.bd_plunger : Wait for confirm with timeout 10.0
2024-09-08 16:38:14,134 : INFO : SwitchController : <<<<<<< 's_start' inactive >>>>>>>
2024-09-08 16:38:14,334 : INFO : SwitchController : <<<<<<< 's_start' active >>>>>>>
2024-09-08 16:38:14,334 : INFO : EventManager : Event: ======'sw_start'====== Args={}
2024-09-08 16:38:14,334 : INFO : EventManager : Event: ======'machine_var_audits_switches_s_start'====== Args={'value': 29, 'prev_value': 28, 'change': 1}
2024-09-08 16:38:14,534 : INFO : SwitchController : <<<<<<< 's_trough1' inactive >>>>>>>
2024-09-08 16:38:14,634 : INFO : SwitchController : <<<<<<< 's_start' inactive >>>>>>>
2024-09-08 16:38:14,884 : INFO : SwitchController : <<<<<<< 's_start' active >>>>>>>
2024-09-08 16:38:14,884 : INFO : EventManager : Event: ======'sw_start'====== Args={}
2024-09-08 16:38:14,884 : INFO : EventManager : Event: ======'machine_var_audits_switches_s_start'====== Args={'value': 30, 'prev_value': 29, 'change': 1}
2024-09-08 16:38:15,085 : INFO : SwitchController : <<<<<<< 's_start' inactive >>>>>>>
2024-09-08 16:38:16,034 : INFO : SwitchController : <<<<<<< 's_trough1' active >>>>>>>
2024-09-08 16:38:16,034 : INFO : EventManager : Event: ======'machine_var_audits_switches_s_trough1'====== Args={'value': 24, 'prev_value': 23, 'change': 1}
2024-09-08 16:38:16,468 : INFO : SwitchController : <<<<<<< 's_trough1' inactive >>>>>>>
2024-09-08 16:38:16,767 : INFO : SwitchController : <<<<<<< 's_trough1' active >>>>>>>
2024-09-08 16:38:16,767 : INFO : EventManager : Event: ======'machine_var_audits_switches_s_trough1'====== Args={'value': 25, 'prev_value': 24, 'change': 1}
2024-09-08 16:38:21,000 : INFO : SwitchController : <<<<<<< 's_plunger_lane' active >>>>>>>
2024-09-08 16:38:21,001 : INFO : EventManager : Event: ======'machine_var_audits_switches_s_plunger_lane'====== Args={'value': 28, 'prev_value': 27, 'change': 1}
2024-09-08 16:38:21,577 : INFO : EventManager : Event: ======'balldevice_bd_trough_ball_eject_failed'====== Args={'target': <ball_device.bd_plunger>, 'balls': 1, 'retry': True, 'num_attempts': 1}
2024-09-08 16:38:21,577 : INFO : ball_device.bd_trough : State: waiting_for_target_ready
2024-09-08 16:38:21,577 : INFO : EventManager : Event: ======'balldevice_bd_trough_ball_eject_attempt'====== Args={'balls': 1, 'target': <ball_device.bd_plunger>, 'source': <ball_device.bd_trough>, 'mechanical_eject': True, 'num_attempts': 1}
2024-09-08 16:38:21,818 : INFO : SwitchController : <<<<<<< 's_plunger_lane' inactive >>>>>>>
2024-09-08 16:38:24,126 : INFO : ball_device.bd_plunger : State: failed_confirm
2024-09-08 16:38:24,126 : INFO : ball_device.bd_plunger : Got timeout (10.0s) before confirm from <playfield.playfield>
2024-09-08 16:38:24,233 : INFO : ball_device.bd_plunger : Confirming eject because target is playfield and ball did not return.
2024-09-08 16:38:24,233 : INFO : ball_device.bd_plunger : Eject successful
2024-09-08 16:38:24,233 : INFO : EventManager : Event: ======'balldevice_bd_plunger_ball_eject_success'====== Args={'balls': 1, 'target': <playfield.playfield>}
2024-09-08 16:38:24,233 : INFO : EventManager : Event: ======'balldevice_playfield_ball_enter'====== Args={'new_balls': 1, 'unclaimed_balls': 1, 'device': <playfield.playfield>}
2024-09-08 16:38:24,233 : INFO : EventManager : Event: ======'playfield_ball_count_change'====== Args={'balls': 0, 'change': 1}
2024-09-08 16:38:24,233 : INFO : EventManager : Event: ======'balldevice_bd_plunger_ball_count_changed'====== Args={'balls': 0}
2024-09-08 16:38:24,233 : INFO : ball_device.bd_plunger : State: idle
2024-09-08 16:38:24,233 : INFO : ball_device.bd_trough : State: ejecting
2024-09-08 16:38:24,233 : INFO : ball_device.bd_trough : Ejecting ball to <ball_device.bd_plunger>
2024-09-08 16:38:24,233 : INFO : EventManager : Event: ======'balldevice_bd_trough_ejecting_ball'====== Args={'balls': 1, 'target': <ball_device.bd_plunger>, 'source': <ball_device.bd_trough>, 'mechanical_eject': True, 'num_attempts': 1}
2024-09-08 16:38:24,234 : INFO : ball_device.bd_trough : Wait for ball to leave device
2024-09-08 16:38:24,234 : INFO : coil.c_trough_eject : Pulsing Driver for 25ms (1.0 pulse_power)
2024-09-08 16:38:24,234 : INFO : ball_device.bd_plunger : State: waiting_for_ball
2024-09-08 16:38:27,067 : INFO : SwitchController : <<<<<<< 's_trough1' inactive >>>>>>>
2024-09-08 16:38:27,070 : INFO : ball_device.bd_trough : State: ball_left
2024-09-08 16:38:27,070 : INFO : ball_device.bd_trough : Ball left
2024-09-08 16:38:27,070 : INFO : ball_device.bd_trough : Wait for confirm with timeout 10.0
2024-09-08 16:38:28,019 : INFO : SwitchController : <<<<<<< 's_plunger_lane' active >>>>>>>
2024-09-08 16:38:28,019 : INFO : EventManager : Event: ======'machine_var_audits_switches_s_plunger_lane'====== Args={'value': 29, 'prev_value': 28, 'change': 1}
2024-09-08 16:38:28,528 : INFO : ball_device.bd_plunger : Received ball from <ball_device.bd_trough>
2024-09-08 16:38:28,529 : INFO : EventManager : Event: ======'balldevice_bd_plunger_ball_enter'====== Args={'new_balls': 1, 'unclaimed_balls': 0, 'new_available_balls': 0, 'device': <ball_device.bd_plunger>}
2024-09-08 16:38:28,530 : INFO : EventManager : Event: ======'balldevice_bd_plunger_ball_entered'====== Args={'new_balls': 0, 'device': <ball_device.bd_plunger>}
2024-09-08 16:38:28,530 : INFO : EventManager : Event: ======'balldevice_bd_plunger_ball_count_changed'====== Args={'balls': 1}
2024-09-08 16:38:28,530 : INFO : ball_device.bd_trough : Got eject confirm
2024-09-08 16:38:28,530 : INFO : ball_device.bd_trough : Eject successful
2024-09-08 16:38:28,530 : INFO : EventManager : Event: ======'balldevice_bd_trough_ball_eject_success'====== Args={'balls': 1, 'target': <ball_device.bd_plunger>}
2024-09-08 16:38:28,531 : INFO : ball_device.bd_plunger : State: waiting_for_target_ready
2024-09-08 16:38:28,531 : INFO : EventManager : Event: ======'balldevice_bd_plunger_ball_eject_attempt'====== Args={'balls': 1, 'target': <playfield.playfield>, 'source': <ball_device.bd_plunger>, 'mechanical_eject': False, 'num_attempts': 0}
2024-09-08 16:38:28,531 : INFO : EventManager : Event: ======'balldevice_bd_trough_ball_count_changed'====== Args={'balls': 3}
2024-09-08 16:38:28,531 : INFO : ball_device.bd_trough : State: idle
2024-09-08 16:38:28,531 : INFO : ball_device.bd_plunger : State: ejecting
2024-09-08 16:38:28,531 : INFO : ball_device.bd_plunger : Ejecting ball to <playfield.playfield>
2024-09-08 16:38:28,532 : INFO : EventManager : Event: ======'balldevice_bd_plunger_ejecting_ball'====== Args={'balls': 1, 'target': <playfield.playfield>, 'source': <ball_device.bd_plunger>, 'mechanical_eject': False, 'num_attempts': 0}
2024-09-08 16:38:28,532 : INFO : ball_device.bd_plunger : Wait for ball to leave device
2024-09-08 16:38:28,532 : INFO : coil.c_plunger : Pulsing Driver for 21ms (1.0 pulse_power)
2024-09-08 16:38:30,348 : INFO : Machine : Shutting down...
2024-09-08 16:38:30,348 : INFO : EventManager : Event: ======'shutdown'====== Args={}
2024-09-08 16:38:30,350 : INFO : EventManager : Event: ======'mode_game_will_stop'====== Args={}
2024-09-08 16:38:30,350 : INFO : EventManager : Event: ======'mode_game_stopping'====== Args={}
2024-09-08 16:38:30,351 : INFO : Mode.game : Stopped.
2024-09-08 16:38:30,351 : INFO : EventManager : Event: ======'modes_active_modes_changed'====== Args={}
2024-09-08 16:38:30,352 : INFO : EventManager : Event: ======'mode_game_stopped'====== Args={}
2024-09-08 16:38:30,352 : INFO : EventManager : Event: ======'clear'====== Args={'key': 'game'}
